[2026-07-16T11:03:28.152+0000] {processor.py:161} INFO - Started process (PID=83) to work on /home/airflow/.local/lib/python3.12/site-packages/airflow/example_dags/example_external_task_marker_dag.py
[2026-07-16T11:03:28.154+0000] {processor.py:830} INFO - Processing file /home/airflow/.local/lib/python3.12/site-packages/airflow/example_dags/example_external_task_marker_dag.py for tasks to queue
[2026-07-16T11:03:28.161+0000] {logging_mixin.py:188} INFO - [2026-07-16T11:03:28.161+0000] {dagbag.py:540} INFO - Filling up the DagBag from /home/airflow/.local/lib/python3.12/site-packages/airflow/example_dags/example_external_task_marker_dag.py
[2026-07-16T11:03:28.180+0000] {processor.py:840} INFO - DAG(s) 'example_external_task_marker_parent', 'example_external_task_marker_child' retrieved from /home/airflow/.local/lib/python3.12/site-packages/airflow/example_dags/example_external_task_marker_dag.py
[2026-07-16T11:03:28.217+0000] {logging_mixin.py:188} INFO - [2026-07-16T11:03:28.216+0000] {dag.py:3096} INFO - Sync 2 DAGs
[2026-07-16T11:03:28.256+0000] {logging_mixin.py:188} INFO - [2026-07-16T11:03:28.256+0000] {dag.py:3954} INFO - Setting next_dagrun for example_external_task_marker_child to None, run_after=None
[2026-07-16T11:03:28.264+0000] {logging_mixin.py:188} INFO - [2026-07-16T11:03:28.264+0000] {dag.py:3954} INFO - Setting next_dagrun for example_external_task_marker_parent to None, run_after=None
[2026-07-16T11:03:28.298+0000] {processor.py:183} INFO - Processing /home/airflow/.local/lib/python3.12/site-packages/airflow/example_dags/example_external_task_marker_dag.py took 0.154 seconds
[2026-07-16T11:03:58.426+0000] {processor.py:161} INFO - Started process (PID=142) to work on /home/airflow/.local/lib/python3.12/site-packages/airflow/example_dags/example_external_task_marker_dag.py
[2026-07-16T11:03:58.428+0000] {processor.py:830} INFO - Processing file /home/airflow/.local/lib/python3.12/site-packages/airflow/example_dags/example_external_task_marker_dag.py for tasks to queue
[2026-07-16T11:03:58.431+0000] {logging_mixin.py:188} INFO - [2026-07-16T11:03:58.430+0000] {dagbag.py:540} INFO - Filling up the DagBag from /home/airflow/.local/lib/python3.12/site-packages/airflow/example_dags/example_external_task_marker_dag.py
[2026-07-16T11:03:58.437+0000] {processor.py:840} INFO - DAG(s) 'example_external_task_marker_parent', 'example_external_task_marker_child' retrieved from /home/airflow/.local/lib/python3.12/site-packages/airflow/example_dags/example_external_task_marker_dag.py
[2026-07-16T11:03:58.549+0000] {logging_mixin.py:188} INFO - [2026-07-16T11:03:58.549+0000] {dag.py:3096} INFO - Sync 2 DAGs
[2026-07-16T11:03:58.559+0000] {logging_mixin.py:188} INFO - [2026-07-16T11:03:58.559+0000] {dag.py:3954} INFO - Setting next_dagrun for example_external_task_marker_child to None, run_after=None
[2026-07-16T11:03:58.563+0000] {logging_mixin.py:188} INFO - [2026-07-16T11:03:58.563+0000] {dag.py:3954} INFO - Setting next_dagrun for example_external_task_marker_parent to None, run_after=None
[2026-07-16T11:03:58.581+0000] {processor.py:183} INFO - Processing /home/airflow/.local/lib/python3.12/site-packages/airflow/example_dags/example_external_task_marker_dag.py took 0.161 seconds
[2026-07-16T11:04:29.391+0000] {processor.py:161} INFO - Started process (PID=202) to work on /home/airflow/.local/lib/python3.12/site-packages/airflow/example_dags/example_external_task_marker_dag.py
[2026-07-16T11:04:29.392+0000] {processor.py:830} INFO - Processing file /home/airflow/.local/lib/python3.12/site-packages/airflow/example_dags/example_external_task_marker_dag.py for tasks to queue
[2026-07-16T11:04:29.395+0000] {logging_mixin.py:188} INFO - [2026-07-16T11:04:29.395+0000] {dagbag.py:540} INFO - Filling up the DagBag from /home/airflow/.local/lib/python3.12/site-packages/airflow/example_dags/example_external_task_marker_dag.py
[2026-07-16T11:04:29.401+0000] {processor.py:840} INFO - DAG(s) 'example_external_task_marker_parent', 'example_external_task_marker_child' retrieved from /home/airflow/.local/lib/python3.12/site-packages/airflow/example_dags/example_external_task_marker_dag.py
[2026-07-16T11:04:29.420+0000] {logging_mixin.py:188} INFO - [2026-07-16T11:04:29.419+0000] {dag.py:3096} INFO - Sync 2 DAGs
[2026-07-16T11:04:29.431+0000] {logging_mixin.py:188} INFO - [2026-07-16T11:04:29.431+0000] {dag.py:3954} INFO - Setting next_dagrun for example_external_task_marker_child to None, run_after=None
[2026-07-16T11:04:29.435+0000] {logging_mixin.py:188} INFO - [2026-07-16T11:04:29.435+0000] {dag.py:3954} INFO - Setting next_dagrun for example_external_task_marker_parent to None, run_after=None
[2026-07-16T11:04:29.451+0000] {processor.py:183} INFO - Processing /home/airflow/.local/lib/python3.12/site-packages/airflow/example_dags/example_external_task_marker_dag.py took 0.065 seconds
[2026-07-16T11:04:59.500+0000] {processor.py:161} INFO - Started process (PID=261) to work on /home/airflow/.local/lib/python3.12/site-packages/airflow/example_dags/example_external_task_marker_dag.py
[2026-07-16T11:04:59.502+0000] {processor.py:830} INFO - Processing file /home/airflow/.local/lib/python3.12/site-packages/airflow/example_dags/example_external_task_marker_dag.py for tasks to queue
[2026-07-16T11:04:59.504+0000] {logging_mixin.py:188} INFO - [2026-07-16T11:04:59.504+0000] {dagbag.py:540} INFO - Filling up the DagBag from /home/airflow/.local/lib/python3.12/site-packages/airflow/example_dags/example_external_task_marker_dag.py
[2026-07-16T11:04:59.510+0000] {processor.py:840} INFO - DAG(s) 'example_external_task_marker_parent', 'example_external_task_marker_child' retrieved from /home/airflow/.local/lib/python3.12/site-packages/airflow/example_dags/example_external_task_marker_dag.py
[2026-07-16T11:04:59.529+0000] {logging_mixin.py:188} INFO - [2026-07-16T11:04:59.529+0000] {dag.py:3096} INFO - Sync 2 DAGs
[2026-07-16T11:04:59.541+0000] {logging_mixin.py:188} INFO - [2026-07-16T11:04:59.540+0000] {dag.py:3954} INFO - Setting next_dagrun for example_external_task_marker_child to None, run_after=None
[2026-07-16T11:04:59.545+0000] {logging_mixin.py:188} INFO - [2026-07-16T11:04:59.544+0000] {dag.py:3954} INFO - Setting next_dagrun for example_external_task_marker_parent to None, run_after=None
[2026-07-16T11:04:59.561+0000] {processor.py:183} INFO - Processing /home/airflow/.local/lib/python3.12/site-packages/airflow/example_dags/example_external_task_marker_dag.py took 0.065 seconds
[2026-07-16T11:05:29.906+0000] {processor.py:161} INFO - Started process (PID=320) to work on /home/airflow/.local/lib/python3.12/site-packages/airflow/example_dags/example_external_task_marker_dag.py
[2026-07-16T11:05:29.908+0000] {processor.py:830} INFO - Processing file /home/airflow/.local/lib/python3.12/site-packages/airflow/example_dags/example_external_task_marker_dag.py for tasks to queue
[2026-07-16T11:05:29.911+0000] {logging_mixin.py:188} INFO - [2026-07-16T11:05:29.910+0000] {dagbag.py:540} INFO - Filling up the DagBag from /home/airflow/.local/lib/python3.12/site-packages/airflow/example_dags/example_external_task_marker_dag.py
[2026-07-16T11:05:29.917+0000] {processor.py:840} INFO - DAG(s) 'example_external_task_marker_child', 'example_external_task_marker_parent' retrieved from /home/airflow/.local/lib/python3.12/site-packages/airflow/example_dags/example_external_task_marker_dag.py
[2026-07-16T11:05:29.940+0000] {logging_mixin.py:188} INFO - [2026-07-16T11:05:29.940+0000] {dag.py:3096} INFO - Sync 2 DAGs
[2026-07-16T11:05:29.954+0000] {logging_mixin.py:188} INFO - [2026-07-16T11:05:29.953+0000] {dag.py:3954} INFO - Setting next_dagrun for example_external_task_marker_child to None, run_after=None
[2026-07-16T11:05:29.958+0000] {logging_mixin.py:188} INFO - [2026-07-16T11:05:29.958+0000] {dag.py:3954} INFO - Setting next_dagrun for example_external_task_marker_parent to None, run_after=None
[2026-07-16T11:05:29.976+0000] {processor.py:183} INFO - Processing /home/airflow/.local/lib/python3.12/site-packages/airflow/example_dags/example_external_task_marker_dag.py took 0.075 seconds
[2026-07-16T11:06:00.981+0000] {processor.py:161} INFO - Started process (PID=379) to work on /home/airflow/.local/lib/python3.12/site-packages/airflow/example_dags/example_external_task_marker_dag.py
[2026-07-16T11:06:00.982+0000] {processor.py:830} INFO - Processing file /home/airflow/.local/lib/python3.12/site-packages/airflow/example_dags/example_external_task_marker_dag.py for tasks to queue
[2026-07-16T11:06:00.985+0000] {logging_mixin.py:188} INFO - [2026-07-16T11:06:00.984+0000] {dagbag.py:540} INFO - Filling up the DagBag from /home/airflow/.local/lib/python3.12/site-packages/airflow/example_dags/example_external_task_marker_dag.py
[2026-07-16T11:06:00.990+0000] {processor.py:840} INFO - DAG(s) 'example_external_task_marker_child', 'example_external_task_marker_parent' retrieved from /home/airflow/.local/lib/python3.12/site-packages/airflow/example_dags/example_external_task_marker_dag.py
[2026-07-16T11:06:01.010+0000] {logging_mixin.py:188} INFO - [2026-07-16T11:06:01.010+0000] {dag.py:3096} INFO - Sync 2 DAGs
[2026-07-16T11:06:01.021+0000] {logging_mixin.py:188} INFO - [2026-07-16T11:06:01.021+0000] {dag.py:3954} INFO - Setting next_dagrun for example_external_task_marker_child to None, run_after=None
[2026-07-16T11:06:01.025+0000] {logging_mixin.py:188} INFO - [2026-07-16T11:06:01.025+0000] {dag.py:3954} INFO - Setting next_dagrun for example_external_task_marker_parent to None, run_after=None
[2026-07-16T11:06:01.043+0000] {processor.py:183} INFO - Processing /home/airflow/.local/lib/python3.12/site-packages/airflow/example_dags/example_external_task_marker_dag.py took 0.067 seconds
[2026-07-16T11:06:31.402+0000] {processor.py:161} INFO - Started process (PID=438) to work on /home/airflow/.local/lib/python3.12/site-packages/airflow/example_dags/example_external_task_marker_dag.py
[2026-07-16T11:06:31.404+0000] {processor.py:830} INFO - Processing file /home/airflow/.local/lib/python3.12/site-packages/airflow/example_dags/example_external_task_marker_dag.py for tasks to queue
[2026-07-16T11:06:31.407+0000] {logging_mixin.py:188} INFO - [2026-07-16T11:06:31.406+0000] {dagbag.py:540} INFO - Filling up the DagBag from /home/airflow/.local/lib/python3.12/site-packages/airflow/example_dags/example_external_task_marker_dag.py
[2026-07-16T11:06:31.414+0000] {processor.py:840} INFO - DAG(s) 'example_external_task_marker_parent', 'example_external_task_marker_child' retrieved from /home/airflow/.local/lib/python3.12/site-packages/airflow/example_dags/example_external_task_marker_dag.py
[2026-07-16T11:06:31.437+0000] {logging_mixin.py:188} INFO - [2026-07-16T11:06:31.437+0000] {dag.py:3096} INFO - Sync 2 DAGs
[2026-07-16T11:06:31.450+0000] {logging_mixin.py:188} INFO - [2026-07-16T11:06:31.450+0000] {dag.py:3954} INFO - Setting next_dagrun for example_external_task_marker_child to None, run_after=None
[2026-07-16T11:06:31.455+0000] {logging_mixin.py:188} INFO - [2026-07-16T11:06:31.455+0000] {dag.py:3954} INFO - Setting next_dagrun for example_external_task_marker_parent to None, run_after=None
[2026-07-16T11:06:31.471+0000] {processor.py:183} INFO - Processing /home/airflow/.local/lib/python3.12/site-packages/airflow/example_dags/example_external_task_marker_dag.py took 0.077 seconds
[2026-07-16T11:07:01.692+0000] {processor.py:161} INFO - Started process (PID=497) to work on /home/airflow/.local/lib/python3.12/site-packages/airflow/example_dags/example_external_task_marker_dag.py
[2026-07-16T11:07:01.693+0000] {processor.py:830} INFO - Processing file /home/airflow/.local/lib/python3.12/site-packages/airflow/example_dags/example_external_task_marker_dag.py for tasks to queue
[2026-07-16T11:07:01.696+0000] {logging_mixin.py:188} INFO - [2026-07-16T11:07:01.695+0000] {dagbag.py:540} INFO - Filling up the DagBag from /home/airflow/.local/lib/python3.12/site-packages/airflow/example_dags/example_external_task_marker_dag.py
[2026-07-16T11:07:01.701+0000] {processor.py:840} INFO - DAG(s) 'example_external_task_marker_child', 'example_external_task_marker_parent' retrieved from /home/airflow/.local/lib/python3.12/site-packages/airflow/example_dags/example_external_task_marker_dag.py
[2026-07-16T11:07:01.722+0000] {logging_mixin.py:188} INFO - [2026-07-16T11:07:01.722+0000] {dag.py:3096} INFO - Sync 2 DAGs
[2026-07-16T11:07:01.734+0000] {logging_mixin.py:188} INFO - [2026-07-16T11:07:01.734+0000] {dag.py:3954} INFO - Setting next_dagrun for example_external_task_marker_child to None, run_after=None
[2026-07-16T11:07:01.739+0000] {logging_mixin.py:188} INFO - [2026-07-16T11:07:01.739+0000] {dag.py:3954} INFO - Setting next_dagrun for example_external_task_marker_parent to None, run_after=None
[2026-07-16T11:07:01.759+0000] {processor.py:183} INFO - Processing /home/airflow/.local/lib/python3.12/site-packages/airflow/example_dags/example_external_task_marker_dag.py took 0.072 seconds
[2026-07-16T11:07:32.020+0000] {processor.py:161} INFO - Started process (PID=556) to work on /home/airflow/.local/lib/python3.12/site-packages/airflow/example_dags/example_external_task_marker_dag.py
[2026-07-16T11:07:32.022+0000] {processor.py:830} INFO - Processing file /home/airflow/.local/lib/python3.12/site-packages/airflow/example_dags/example_external_task_marker_dag.py for tasks to queue
[2026-07-16T11:07:32.025+0000] {logging_mixin.py:188} INFO - [2026-07-16T11:07:32.024+0000] {dagbag.py:540} INFO - Filling up the DagBag from /home/airflow/.local/lib/python3.12/site-packages/airflow/example_dags/example_external_task_marker_dag.py
[2026-07-16T11:07:32.033+0000] {processor.py:840} INFO - DAG(s) 'example_external_task_marker_child', 'example_external_task_marker_parent' retrieved from /home/airflow/.local/lib/python3.12/site-packages/airflow/example_dags/example_external_task_marker_dag.py
[2026-07-16T11:07:32.055+0000] {logging_mixin.py:188} INFO - [2026-07-16T11:07:32.054+0000] {dag.py:3096} INFO - Sync 2 DAGs
[2026-07-16T11:07:32.065+0000] {logging_mixin.py:188} INFO - [2026-07-16T11:07:32.065+0000] {dag.py:3954} INFO - Setting next_dagrun for example_external_task_marker_child to None, run_after=None
[2026-07-16T11:07:32.069+0000] {logging_mixin.py:188} INFO - [2026-07-16T11:07:32.069+0000] {dag.py:3954} INFO - Setting next_dagrun for example_external_task_marker_parent to None, run_after=None
[2026-07-16T11:07:32.085+0000] {processor.py:183} INFO - Processing /home/airflow/.local/lib/python3.12/site-packages/airflow/example_dags/example_external_task_marker_dag.py took 0.073 seconds
[2026-07-16T11:08:02.421+0000] {processor.py:161} INFO - Started process (PID=615) to work on /home/airflow/.local/lib/python3.12/site-packages/airflow/example_dags/example_external_task_marker_dag.py
[2026-07-16T11:08:02.423+0000] {processor.py:830} INFO - Processing file /home/airflow/.local/lib/python3.12/site-packages/airflow/example_dags/example_external_task_marker_dag.py for tasks to queue
[2026-07-16T11:08:02.425+0000] {logging_mixin.py:188} INFO - [2026-07-16T11:08:02.425+0000] {dagbag.py:540} INFO - Filling up the DagBag from /home/airflow/.local/lib/python3.12/site-packages/airflow/example_dags/example_external_task_marker_dag.py
[2026-07-16T11:08:02.432+0000] {processor.py:840} INFO - DAG(s) 'example_external_task_marker_parent', 'example_external_task_marker_child' retrieved from /home/airflow/.local/lib/python3.12/site-packages/airflow/example_dags/example_external_task_marker_dag.py
[2026-07-16T11:08:02.455+0000] {logging_mixin.py:188} INFO - [2026-07-16T11:08:02.454+0000] {dag.py:3096} INFO - Sync 2 DAGs
[2026-07-16T11:08:02.469+0000] {logging_mixin.py:188} INFO - [2026-07-16T11:08:02.468+0000] {dag.py:3954} INFO - Setting next_dagrun for example_external_task_marker_child to None, run_after=None
[2026-07-16T11:08:02.473+0000] {logging_mixin.py:188} INFO - [2026-07-16T11:08:02.473+0000] {dag.py:3954} INFO - Setting next_dagrun for example_external_task_marker_parent to None, run_after=None
[2026-07-16T11:08:02.496+0000] {processor.py:183} INFO - Processing /home/airflow/.local/lib/python3.12/site-packages/airflow/example_dags/example_external_task_marker_dag.py took 0.082 seconds
[2026-07-16T11:08:32.912+0000] {processor.py:161} INFO - Started process (PID=674) to work on /home/airflow/.local/lib/python3.12/site-packages/airflow/example_dags/example_external_task_marker_dag.py
[2026-07-16T11:08:32.914+0000] {processor.py:830} INFO - Processing file /home/airflow/.local/lib/python3.12/site-packages/airflow/example_dags/example_external_task_marker_dag.py for tasks to queue
[2026-07-16T11:08:32.916+0000] {logging_mixin.py:188} INFO - [2026-07-16T11:08:32.916+0000] {dagbag.py:540} INFO - Filling up the DagBag from /home/airflow/.local/lib/python3.12/site-packages/airflow/example_dags/example_external_task_marker_dag.py
[2026-07-16T11:08:32.922+0000] {processor.py:840} INFO - DAG(s) 'example_external_task_marker_child', 'example_external_task_marker_parent' retrieved from /home/airflow/.local/lib/python3.12/site-packages/airflow/example_dags/example_external_task_marker_dag.py
[2026-07-16T11:08:32.940+0000] {logging_mixin.py:188} INFO - [2026-07-16T11:08:32.940+0000] {dag.py:3096} INFO - Sync 2 DAGs
[2026-07-16T11:08:32.951+0000] {logging_mixin.py:188} INFO - [2026-07-16T11:08:32.951+0000] {dag.py:3954} INFO - Setting next_dagrun for example_external_task_marker_child to None, run_after=None
[2026-07-16T11:08:32.955+0000] {logging_mixin.py:188} INFO - [2026-07-16T11:08:32.955+0000] {dag.py:3954} INFO - Setting next_dagrun for example_external_task_marker_parent to None, run_after=None
[2026-07-16T11:08:32.971+0000] {processor.py:183} INFO - Processing /home/airflow/.local/lib/python3.12/site-packages/airflow/example_dags/example_external_task_marker_dag.py took 0.064 seconds
[2026-07-16T11:09:03.955+0000] {processor.py:161} INFO - Started process (PID=733) to work on /home/airflow/.local/lib/python3.12/site-packages/airflow/example_dags/example_external_task_marker_dag.py
[2026-07-16T11:09:03.957+0000] {processor.py:830} INFO - Processing file /home/airflow/.local/lib/python3.12/site-packages/airflow/example_dags/example_external_task_marker_dag.py for tasks to queue
[2026-07-16T11:09:03.960+0000] {logging_mixin.py:188} INFO - [2026-07-16T11:09:03.959+0000] {dagbag.py:540} INFO - Filling up the DagBag from /home/airflow/.local/lib/python3.12/site-packages/airflow/example_dags/example_external_task_marker_dag.py
[2026-07-16T11:09:03.966+0000] {processor.py:840} INFO - DAG(s) 'example_external_task_marker_child', 'example_external_task_marker_parent' retrieved from /home/airflow/.local/lib/python3.12/site-packages/airflow/example_dags/example_external_task_marker_dag.py
[2026-07-16T11:09:03.988+0000] {logging_mixin.py:188} INFO - [2026-07-16T11:09:03.988+0000] {dag.py:3096} INFO - Sync 2 DAGs
[2026-07-16T11:09:04.001+0000] {logging_mixin.py:188} INFO - [2026-07-16T11:09:04.001+0000] {dag.py:3954} INFO - Setting next_dagrun for example_external_task_marker_child to None, run_after=None
[2026-07-16T11:09:04.005+0000] {logging_mixin.py:188} INFO - [2026-07-16T11:09:04.005+0000] {dag.py:3954} INFO - Setting next_dagrun for example_external_task_marker_parent to None, run_after=None
[2026-07-16T11:09:04.022+0000] {processor.py:183} INFO - Processing /home/airflow/.local/lib/python3.12/site-packages/airflow/example_dags/example_external_task_marker_dag.py took 0.073 seconds
[2026-07-16T11:09:34.598+0000] {processor.py:161} INFO - Started process (PID=792) to work on /home/airflow/.local/lib/python3.12/site-packages/airflow/example_dags/example_external_task_marker_dag.py
[2026-07-16T11:09:34.599+0000] {processor.py:830} INFO - Processing file /home/airflow/.local/lib/python3.12/site-packages/airflow/example_dags/example_external_task_marker_dag.py for tasks to queue
[2026-07-16T11:09:34.602+0000] {logging_mixin.py:188} INFO - [2026-07-16T11:09:34.602+0000] {dagbag.py:540} INFO - Filling up the DagBag from /home/airflow/.local/lib/python3.12/site-packages/airflow/example_dags/example_external_task_marker_dag.py
[2026-07-16T11:09:34.608+0000] {processor.py:840} INFO - DAG(s) 'example_external_task_marker_child', 'example_external_task_marker_parent' retrieved from /home/airflow/.local/lib/python3.12/site-packages/airflow/example_dags/example_external_task_marker_dag.py
[2026-07-16T11:09:34.628+0000] {logging_mixin.py:188} INFO - [2026-07-16T11:09:34.628+0000] {dag.py:3096} INFO - Sync 2 DAGs
[2026-07-16T11:09:34.640+0000] {logging_mixin.py:188} INFO - [2026-07-16T11:09:34.640+0000] {dag.py:3954} INFO - Setting next_dagrun for example_external_task_marker_child to None, run_after=None
[2026-07-16T11:09:34.644+0000] {logging_mixin.py:188} INFO - [2026-07-16T11:09:34.644+0000] {dag.py:3954} INFO - Setting next_dagrun for example_external_task_marker_parent to None, run_after=None
[2026-07-16T11:09:34.661+0000] {processor.py:183} INFO - Processing /home/airflow/.local/lib/python3.12/site-packages/airflow/example_dags/example_external_task_marker_dag.py took 0.068 seconds
[2026-07-16T11:10:04.823+0000] {processor.py:161} INFO - Started process (PID=851) to work on /home/airflow/.local/lib/python3.12/site-packages/airflow/example_dags/example_external_task_marker_dag.py
[2026-07-16T11:10:04.824+0000] {processor.py:830} INFO - Processing file /home/airflow/.local/lib/python3.12/site-packages/airflow/example_dags/example_external_task_marker_dag.py for tasks to queue
[2026-07-16T11:10:04.827+0000] {logging_mixin.py:188} INFO - [2026-07-16T11:10:04.826+0000] {dagbag.py:540} INFO - Filling up the DagBag from /home/airflow/.local/lib/python3.12/site-packages/airflow/example_dags/example_external_task_marker_dag.py
[2026-07-16T11:10:04.833+0000] {processor.py:840} INFO - DAG(s) 'example_external_task_marker_child', 'example_external_task_marker_parent' retrieved from /home/airflow/.local/lib/python3.12/site-packages/airflow/example_dags/example_external_task_marker_dag.py
[2026-07-16T11:10:04.853+0000] {logging_mixin.py:188} INFO - [2026-07-16T11:10:04.853+0000] {dag.py:3096} INFO - Sync 2 DAGs
[2026-07-16T11:10:04.865+0000] {logging_mixin.py:188} INFO - [2026-07-16T11:10:04.864+0000] {dag.py:3954} INFO - Setting next_dagrun for example_external_task_marker_child to None, run_after=None
[2026-07-16T11:10:04.869+0000] {logging_mixin.py:188} INFO - [2026-07-16T11:10:04.869+0000] {dag.py:3954} INFO - Setting next_dagrun for example_external_task_marker_parent to None, run_after=None
[2026-07-16T11:10:04.887+0000] {processor.py:183} INFO - Processing /home/airflow/.local/lib/python3.12/site-packages/airflow/example_dags/example_external_task_marker_dag.py took 0.069 seconds
[2026-07-16T11:10:34.950+0000] {processor.py:161} INFO - Started process (PID=909) to work on /home/airflow/.local/lib/python3.12/site-packages/airflow/example_dags/example_external_task_marker_dag.py
[2026-07-16T11:10:34.951+0000] {processor.py:830} INFO - Processing file /home/airflow/.local/lib/python3.12/site-packages/airflow/example_dags/example_external_task_marker_dag.py for tasks to queue
[2026-07-16T11:10:34.954+0000] {logging_mixin.py:188} INFO - [2026-07-16T11:10:34.953+0000] {dagbag.py:540} INFO - Filling up the DagBag from /home/airflow/.local/lib/python3.12/site-packages/airflow/example_dags/example_external_task_marker_dag.py
[2026-07-16T11:10:34.959+0000] {processor.py:840} INFO - DAG(s) 'example_external_task_marker_parent', 'example_external_task_marker_child' retrieved from /home/airflow/.local/lib/python3.12/site-packages/airflow/example_dags/example_external_task_marker_dag.py
[2026-07-16T11:10:34.978+0000] {logging_mixin.py:188} INFO - [2026-07-16T11:10:34.978+0000] {dag.py:3096} INFO - Sync 2 DAGs
[2026-07-16T11:10:34.989+0000] {logging_mixin.py:188} INFO - [2026-07-16T11:10:34.989+0000] {dag.py:3954} INFO - Setting next_dagrun for example_external_task_marker_child to None, run_after=None
[2026-07-16T11:10:34.993+0000] {logging_mixin.py:188} INFO - [2026-07-16T11:10:34.993+0000] {dag.py:3954} INFO - Setting next_dagrun for example_external_task_marker_parent to None, run_after=None
[2026-07-16T11:10:35.011+0000] {processor.py:183} INFO - Processing /home/airflow/.local/lib/python3.12/site-packages/airflow/example_dags/example_external_task_marker_dag.py took 0.066 seconds
[2026-07-16T11:11:05.606+0000] {processor.py:161} INFO - Started process (PID=968) to work on /home/airflow/.local/lib/python3.12/site-packages/airflow/example_dags/example_external_task_marker_dag.py
[2026-07-16T11:11:05.607+0000] {processor.py:830} INFO - Processing file /home/airflow/.local/lib/python3.12/site-packages/airflow/example_dags/example_external_task_marker_dag.py for tasks to queue
[2026-07-16T11:11:05.610+0000] {logging_mixin.py:188} INFO - [2026-07-16T11:11:05.609+0000] {dagbag.py:540} INFO - Filling up the DagBag from /home/airflow/.local/lib/python3.12/site-packages/airflow/example_dags/example_external_task_marker_dag.py
[2026-07-16T11:11:05.615+0000] {processor.py:840} INFO - DAG(s) 'example_external_task_marker_parent', 'example_external_task_marker_child' retrieved from /home/airflow/.local/lib/python3.12/site-packages/airflow/example_dags/example_external_task_marker_dag.py
[2026-07-16T11:11:05.635+0000] {logging_mixin.py:188} INFO - [2026-07-16T11:11:05.635+0000] {dag.py:3096} INFO - Sync 2 DAGs
[2026-07-16T11:11:05.648+0000] {logging_mixin.py:188} INFO - [2026-07-16T11:11:05.647+0000] {dag.py:3954} INFO - Setting next_dagrun for example_external_task_marker_child to None, run_after=None
[2026-07-16T11:11:05.652+0000] {logging_mixin.py:188} INFO - [2026-07-16T11:11:05.651+0000] {dag.py:3954} INFO - Setting next_dagrun for example_external_task_marker_parent to None, run_after=None
[2026-07-16T11:11:05.669+0000] {processor.py:183} INFO - Processing /home/airflow/.local/lib/python3.12/site-packages/airflow/example_dags/example_external_task_marker_dag.py took 0.067 seconds
[2026-07-16T11:11:35.832+0000] {processor.py:161} INFO - Started process (PID=1027) to work on /home/airflow/.local/lib/python3.12/site-packages/airflow/example_dags/example_external_task_marker_dag.py
[2026-07-16T11:11:35.833+0000] {processor.py:830} INFO - Processing file /home/airflow/.local/lib/python3.12/site-packages/airflow/example_dags/example_external_task_marker_dag.py for tasks to queue
[2026-07-16T11:11:35.835+0000] {logging_mixin.py:188} INFO - [2026-07-16T11:11:35.835+0000] {dagbag.py:540} INFO - Filling up the DagBag from /home/airflow/.local/lib/python3.12/site-packages/airflow/example_dags/example_external_task_marker_dag.py
[2026-07-16T11:11:35.841+0000] {processor.py:840} INFO - DAG(s) 'example_external_task_marker_parent', 'example_external_task_marker_child' retrieved from /home/airflow/.local/lib/python3.12/site-packages/airflow/example_dags/example_external_task_marker_dag.py
[2026-07-16T11:11:35.861+0000] {logging_mixin.py:188} INFO - [2026-07-16T11:11:35.861+0000] {dag.py:3096} INFO - Sync 2 DAGs
[2026-07-16T11:11:35.872+0000] {logging_mixin.py:188} INFO - [2026-07-16T11:11:35.872+0000] {dag.py:3954} INFO - Setting next_dagrun for example_external_task_marker_child to None, run_after=None
[2026-07-16T11:11:35.876+0000] {logging_mixin.py:188} INFO - [2026-07-16T11:11:35.876+0000] {dag.py:3954} INFO - Setting next_dagrun for example_external_task_marker_parent to None, run_after=None
[2026-07-16T11:11:35.893+0000] {processor.py:183} INFO - Processing /home/airflow/.local/lib/python3.12/site-packages/airflow/example_dags/example_external_task_marker_dag.py took 0.066 seconds
[2026-07-16T11:12:06.653+0000] {processor.py:161} INFO - Started process (PID=1086) to work on /home/airflow/.local/lib/python3.12/site-packages/airflow/example_dags/example_external_task_marker_dag.py
[2026-07-16T11:12:06.655+0000] {processor.py:830} INFO - Processing file /home/airflow/.local/lib/python3.12/site-packages/airflow/example_dags/example_external_task_marker_dag.py for tasks to queue
[2026-07-16T11:12:06.658+0000] {logging_mixin.py:188} INFO - [2026-07-16T11:12:06.658+0000] {dagbag.py:540} INFO - Filling up the DagBag from /home/airflow/.local/lib/python3.12/site-packages/airflow/example_dags/example_external_task_marker_dag.py
[2026-07-16T11:12:06.670+0000] {processor.py:840} INFO - DAG(s) 'example_external_task_marker_child', 'example_external_task_marker_parent' retrieved from /home/airflow/.local/lib/python3.12/site-packages/airflow/example_dags/example_external_task_marker_dag.py
[2026-07-16T11:12:06.719+0000] {logging_mixin.py:188} INFO - [2026-07-16T11:12:06.719+0000] {dag.py:3096} INFO - Sync 2 DAGs
[2026-07-16T11:12:06.733+0000] {logging_mixin.py:188} INFO - [2026-07-16T11:12:06.733+0000] {dag.py:3954} INFO - Setting next_dagrun for example_external_task_marker_child to None, run_after=None
[2026-07-16T11:12:06.737+0000] {logging_mixin.py:188} INFO - [2026-07-16T11:12:06.737+0000] {dag.py:3954} INFO - Setting next_dagrun for example_external_task_marker_parent to None, run_after=None
[2026-07-16T11:12:06.755+0000] {processor.py:183} INFO - Processing /home/airflow/.local/lib/python3.12/site-packages/airflow/example_dags/example_external_task_marker_dag.py took 0.106 seconds
[2026-07-16T11:12:37.019+0000] {processor.py:161} INFO - Started process (PID=1145) to work on /home/airflow/.local/lib/python3.12/site-packages/airflow/example_dags/example_external_task_marker_dag.py
[2026-07-16T11:12:37.021+0000] {processor.py:830} INFO - Processing file /home/airflow/.local/lib/python3.12/site-packages/airflow/example_dags/example_external_task_marker_dag.py for tasks to queue
[2026-07-16T11:12:37.025+0000] {logging_mixin.py:188} INFO - [2026-07-16T11:12:37.024+0000] {dagbag.py:540} INFO - Filling up the DagBag from /home/airflow/.local/lib/python3.12/site-packages/airflow/example_dags/example_external_task_marker_dag.py
[2026-07-16T11:12:37.034+0000] {processor.py:840} INFO - DAG(s) 'example_external_task_marker_child', 'example_external_task_marker_parent' retrieved from /home/airflow/.local/lib/python3.12/site-packages/airflow/example_dags/example_external_task_marker_dag.py
[2026-07-16T11:12:37.086+0000] {logging_mixin.py:188} INFO - [2026-07-16T11:12:37.085+0000] {dag.py:3096} INFO - Sync 2 DAGs
[2026-07-16T11:12:37.101+0000] {logging_mixin.py:188} INFO - [2026-07-16T11:12:37.101+0000] {dag.py:3954} INFO - Setting next_dagrun for example_external_task_marker_child to None, run_after=None
[2026-07-16T11:12:37.107+0000] {logging_mixin.py:188} INFO - [2026-07-16T11:12:37.107+0000] {dag.py:3954} INFO - Setting next_dagrun for example_external_task_marker_parent to None, run_after=None
[2026-07-16T11:12:37.129+0000] {processor.py:183} INFO - Processing /home/airflow/.local/lib/python3.12/site-packages/airflow/example_dags/example_external_task_marker_dag.py took 0.118 seconds
[2026-07-16T11:13:07.473+0000] {processor.py:161} INFO - Started process (PID=1204) to work on /home/airflow/.local/lib/python3.12/site-packages/airflow/example_dags/example_external_task_marker_dag.py
[2026-07-16T11:13:07.475+0000] {processor.py:830} INFO - Processing file /home/airflow/.local/lib/python3.12/site-packages/airflow/example_dags/example_external_task_marker_dag.py for tasks to queue
[2026-07-16T11:13:07.478+0000] {logging_mixin.py:188} INFO - [2026-07-16T11:13:07.478+0000] {dagbag.py:540} INFO - Filling up the DagBag from /home/airflow/.local/lib/python3.12/site-packages/airflow/example_dags/example_external_task_marker_dag.py
[2026-07-16T11:13:07.487+0000] {processor.py:840} INFO - DAG(s) 'example_external_task_marker_parent', 'example_external_task_marker_child' retrieved from /home/airflow/.local/lib/python3.12/site-packages/airflow/example_dags/example_external_task_marker_dag.py
[2026-07-16T11:13:07.520+0000] {logging_mixin.py:188} INFO - [2026-07-16T11:13:07.520+0000] {dag.py:3096} INFO - Sync 2 DAGs
[2026-07-16T11:13:07.539+0000] {logging_mixin.py:188} INFO - [2026-07-16T11:13:07.538+0000] {dag.py:3954} INFO - Setting next_dagrun for example_external_task_marker_child to None, run_after=None
[2026-07-16T11:13:07.544+0000] {logging_mixin.py:188} INFO - [2026-07-16T11:13:07.543+0000] {dag.py:3954} INFO - Setting next_dagrun for example_external_task_marker_parent to None, run_after=None
[2026-07-16T11:13:07.563+0000] {processor.py:183} INFO - Processing /home/airflow/.local/lib/python3.12/site-packages/airflow/example_dags/example_external_task_marker_dag.py took 0.099 seconds
[2026-07-16T11:13:37.682+0000] {processor.py:161} INFO - Started process (PID=1263) to work on /home/airflow/.local/lib/python3.12/site-packages/airflow/example_dags/example_external_task_marker_dag.py
[2026-07-16T11:13:37.684+0000] {processor.py:830} INFO - Processing file /home/airflow/.local/lib/python3.12/site-packages/airflow/example_dags/example_external_task_marker_dag.py for tasks to queue
[2026-07-16T11:13:37.686+0000] {logging_mixin.py:188} INFO - [2026-07-16T11:13:37.686+0000] {dagbag.py:540} INFO - Filling up the DagBag from /home/airflow/.local/lib/python3.12/site-packages/airflow/example_dags/example_external_task_marker_dag.py
[2026-07-16T11:13:37.692+0000] {processor.py:840} INFO - DAG(s) 'example_external_task_marker_child', 'example_external_task_marker_parent' retrieved from /home/airflow/.local/lib/python3.12/site-packages/airflow/example_dags/example_external_task_marker_dag.py
[2026-07-16T11:13:37.711+0000] {logging_mixin.py:188} INFO - [2026-07-16T11:13:37.711+0000] {dag.py:3096} INFO - Sync 2 DAGs
[2026-07-16T11:13:37.722+0000] {logging_mixin.py:188} INFO - [2026-07-16T11:13:37.722+0000] {dag.py:3954} INFO - Setting next_dagrun for example_external_task_marker_child to None, run_after=None
[2026-07-16T11:13:37.726+0000] {logging_mixin.py:188} INFO - [2026-07-16T11:13:37.726+0000] {dag.py:3954} INFO - Setting next_dagrun for example_external_task_marker_parent to None, run_after=None
[2026-07-16T11:13:37.743+0000] {processor.py:183} INFO - Processing /home/airflow/.local/lib/python3.12/site-packages/airflow/example_dags/example_external_task_marker_dag.py took 0.066 seconds
[2026-07-16T11:14:07.859+0000] {processor.py:161} INFO - Started process (PID=1322) to work on /home/airflow/.local/lib/python3.12/site-packages/airflow/example_dags/example_external_task_marker_dag.py
[2026-07-16T11:14:07.861+0000] {processor.py:830} INFO - Processing file /home/airflow/.local/lib/python3.12/site-packages/airflow/example_dags/example_external_task_marker_dag.py for tasks to queue
[2026-07-16T11:14:07.863+0000] {logging_mixin.py:188} INFO - [2026-07-16T11:14:07.863+0000] {dagbag.py:540} INFO - Filling up the DagBag from /home/airflow/.local/lib/python3.12/site-packages/airflow/example_dags/example_external_task_marker_dag.py
[2026-07-16T11:14:07.869+0000] {processor.py:840} INFO - DAG(s) 'example_external_task_marker_parent', 'example_external_task_marker_child' retrieved from /home/airflow/.local/lib/python3.12/site-packages/airflow/example_dags/example_external_task_marker_dag.py
[2026-07-16T11:14:07.889+0000] {logging_mixin.py:188} INFO - [2026-07-16T11:14:07.889+0000] {dag.py:3096} INFO - Sync 2 DAGs
[2026-07-16T11:14:07.900+0000] {logging_mixin.py:188} INFO - [2026-07-16T11:14:07.900+0000] {dag.py:3954} INFO - Setting next_dagrun for example_external_task_marker_child to None, run_after=None
[2026-07-16T11:14:07.905+0000] {logging_mixin.py:188} INFO - [2026-07-16T11:14:07.905+0000] {dag.py:3954} INFO - Setting next_dagrun for example_external_task_marker_parent to None, run_after=None
[2026-07-16T11:14:07.921+0000] {processor.py:183} INFO - Processing /home/airflow/.local/lib/python3.12/site-packages/airflow/example_dags/example_external_task_marker_dag.py took 0.067 seconds
[2026-07-16T11:14:38.095+0000] {processor.py:161} INFO - Started process (PID=1381) to work on /home/airflow/.local/lib/python3.12/site-packages/airflow/example_dags/example_external_task_marker_dag.py
[2026-07-16T11:14:38.096+0000] {processor.py:830} INFO - Processing file /home/airflow/.local/lib/python3.12/site-packages/airflow/example_dags/example_external_task_marker_dag.py for tasks to queue
[2026-07-16T11:14:38.099+0000] {logging_mixin.py:188} INFO - [2026-07-16T11:14:38.098+0000] {dagbag.py:540} INFO - Filling up the DagBag from /home/airflow/.local/lib/python3.12/site-packages/airflow/example_dags/example_external_task_marker_dag.py
[2026-07-16T11:14:38.105+0000] {processor.py:840} INFO - DAG(s) 'example_external_task_marker_parent', 'example_external_task_marker_child' retrieved from /home/airflow/.local/lib/python3.12/site-packages/airflow/example_dags/example_external_task_marker_dag.py
[2026-07-16T11:14:38.127+0000] {logging_mixin.py:188} INFO - [2026-07-16T11:14:38.126+0000] {dag.py:3096} INFO - Sync 2 DAGs
[2026-07-16T11:14:38.142+0000] {logging_mixin.py:188} INFO - [2026-07-16T11:14:38.141+0000] {dag.py:3954} INFO - Setting next_dagrun for example_external_task_marker_child to None, run_after=None
[2026-07-16T11:14:38.146+0000] {logging_mixin.py:188} INFO - [2026-07-16T11:14:38.146+0000] {dag.py:3954} INFO - Setting next_dagrun for example_external_task_marker_parent to None, run_after=None
[2026-07-16T11:14:38.163+0000] {processor.py:183} INFO - Processing /home/airflow/.local/lib/python3.12/site-packages/airflow/example_dags/example_external_task_marker_dag.py took 0.073 seconds
[2026-07-16T11:15:08.494+0000] {processor.py:161} INFO - Started process (PID=1440) to work on /home/airflow/.local/lib/python3.12/site-packages/airflow/example_dags/example_external_task_marker_dag.py
[2026-07-16T11:15:08.495+0000] {processor.py:830} INFO - Processing file /home/airflow/.local/lib/python3.12/site-packages/airflow/example_dags/example_external_task_marker_dag.py for tasks to queue
[2026-07-16T11:15:08.497+0000] {logging_mixin.py:188} INFO - [2026-07-16T11:15:08.497+0000] {dagbag.py:540} INFO - Filling up the DagBag from /home/airflow/.local/lib/python3.12/site-packages/airflow/example_dags/example_external_task_marker_dag.py
[2026-07-16T11:15:08.506+0000] {processor.py:840} INFO - DAG(s) 'example_external_task_marker_child', 'example_external_task_marker_parent' retrieved from /home/airflow/.local/lib/python3.12/site-packages/airflow/example_dags/example_external_task_marker_dag.py
[2026-07-16T11:15:08.546+0000] {logging_mixin.py:188} INFO - [2026-07-16T11:15:08.545+0000] {dag.py:3096} INFO - Sync 2 DAGs
[2026-07-16T11:15:08.561+0000] {logging_mixin.py:188} INFO - [2026-07-16T11:15:08.560+0000] {dag.py:3954} INFO - Setting next_dagrun for example_external_task_marker_child to None, run_after=None
[2026-07-16T11:15:08.565+0000] {logging_mixin.py:188} INFO - [2026-07-16T11:15:08.565+0000] {dag.py:3954} INFO - Setting next_dagrun for example_external_task_marker_parent to None, run_after=None
[2026-07-16T11:15:08.585+0000] {processor.py:183} INFO - Processing /home/airflow/.local/lib/python3.12/site-packages/airflow/example_dags/example_external_task_marker_dag.py took 0.097 seconds
[2026-07-16T11:15:38.850+0000] {processor.py:161} INFO - Started process (PID=1499) to work on /home/airflow/.local/lib/python3.12/site-packages/airflow/example_dags/example_external_task_marker_dag.py
[2026-07-16T11:15:38.852+0000] {processor.py:830} INFO - Processing file /home/airflow/.local/lib/python3.12/site-packages/airflow/example_dags/example_external_task_marker_dag.py for tasks to queue
[2026-07-16T11:15:38.855+0000] {logging_mixin.py:188} INFO - [2026-07-16T11:15:38.855+0000] {dagbag.py:540} INFO - Filling up the DagBag from /home/airflow/.local/lib/python3.12/site-packages/airflow/example_dags/example_external_task_marker_dag.py
[2026-07-16T11:15:38.865+0000] {processor.py:840} INFO - DAG(s) 'example_external_task_marker_parent', 'example_external_task_marker_child' retrieved from /home/airflow/.local/lib/python3.12/site-packages/airflow/example_dags/example_external_task_marker_dag.py
[2026-07-16T11:15:38.896+0000] {logging_mixin.py:188} INFO - [2026-07-16T11:15:38.896+0000] {dag.py:3096} INFO - Sync 2 DAGs
[2026-07-16T11:15:38.909+0000] {logging_mixin.py:188} INFO - [2026-07-16T11:15:38.909+0000] {dag.py:3954} INFO - Setting next_dagrun for example_external_task_marker_child to None, run_after=None
[2026-07-16T11:15:38.915+0000] {logging_mixin.py:188} INFO - [2026-07-16T11:15:38.915+0000] {dag.py:3954} INFO - Setting next_dagrun for example_external_task_marker_parent to None, run_after=None
[2026-07-16T11:15:38.953+0000] {processor.py:183} INFO - Processing /home/airflow/.local/lib/python3.12/site-packages/airflow/example_dags/example_external_task_marker_dag.py took 0.110 seconds
[2026-07-16T11:16:09.738+0000] {processor.py:161} INFO - Started process (PID=1558) to work on /home/airflow/.local/lib/python3.12/site-packages/airflow/example_dags/example_external_task_marker_dag.py
[2026-07-16T11:16:09.740+0000] {processor.py:830} INFO - Processing file /home/airflow/.local/lib/python3.12/site-packages/airflow/example_dags/example_external_task_marker_dag.py for tasks to queue
[2026-07-16T11:16:09.742+0000] {logging_mixin.py:188} INFO - [2026-07-16T11:16:09.742+0000] {dagbag.py:540} INFO - Filling up the DagBag from /home/airflow/.local/lib/python3.12/site-packages/airflow/example_dags/example_external_task_marker_dag.py
[2026-07-16T11:16:09.748+0000] {processor.py:840} INFO - DAG(s) 'example_external_task_marker_child', 'example_external_task_marker_parent' retrieved from /home/airflow/.local/lib/python3.12/site-packages/airflow/example_dags/example_external_task_marker_dag.py
[2026-07-16T11:16:09.767+0000] {logging_mixin.py:188} INFO - [2026-07-16T11:16:09.767+0000] {dag.py:3096} INFO - Sync 2 DAGs
[2026-07-16T11:16:09.780+0000] {logging_mixin.py:188} INFO - [2026-07-16T11:16:09.780+0000] {dag.py:3954} INFO - Setting next_dagrun for example_external_task_marker_child to None, run_after=None
[2026-07-16T11:16:09.784+0000] {logging_mixin.py:188} INFO - [2026-07-16T11:16:09.784+0000] {dag.py:3954} INFO - Setting next_dagrun for example_external_task_marker_parent to None, run_after=None
[2026-07-16T11:16:09.801+0000] {processor.py:183} INFO - Processing /home/airflow/.local/lib/python3.12/site-packages/airflow/example_dags/example_external_task_marker_dag.py took 0.068 seconds
[2026-07-16T11:16:40.706+0000] {processor.py:161} INFO - Started process (PID=1617) to work on /home/airflow/.local/lib/python3.12/site-packages/airflow/example_dags/example_external_task_marker_dag.py
[2026-07-16T11:16:40.708+0000] {processor.py:830} INFO - Processing file /home/airflow/.local/lib/python3.12/site-packages/airflow/example_dags/example_external_task_marker_dag.py for tasks to queue
[2026-07-16T11:16:40.712+0000] {logging_mixin.py:188} INFO - [2026-07-16T11:16:40.711+0000] {dagbag.py:540} INFO - Filling up the DagBag from /home/airflow/.local/lib/python3.12/site-packages/airflow/example_dags/example_external_task_marker_dag.py
[2026-07-16T11:16:40.719+0000] {processor.py:840} INFO - DAG(s) 'example_external_task_marker_parent', 'example_external_task_marker_child' retrieved from /home/airflow/.local/lib/python3.12/site-packages/airflow/example_dags/example_external_task_marker_dag.py
[2026-07-16T11:16:40.743+0000] {logging_mixin.py:188} INFO - [2026-07-16T11:16:40.743+0000] {dag.py:3096} INFO - Sync 2 DAGs
[2026-07-16T11:16:40.754+0000] {logging_mixin.py:188} INFO - [2026-07-16T11:16:40.754+0000] {dag.py:3954} INFO - Setting next_dagrun for example_external_task_marker_child to None, run_after=None
[2026-07-16T11:16:40.759+0000] {logging_mixin.py:188} INFO - [2026-07-16T11:16:40.759+0000] {dag.py:3954} INFO - Setting next_dagrun for example_external_task_marker_parent to None, run_after=None
[2026-07-16T11:16:40.774+0000] {processor.py:183} INFO - Processing /home/airflow/.local/lib/python3.12/site-packages/airflow/example_dags/example_external_task_marker_dag.py took 0.072 seconds
[2026-07-16T11:17:11.363+0000] {processor.py:161} INFO - Started process (PID=1676) to work on /home/airflow/.local/lib/python3.12/site-packages/airflow/example_dags/example_external_task_marker_dag.py
[2026-07-16T11:17:11.365+0000] {processor.py:830} INFO - Processing file /home/airflow/.local/lib/python3.12/site-packages/airflow/example_dags/example_external_task_marker_dag.py for tasks to queue
[2026-07-16T11:17:11.367+0000] {logging_mixin.py:188} INFO - [2026-07-16T11:17:11.367+0000] {dagbag.py:540} INFO - Filling up the DagBag from /home/airflow/.local/lib/python3.12/site-packages/airflow/example_dags/example_external_task_marker_dag.py
[2026-07-16T11:17:11.373+0000] {processor.py:840} INFO - DAG(s) 'example_external_task_marker_parent', 'example_external_task_marker_child' retrieved from /home/airflow/.local/lib/python3.12/site-packages/airflow/example_dags/example_external_task_marker_dag.py
[2026-07-16T11:17:11.395+0000] {logging_mixin.py:188} INFO - [2026-07-16T11:17:11.395+0000] {dag.py:3096} INFO - Sync 2 DAGs
[2026-07-16T11:17:11.407+0000] {logging_mixin.py:188} INFO - [2026-07-16T11:17:11.406+0000] {dag.py:3954} INFO - Setting next_dagrun for example_external_task_marker_child to None, run_after=None
[2026-07-16T11:17:11.411+0000] {logging_mixin.py:188} INFO - [2026-07-16T11:17:11.411+0000] {dag.py:3954} INFO - Setting next_dagrun for example_external_task_marker_parent to None, run_after=None
[2026-07-16T11:17:11.428+0000] {processor.py:183} INFO - Processing /home/airflow/.local/lib/python3.12/site-packages/airflow/example_dags/example_external_task_marker_dag.py took 0.070 seconds
[2026-07-16T11:17:41.534+0000] {processor.py:161} INFO - Started process (PID=1735) to work on /home/airflow/.local/lib/python3.12/site-packages/airflow/example_dags/example_external_task_marker_dag.py
[2026-07-16T11:17:41.536+0000] {processor.py:830} INFO - Processing file /home/airflow/.local/lib/python3.12/site-packages/airflow/example_dags/example_external_task_marker_dag.py for tasks to queue
[2026-07-16T11:17:41.538+0000] {logging_mixin.py:188} INFO - [2026-07-16T11:17:41.538+0000] {dagbag.py:540} INFO - Filling up the DagBag from /home/airflow/.local/lib/python3.12/site-packages/airflow/example_dags/example_external_task_marker_dag.py
[2026-07-16T11:17:41.545+0000] {processor.py:840} INFO - DAG(s) 'example_external_task_marker_child', 'example_external_task_marker_parent' retrieved from /home/airflow/.local/lib/python3.12/site-packages/airflow/example_dags/example_external_task_marker_dag.py
[2026-07-16T11:17:41.564+0000] {logging_mixin.py:188} INFO - [2026-07-16T11:17:41.564+0000] {dag.py:3096} INFO - Sync 2 DAGs
[2026-07-16T11:17:41.575+0000] {logging_mixin.py:188} INFO - [2026-07-16T11:17:41.575+0000] {dag.py:3954} INFO - Setting next_dagrun for example_external_task_marker_child to None, run_after=None
[2026-07-16T11:17:41.579+0000] {logging_mixin.py:188} INFO - [2026-07-16T11:17:41.579+0000] {dag.py:3954} INFO - Setting next_dagrun for example_external_task_marker_parent to None, run_after=None
[2026-07-16T11:17:41.598+0000] {processor.py:183} INFO - Processing /home/airflow/.local/lib/python3.12/site-packages/airflow/example_dags/example_external_task_marker_dag.py took 0.069 seconds
[2026-07-16T11:18:13.170+0000] {processor.py:161} INFO - Started process (PID=1794) to work on /home/airflow/.local/lib/python3.12/site-packages/airflow/example_dags/example_external_task_marker_dag.py
[2026-07-16T11:18:13.172+0000] {processor.py:830} INFO - Processing file /home/airflow/.local/lib/python3.12/site-packages/airflow/example_dags/example_external_task_marker_dag.py for tasks to queue
[2026-07-16T11:18:13.176+0000] {logging_mixin.py:188} INFO - [2026-07-16T11:18:13.175+0000] {dagbag.py:540} INFO - Filling up the DagBag from /home/airflow/.local/lib/python3.12/site-packages/airflow/example_dags/example_external_task_marker_dag.py
[2026-07-16T11:18:13.186+0000] {processor.py:840} INFO - DAG(s) 'example_external_task_marker_child', 'example_external_task_marker_parent' retrieved from /home/airflow/.local/lib/python3.12/site-packages/airflow/example_dags/example_external_task_marker_dag.py
[2026-07-16T11:18:13.215+0000] {logging_mixin.py:188} INFO - [2026-07-16T11:18:13.215+0000] {dag.py:3096} INFO - Sync 2 DAGs
[2026-07-16T11:18:13.231+0000] {logging_mixin.py:188} INFO - [2026-07-16T11:18:13.231+0000] {dag.py:3954} INFO - Setting next_dagrun for example_external_task_marker_child to None, run_after=None
[2026-07-16T11:18:13.237+0000] {logging_mixin.py:188} INFO - [2026-07-16T11:18:13.237+0000] {dag.py:3954} INFO - Setting next_dagrun for example_external_task_marker_parent to None, run_after=None
[2026-07-16T11:18:13.261+0000] {processor.py:183} INFO - Processing /home/airflow/.local/lib/python3.12/site-packages/airflow/example_dags/example_external_task_marker_dag.py took 0.098 seconds
