[2026-07-16T11:03:27.769+0000] {processor.py:161} INFO - Started process (PID=80) to work on /home/airflow/.local/lib/python3.12/site-packages/airflow/example_dags/example_subdag_operator.py
[2026-07-16T11:03:27.772+0000] {processor.py:830} INFO - Processing file /home/airflow/.local/lib/python3.12/site-packages/airflow/example_dags/example_subdag_operator.py for tasks to queue
[2026-07-16T11:03:27.776+0000] {logging_mixin.py:188} INFO - [2026-07-16T11:03:27.776+0000] {dagbag.py:540} INFO - Filling up the DagBag from /home/airflow/.local/lib/python3.12/site-packages/airflow/example_dags/example_subdag_operator.py
[2026-07-16T11:03:27.824+0000] {processor.py:840} INFO - DAG(s) 'example_subdag_operator.section-1', 'example_subdag_operator.section-2', 'example_subdag_operator' retrieved from /home/airflow/.local/lib/python3.12/site-packages/airflow/example_dags/example_subdag_operator.py
[2026-07-16T11:03:27.830+0000] {logging_mixin.py:188} INFO - [2026-07-16T11:03:27.829+0000] {dag.py:3096} INFO - Sync 3 DAGs
[2026-07-16T11:03:27.886+0000] {logging_mixin.py:188} INFO - [2026-07-16T11:03:27.886+0000] {dag.py:3954} INFO - Setting next_dagrun for example_subdag_operator to 2022-01-01 00:00:00+00:00, run_after=2022-01-01 00:00:00+00:00
[2026-07-16T11:03:27.896+0000] {logging_mixin.py:188} INFO - [2026-07-16T11:03:27.896+0000] {dag.py:3954} INFO - Setting next_dagrun for example_subdag_operator.section-1 to None, run_after=None
[2026-07-16T11:03:27.900+0000] {logging_mixin.py:188} INFO - [2026-07-16T11:03:27.899+0000] {dag.py:3954} INFO - Setting next_dagrun for example_subdag_operator.section-2 to None, run_after=None
[2026-07-16T11:03:27.915+0000] {logging_mixin.py:188} INFO - [2026-07-16T11:03:27.915+0000] {dag.py:3096} INFO - Sync 2 DAGs
[2026-07-16T11:03:27.924+0000] {logging_mixin.py:188} INFO - [2026-07-16T11:03:27.924+0000] {dag.py:3954} INFO - Setting next_dagrun for example_subdag_operator.section-1 to None, run_after=None
[2026-07-16T11:03:27.926+0000] {logging_mixin.py:188} INFO - [2026-07-16T11:03:27.925+0000] {dag.py:3954} INFO - Setting next_dagrun for example_subdag_operator.section-2 to None, run_after=None
[2026-07-16T11:03:27.949+0000] {processor.py:183} INFO - Processing /home/airflow/.local/lib/python3.12/site-packages/airflow/example_dags/example_subdag_operator.py took 0.187 seconds
[2026-07-16T11:03:58.042+0000] {processor.py:161} INFO - Started process (PID=139) to work on /home/airflow/.local/lib/python3.12/site-packages/airflow/example_dags/example_subdag_operator.py
[2026-07-16T11:03:58.044+0000] {processor.py:830} INFO - Processing file /home/airflow/.local/lib/python3.12/site-packages/airflow/example_dags/example_subdag_operator.py for tasks to queue
[2026-07-16T11:03:58.046+0000] {logging_mixin.py:188} INFO - [2026-07-16T11:03:58.046+0000] {dagbag.py:540} INFO - Filling up the DagBag from /home/airflow/.local/lib/python3.12/site-packages/airflow/example_dags/example_subdag_operator.py
[2026-07-16T11:03:58.064+0000] {processor.py:840} INFO - DAG(s) 'example_subdag_operator.section-1', 'example_subdag_operator.section-2', 'example_subdag_operator' retrieved from /home/airflow/.local/lib/python3.12/site-packages/airflow/example_dags/example_subdag_operator.py
[2026-07-16T11:03:58.135+0000] {logging_mixin.py:188} INFO - [2026-07-16T11:03:58.134+0000] {dag.py:3096} INFO - Sync 3 DAGs
[2026-07-16T11:03:58.149+0000] {logging_mixin.py:188} INFO - [2026-07-16T11:03:58.149+0000] {dag.py:3954} INFO - Setting next_dagrun for example_subdag_operator to 2022-01-01 00:00:00+00:00, run_after=2022-01-01 00:00:00+00:00
[2026-07-16T11:03:58.152+0000] {logging_mixin.py:188} INFO - [2026-07-16T11:03:58.152+0000] {dag.py:3954} INFO - Setting next_dagrun for example_subdag_operator.section-1 to None, run_after=None
[2026-07-16T11:03:58.154+0000] {logging_mixin.py:188} INFO - [2026-07-16T11:03:58.154+0000] {dag.py:3954} INFO - Setting next_dagrun for example_subdag_operator.section-2 to None, run_after=None
[2026-07-16T11:03:58.161+0000] {logging_mixin.py:188} INFO - [2026-07-16T11:03:58.161+0000] {dag.py:3096} INFO - Sync 2 DAGs
[2026-07-16T11:03:58.166+0000] {logging_mixin.py:188} INFO - [2026-07-16T11:03:58.165+0000] {dag.py:3954} INFO - Setting next_dagrun for example_subdag_operator.section-1 to None, run_after=None
[2026-07-16T11:03:58.167+0000] {logging_mixin.py:188} INFO - [2026-07-16T11:03:58.167+0000] {dag.py:3954} INFO - Setting next_dagrun for example_subdag_operator.section-2 to None, run_after=None
[2026-07-16T11:03:58.183+0000] {processor.py:183} INFO - Processing /home/airflow/.local/lib/python3.12/site-packages/airflow/example_dags/example_subdag_operator.py took 0.145 seconds
[2026-07-16T11:04:28.275+0000] {processor.py:161} INFO - Started process (PID=199) to work on /home/airflow/.local/lib/python3.12/site-packages/airflow/example_dags/example_subdag_operator.py
[2026-07-16T11:04:28.277+0000] {processor.py:830} INFO - Processing file /home/airflow/.local/lib/python3.12/site-packages/airflow/example_dags/example_subdag_operator.py for tasks to queue
[2026-07-16T11:04:28.279+0000] {logging_mixin.py:188} INFO - [2026-07-16T11:04:28.279+0000] {dagbag.py:540} INFO - Filling up the DagBag from /home/airflow/.local/lib/python3.12/site-packages/airflow/example_dags/example_subdag_operator.py
[2026-07-16T11:04:28.300+0000] {processor.py:840} INFO - DAG(s) 'example_subdag_operator.section-1', 'example_subdag_operator.section-2', 'example_subdag_operator' retrieved from /home/airflow/.local/lib/python3.12/site-packages/airflow/example_dags/example_subdag_operator.py
[2026-07-16T11:04:28.313+0000] {logging_mixin.py:188} INFO - [2026-07-16T11:04:28.313+0000] {dag.py:3096} INFO - Sync 3 DAGs
[2026-07-16T11:04:28.332+0000] {logging_mixin.py:188} INFO - [2026-07-16T11:04:28.332+0000] {dag.py:3954} INFO - Setting next_dagrun for example_subdag_operator to 2022-01-01 00:00:00+00:00, run_after=2022-01-01 00:00:00+00:00
[2026-07-16T11:04:28.336+0000] {logging_mixin.py:188} INFO - [2026-07-16T11:04:28.336+0000] {dag.py:3954} INFO - Setting next_dagrun for example_subdag_operator.section-1 to None, run_after=None
[2026-07-16T11:04:28.338+0000] {logging_mixin.py:188} INFO - [2026-07-16T11:04:28.338+0000] {dag.py:3954} INFO - Setting next_dagrun for example_subdag_operator.section-2 to None, run_after=None
[2026-07-16T11:04:28.345+0000] {logging_mixin.py:188} INFO - [2026-07-16T11:04:28.345+0000] {dag.py:3096} INFO - Sync 2 DAGs
[2026-07-16T11:04:28.350+0000] {logging_mixin.py:188} INFO - [2026-07-16T11:04:28.350+0000] {dag.py:3954} INFO - Setting next_dagrun for example_subdag_operator.section-1 to None, run_after=None
[2026-07-16T11:04:28.351+0000] {logging_mixin.py:188} INFO - [2026-07-16T11:04:28.351+0000] {dag.py:3954} INFO - Setting next_dagrun for example_subdag_operator.section-2 to None, run_after=None
[2026-07-16T11:04:28.364+0000] {processor.py:183} INFO - Processing /home/airflow/.local/lib/python3.12/site-packages/airflow/example_dags/example_subdag_operator.py took 0.094 seconds
[2026-07-16T11:04:59.279+0000] {processor.py:161} INFO - Started process (PID=258) to work on /home/airflow/.local/lib/python3.12/site-packages/airflow/example_dags/example_subdag_operator.py
[2026-07-16T11:04:59.281+0000] {processor.py:830} INFO - Processing file /home/airflow/.local/lib/python3.12/site-packages/airflow/example_dags/example_subdag_operator.py for tasks to queue
[2026-07-16T11:04:59.283+0000] {logging_mixin.py:188} INFO - [2026-07-16T11:04:59.283+0000] {dagbag.py:540} INFO - Filling up the DagBag from /home/airflow/.local/lib/python3.12/site-packages/airflow/example_dags/example_subdag_operator.py
[2026-07-16T11:04:59.304+0000] {processor.py:840} INFO - DAG(s) 'example_subdag_operator.section-1', 'example_subdag_operator.section-2', 'example_subdag_operator' retrieved from /home/airflow/.local/lib/python3.12/site-packages/airflow/example_dags/example_subdag_operator.py
[2026-07-16T11:04:59.317+0000] {logging_mixin.py:188} INFO - [2026-07-16T11:04:59.317+0000] {dag.py:3096} INFO - Sync 3 DAGs
[2026-07-16T11:04:59.336+0000] {logging_mixin.py:188} INFO - [2026-07-16T11:04:59.336+0000] {dag.py:3954} INFO - Setting next_dagrun for example_subdag_operator to 2022-01-01 00:00:00+00:00, run_after=2022-01-01 00:00:00+00:00
[2026-07-16T11:04:59.341+0000] {logging_mixin.py:188} INFO - [2026-07-16T11:04:59.340+0000] {dag.py:3954} INFO - Setting next_dagrun for example_subdag_operator.section-1 to None, run_after=None
[2026-07-16T11:04:59.342+0000] {logging_mixin.py:188} INFO - [2026-07-16T11:04:59.342+0000] {dag.py:3954} INFO - Setting next_dagrun for example_subdag_operator.section-2 to None, run_after=None
[2026-07-16T11:04:59.349+0000] {logging_mixin.py:188} INFO - [2026-07-16T11:04:59.349+0000] {dag.py:3096} INFO - Sync 2 DAGs
[2026-07-16T11:04:59.354+0000] {logging_mixin.py:188} INFO - [2026-07-16T11:04:59.353+0000] {dag.py:3954} INFO - Setting next_dagrun for example_subdag_operator.section-1 to None, run_after=None
[2026-07-16T11:04:59.355+0000] {logging_mixin.py:188} INFO - [2026-07-16T11:04:59.355+0000] {dag.py:3954} INFO - Setting next_dagrun for example_subdag_operator.section-2 to None, run_after=None
[2026-07-16T11:04:59.365+0000] {processor.py:183} INFO - Processing /home/airflow/.local/lib/python3.12/site-packages/airflow/example_dags/example_subdag_operator.py took 0.091 seconds
[2026-07-16T11:05:29.737+0000] {processor.py:161} INFO - Started process (PID=317) to work on /home/airflow/.local/lib/python3.12/site-packages/airflow/example_dags/example_subdag_operator.py
[2026-07-16T11:05:29.739+0000] {processor.py:830} INFO - Processing file /home/airflow/.local/lib/python3.12/site-packages/airflow/example_dags/example_subdag_operator.py for tasks to queue
[2026-07-16T11:05:29.742+0000] {logging_mixin.py:188} INFO - [2026-07-16T11:05:29.741+0000] {dagbag.py:540} INFO - Filling up the DagBag from /home/airflow/.local/lib/python3.12/site-packages/airflow/example_dags/example_subdag_operator.py
[2026-07-16T11:05:29.767+0000] {processor.py:840} INFO - DAG(s) 'example_subdag_operator.section-1', 'example_subdag_operator.section-2', 'example_subdag_operator' retrieved from /home/airflow/.local/lib/python3.12/site-packages/airflow/example_dags/example_subdag_operator.py
[2026-07-16T11:05:29.782+0000] {logging_mixin.py:188} INFO - [2026-07-16T11:05:29.782+0000] {dag.py:3096} INFO - Sync 3 DAGs
[2026-07-16T11:05:29.802+0000] {logging_mixin.py:188} INFO - [2026-07-16T11:05:29.802+0000] {dag.py:3954} INFO - Setting next_dagrun for example_subdag_operator to 2022-01-01 00:00:00+00:00, run_after=2022-01-01 00:00:00+00:00
[2026-07-16T11:05:29.807+0000] {logging_mixin.py:188} INFO - [2026-07-16T11:05:29.806+0000] {dag.py:3954} INFO - Setting next_dagrun for example_subdag_operator.section-1 to None, run_after=None
[2026-07-16T11:05:29.809+0000] {logging_mixin.py:188} INFO - [2026-07-16T11:05:29.809+0000] {dag.py:3954} INFO - Setting next_dagrun for example_subdag_operator.section-2 to None, run_after=None
[2026-07-16T11:05:29.817+0000] {logging_mixin.py:188} INFO - [2026-07-16T11:05:29.817+0000] {dag.py:3096} INFO - Sync 2 DAGs
[2026-07-16T11:05:29.823+0000] {logging_mixin.py:188} INFO - [2026-07-16T11:05:29.823+0000] {dag.py:3954} INFO - Setting next_dagrun for example_subdag_operator.section-1 to None, run_after=None
[2026-07-16T11:05:29.824+0000] {logging_mixin.py:188} INFO - [2026-07-16T11:05:29.824+0000] {dag.py:3954} INFO - Setting next_dagrun for example_subdag_operator.section-2 to None, run_after=None
[2026-07-16T11:05:29.836+0000] {processor.py:183} INFO - Processing /home/airflow/.local/lib/python3.12/site-packages/airflow/example_dags/example_subdag_operator.py took 0.105 seconds
[2026-07-16T11:06:00.841+0000] {processor.py:161} INFO - Started process (PID=376) to work on /home/airflow/.local/lib/python3.12/site-packages/airflow/example_dags/example_subdag_operator.py
[2026-07-16T11:06:00.843+0000] {processor.py:830} INFO - Processing file /home/airflow/.local/lib/python3.12/site-packages/airflow/example_dags/example_subdag_operator.py for tasks to queue
[2026-07-16T11:06:00.846+0000] {logging_mixin.py:188} INFO - [2026-07-16T11:06:00.846+0000] {dagbag.py:540} INFO - Filling up the DagBag from /home/airflow/.local/lib/python3.12/site-packages/airflow/example_dags/example_subdag_operator.py
[2026-07-16T11:06:00.866+0000] {processor.py:840} INFO - DAG(s) 'example_subdag_operator.section-1', 'example_subdag_operator.section-2', 'example_subdag_operator' retrieved from /home/airflow/.local/lib/python3.12/site-packages/airflow/example_dags/example_subdag_operator.py
[2026-07-16T11:06:00.879+0000] {logging_mixin.py:188} INFO - [2026-07-16T11:06:00.879+0000] {dag.py:3096} INFO - Sync 3 DAGs
[2026-07-16T11:06:00.901+0000] {logging_mixin.py:188} INFO - [2026-07-16T11:06:00.901+0000] {dag.py:3954} INFO - Setting next_dagrun for example_subdag_operator to 2022-01-01 00:00:00+00:00, run_after=2022-01-01 00:00:00+00:00
[2026-07-16T11:06:00.905+0000] {logging_mixin.py:188} INFO - [2026-07-16T11:06:00.905+0000] {dag.py:3954} INFO - Setting next_dagrun for example_subdag_operator.section-1 to None, run_after=None
[2026-07-16T11:06:00.907+0000] {logging_mixin.py:188} INFO - [2026-07-16T11:06:00.907+0000] {dag.py:3954} INFO - Setting next_dagrun for example_subdag_operator.section-2 to None, run_after=None
[2026-07-16T11:06:00.915+0000] {logging_mixin.py:188} INFO - [2026-07-16T11:06:00.915+0000] {dag.py:3096} INFO - Sync 2 DAGs
[2026-07-16T11:06:00.920+0000] {logging_mixin.py:188} INFO - [2026-07-16T11:06:00.920+0000] {dag.py:3954} INFO - Setting next_dagrun for example_subdag_operator.section-1 to None, run_after=None
[2026-07-16T11:06:00.921+0000] {logging_mixin.py:188} INFO - [2026-07-16T11:06:00.921+0000] {dag.py:3954} INFO - Setting next_dagrun for example_subdag_operator.section-2 to None, run_after=None
[2026-07-16T11:06:00.933+0000] {processor.py:183} INFO - Processing /home/airflow/.local/lib/python3.12/site-packages/airflow/example_dags/example_subdag_operator.py took 0.098 seconds
[2026-07-16T11:06:31.176+0000] {processor.py:161} INFO - Started process (PID=435) to work on /home/airflow/.local/lib/python3.12/site-packages/airflow/example_dags/example_subdag_operator.py
[2026-07-16T11:06:31.177+0000] {processor.py:830} INFO - Processing file /home/airflow/.local/lib/python3.12/site-packages/airflow/example_dags/example_subdag_operator.py for tasks to queue
[2026-07-16T11:06:31.179+0000] {logging_mixin.py:188} INFO - [2026-07-16T11:06:31.179+0000] {dagbag.py:540} INFO - Filling up the DagBag from /home/airflow/.local/lib/python3.12/site-packages/airflow/example_dags/example_subdag_operator.py
[2026-07-16T11:06:31.198+0000] {processor.py:840} INFO - DAG(s) 'example_subdag_operator.section-1', 'example_subdag_operator.section-2', 'example_subdag_operator' retrieved from /home/airflow/.local/lib/python3.12/site-packages/airflow/example_dags/example_subdag_operator.py
[2026-07-16T11:06:31.215+0000] {logging_mixin.py:188} INFO - [2026-07-16T11:06:31.215+0000] {dag.py:3096} INFO - Sync 3 DAGs
[2026-07-16T11:06:31.246+0000] {logging_mixin.py:188} INFO - [2026-07-16T11:06:31.245+0000] {dag.py:3954} INFO - Setting next_dagrun for example_subdag_operator to 2022-01-01 00:00:00+00:00, run_after=2022-01-01 00:00:00+00:00
[2026-07-16T11:06:31.252+0000] {logging_mixin.py:188} INFO - [2026-07-16T11:06:31.252+0000] {dag.py:3954} INFO - Setting next_dagrun for example_subdag_operator.section-1 to None, run_after=None
[2026-07-16T11:06:31.256+0000] {logging_mixin.py:188} INFO - [2026-07-16T11:06:31.255+0000] {dag.py:3954} INFO - Setting next_dagrun for example_subdag_operator.section-2 to None, run_after=None
[2026-07-16T11:06:31.270+0000] {logging_mixin.py:188} INFO - [2026-07-16T11:06:31.269+0000] {dag.py:3096} INFO - Sync 2 DAGs
[2026-07-16T11:06:31.283+0000] {logging_mixin.py:188} INFO - [2026-07-16T11:06:31.283+0000] {dag.py:3954} INFO - Setting next_dagrun for example_subdag_operator.section-1 to None, run_after=None
[2026-07-16T11:06:31.285+0000] {logging_mixin.py:188} INFO - [2026-07-16T11:06:31.284+0000] {dag.py:3954} INFO - Setting next_dagrun for example_subdag_operator.section-2 to None, run_after=None
[2026-07-16T11:06:31.305+0000] {processor.py:183} INFO - Processing /home/airflow/.local/lib/python3.12/site-packages/airflow/example_dags/example_subdag_operator.py took 0.134 seconds
[2026-07-16T11:07:01.548+0000] {processor.py:161} INFO - Started process (PID=494) to work on /home/airflow/.local/lib/python3.12/site-packages/airflow/example_dags/example_subdag_operator.py
[2026-07-16T11:07:01.550+0000] {processor.py:830} INFO - Processing file /home/airflow/.local/lib/python3.12/site-packages/airflow/example_dags/example_subdag_operator.py for tasks to queue
[2026-07-16T11:07:01.553+0000] {logging_mixin.py:188} INFO - [2026-07-16T11:07:01.552+0000] {dagbag.py:540} INFO - Filling up the DagBag from /home/airflow/.local/lib/python3.12/site-packages/airflow/example_dags/example_subdag_operator.py
[2026-07-16T11:07:01.574+0000] {processor.py:840} INFO - DAG(s) 'example_subdag_operator.section-1', 'example_subdag_operator.section-2', 'example_subdag_operator' retrieved from /home/airflow/.local/lib/python3.12/site-packages/airflow/example_dags/example_subdag_operator.py
[2026-07-16T11:07:01.588+0000] {logging_mixin.py:188} INFO - [2026-07-16T11:07:01.588+0000] {dag.py:3096} INFO - Sync 3 DAGs
[2026-07-16T11:07:01.607+0000] {logging_mixin.py:188} INFO - [2026-07-16T11:07:01.606+0000] {dag.py:3954} INFO - Setting next_dagrun for example_subdag_operator to 2022-01-01 00:00:00+00:00, run_after=2022-01-01 00:00:00+00:00
[2026-07-16T11:07:01.611+0000] {logging_mixin.py:188} INFO - [2026-07-16T11:07:01.611+0000] {dag.py:3954} INFO - Setting next_dagrun for example_subdag_operator.section-1 to None, run_after=None
[2026-07-16T11:07:01.613+0000] {logging_mixin.py:188} INFO - [2026-07-16T11:07:01.613+0000] {dag.py:3954} INFO - Setting next_dagrun for example_subdag_operator.section-2 to None, run_after=None
[2026-07-16T11:07:01.620+0000] {logging_mixin.py:188} INFO - [2026-07-16T11:07:01.619+0000] {dag.py:3096} INFO - Sync 2 DAGs
[2026-07-16T11:07:01.626+0000] {logging_mixin.py:188} INFO - [2026-07-16T11:07:01.626+0000] {dag.py:3954} INFO - Setting next_dagrun for example_subdag_operator.section-1 to None, run_after=None
[2026-07-16T11:07:01.627+0000] {logging_mixin.py:188} INFO - [2026-07-16T11:07:01.627+0000] {dag.py:3954} INFO - Setting next_dagrun for example_subdag_operator.section-2 to None, run_after=None
[2026-07-16T11:07:01.639+0000] {processor.py:183} INFO - Processing /home/airflow/.local/lib/python3.12/site-packages/airflow/example_dags/example_subdag_operator.py took 0.096 seconds
[2026-07-16T11:07:31.757+0000] {processor.py:161} INFO - Started process (PID=553) to work on /home/airflow/.local/lib/python3.12/site-packages/airflow/example_dags/example_subdag_operator.py
[2026-07-16T11:07:31.759+0000] {processor.py:830} INFO - Processing file /home/airflow/.local/lib/python3.12/site-packages/airflow/example_dags/example_subdag_operator.py for tasks to queue
[2026-07-16T11:07:31.761+0000] {logging_mixin.py:188} INFO - [2026-07-16T11:07:31.761+0000] {dagbag.py:540} INFO - Filling up the DagBag from /home/airflow/.local/lib/python3.12/site-packages/airflow/example_dags/example_subdag_operator.py
[2026-07-16T11:07:31.782+0000] {processor.py:840} INFO - DAG(s) 'example_subdag_operator.section-1', 'example_subdag_operator.section-2', 'example_subdag_operator' retrieved from /home/airflow/.local/lib/python3.12/site-packages/airflow/example_dags/example_subdag_operator.py
[2026-07-16T11:07:31.797+0000] {logging_mixin.py:188} INFO - [2026-07-16T11:07:31.797+0000] {dag.py:3096} INFO - Sync 3 DAGs
[2026-07-16T11:07:31.820+0000] {logging_mixin.py:188} INFO - [2026-07-16T11:07:31.819+0000] {dag.py:3954} INFO - Setting next_dagrun for example_subdag_operator to 2022-01-01 00:00:00+00:00, run_after=2022-01-01 00:00:00+00:00
[2026-07-16T11:07:31.824+0000] {logging_mixin.py:188} INFO - [2026-07-16T11:07:31.823+0000] {dag.py:3954} INFO - Setting next_dagrun for example_subdag_operator.section-1 to None, run_after=None
[2026-07-16T11:07:31.825+0000] {logging_mixin.py:188} INFO - [2026-07-16T11:07:31.825+0000] {dag.py:3954} INFO - Setting next_dagrun for example_subdag_operator.section-2 to None, run_after=None
[2026-07-16T11:07:31.832+0000] {logging_mixin.py:188} INFO - [2026-07-16T11:07:31.832+0000] {dag.py:3096} INFO - Sync 2 DAGs
[2026-07-16T11:07:31.838+0000] {logging_mixin.py:188} INFO - [2026-07-16T11:07:31.838+0000] {dag.py:3954} INFO - Setting next_dagrun for example_subdag_operator.section-1 to None, run_after=None
[2026-07-16T11:07:31.840+0000] {logging_mixin.py:188} INFO - [2026-07-16T11:07:31.839+0000] {dag.py:3954} INFO - Setting next_dagrun for example_subdag_operator.section-2 to None, run_after=None
[2026-07-16T11:07:31.852+0000] {processor.py:183} INFO - Processing /home/airflow/.local/lib/python3.12/site-packages/airflow/example_dags/example_subdag_operator.py took 0.100 seconds
[2026-07-16T11:08:02.176+0000] {processor.py:161} INFO - Started process (PID=612) to work on /home/airflow/.local/lib/python3.12/site-packages/airflow/example_dags/example_subdag_operator.py
[2026-07-16T11:08:02.178+0000] {processor.py:830} INFO - Processing file /home/airflow/.local/lib/python3.12/site-packages/airflow/example_dags/example_subdag_operator.py for tasks to queue
[2026-07-16T11:08:02.180+0000] {logging_mixin.py:188} INFO - [2026-07-16T11:08:02.179+0000] {dagbag.py:540} INFO - Filling up the DagBag from /home/airflow/.local/lib/python3.12/site-packages/airflow/example_dags/example_subdag_operator.py
[2026-07-16T11:08:02.200+0000] {processor.py:840} INFO - DAG(s) 'example_subdag_operator.section-1', 'example_subdag_operator.section-2', 'example_subdag_operator' retrieved from /home/airflow/.local/lib/python3.12/site-packages/airflow/example_dags/example_subdag_operator.py
[2026-07-16T11:08:02.214+0000] {logging_mixin.py:188} INFO - [2026-07-16T11:08:02.214+0000] {dag.py:3096} INFO - Sync 3 DAGs
[2026-07-16T11:08:02.237+0000] {logging_mixin.py:188} INFO - [2026-07-16T11:08:02.236+0000] {dag.py:3954} INFO - Setting next_dagrun for example_subdag_operator to 2022-01-01 00:00:00+00:00, run_after=2022-01-01 00:00:00+00:00
[2026-07-16T11:08:02.241+0000] {logging_mixin.py:188} INFO - [2026-07-16T11:08:02.241+0000] {dag.py:3954} INFO - Setting next_dagrun for example_subdag_operator.section-1 to None, run_after=None
[2026-07-16T11:08:02.243+0000] {logging_mixin.py:188} INFO - [2026-07-16T11:08:02.243+0000] {dag.py:3954} INFO - Setting next_dagrun for example_subdag_operator.section-2 to None, run_after=None
[2026-07-16T11:08:02.250+0000] {logging_mixin.py:188} INFO - [2026-07-16T11:08:02.249+0000] {dag.py:3096} INFO - Sync 2 DAGs
[2026-07-16T11:08:02.256+0000] {logging_mixin.py:188} INFO - [2026-07-16T11:08:02.256+0000] {dag.py:3954} INFO - Setting next_dagrun for example_subdag_operator.section-1 to None, run_after=None
[2026-07-16T11:08:02.257+0000] {logging_mixin.py:188} INFO - [2026-07-16T11:08:02.257+0000] {dag.py:3954} INFO - Setting next_dagrun for example_subdag_operator.section-2 to None, run_after=None
[2026-07-16T11:08:02.269+0000] {processor.py:183} INFO - Processing /home/airflow/.local/lib/python3.12/site-packages/airflow/example_dags/example_subdag_operator.py took 0.098 seconds
[2026-07-16T11:08:32.700+0000] {processor.py:161} INFO - Started process (PID=671) to work on /home/airflow/.local/lib/python3.12/site-packages/airflow/example_dags/example_subdag_operator.py
[2026-07-16T11:08:32.701+0000] {processor.py:830} INFO - Processing file /home/airflow/.local/lib/python3.12/site-packages/airflow/example_dags/example_subdag_operator.py for tasks to queue
[2026-07-16T11:08:32.704+0000] {logging_mixin.py:188} INFO - [2026-07-16T11:08:32.703+0000] {dagbag.py:540} INFO - Filling up the DagBag from /home/airflow/.local/lib/python3.12/site-packages/airflow/example_dags/example_subdag_operator.py
[2026-07-16T11:08:32.723+0000] {processor.py:840} INFO - DAG(s) 'example_subdag_operator.section-1', 'example_subdag_operator.section-2', 'example_subdag_operator' retrieved from /home/airflow/.local/lib/python3.12/site-packages/airflow/example_dags/example_subdag_operator.py
[2026-07-16T11:08:32.735+0000] {logging_mixin.py:188} INFO - [2026-07-16T11:08:32.735+0000] {dag.py:3096} INFO - Sync 3 DAGs
[2026-07-16T11:08:32.753+0000] {logging_mixin.py:188} INFO - [2026-07-16T11:08:32.752+0000] {dag.py:3954} INFO - Setting next_dagrun for example_subdag_operator to 2022-01-01 00:00:00+00:00, run_after=2022-01-01 00:00:00+00:00
[2026-07-16T11:08:32.757+0000] {logging_mixin.py:188} INFO - [2026-07-16T11:08:32.757+0000] {dag.py:3954} INFO - Setting next_dagrun for example_subdag_operator.section-1 to None, run_after=None
[2026-07-16T11:08:32.760+0000] {logging_mixin.py:188} INFO - [2026-07-16T11:08:32.760+0000] {dag.py:3954} INFO - Setting next_dagrun for example_subdag_operator.section-2 to None, run_after=None
[2026-07-16T11:08:32.766+0000] {logging_mixin.py:188} INFO - [2026-07-16T11:08:32.766+0000] {dag.py:3096} INFO - Sync 2 DAGs
[2026-07-16T11:08:32.772+0000] {logging_mixin.py:188} INFO - [2026-07-16T11:08:32.771+0000] {dag.py:3954} INFO - Setting next_dagrun for example_subdag_operator.section-1 to None, run_after=None
[2026-07-16T11:08:32.773+0000] {logging_mixin.py:188} INFO - [2026-07-16T11:08:32.773+0000] {dag.py:3954} INFO - Setting next_dagrun for example_subdag_operator.section-2 to None, run_after=None
[2026-07-16T11:08:32.784+0000] {processor.py:183} INFO - Processing /home/airflow/.local/lib/python3.12/site-packages/airflow/example_dags/example_subdag_operator.py took 0.088 seconds
[2026-07-16T11:09:03.604+0000] {processor.py:161} INFO - Started process (PID=730) to work on /home/airflow/.local/lib/python3.12/site-packages/airflow/example_dags/example_subdag_operator.py
[2026-07-16T11:09:03.606+0000] {processor.py:830} INFO - Processing file /home/airflow/.local/lib/python3.12/site-packages/airflow/example_dags/example_subdag_operator.py for tasks to queue
[2026-07-16T11:09:03.608+0000] {logging_mixin.py:188} INFO - [2026-07-16T11:09:03.608+0000] {dagbag.py:540} INFO - Filling up the DagBag from /home/airflow/.local/lib/python3.12/site-packages/airflow/example_dags/example_subdag_operator.py
[2026-07-16T11:09:03.628+0000] {processor.py:840} INFO - DAG(s) 'example_subdag_operator.section-1', 'example_subdag_operator.section-2', 'example_subdag_operator' retrieved from /home/airflow/.local/lib/python3.12/site-packages/airflow/example_dags/example_subdag_operator.py
[2026-07-16T11:09:03.641+0000] {logging_mixin.py:188} INFO - [2026-07-16T11:09:03.641+0000] {dag.py:3096} INFO - Sync 3 DAGs
[2026-07-16T11:09:03.659+0000] {logging_mixin.py:188} INFO - [2026-07-16T11:09:03.659+0000] {dag.py:3954} INFO - Setting next_dagrun for example_subdag_operator to 2022-01-01 00:00:00+00:00, run_after=2022-01-01 00:00:00+00:00
[2026-07-16T11:09:03.665+0000] {logging_mixin.py:188} INFO - [2026-07-16T11:09:03.665+0000] {dag.py:3954} INFO - Setting next_dagrun for example_subdag_operator.section-1 to None, run_after=None
[2026-07-16T11:09:03.667+0000] {logging_mixin.py:188} INFO - [2026-07-16T11:09:03.667+0000] {dag.py:3954} INFO - Setting next_dagrun for example_subdag_operator.section-2 to None, run_after=None
[2026-07-16T11:09:03.675+0000] {logging_mixin.py:188} INFO - [2026-07-16T11:09:03.674+0000] {dag.py:3096} INFO - Sync 2 DAGs
[2026-07-16T11:09:03.681+0000] {logging_mixin.py:188} INFO - [2026-07-16T11:09:03.680+0000] {dag.py:3954} INFO - Setting next_dagrun for example_subdag_operator.section-1 to None, run_after=None
[2026-07-16T11:09:03.682+0000] {logging_mixin.py:188} INFO - [2026-07-16T11:09:03.682+0000] {dag.py:3954} INFO - Setting next_dagrun for example_subdag_operator.section-2 to None, run_after=None
[2026-07-16T11:09:03.693+0000] {processor.py:183} INFO - Processing /home/airflow/.local/lib/python3.12/site-packages/airflow/example_dags/example_subdag_operator.py took 0.094 seconds
[2026-07-16T11:09:34.279+0000] {processor.py:161} INFO - Started process (PID=789) to work on /home/airflow/.local/lib/python3.12/site-packages/airflow/example_dags/example_subdag_operator.py
[2026-07-16T11:09:34.280+0000] {processor.py:830} INFO - Processing file /home/airflow/.local/lib/python3.12/site-packages/airflow/example_dags/example_subdag_operator.py for tasks to queue
[2026-07-16T11:09:34.283+0000] {logging_mixin.py:188} INFO - [2026-07-16T11:09:34.282+0000] {dagbag.py:540} INFO - Filling up the DagBag from /home/airflow/.local/lib/python3.12/site-packages/airflow/example_dags/example_subdag_operator.py
[2026-07-16T11:09:34.303+0000] {processor.py:840} INFO - DAG(s) 'example_subdag_operator.section-1', 'example_subdag_operator.section-2', 'example_subdag_operator' retrieved from /home/airflow/.local/lib/python3.12/site-packages/airflow/example_dags/example_subdag_operator.py
[2026-07-16T11:09:34.316+0000] {logging_mixin.py:188} INFO - [2026-07-16T11:09:34.316+0000] {dag.py:3096} INFO - Sync 3 DAGs
[2026-07-16T11:09:34.334+0000] {logging_mixin.py:188} INFO - [2026-07-16T11:09:34.334+0000] {dag.py:3954} INFO - Setting next_dagrun for example_subdag_operator to 2022-01-01 00:00:00+00:00, run_after=2022-01-01 00:00:00+00:00
[2026-07-16T11:09:34.338+0000] {logging_mixin.py:188} INFO - [2026-07-16T11:09:34.338+0000] {dag.py:3954} INFO - Setting next_dagrun for example_subdag_operator.section-1 to None, run_after=None
[2026-07-16T11:09:34.339+0000] {logging_mixin.py:188} INFO - [2026-07-16T11:09:34.339+0000] {dag.py:3954} INFO - Setting next_dagrun for example_subdag_operator.section-2 to None, run_after=None
[2026-07-16T11:09:34.347+0000] {logging_mixin.py:188} INFO - [2026-07-16T11:09:34.346+0000] {dag.py:3096} INFO - Sync 2 DAGs
[2026-07-16T11:09:34.352+0000] {logging_mixin.py:188} INFO - [2026-07-16T11:09:34.351+0000] {dag.py:3954} INFO - Setting next_dagrun for example_subdag_operator.section-1 to None, run_after=None
[2026-07-16T11:09:34.353+0000] {logging_mixin.py:188} INFO - [2026-07-16T11:09:34.353+0000] {dag.py:3954} INFO - Setting next_dagrun for example_subdag_operator.section-2 to None, run_after=None
[2026-07-16T11:09:34.366+0000] {processor.py:183} INFO - Processing /home/airflow/.local/lib/python3.12/site-packages/airflow/example_dags/example_subdag_operator.py took 0.091 seconds
[2026-07-16T11:10:04.498+0000] {processor.py:161} INFO - Started process (PID=847) to work on /home/airflow/.local/lib/python3.12/site-packages/airflow/example_dags/example_subdag_operator.py
[2026-07-16T11:10:04.500+0000] {processor.py:830} INFO - Processing file /home/airflow/.local/lib/python3.12/site-packages/airflow/example_dags/example_subdag_operator.py for tasks to queue
[2026-07-16T11:10:04.502+0000] {logging_mixin.py:188} INFO - [2026-07-16T11:10:04.502+0000] {dagbag.py:540} INFO - Filling up the DagBag from /home/airflow/.local/lib/python3.12/site-packages/airflow/example_dags/example_subdag_operator.py
[2026-07-16T11:10:04.522+0000] {processor.py:840} INFO - DAG(s) 'example_subdag_operator.section-1', 'example_subdag_operator.section-2', 'example_subdag_operator' retrieved from /home/airflow/.local/lib/python3.12/site-packages/airflow/example_dags/example_subdag_operator.py
[2026-07-16T11:10:04.535+0000] {logging_mixin.py:188} INFO - [2026-07-16T11:10:04.535+0000] {dag.py:3096} INFO - Sync 3 DAGs
[2026-07-16T11:10:04.552+0000] {logging_mixin.py:188} INFO - [2026-07-16T11:10:04.552+0000] {dag.py:3954} INFO - Setting next_dagrun for example_subdag_operator to 2022-01-01 00:00:00+00:00, run_after=2022-01-01 00:00:00+00:00
[2026-07-16T11:10:04.556+0000] {logging_mixin.py:188} INFO - [2026-07-16T11:10:04.556+0000] {dag.py:3954} INFO - Setting next_dagrun for example_subdag_operator.section-1 to None, run_after=None
[2026-07-16T11:10:04.558+0000] {logging_mixin.py:188} INFO - [2026-07-16T11:10:04.558+0000] {dag.py:3954} INFO - Setting next_dagrun for example_subdag_operator.section-2 to None, run_after=None
[2026-07-16T11:10:04.565+0000] {logging_mixin.py:188} INFO - [2026-07-16T11:10:04.565+0000] {dag.py:3096} INFO - Sync 2 DAGs
[2026-07-16T11:10:04.570+0000] {logging_mixin.py:188} INFO - [2026-07-16T11:10:04.570+0000] {dag.py:3954} INFO - Setting next_dagrun for example_subdag_operator.section-1 to None, run_after=None
[2026-07-16T11:10:04.571+0000] {logging_mixin.py:188} INFO - [2026-07-16T11:10:04.571+0000] {dag.py:3954} INFO - Setting next_dagrun for example_subdag_operator.section-2 to None, run_after=None
[2026-07-16T11:10:04.584+0000] {processor.py:183} INFO - Processing /home/airflow/.local/lib/python3.12/site-packages/airflow/example_dags/example_subdag_operator.py took 0.091 seconds
[2026-07-16T11:10:34.824+0000] {processor.py:161} INFO - Started process (PID=906) to work on /home/airflow/.local/lib/python3.12/site-packages/airflow/example_dags/example_subdag_operator.py
[2026-07-16T11:10:34.825+0000] {processor.py:830} INFO - Processing file /home/airflow/.local/lib/python3.12/site-packages/airflow/example_dags/example_subdag_operator.py for tasks to queue
[2026-07-16T11:10:34.828+0000] {logging_mixin.py:188} INFO - [2026-07-16T11:10:34.828+0000] {dagbag.py:540} INFO - Filling up the DagBag from /home/airflow/.local/lib/python3.12/site-packages/airflow/example_dags/example_subdag_operator.py
[2026-07-16T11:10:34.849+0000] {processor.py:840} INFO - DAG(s) 'example_subdag_operator.section-1', 'example_subdag_operator.section-2', 'example_subdag_operator' retrieved from /home/airflow/.local/lib/python3.12/site-packages/airflow/example_dags/example_subdag_operator.py
[2026-07-16T11:10:34.863+0000] {logging_mixin.py:188} INFO - [2026-07-16T11:10:34.863+0000] {dag.py:3096} INFO - Sync 3 DAGs
[2026-07-16T11:10:34.883+0000] {logging_mixin.py:188} INFO - [2026-07-16T11:10:34.883+0000] {dag.py:3954} INFO - Setting next_dagrun for example_subdag_operator to 2022-01-01 00:00:00+00:00, run_after=2022-01-01 00:00:00+00:00
[2026-07-16T11:10:34.887+0000] {logging_mixin.py:188} INFO - [2026-07-16T11:10:34.887+0000] {dag.py:3954} INFO - Setting next_dagrun for example_subdag_operator.section-1 to None, run_after=None
[2026-07-16T11:10:34.889+0000] {logging_mixin.py:188} INFO - [2026-07-16T11:10:34.889+0000] {dag.py:3954} INFO - Setting next_dagrun for example_subdag_operator.section-2 to None, run_after=None
[2026-07-16T11:10:34.896+0000] {logging_mixin.py:188} INFO - [2026-07-16T11:10:34.896+0000] {dag.py:3096} INFO - Sync 2 DAGs
[2026-07-16T11:10:34.902+0000] {logging_mixin.py:188} INFO - [2026-07-16T11:10:34.902+0000] {dag.py:3954} INFO - Setting next_dagrun for example_subdag_operator.section-1 to None, run_after=None
[2026-07-16T11:10:34.904+0000] {logging_mixin.py:188} INFO - [2026-07-16T11:10:34.904+0000] {dag.py:3954} INFO - Setting next_dagrun for example_subdag_operator.section-2 to None, run_after=None
[2026-07-16T11:10:34.917+0000] {processor.py:183} INFO - Processing /home/airflow/.local/lib/python3.12/site-packages/airflow/example_dags/example_subdag_operator.py took 0.099 seconds
[2026-07-16T11:11:05.402+0000] {processor.py:161} INFO - Started process (PID=965) to work on /home/airflow/.local/lib/python3.12/site-packages/airflow/example_dags/example_subdag_operator.py
[2026-07-16T11:11:05.403+0000] {processor.py:830} INFO - Processing file /home/airflow/.local/lib/python3.12/site-packages/airflow/example_dags/example_subdag_operator.py for tasks to queue
[2026-07-16T11:11:05.405+0000] {logging_mixin.py:188} INFO - [2026-07-16T11:11:05.405+0000] {dagbag.py:540} INFO - Filling up the DagBag from /home/airflow/.local/lib/python3.12/site-packages/airflow/example_dags/example_subdag_operator.py
[2026-07-16T11:11:05.425+0000] {processor.py:840} INFO - DAG(s) 'example_subdag_operator.section-1', 'example_subdag_operator.section-2', 'example_subdag_operator' retrieved from /home/airflow/.local/lib/python3.12/site-packages/airflow/example_dags/example_subdag_operator.py
[2026-07-16T11:11:05.437+0000] {logging_mixin.py:188} INFO - [2026-07-16T11:11:05.437+0000] {dag.py:3096} INFO - Sync 3 DAGs
[2026-07-16T11:11:05.454+0000] {logging_mixin.py:188} INFO - [2026-07-16T11:11:05.454+0000] {dag.py:3954} INFO - Setting next_dagrun for example_subdag_operator to 2022-01-01 00:00:00+00:00, run_after=2022-01-01 00:00:00+00:00
[2026-07-16T11:11:05.459+0000] {logging_mixin.py:188} INFO - [2026-07-16T11:11:05.458+0000] {dag.py:3954} INFO - Setting next_dagrun for example_subdag_operator.section-1 to None, run_after=None
[2026-07-16T11:11:05.461+0000] {logging_mixin.py:188} INFO - [2026-07-16T11:11:05.461+0000] {dag.py:3954} INFO - Setting next_dagrun for example_subdag_operator.section-2 to None, run_after=None
[2026-07-16T11:11:05.467+0000] {logging_mixin.py:188} INFO - [2026-07-16T11:11:05.467+0000] {dag.py:3096} INFO - Sync 2 DAGs
[2026-07-16T11:11:05.472+0000] {logging_mixin.py:188} INFO - [2026-07-16T11:11:05.472+0000] {dag.py:3954} INFO - Setting next_dagrun for example_subdag_operator.section-1 to None, run_after=None
[2026-07-16T11:11:05.473+0000] {logging_mixin.py:188} INFO - [2026-07-16T11:11:05.473+0000] {dag.py:3954} INFO - Setting next_dagrun for example_subdag_operator.section-2 to None, run_after=None
[2026-07-16T11:11:05.484+0000] {processor.py:183} INFO - Processing /home/airflow/.local/lib/python3.12/site-packages/airflow/example_dags/example_subdag_operator.py took 0.087 seconds
[2026-07-16T11:11:35.625+0000] {processor.py:161} INFO - Started process (PID=1024) to work on /home/airflow/.local/lib/python3.12/site-packages/airflow/example_dags/example_subdag_operator.py
[2026-07-16T11:11:35.627+0000] {processor.py:830} INFO - Processing file /home/airflow/.local/lib/python3.12/site-packages/airflow/example_dags/example_subdag_operator.py for tasks to queue
[2026-07-16T11:11:35.629+0000] {logging_mixin.py:188} INFO - [2026-07-16T11:11:35.628+0000] {dagbag.py:540} INFO - Filling up the DagBag from /home/airflow/.local/lib/python3.12/site-packages/airflow/example_dags/example_subdag_operator.py
[2026-07-16T11:11:35.648+0000] {processor.py:840} INFO - DAG(s) 'example_subdag_operator.section-1', 'example_subdag_operator.section-2', 'example_subdag_operator' retrieved from /home/airflow/.local/lib/python3.12/site-packages/airflow/example_dags/example_subdag_operator.py
[2026-07-16T11:11:35.661+0000] {logging_mixin.py:188} INFO - [2026-07-16T11:11:35.661+0000] {dag.py:3096} INFO - Sync 3 DAGs
[2026-07-16T11:11:35.678+0000] {logging_mixin.py:188} INFO - [2026-07-16T11:11:35.678+0000] {dag.py:3954} INFO - Setting next_dagrun for example_subdag_operator to 2022-01-01 00:00:00+00:00, run_after=2022-01-01 00:00:00+00:00
[2026-07-16T11:11:35.682+0000] {logging_mixin.py:188} INFO - [2026-07-16T11:11:35.682+0000] {dag.py:3954} INFO - Setting next_dagrun for example_subdag_operator.section-1 to None, run_after=None
[2026-07-16T11:11:35.684+0000] {logging_mixin.py:188} INFO - [2026-07-16T11:11:35.684+0000] {dag.py:3954} INFO - Setting next_dagrun for example_subdag_operator.section-2 to None, run_after=None
[2026-07-16T11:11:35.690+0000] {logging_mixin.py:188} INFO - [2026-07-16T11:11:35.690+0000] {dag.py:3096} INFO - Sync 2 DAGs
[2026-07-16T11:11:35.696+0000] {logging_mixin.py:188} INFO - [2026-07-16T11:11:35.696+0000] {dag.py:3954} INFO - Setting next_dagrun for example_subdag_operator.section-1 to None, run_after=None
[2026-07-16T11:11:35.698+0000] {logging_mixin.py:188} INFO - [2026-07-16T11:11:35.697+0000] {dag.py:3954} INFO - Setting next_dagrun for example_subdag_operator.section-2 to None, run_after=None
[2026-07-16T11:11:35.709+0000] {processor.py:183} INFO - Processing /home/airflow/.local/lib/python3.12/site-packages/airflow/example_dags/example_subdag_operator.py took 0.088 seconds
[2026-07-16T11:12:06.406+0000] {processor.py:161} INFO - Started process (PID=1083) to work on /home/airflow/.local/lib/python3.12/site-packages/airflow/example_dags/example_subdag_operator.py
[2026-07-16T11:12:06.407+0000] {processor.py:830} INFO - Processing file /home/airflow/.local/lib/python3.12/site-packages/airflow/example_dags/example_subdag_operator.py for tasks to queue
[2026-07-16T11:12:06.410+0000] {logging_mixin.py:188} INFO - [2026-07-16T11:12:06.409+0000] {dagbag.py:540} INFO - Filling up the DagBag from /home/airflow/.local/lib/python3.12/site-packages/airflow/example_dags/example_subdag_operator.py
[2026-07-16T11:12:06.431+0000] {processor.py:840} INFO - DAG(s) 'example_subdag_operator.section-1', 'example_subdag_operator.section-2', 'example_subdag_operator' retrieved from /home/airflow/.local/lib/python3.12/site-packages/airflow/example_dags/example_subdag_operator.py
[2026-07-16T11:12:06.447+0000] {logging_mixin.py:188} INFO - [2026-07-16T11:12:06.447+0000] {dag.py:3096} INFO - Sync 3 DAGs
[2026-07-16T11:12:06.471+0000] {logging_mixin.py:188} INFO - [2026-07-16T11:12:06.471+0000] {dag.py:3954} INFO - Setting next_dagrun for example_subdag_operator to 2022-01-01 00:00:00+00:00, run_after=2022-01-01 00:00:00+00:00
[2026-07-16T11:12:06.476+0000] {logging_mixin.py:188} INFO - [2026-07-16T11:12:06.475+0000] {dag.py:3954} INFO - Setting next_dagrun for example_subdag_operator.section-1 to None, run_after=None
[2026-07-16T11:12:06.478+0000] {logging_mixin.py:188} INFO - [2026-07-16T11:12:06.478+0000] {dag.py:3954} INFO - Setting next_dagrun for example_subdag_operator.section-2 to None, run_after=None
[2026-07-16T11:12:06.486+0000] {logging_mixin.py:188} INFO - [2026-07-16T11:12:06.486+0000] {dag.py:3096} INFO - Sync 2 DAGs
[2026-07-16T11:12:06.491+0000] {logging_mixin.py:188} INFO - [2026-07-16T11:12:06.491+0000] {dag.py:3954} INFO - Setting next_dagrun for example_subdag_operator.section-1 to None, run_after=None
[2026-07-16T11:12:06.493+0000] {logging_mixin.py:188} INFO - [2026-07-16T11:12:06.493+0000] {dag.py:3954} INFO - Setting next_dagrun for example_subdag_operator.section-2 to None, run_after=None
[2026-07-16T11:12:06.510+0000] {processor.py:183} INFO - Processing /home/airflow/.local/lib/python3.12/site-packages/airflow/example_dags/example_subdag_operator.py took 0.109 seconds
[2026-07-16T11:12:36.754+0000] {processor.py:161} INFO - Started process (PID=1142) to work on /home/airflow/.local/lib/python3.12/site-packages/airflow/example_dags/example_subdag_operator.py
[2026-07-16T11:12:36.757+0000] {processor.py:830} INFO - Processing file /home/airflow/.local/lib/python3.12/site-packages/airflow/example_dags/example_subdag_operator.py for tasks to queue
[2026-07-16T11:12:36.771+0000] {logging_mixin.py:188} INFO - [2026-07-16T11:12:36.770+0000] {dagbag.py:540} INFO - Filling up the DagBag from /home/airflow/.local/lib/python3.12/site-packages/airflow/example_dags/example_subdag_operator.py
[2026-07-16T11:12:36.846+0000] {processor.py:840} INFO - DAG(s) 'example_subdag_operator.section-1', 'example_subdag_operator.section-2', 'example_subdag_operator' retrieved from /home/airflow/.local/lib/python3.12/site-packages/airflow/example_dags/example_subdag_operator.py
[2026-07-16T11:12:36.871+0000] {logging_mixin.py:188} INFO - [2026-07-16T11:12:36.870+0000] {dag.py:3096} INFO - Sync 3 DAGs
[2026-07-16T11:12:36.907+0000] {logging_mixin.py:188} INFO - [2026-07-16T11:12:36.907+0000] {dag.py:3954} INFO - Setting next_dagrun for example_subdag_operator to 2022-01-01 00:00:00+00:00, run_after=2022-01-01 00:00:00+00:00
[2026-07-16T11:12:36.913+0000] {logging_mixin.py:188} INFO - [2026-07-16T11:12:36.913+0000] {dag.py:3954} INFO - Setting next_dagrun for example_subdag_operator.section-1 to None, run_after=None
[2026-07-16T11:12:36.916+0000] {logging_mixin.py:188} INFO - [2026-07-16T11:12:36.916+0000] {dag.py:3954} INFO - Setting next_dagrun for example_subdag_operator.section-2 to None, run_after=None
[2026-07-16T11:12:36.926+0000] {logging_mixin.py:188} INFO - [2026-07-16T11:12:36.925+0000] {dag.py:3096} INFO - Sync 2 DAGs
[2026-07-16T11:12:36.933+0000] {logging_mixin.py:188} INFO - [2026-07-16T11:12:36.932+0000] {dag.py:3954} INFO - Setting next_dagrun for example_subdag_operator.section-1 to None, run_after=None
[2026-07-16T11:12:36.934+0000] {logging_mixin.py:188} INFO - [2026-07-16T11:12:36.934+0000] {dag.py:3954} INFO - Setting next_dagrun for example_subdag_operator.section-2 to None, run_after=None
[2026-07-16T11:12:36.952+0000] {processor.py:183} INFO - Processing /home/airflow/.local/lib/python3.12/site-packages/airflow/example_dags/example_subdag_operator.py took 0.207 seconds
[2026-07-16T11:13:07.283+0000] {processor.py:161} INFO - Started process (PID=1201) to work on /home/airflow/.local/lib/python3.12/site-packages/airflow/example_dags/example_subdag_operator.py
[2026-07-16T11:13:07.285+0000] {processor.py:830} INFO - Processing file /home/airflow/.local/lib/python3.12/site-packages/airflow/example_dags/example_subdag_operator.py for tasks to queue
[2026-07-16T11:13:07.289+0000] {logging_mixin.py:188} INFO - [2026-07-16T11:13:07.289+0000] {dagbag.py:540} INFO - Filling up the DagBag from /home/airflow/.local/lib/python3.12/site-packages/airflow/example_dags/example_subdag_operator.py
[2026-07-16T11:13:07.317+0000] {processor.py:840} INFO - DAG(s) 'example_subdag_operator.section-1', 'example_subdag_operator.section-2', 'example_subdag_operator' retrieved from /home/airflow/.local/lib/python3.12/site-packages/airflow/example_dags/example_subdag_operator.py
[2026-07-16T11:13:07.344+0000] {logging_mixin.py:188} INFO - [2026-07-16T11:13:07.343+0000] {dag.py:3096} INFO - Sync 3 DAGs
[2026-07-16T11:13:07.372+0000] {logging_mixin.py:188} INFO - [2026-07-16T11:13:07.371+0000] {dag.py:3954} INFO - Setting next_dagrun for example_subdag_operator to 2022-01-01 00:00:00+00:00, run_after=2022-01-01 00:00:00+00:00
[2026-07-16T11:13:07.376+0000] {logging_mixin.py:188} INFO - [2026-07-16T11:13:07.376+0000] {dag.py:3954} INFO - Setting next_dagrun for example_subdag_operator.section-1 to None, run_after=None
[2026-07-16T11:13:07.379+0000] {logging_mixin.py:188} INFO - [2026-07-16T11:13:07.379+0000] {dag.py:3954} INFO - Setting next_dagrun for example_subdag_operator.section-2 to None, run_after=None
[2026-07-16T11:13:07.388+0000] {logging_mixin.py:188} INFO - [2026-07-16T11:13:07.388+0000] {dag.py:3096} INFO - Sync 2 DAGs
[2026-07-16T11:13:07.395+0000] {logging_mixin.py:188} INFO - [2026-07-16T11:13:07.395+0000] {dag.py:3954} INFO - Setting next_dagrun for example_subdag_operator.section-1 to None, run_after=None
[2026-07-16T11:13:07.397+0000] {logging_mixin.py:188} INFO - [2026-07-16T11:13:07.396+0000] {dag.py:3954} INFO - Setting next_dagrun for example_subdag_operator.section-2 to None, run_after=None
[2026-07-16T11:13:07.411+0000] {processor.py:183} INFO - Processing /home/airflow/.local/lib/python3.12/site-packages/airflow/example_dags/example_subdag_operator.py took 0.136 seconds
[2026-07-16T11:13:37.536+0000] {processor.py:161} INFO - Started process (PID=1260) to work on /home/airflow/.local/lib/python3.12/site-packages/airflow/example_dags/example_subdag_operator.py
[2026-07-16T11:13:37.538+0000] {processor.py:830} INFO - Processing file /home/airflow/.local/lib/python3.12/site-packages/airflow/example_dags/example_subdag_operator.py for tasks to queue
[2026-07-16T11:13:37.540+0000] {logging_mixin.py:188} INFO - [2026-07-16T11:13:37.540+0000] {dagbag.py:540} INFO - Filling up the DagBag from /home/airflow/.local/lib/python3.12/site-packages/airflow/example_dags/example_subdag_operator.py
[2026-07-16T11:13:37.562+0000] {processor.py:840} INFO - DAG(s) 'example_subdag_operator.section-1', 'example_subdag_operator.section-2', 'example_subdag_operator' retrieved from /home/airflow/.local/lib/python3.12/site-packages/airflow/example_dags/example_subdag_operator.py
[2026-07-16T11:13:37.579+0000] {logging_mixin.py:188} INFO - [2026-07-16T11:13:37.578+0000] {dag.py:3096} INFO - Sync 3 DAGs
[2026-07-16T11:13:37.600+0000] {logging_mixin.py:188} INFO - [2026-07-16T11:13:37.600+0000] {dag.py:3954} INFO - Setting next_dagrun for example_subdag_operator to 2022-01-01 00:00:00+00:00, run_after=2022-01-01 00:00:00+00:00
[2026-07-16T11:13:37.605+0000] {logging_mixin.py:188} INFO - [2026-07-16T11:13:37.604+0000] {dag.py:3954} INFO - Setting next_dagrun for example_subdag_operator.section-1 to None, run_after=None
[2026-07-16T11:13:37.607+0000] {logging_mixin.py:188} INFO - [2026-07-16T11:13:37.607+0000] {dag.py:3954} INFO - Setting next_dagrun for example_subdag_operator.section-2 to None, run_after=None
[2026-07-16T11:13:37.615+0000] {logging_mixin.py:188} INFO - [2026-07-16T11:13:37.615+0000] {dag.py:3096} INFO - Sync 2 DAGs
[2026-07-16T11:13:37.621+0000] {logging_mixin.py:188} INFO - [2026-07-16T11:13:37.621+0000] {dag.py:3954} INFO - Setting next_dagrun for example_subdag_operator.section-1 to None, run_after=None
[2026-07-16T11:13:37.622+0000] {logging_mixin.py:188} INFO - [2026-07-16T11:13:37.622+0000] {dag.py:3954} INFO - Setting next_dagrun for example_subdag_operator.section-2 to None, run_after=None
[2026-07-16T11:13:37.635+0000] {processor.py:183} INFO - Processing /home/airflow/.local/lib/python3.12/site-packages/airflow/example_dags/example_subdag_operator.py took 0.105 seconds
[2026-07-16T11:14:07.729+0000] {processor.py:161} INFO - Started process (PID=1319) to work on /home/airflow/.local/lib/python3.12/site-packages/airflow/example_dags/example_subdag_operator.py
[2026-07-16T11:14:07.731+0000] {processor.py:830} INFO - Processing file /home/airflow/.local/lib/python3.12/site-packages/airflow/example_dags/example_subdag_operator.py for tasks to queue
[2026-07-16T11:14:07.734+0000] {logging_mixin.py:188} INFO - [2026-07-16T11:14:07.733+0000] {dagbag.py:540} INFO - Filling up the DagBag from /home/airflow/.local/lib/python3.12/site-packages/airflow/example_dags/example_subdag_operator.py
[2026-07-16T11:14:07.753+0000] {processor.py:840} INFO - DAG(s) 'example_subdag_operator.section-1', 'example_subdag_operator.section-2', 'example_subdag_operator' retrieved from /home/airflow/.local/lib/python3.12/site-packages/airflow/example_dags/example_subdag_operator.py
[2026-07-16T11:14:07.765+0000] {logging_mixin.py:188} INFO - [2026-07-16T11:14:07.765+0000] {dag.py:3096} INFO - Sync 3 DAGs
[2026-07-16T11:14:07.784+0000] {logging_mixin.py:188} INFO - [2026-07-16T11:14:07.784+0000] {dag.py:3954} INFO - Setting next_dagrun for example_subdag_operator to 2022-01-01 00:00:00+00:00, run_after=2022-01-01 00:00:00+00:00
[2026-07-16T11:14:07.788+0000] {logging_mixin.py:188} INFO - [2026-07-16T11:14:07.788+0000] {dag.py:3954} INFO - Setting next_dagrun for example_subdag_operator.section-1 to None, run_after=None
[2026-07-16T11:14:07.791+0000] {logging_mixin.py:188} INFO - [2026-07-16T11:14:07.791+0000] {dag.py:3954} INFO - Setting next_dagrun for example_subdag_operator.section-2 to None, run_after=None
[2026-07-16T11:14:07.798+0000] {logging_mixin.py:188} INFO - [2026-07-16T11:14:07.797+0000] {dag.py:3096} INFO - Sync 2 DAGs
[2026-07-16T11:14:07.803+0000] {logging_mixin.py:188} INFO - [2026-07-16T11:14:07.803+0000] {dag.py:3954} INFO - Setting next_dagrun for example_subdag_operator.section-1 to None, run_after=None
[2026-07-16T11:14:07.804+0000] {logging_mixin.py:188} INFO - [2026-07-16T11:14:07.804+0000] {dag.py:3954} INFO - Setting next_dagrun for example_subdag_operator.section-2 to None, run_after=None
[2026-07-16T11:14:07.816+0000] {processor.py:183} INFO - Processing /home/airflow/.local/lib/python3.12/site-packages/airflow/example_dags/example_subdag_operator.py took 0.092 seconds
[2026-07-16T11:14:37.900+0000] {processor.py:161} INFO - Started process (PID=1378) to work on /home/airflow/.local/lib/python3.12/site-packages/airflow/example_dags/example_subdag_operator.py
[2026-07-16T11:14:37.901+0000] {processor.py:830} INFO - Processing file /home/airflow/.local/lib/python3.12/site-packages/airflow/example_dags/example_subdag_operator.py for tasks to queue
[2026-07-16T11:14:37.904+0000] {logging_mixin.py:188} INFO - [2026-07-16T11:14:37.903+0000] {dagbag.py:540} INFO - Filling up the DagBag from /home/airflow/.local/lib/python3.12/site-packages/airflow/example_dags/example_subdag_operator.py
[2026-07-16T11:14:37.929+0000] {processor.py:840} INFO - DAG(s) 'example_subdag_operator.section-1', 'example_subdag_operator.section-2', 'example_subdag_operator' retrieved from /home/airflow/.local/lib/python3.12/site-packages/airflow/example_dags/example_subdag_operator.py
[2026-07-16T11:14:37.946+0000] {logging_mixin.py:188} INFO - [2026-07-16T11:14:37.945+0000] {dag.py:3096} INFO - Sync 3 DAGs
[2026-07-16T11:14:37.968+0000] {logging_mixin.py:188} INFO - [2026-07-16T11:14:37.968+0000] {dag.py:3954} INFO - Setting next_dagrun for example_subdag_operator to 2022-01-01 00:00:00+00:00, run_after=2022-01-01 00:00:00+00:00
[2026-07-16T11:14:37.973+0000] {logging_mixin.py:188} INFO - [2026-07-16T11:14:37.973+0000] {dag.py:3954} INFO - Setting next_dagrun for example_subdag_operator.section-1 to None, run_after=None
[2026-07-16T11:14:37.975+0000] {logging_mixin.py:188} INFO - [2026-07-16T11:14:37.975+0000] {dag.py:3954} INFO - Setting next_dagrun for example_subdag_operator.section-2 to None, run_after=None
[2026-07-16T11:14:37.983+0000] {logging_mixin.py:188} INFO - [2026-07-16T11:14:37.983+0000] {dag.py:3096} INFO - Sync 2 DAGs
[2026-07-16T11:14:37.988+0000] {logging_mixin.py:188} INFO - [2026-07-16T11:14:37.988+0000] {dag.py:3954} INFO - Setting next_dagrun for example_subdag_operator.section-1 to None, run_after=None
[2026-07-16T11:14:37.990+0000] {logging_mixin.py:188} INFO - [2026-07-16T11:14:37.990+0000] {dag.py:3954} INFO - Setting next_dagrun for example_subdag_operator.section-2 to None, run_after=None
[2026-07-16T11:14:38.001+0000] {processor.py:183} INFO - Processing /home/airflow/.local/lib/python3.12/site-packages/airflow/example_dags/example_subdag_operator.py took 0.108 seconds
[2026-07-16T11:15:08.284+0000] {processor.py:161} INFO - Started process (PID=1437) to work on /home/airflow/.local/lib/python3.12/site-packages/airflow/example_dags/example_subdag_operator.py
[2026-07-16T11:15:08.285+0000] {processor.py:830} INFO - Processing file /home/airflow/.local/lib/python3.12/site-packages/airflow/example_dags/example_subdag_operator.py for tasks to queue
[2026-07-16T11:15:08.288+0000] {logging_mixin.py:188} INFO - [2026-07-16T11:15:08.288+0000] {dagbag.py:540} INFO - Filling up the DagBag from /home/airflow/.local/lib/python3.12/site-packages/airflow/example_dags/example_subdag_operator.py
[2026-07-16T11:15:08.314+0000] {processor.py:840} INFO - DAG(s) 'example_subdag_operator.section-1', 'example_subdag_operator.section-2', 'example_subdag_operator' retrieved from /home/airflow/.local/lib/python3.12/site-packages/airflow/example_dags/example_subdag_operator.py
[2026-07-16T11:15:08.331+0000] {logging_mixin.py:188} INFO - [2026-07-16T11:15:08.330+0000] {dag.py:3096} INFO - Sync 3 DAGs
[2026-07-16T11:15:08.355+0000] {logging_mixin.py:188} INFO - [2026-07-16T11:15:08.355+0000] {dag.py:3954} INFO - Setting next_dagrun for example_subdag_operator to 2022-01-01 00:00:00+00:00, run_after=2022-01-01 00:00:00+00:00
[2026-07-16T11:15:08.360+0000] {logging_mixin.py:188} INFO - [2026-07-16T11:15:08.360+0000] {dag.py:3954} INFO - Setting next_dagrun for example_subdag_operator.section-1 to None, run_after=None
[2026-07-16T11:15:08.363+0000] {logging_mixin.py:188} INFO - [2026-07-16T11:15:08.363+0000] {dag.py:3954} INFO - Setting next_dagrun for example_subdag_operator.section-2 to None, run_after=None
[2026-07-16T11:15:08.374+0000] {logging_mixin.py:188} INFO - [2026-07-16T11:15:08.374+0000] {dag.py:3096} INFO - Sync 2 DAGs
[2026-07-16T11:15:08.380+0000] {logging_mixin.py:188} INFO - [2026-07-16T11:15:08.380+0000] {dag.py:3954} INFO - Setting next_dagrun for example_subdag_operator.section-1 to None, run_after=None
[2026-07-16T11:15:08.381+0000] {logging_mixin.py:188} INFO - [2026-07-16T11:15:08.381+0000] {dag.py:3954} INFO - Setting next_dagrun for example_subdag_operator.section-2 to None, run_after=None
[2026-07-16T11:15:08.397+0000] {processor.py:183} INFO - Processing /home/airflow/.local/lib/python3.12/site-packages/airflow/example_dags/example_subdag_operator.py took 0.119 seconds
[2026-07-16T11:15:38.658+0000] {processor.py:161} INFO - Started process (PID=1496) to work on /home/airflow/.local/lib/python3.12/site-packages/airflow/example_dags/example_subdag_operator.py
[2026-07-16T11:15:38.661+0000] {processor.py:830} INFO - Processing file /home/airflow/.local/lib/python3.12/site-packages/airflow/example_dags/example_subdag_operator.py for tasks to queue
[2026-07-16T11:15:38.664+0000] {logging_mixin.py:188} INFO - [2026-07-16T11:15:38.664+0000] {dagbag.py:540} INFO - Filling up the DagBag from /home/airflow/.local/lib/python3.12/site-packages/airflow/example_dags/example_subdag_operator.py
[2026-07-16T11:15:38.692+0000] {processor.py:840} INFO - DAG(s) 'example_subdag_operator.section-1', 'example_subdag_operator.section-2', 'example_subdag_operator' retrieved from /home/airflow/.local/lib/python3.12/site-packages/airflow/example_dags/example_subdag_operator.py
[2026-07-16T11:15:38.708+0000] {logging_mixin.py:188} INFO - [2026-07-16T11:15:38.708+0000] {dag.py:3096} INFO - Sync 3 DAGs
[2026-07-16T11:15:38.737+0000] {logging_mixin.py:188} INFO - [2026-07-16T11:15:38.737+0000] {dag.py:3954} INFO - Setting next_dagrun for example_subdag_operator to 2022-01-01 00:00:00+00:00, run_after=2022-01-01 00:00:00+00:00
[2026-07-16T11:15:38.743+0000] {logging_mixin.py:188} INFO - [2026-07-16T11:15:38.742+0000] {dag.py:3954} INFO - Setting next_dagrun for example_subdag_operator.section-1 to None, run_after=None
[2026-07-16T11:15:38.745+0000] {logging_mixin.py:188} INFO - [2026-07-16T11:15:38.745+0000] {dag.py:3954} INFO - Setting next_dagrun for example_subdag_operator.section-2 to None, run_after=None
[2026-07-16T11:15:38.753+0000] {logging_mixin.py:188} INFO - [2026-07-16T11:15:38.753+0000] {dag.py:3096} INFO - Sync 2 DAGs
[2026-07-16T11:15:38.760+0000] {logging_mixin.py:188} INFO - [2026-07-16T11:15:38.760+0000] {dag.py:3954} INFO - Setting next_dagrun for example_subdag_operator.section-1 to None, run_after=None
[2026-07-16T11:15:38.762+0000] {logging_mixin.py:188} INFO - [2026-07-16T11:15:38.761+0000] {dag.py:3954} INFO - Setting next_dagrun for example_subdag_operator.section-2 to None, run_after=None
[2026-07-16T11:15:38.777+0000] {processor.py:183} INFO - Processing /home/airflow/.local/lib/python3.12/site-packages/airflow/example_dags/example_subdag_operator.py took 0.129 seconds
[2026-07-16T11:16:09.608+0000] {processor.py:161} INFO - Started process (PID=1555) to work on /home/airflow/.local/lib/python3.12/site-packages/airflow/example_dags/example_subdag_operator.py
[2026-07-16T11:16:09.610+0000] {processor.py:830} INFO - Processing file /home/airflow/.local/lib/python3.12/site-packages/airflow/example_dags/example_subdag_operator.py for tasks to queue
[2026-07-16T11:16:09.612+0000] {logging_mixin.py:188} INFO - [2026-07-16T11:16:09.612+0000] {dagbag.py:540} INFO - Filling up the DagBag from /home/airflow/.local/lib/python3.12/site-packages/airflow/example_dags/example_subdag_operator.py
[2026-07-16T11:16:09.631+0000] {processor.py:840} INFO - DAG(s) 'example_subdag_operator.section-1', 'example_subdag_operator.section-2', 'example_subdag_operator' retrieved from /home/airflow/.local/lib/python3.12/site-packages/airflow/example_dags/example_subdag_operator.py
[2026-07-16T11:16:09.643+0000] {logging_mixin.py:188} INFO - [2026-07-16T11:16:09.643+0000] {dag.py:3096} INFO - Sync 3 DAGs
[2026-07-16T11:16:09.661+0000] {logging_mixin.py:188} INFO - [2026-07-16T11:16:09.660+0000] {dag.py:3954} INFO - Setting next_dagrun for example_subdag_operator to 2022-01-01 00:00:00+00:00, run_after=2022-01-01 00:00:00+00:00
[2026-07-16T11:16:09.665+0000] {logging_mixin.py:188} INFO - [2026-07-16T11:16:09.664+0000] {dag.py:3954} INFO - Setting next_dagrun for example_subdag_operator.section-1 to None, run_after=None
[2026-07-16T11:16:09.668+0000] {logging_mixin.py:188} INFO - [2026-07-16T11:16:09.667+0000] {dag.py:3954} INFO - Setting next_dagrun for example_subdag_operator.section-2 to None, run_after=None
[2026-07-16T11:16:09.674+0000] {logging_mixin.py:188} INFO - [2026-07-16T11:16:09.674+0000] {dag.py:3096} INFO - Sync 2 DAGs
[2026-07-16T11:16:09.679+0000] {logging_mixin.py:188} INFO - [2026-07-16T11:16:09.679+0000] {dag.py:3954} INFO - Setting next_dagrun for example_subdag_operator.section-1 to None, run_after=None
[2026-07-16T11:16:09.681+0000] {logging_mixin.py:188} INFO - [2026-07-16T11:16:09.680+0000] {dag.py:3954} INFO - Setting next_dagrun for example_subdag_operator.section-2 to None, run_after=None
[2026-07-16T11:16:09.692+0000] {processor.py:183} INFO - Processing /home/airflow/.local/lib/python3.12/site-packages/airflow/example_dags/example_subdag_operator.py took 0.091 seconds
[2026-07-16T11:16:40.526+0000] {processor.py:161} INFO - Started process (PID=1614) to work on /home/airflow/.local/lib/python3.12/site-packages/airflow/example_dags/example_subdag_operator.py
[2026-07-16T11:16:40.527+0000] {processor.py:830} INFO - Processing file /home/airflow/.local/lib/python3.12/site-packages/airflow/example_dags/example_subdag_operator.py for tasks to queue
[2026-07-16T11:16:40.530+0000] {logging_mixin.py:188} INFO - [2026-07-16T11:16:40.530+0000] {dagbag.py:540} INFO - Filling up the DagBag from /home/airflow/.local/lib/python3.12/site-packages/airflow/example_dags/example_subdag_operator.py
[2026-07-16T11:16:40.549+0000] {processor.py:840} INFO - DAG(s) 'example_subdag_operator.section-1', 'example_subdag_operator.section-2', 'example_subdag_operator' retrieved from /home/airflow/.local/lib/python3.12/site-packages/airflow/example_dags/example_subdag_operator.py
[2026-07-16T11:16:40.561+0000] {logging_mixin.py:188} INFO - [2026-07-16T11:16:40.561+0000] {dag.py:3096} INFO - Sync 3 DAGs
[2026-07-16T11:16:40.582+0000] {logging_mixin.py:188} INFO - [2026-07-16T11:16:40.582+0000] {dag.py:3954} INFO - Setting next_dagrun for example_subdag_operator to 2022-01-01 00:00:00+00:00, run_after=2022-01-01 00:00:00+00:00
[2026-07-16T11:16:40.586+0000] {logging_mixin.py:188} INFO - [2026-07-16T11:16:40.586+0000] {dag.py:3954} INFO - Setting next_dagrun for example_subdag_operator.section-1 to None, run_after=None
[2026-07-16T11:16:40.589+0000] {logging_mixin.py:188} INFO - [2026-07-16T11:16:40.588+0000] {dag.py:3954} INFO - Setting next_dagrun for example_subdag_operator.section-2 to None, run_after=None
[2026-07-16T11:16:40.595+0000] {logging_mixin.py:188} INFO - [2026-07-16T11:16:40.595+0000] {dag.py:3096} INFO - Sync 2 DAGs
[2026-07-16T11:16:40.600+0000] {logging_mixin.py:188} INFO - [2026-07-16T11:16:40.600+0000] {dag.py:3954} INFO - Setting next_dagrun for example_subdag_operator.section-1 to None, run_after=None
[2026-07-16T11:16:40.602+0000] {logging_mixin.py:188} INFO - [2026-07-16T11:16:40.602+0000] {dag.py:3954} INFO - Setting next_dagrun for example_subdag_operator.section-2 to None, run_after=None
[2026-07-16T11:16:40.612+0000] {processor.py:183} INFO - Processing /home/airflow/.local/lib/python3.12/site-packages/airflow/example_dags/example_subdag_operator.py took 0.092 seconds
[2026-07-16T11:17:11.159+0000] {processor.py:161} INFO - Started process (PID=1673) to work on /home/airflow/.local/lib/python3.12/site-packages/airflow/example_dags/example_subdag_operator.py
[2026-07-16T11:17:11.160+0000] {processor.py:830} INFO - Processing file /home/airflow/.local/lib/python3.12/site-packages/airflow/example_dags/example_subdag_operator.py for tasks to queue
[2026-07-16T11:17:11.163+0000] {logging_mixin.py:188} INFO - [2026-07-16T11:17:11.162+0000] {dagbag.py:540} INFO - Filling up the DagBag from /home/airflow/.local/lib/python3.12/site-packages/airflow/example_dags/example_subdag_operator.py
[2026-07-16T11:17:11.181+0000] {processor.py:840} INFO - DAG(s) 'example_subdag_operator.section-1', 'example_subdag_operator.section-2', 'example_subdag_operator' retrieved from /home/airflow/.local/lib/python3.12/site-packages/airflow/example_dags/example_subdag_operator.py
[2026-07-16T11:17:11.194+0000] {logging_mixin.py:188} INFO - [2026-07-16T11:17:11.193+0000] {dag.py:3096} INFO - Sync 3 DAGs
[2026-07-16T11:17:11.210+0000] {logging_mixin.py:188} INFO - [2026-07-16T11:17:11.210+0000] {dag.py:3954} INFO - Setting next_dagrun for example_subdag_operator to 2022-01-01 00:00:00+00:00, run_after=2022-01-01 00:00:00+00:00
[2026-07-16T11:17:11.215+0000] {logging_mixin.py:188} INFO - [2026-07-16T11:17:11.215+0000] {dag.py:3954} INFO - Setting next_dagrun for example_subdag_operator.section-1 to None, run_after=None
[2026-07-16T11:17:11.217+0000] {logging_mixin.py:188} INFO - [2026-07-16T11:17:11.217+0000] {dag.py:3954} INFO - Setting next_dagrun for example_subdag_operator.section-2 to None, run_after=None
[2026-07-16T11:17:11.223+0000] {logging_mixin.py:188} INFO - [2026-07-16T11:17:11.223+0000] {dag.py:3096} INFO - Sync 2 DAGs
[2026-07-16T11:17:11.228+0000] {logging_mixin.py:188} INFO - [2026-07-16T11:17:11.228+0000] {dag.py:3954} INFO - Setting next_dagrun for example_subdag_operator.section-1 to None, run_after=None
[2026-07-16T11:17:11.229+0000] {logging_mixin.py:188} INFO - [2026-07-16T11:17:11.229+0000] {dag.py:3954} INFO - Setting next_dagrun for example_subdag_operator.section-2 to None, run_after=None
[2026-07-16T11:17:11.239+0000] {processor.py:183} INFO - Processing /home/airflow/.local/lib/python3.12/site-packages/airflow/example_dags/example_subdag_operator.py took 0.085 seconds
[2026-07-16T11:17:41.412+0000] {processor.py:161} INFO - Started process (PID=1732) to work on /home/airflow/.local/lib/python3.12/site-packages/airflow/example_dags/example_subdag_operator.py
[2026-07-16T11:17:41.414+0000] {processor.py:830} INFO - Processing file /home/airflow/.local/lib/python3.12/site-packages/airflow/example_dags/example_subdag_operator.py for tasks to queue
[2026-07-16T11:17:41.417+0000] {logging_mixin.py:188} INFO - [2026-07-16T11:17:41.416+0000] {dagbag.py:540} INFO - Filling up the DagBag from /home/airflow/.local/lib/python3.12/site-packages/airflow/example_dags/example_subdag_operator.py
[2026-07-16T11:17:41.436+0000] {processor.py:840} INFO - DAG(s) 'example_subdag_operator.section-1', 'example_subdag_operator.section-2', 'example_subdag_operator' retrieved from /home/airflow/.local/lib/python3.12/site-packages/airflow/example_dags/example_subdag_operator.py
[2026-07-16T11:17:41.449+0000] {logging_mixin.py:188} INFO - [2026-07-16T11:17:41.449+0000] {dag.py:3096} INFO - Sync 3 DAGs
[2026-07-16T11:17:41.466+0000] {logging_mixin.py:188} INFO - [2026-07-16T11:17:41.466+0000] {dag.py:3954} INFO - Setting next_dagrun for example_subdag_operator to 2022-01-01 00:00:00+00:00, run_after=2022-01-01 00:00:00+00:00
[2026-07-16T11:17:41.470+0000] {logging_mixin.py:188} INFO - [2026-07-16T11:17:41.470+0000] {dag.py:3954} INFO - Setting next_dagrun for example_subdag_operator.section-1 to None, run_after=None
[2026-07-16T11:17:41.473+0000] {logging_mixin.py:188} INFO - [2026-07-16T11:17:41.472+0000] {dag.py:3954} INFO - Setting next_dagrun for example_subdag_operator.section-2 to None, run_after=None
[2026-07-16T11:17:41.479+0000] {logging_mixin.py:188} INFO - [2026-07-16T11:17:41.479+0000] {dag.py:3096} INFO - Sync 2 DAGs
[2026-07-16T11:17:41.486+0000] {logging_mixin.py:188} INFO - [2026-07-16T11:17:41.486+0000] {dag.py:3954} INFO - Setting next_dagrun for example_subdag_operator.section-1 to None, run_after=None
[2026-07-16T11:17:41.487+0000] {logging_mixin.py:188} INFO - [2026-07-16T11:17:41.487+0000] {dag.py:3954} INFO - Setting next_dagrun for example_subdag_operator.section-2 to None, run_after=None
[2026-07-16T11:17:41.499+0000] {processor.py:183} INFO - Processing /home/airflow/.local/lib/python3.12/site-packages/airflow/example_dags/example_subdag_operator.py took 0.091 seconds
[2026-07-16T11:18:12.706+0000] {processor.py:161} INFO - Started process (PID=1791) to work on /home/airflow/.local/lib/python3.12/site-packages/airflow/example_dags/example_subdag_operator.py
[2026-07-16T11:18:12.709+0000] {processor.py:830} INFO - Processing file /home/airflow/.local/lib/python3.12/site-packages/airflow/example_dags/example_subdag_operator.py for tasks to queue
[2026-07-16T11:18:12.714+0000] {logging_mixin.py:188} INFO - [2026-07-16T11:18:12.714+0000] {dagbag.py:540} INFO - Filling up the DagBag from /home/airflow/.local/lib/python3.12/site-packages/airflow/example_dags/example_subdag_operator.py
[2026-07-16T11:18:12.765+0000] {processor.py:840} INFO - DAG(s) 'example_subdag_operator.section-1', 'example_subdag_operator.section-2', 'example_subdag_operator' retrieved from /home/airflow/.local/lib/python3.12/site-packages/airflow/example_dags/example_subdag_operator.py
[2026-07-16T11:18:12.800+0000] {logging_mixin.py:188} INFO - [2026-07-16T11:18:12.800+0000] {dag.py:3096} INFO - Sync 3 DAGs
[2026-07-16T11:18:12.848+0000] {logging_mixin.py:188} INFO - [2026-07-16T11:18:12.848+0000] {dag.py:3954} INFO - Setting next_dagrun for example_subdag_operator to 2022-01-01 00:00:00+00:00, run_after=2022-01-01 00:00:00+00:00
[2026-07-16T11:18:12.860+0000] {logging_mixin.py:188} INFO - [2026-07-16T11:18:12.860+0000] {dag.py:3954} INFO - Setting next_dagrun for example_subdag_operator.section-1 to None, run_after=None
[2026-07-16T11:18:12.864+0000] {logging_mixin.py:188} INFO - [2026-07-16T11:18:12.864+0000] {dag.py:3954} INFO - Setting next_dagrun for example_subdag_operator.section-2 to None, run_after=None
[2026-07-16T11:18:12.886+0000] {logging_mixin.py:188} INFO - [2026-07-16T11:18:12.885+0000] {dag.py:3096} INFO - Sync 2 DAGs
[2026-07-16T11:18:12.902+0000] {logging_mixin.py:188} INFO - [2026-07-16T11:18:12.902+0000] {dag.py:3954} INFO - Setting next_dagrun for example_subdag_operator.section-1 to None, run_after=None
[2026-07-16T11:18:12.911+0000] {logging_mixin.py:188} INFO - [2026-07-16T11:18:12.910+0000] {dag.py:3954} INFO - Setting next_dagrun for example_subdag_operator.section-2 to None, run_after=None
[2026-07-16T11:18:12.943+0000] {processor.py:183} INFO - Processing /home/airflow/.local/lib/python3.12/site-packages/airflow/example_dags/example_subdag_operator.py took 0.246 seconds
