[2026-07-16T11:03:30.005+0000] {processor.py:161} INFO - Started process (PID=103) to work on /home/airflow/.local/lib/python3.12/site-packages/airflow/example_dags/example_sensor_decorator.py
[2026-07-16T11:03:30.007+0000] {processor.py:830} INFO - Processing file /home/airflow/.local/lib/python3.12/site-packages/airflow/example_dags/example_sensor_decorator.py for tasks to queue
[2026-07-16T11:03:30.010+0000] {logging_mixin.py:188} INFO - [2026-07-16T11:03:30.009+0000] {dagbag.py:540} INFO - Filling up the DagBag from /home/airflow/.local/lib/python3.12/site-packages/airflow/example_dags/example_sensor_decorator.py
[2026-07-16T11:03:30.020+0000] {processor.py:840} INFO - DAG(s) 'example_sensor_decorator' retrieved from /home/airflow/.local/lib/python3.12/site-packages/airflow/example_dags/example_sensor_decorator.py
[2026-07-16T11:03:30.041+0000] {logging_mixin.py:188} INFO - [2026-07-16T11:03:30.040+0000] {dag.py:3096} INFO - Sync 1 DAGs
[2026-07-16T11:03:30.064+0000] {logging_mixin.py:188} INFO - [2026-07-16T11:03:30.064+0000] {dag.py:3954} INFO - Setting next_dagrun for example_sensor_decorator to None, run_after=None
[2026-07-16T11:03:30.096+0000] {processor.py:183} INFO - Processing /home/airflow/.local/lib/python3.12/site-packages/airflow/example_dags/example_sensor_decorator.py took 0.096 seconds
[2026-07-16T11:04:00.723+0000] {processor.py:161} INFO - Started process (PID=162) to work on /home/airflow/.local/lib/python3.12/site-packages/airflow/example_dags/example_sensor_decorator.py
[2026-07-16T11:04:00.724+0000] {processor.py:830} INFO - Processing file /home/airflow/.local/lib/python3.12/site-packages/airflow/example_dags/example_sensor_decorator.py for tasks to queue
[2026-07-16T11:04:00.727+0000] {logging_mixin.py:188} INFO - [2026-07-16T11:04:00.726+0000] {dagbag.py:540} INFO - Filling up the DagBag from /home/airflow/.local/lib/python3.12/site-packages/airflow/example_dags/example_sensor_decorator.py
[2026-07-16T11:04:00.732+0000] {processor.py:840} INFO - DAG(s) 'example_sensor_decorator' retrieved from /home/airflow/.local/lib/python3.12/site-packages/airflow/example_dags/example_sensor_decorator.py
[2026-07-16T11:04:00.810+0000] {logging_mixin.py:188} INFO - [2026-07-16T11:04:00.810+0000] {dag.py:3096} INFO - Sync 1 DAGs
[2026-07-16T11:04:00.820+0000] {logging_mixin.py:188} INFO - [2026-07-16T11:04:00.820+0000] {dag.py:3954} INFO - Setting next_dagrun for example_sensor_decorator to None, run_after=None
[2026-07-16T11:04:00.839+0000] {processor.py:183} INFO - Processing /home/airflow/.local/lib/python3.12/site-packages/airflow/example_dags/example_sensor_decorator.py took 0.121 seconds
[2026-07-16T11:04:31.572+0000] {processor.py:161} INFO - Started process (PID=222) to work on /home/airflow/.local/lib/python3.12/site-packages/airflow/example_dags/example_sensor_decorator.py
[2026-07-16T11:04:31.573+0000] {processor.py:830} INFO - Processing file /home/airflow/.local/lib/python3.12/site-packages/airflow/example_dags/example_sensor_decorator.py for tasks to queue
[2026-07-16T11:04:31.576+0000] {logging_mixin.py:188} INFO - [2026-07-16T11:04:31.576+0000] {dagbag.py:540} INFO - Filling up the DagBag from /home/airflow/.local/lib/python3.12/site-packages/airflow/example_dags/example_sensor_decorator.py
[2026-07-16T11:04:31.583+0000] {processor.py:840} INFO - DAG(s) 'example_sensor_decorator' retrieved from /home/airflow/.local/lib/python3.12/site-packages/airflow/example_dags/example_sensor_decorator.py
[2026-07-16T11:04:31.601+0000] {logging_mixin.py:188} INFO - [2026-07-16T11:04:31.601+0000] {dag.py:3096} INFO - Sync 1 DAGs
[2026-07-16T11:04:31.614+0000] {logging_mixin.py:188} INFO - [2026-07-16T11:04:31.613+0000] {dag.py:3954} INFO - Setting next_dagrun for example_sensor_decorator to None, run_after=None
[2026-07-16T11:04:31.632+0000] {processor.py:183} INFO - Processing /home/airflow/.local/lib/python3.12/site-packages/airflow/example_dags/example_sensor_decorator.py took 0.065 seconds
[2026-07-16T11:05:01.716+0000] {processor.py:161} INFO - Started process (PID=281) to work on /home/airflow/.local/lib/python3.12/site-packages/airflow/example_dags/example_sensor_decorator.py
[2026-07-16T11:05:01.718+0000] {processor.py:830} INFO - Processing file /home/airflow/.local/lib/python3.12/site-packages/airflow/example_dags/example_sensor_decorator.py for tasks to queue
[2026-07-16T11:05:01.720+0000] {logging_mixin.py:188} INFO - [2026-07-16T11:05:01.719+0000] {dagbag.py:540} INFO - Filling up the DagBag from /home/airflow/.local/lib/python3.12/site-packages/airflow/example_dags/example_sensor_decorator.py
[2026-07-16T11:05:01.726+0000] {processor.py:840} INFO - DAG(s) 'example_sensor_decorator' retrieved from /home/airflow/.local/lib/python3.12/site-packages/airflow/example_dags/example_sensor_decorator.py
[2026-07-16T11:05:01.744+0000] {logging_mixin.py:188} INFO - [2026-07-16T11:05:01.744+0000] {dag.py:3096} INFO - Sync 1 DAGs
[2026-07-16T11:05:01.757+0000] {logging_mixin.py:188} INFO - [2026-07-16T11:05:01.756+0000] {dag.py:3954} INFO - Setting next_dagrun for example_sensor_decorator to None, run_after=None
[2026-07-16T11:05:01.776+0000] {processor.py:183} INFO - Processing /home/airflow/.local/lib/python3.12/site-packages/airflow/example_dags/example_sensor_decorator.py took 0.065 seconds
[2026-07-16T11:05:31.988+0000] {processor.py:161} INFO - Started process (PID=340) to work on /home/airflow/.local/lib/python3.12/site-packages/airflow/example_dags/example_sensor_decorator.py
[2026-07-16T11:05:31.989+0000] {processor.py:830} INFO - Processing file /home/airflow/.local/lib/python3.12/site-packages/airflow/example_dags/example_sensor_decorator.py for tasks to queue
[2026-07-16T11:05:31.992+0000] {logging_mixin.py:188} INFO - [2026-07-16T11:05:31.991+0000] {dagbag.py:540} INFO - Filling up the DagBag from /home/airflow/.local/lib/python3.12/site-packages/airflow/example_dags/example_sensor_decorator.py
[2026-07-16T11:05:31.997+0000] {processor.py:840} INFO - DAG(s) 'example_sensor_decorator' retrieved from /home/airflow/.local/lib/python3.12/site-packages/airflow/example_dags/example_sensor_decorator.py
[2026-07-16T11:05:32.015+0000] {logging_mixin.py:188} INFO - [2026-07-16T11:05:32.015+0000] {dag.py:3096} INFO - Sync 1 DAGs
[2026-07-16T11:05:32.028+0000] {logging_mixin.py:188} INFO - [2026-07-16T11:05:32.028+0000] {dag.py:3954} INFO - Setting next_dagrun for example_sensor_decorator to None, run_after=None
[2026-07-16T11:05:32.045+0000] {processor.py:183} INFO - Processing /home/airflow/.local/lib/python3.12/site-packages/airflow/example_dags/example_sensor_decorator.py took 0.062 seconds
[2026-07-16T11:06:02.474+0000] {processor.py:161} INFO - Started process (PID=399) to work on /home/airflow/.local/lib/python3.12/site-packages/airflow/example_dags/example_sensor_decorator.py
[2026-07-16T11:06:02.476+0000] {processor.py:830} INFO - Processing file /home/airflow/.local/lib/python3.12/site-packages/airflow/example_dags/example_sensor_decorator.py for tasks to queue
[2026-07-16T11:06:02.478+0000] {logging_mixin.py:188} INFO - [2026-07-16T11:06:02.477+0000] {dagbag.py:540} INFO - Filling up the DagBag from /home/airflow/.local/lib/python3.12/site-packages/airflow/example_dags/example_sensor_decorator.py
[2026-07-16T11:06:02.483+0000] {processor.py:840} INFO - DAG(s) 'example_sensor_decorator' retrieved from /home/airflow/.local/lib/python3.12/site-packages/airflow/example_dags/example_sensor_decorator.py
[2026-07-16T11:06:02.506+0000] {logging_mixin.py:188} INFO - [2026-07-16T11:06:02.506+0000] {dag.py:3096} INFO - Sync 1 DAGs
[2026-07-16T11:06:02.522+0000] {logging_mixin.py:188} INFO - [2026-07-16T11:06:02.521+0000] {dag.py:3954} INFO - Setting next_dagrun for example_sensor_decorator to None, run_after=None
[2026-07-16T11:06:02.542+0000] {processor.py:183} INFO - Processing /home/airflow/.local/lib/python3.12/site-packages/airflow/example_dags/example_sensor_decorator.py took 0.073 seconds
[2026-07-16T11:06:33.357+0000] {processor.py:161} INFO - Started process (PID=458) to work on /home/airflow/.local/lib/python3.12/site-packages/airflow/example_dags/example_sensor_decorator.py
[2026-07-16T11:06:33.358+0000] {processor.py:830} INFO - Processing file /home/airflow/.local/lib/python3.12/site-packages/airflow/example_dags/example_sensor_decorator.py for tasks to queue
[2026-07-16T11:06:33.361+0000] {logging_mixin.py:188} INFO - [2026-07-16T11:06:33.360+0000] {dagbag.py:540} INFO - Filling up the DagBag from /home/airflow/.local/lib/python3.12/site-packages/airflow/example_dags/example_sensor_decorator.py
[2026-07-16T11:06:33.366+0000] {processor.py:840} INFO - DAG(s) 'example_sensor_decorator' retrieved from /home/airflow/.local/lib/python3.12/site-packages/airflow/example_dags/example_sensor_decorator.py
[2026-07-16T11:06:33.382+0000] {logging_mixin.py:188} INFO - [2026-07-16T11:06:33.382+0000] {dag.py:3096} INFO - Sync 1 DAGs
[2026-07-16T11:06:33.404+0000] {logging_mixin.py:188} INFO - [2026-07-16T11:06:33.404+0000] {dag.py:3954} INFO - Setting next_dagrun for example_sensor_decorator to None, run_after=None
[2026-07-16T11:06:33.432+0000] {processor.py:183} INFO - Processing /home/airflow/.local/lib/python3.12/site-packages/airflow/example_dags/example_sensor_decorator.py took 0.080 seconds
[2026-07-16T11:07:03.777+0000] {processor.py:161} INFO - Started process (PID=517) to work on /home/airflow/.local/lib/python3.12/site-packages/airflow/example_dags/example_sensor_decorator.py
[2026-07-16T11:07:03.778+0000] {processor.py:830} INFO - Processing file /home/airflow/.local/lib/python3.12/site-packages/airflow/example_dags/example_sensor_decorator.py for tasks to queue
[2026-07-16T11:07:03.781+0000] {logging_mixin.py:188} INFO - [2026-07-16T11:07:03.781+0000] {dagbag.py:540} INFO - Filling up the DagBag from /home/airflow/.local/lib/python3.12/site-packages/airflow/example_dags/example_sensor_decorator.py
[2026-07-16T11:07:03.787+0000] {processor.py:840} INFO - DAG(s) 'example_sensor_decorator' retrieved from /home/airflow/.local/lib/python3.12/site-packages/airflow/example_dags/example_sensor_decorator.py
[2026-07-16T11:07:03.804+0000] {logging_mixin.py:188} INFO - [2026-07-16T11:07:03.804+0000] {dag.py:3096} INFO - Sync 1 DAGs
[2026-07-16T11:07:03.815+0000] {logging_mixin.py:188} INFO - [2026-07-16T11:07:03.815+0000] {dag.py:3954} INFO - Setting next_dagrun for example_sensor_decorator to None, run_after=None
[2026-07-16T11:07:03.834+0000] {processor.py:183} INFO - Processing /home/airflow/.local/lib/python3.12/site-packages/airflow/example_dags/example_sensor_decorator.py took 0.062 seconds
[2026-07-16T11:07:34.123+0000] {processor.py:161} INFO - Started process (PID=576) to work on /home/airflow/.local/lib/python3.12/site-packages/airflow/example_dags/example_sensor_decorator.py
[2026-07-16T11:07:34.124+0000] {processor.py:830} INFO - Processing file /home/airflow/.local/lib/python3.12/site-packages/airflow/example_dags/example_sensor_decorator.py for tasks to queue
[2026-07-16T11:07:34.127+0000] {logging_mixin.py:188} INFO - [2026-07-16T11:07:34.126+0000] {dagbag.py:540} INFO - Filling up the DagBag from /home/airflow/.local/lib/python3.12/site-packages/airflow/example_dags/example_sensor_decorator.py
[2026-07-16T11:07:34.133+0000] {processor.py:840} INFO - DAG(s) 'example_sensor_decorator' retrieved from /home/airflow/.local/lib/python3.12/site-packages/airflow/example_dags/example_sensor_decorator.py
[2026-07-16T11:07:34.151+0000] {logging_mixin.py:188} INFO - [2026-07-16T11:07:34.151+0000] {dag.py:3096} INFO - Sync 1 DAGs
[2026-07-16T11:07:34.163+0000] {logging_mixin.py:188} INFO - [2026-07-16T11:07:34.163+0000] {dag.py:3954} INFO - Setting next_dagrun for example_sensor_decorator to None, run_after=None
[2026-07-16T11:07:34.182+0000] {processor.py:183} INFO - Processing /home/airflow/.local/lib/python3.12/site-packages/airflow/example_dags/example_sensor_decorator.py took 0.064 seconds
[2026-07-16T11:08:04.631+0000] {processor.py:161} INFO - Started process (PID=635) to work on /home/airflow/.local/lib/python3.12/site-packages/airflow/example_dags/example_sensor_decorator.py
[2026-07-16T11:08:04.633+0000] {processor.py:830} INFO - Processing file /home/airflow/.local/lib/python3.12/site-packages/airflow/example_dags/example_sensor_decorator.py for tasks to queue
[2026-07-16T11:08:04.635+0000] {logging_mixin.py:188} INFO - [2026-07-16T11:08:04.635+0000] {dagbag.py:540} INFO - Filling up the DagBag from /home/airflow/.local/lib/python3.12/site-packages/airflow/example_dags/example_sensor_decorator.py
[2026-07-16T11:08:04.641+0000] {processor.py:840} INFO - DAG(s) 'example_sensor_decorator' retrieved from /home/airflow/.local/lib/python3.12/site-packages/airflow/example_dags/example_sensor_decorator.py
[2026-07-16T11:08:04.659+0000] {logging_mixin.py:188} INFO - [2026-07-16T11:08:04.658+0000] {dag.py:3096} INFO - Sync 1 DAGs
[2026-07-16T11:08:04.670+0000] {logging_mixin.py:188} INFO - [2026-07-16T11:08:04.670+0000] {dag.py:3954} INFO - Setting next_dagrun for example_sensor_decorator to None, run_after=None
[2026-07-16T11:08:04.689+0000] {processor.py:183} INFO - Processing /home/airflow/.local/lib/python3.12/site-packages/airflow/example_dags/example_sensor_decorator.py took 0.063 seconds
[2026-07-16T11:08:34.844+0000] {processor.py:161} INFO - Started process (PID=694) to work on /home/airflow/.local/lib/python3.12/site-packages/airflow/example_dags/example_sensor_decorator.py
[2026-07-16T11:08:34.846+0000] {processor.py:830} INFO - Processing file /home/airflow/.local/lib/python3.12/site-packages/airflow/example_dags/example_sensor_decorator.py for tasks to queue
[2026-07-16T11:08:34.848+0000] {logging_mixin.py:188} INFO - [2026-07-16T11:08:34.848+0000] {dagbag.py:540} INFO - Filling up the DagBag from /home/airflow/.local/lib/python3.12/site-packages/airflow/example_dags/example_sensor_decorator.py
[2026-07-16T11:08:34.853+0000] {processor.py:840} INFO - DAG(s) 'example_sensor_decorator' retrieved from /home/airflow/.local/lib/python3.12/site-packages/airflow/example_dags/example_sensor_decorator.py
[2026-07-16T11:08:34.870+0000] {logging_mixin.py:188} INFO - [2026-07-16T11:08:34.869+0000] {dag.py:3096} INFO - Sync 1 DAGs
[2026-07-16T11:08:34.881+0000] {logging_mixin.py:188} INFO - [2026-07-16T11:08:34.881+0000] {dag.py:3954} INFO - Setting next_dagrun for example_sensor_decorator to None, run_after=None
[2026-07-16T11:08:34.896+0000] {processor.py:183} INFO - Processing /home/airflow/.local/lib/python3.12/site-packages/airflow/example_dags/example_sensor_decorator.py took 0.057 seconds
[2026-07-16T11:09:05.210+0000] {processor.py:161} INFO - Started process (PID=753) to work on /home/airflow/.local/lib/python3.12/site-packages/airflow/example_dags/example_sensor_decorator.py
[2026-07-16T11:09:05.212+0000] {processor.py:830} INFO - Processing file /home/airflow/.local/lib/python3.12/site-packages/airflow/example_dags/example_sensor_decorator.py for tasks to queue
[2026-07-16T11:09:05.214+0000] {logging_mixin.py:188} INFO - [2026-07-16T11:09:05.213+0000] {dagbag.py:540} INFO - Filling up the DagBag from /home/airflow/.local/lib/python3.12/site-packages/airflow/example_dags/example_sensor_decorator.py
[2026-07-16T11:09:05.220+0000] {processor.py:840} INFO - DAG(s) 'example_sensor_decorator' retrieved from /home/airflow/.local/lib/python3.12/site-packages/airflow/example_dags/example_sensor_decorator.py
[2026-07-16T11:09:05.238+0000] {logging_mixin.py:188} INFO - [2026-07-16T11:09:05.237+0000] {dag.py:3096} INFO - Sync 1 DAGs
[2026-07-16T11:09:05.250+0000] {logging_mixin.py:188} INFO - [2026-07-16T11:09:05.250+0000] {dag.py:3954} INFO - Setting next_dagrun for example_sensor_decorator to None, run_after=None
[2026-07-16T11:09:05.269+0000] {processor.py:183} INFO - Processing /home/airflow/.local/lib/python3.12/site-packages/airflow/example_dags/example_sensor_decorator.py took 0.063 seconds
[2026-07-16T11:09:35.592+0000] {processor.py:161} INFO - Started process (PID=812) to work on /home/airflow/.local/lib/python3.12/site-packages/airflow/example_dags/example_sensor_decorator.py
[2026-07-16T11:09:35.593+0000] {processor.py:830} INFO - Processing file /home/airflow/.local/lib/python3.12/site-packages/airflow/example_dags/example_sensor_decorator.py for tasks to queue
[2026-07-16T11:09:35.596+0000] {logging_mixin.py:188} INFO - [2026-07-16T11:09:35.595+0000] {dagbag.py:540} INFO - Filling up the DagBag from /home/airflow/.local/lib/python3.12/site-packages/airflow/example_dags/example_sensor_decorator.py
[2026-07-16T11:09:35.601+0000] {processor.py:840} INFO - DAG(s) 'example_sensor_decorator' retrieved from /home/airflow/.local/lib/python3.12/site-packages/airflow/example_dags/example_sensor_decorator.py
[2026-07-16T11:09:35.619+0000] {logging_mixin.py:188} INFO - [2026-07-16T11:09:35.619+0000] {dag.py:3096} INFO - Sync 1 DAGs
[2026-07-16T11:09:35.632+0000] {logging_mixin.py:188} INFO - [2026-07-16T11:09:35.631+0000] {dag.py:3954} INFO - Setting next_dagrun for example_sensor_decorator to None, run_after=None
[2026-07-16T11:09:35.649+0000] {processor.py:183} INFO - Processing /home/airflow/.local/lib/python3.12/site-packages/airflow/example_dags/example_sensor_decorator.py took 0.061 seconds
[2026-07-16T11:10:06.056+0000] {processor.py:161} INFO - Started process (PID=871) to work on /home/airflow/.local/lib/python3.12/site-packages/airflow/example_dags/example_sensor_decorator.py
[2026-07-16T11:10:06.058+0000] {processor.py:830} INFO - Processing file /home/airflow/.local/lib/python3.12/site-packages/airflow/example_dags/example_sensor_decorator.py for tasks to queue
[2026-07-16T11:10:06.060+0000] {logging_mixin.py:188} INFO - [2026-07-16T11:10:06.060+0000] {dagbag.py:540} INFO - Filling up the DagBag from /home/airflow/.local/lib/python3.12/site-packages/airflow/example_dags/example_sensor_decorator.py
[2026-07-16T11:10:06.066+0000] {processor.py:840} INFO - DAG(s) 'example_sensor_decorator' retrieved from /home/airflow/.local/lib/python3.12/site-packages/airflow/example_dags/example_sensor_decorator.py
[2026-07-16T11:10:06.083+0000] {logging_mixin.py:188} INFO - [2026-07-16T11:10:06.082+0000] {dag.py:3096} INFO - Sync 1 DAGs
[2026-07-16T11:10:06.093+0000] {logging_mixin.py:188} INFO - [2026-07-16T11:10:06.093+0000] {dag.py:3954} INFO - Setting next_dagrun for example_sensor_decorator to None, run_after=None
[2026-07-16T11:10:06.110+0000] {processor.py:183} INFO - Processing /home/airflow/.local/lib/python3.12/site-packages/airflow/example_dags/example_sensor_decorator.py took 0.058 seconds
[2026-07-16T11:10:36.831+0000] {processor.py:161} INFO - Started process (PID=930) to work on /home/airflow/.local/lib/python3.12/site-packages/airflow/example_dags/example_sensor_decorator.py
[2026-07-16T11:10:36.833+0000] {processor.py:830} INFO - Processing file /home/airflow/.local/lib/python3.12/site-packages/airflow/example_dags/example_sensor_decorator.py for tasks to queue
[2026-07-16T11:10:36.835+0000] {logging_mixin.py:188} INFO - [2026-07-16T11:10:36.835+0000] {dagbag.py:540} INFO - Filling up the DagBag from /home/airflow/.local/lib/python3.12/site-packages/airflow/example_dags/example_sensor_decorator.py
[2026-07-16T11:10:36.840+0000] {processor.py:840} INFO - DAG(s) 'example_sensor_decorator' retrieved from /home/airflow/.local/lib/python3.12/site-packages/airflow/example_dags/example_sensor_decorator.py
[2026-07-16T11:10:36.857+0000] {logging_mixin.py:188} INFO - [2026-07-16T11:10:36.857+0000] {dag.py:3096} INFO - Sync 1 DAGs
[2026-07-16T11:10:36.868+0000] {logging_mixin.py:188} INFO - [2026-07-16T11:10:36.867+0000] {dag.py:3954} INFO - Setting next_dagrun for example_sensor_decorator to None, run_after=None
[2026-07-16T11:10:36.886+0000] {processor.py:183} INFO - Processing /home/airflow/.local/lib/python3.12/site-packages/airflow/example_dags/example_sensor_decorator.py took 0.059 seconds
[2026-07-16T11:11:07.177+0000] {processor.py:161} INFO - Started process (PID=989) to work on /home/airflow/.local/lib/python3.12/site-packages/airflow/example_dags/example_sensor_decorator.py
[2026-07-16T11:11:07.178+0000] {processor.py:830} INFO - Processing file /home/airflow/.local/lib/python3.12/site-packages/airflow/example_dags/example_sensor_decorator.py for tasks to queue
[2026-07-16T11:11:07.181+0000] {logging_mixin.py:188} INFO - [2026-07-16T11:11:07.181+0000] {dagbag.py:540} INFO - Filling up the DagBag from /home/airflow/.local/lib/python3.12/site-packages/airflow/example_dags/example_sensor_decorator.py
[2026-07-16T11:11:07.187+0000] {processor.py:840} INFO - DAG(s) 'example_sensor_decorator' retrieved from /home/airflow/.local/lib/python3.12/site-packages/airflow/example_dags/example_sensor_decorator.py
[2026-07-16T11:11:07.206+0000] {logging_mixin.py:188} INFO - [2026-07-16T11:11:07.205+0000] {dag.py:3096} INFO - Sync 1 DAGs
[2026-07-16T11:11:07.226+0000] {logging_mixin.py:188} INFO - [2026-07-16T11:11:07.225+0000] {dag.py:3954} INFO - Setting next_dagrun for example_sensor_decorator to None, run_after=None
[2026-07-16T11:11:07.249+0000] {processor.py:183} INFO - Processing /home/airflow/.local/lib/python3.12/site-packages/airflow/example_dags/example_sensor_decorator.py took 0.078 seconds
[2026-07-16T11:11:38.226+0000] {processor.py:161} INFO - Started process (PID=1048) to work on /home/airflow/.local/lib/python3.12/site-packages/airflow/example_dags/example_sensor_decorator.py
[2026-07-16T11:11:38.228+0000] {processor.py:830} INFO - Processing file /home/airflow/.local/lib/python3.12/site-packages/airflow/example_dags/example_sensor_decorator.py for tasks to queue
[2026-07-16T11:11:38.231+0000] {logging_mixin.py:188} INFO - [2026-07-16T11:11:38.230+0000] {dagbag.py:540} INFO - Filling up the DagBag from /home/airflow/.local/lib/python3.12/site-packages/airflow/example_dags/example_sensor_decorator.py
[2026-07-16T11:11:38.239+0000] {processor.py:840} INFO - DAG(s) 'example_sensor_decorator' retrieved from /home/airflow/.local/lib/python3.12/site-packages/airflow/example_dags/example_sensor_decorator.py
[2026-07-16T11:11:38.257+0000] {logging_mixin.py:188} INFO - [2026-07-16T11:11:38.257+0000] {dag.py:3096} INFO - Sync 1 DAGs
[2026-07-16T11:11:38.269+0000] {logging_mixin.py:188} INFO - [2026-07-16T11:11:38.268+0000] {dag.py:3954} INFO - Setting next_dagrun for example_sensor_decorator to None, run_after=None
[2026-07-16T11:11:38.288+0000] {processor.py:183} INFO - Processing /home/airflow/.local/lib/python3.12/site-packages/airflow/example_dags/example_sensor_decorator.py took 0.068 seconds
[2026-07-16T11:12:09.268+0000] {processor.py:161} INFO - Started process (PID=1107) to work on /home/airflow/.local/lib/python3.12/site-packages/airflow/example_dags/example_sensor_decorator.py
[2026-07-16T11:12:09.269+0000] {processor.py:830} INFO - Processing file /home/airflow/.local/lib/python3.12/site-packages/airflow/example_dags/example_sensor_decorator.py for tasks to queue
[2026-07-16T11:12:09.272+0000] {logging_mixin.py:188} INFO - [2026-07-16T11:12:09.271+0000] {dagbag.py:540} INFO - Filling up the DagBag from /home/airflow/.local/lib/python3.12/site-packages/airflow/example_dags/example_sensor_decorator.py
[2026-07-16T11:12:09.280+0000] {processor.py:840} INFO - DAG(s) 'example_sensor_decorator' retrieved from /home/airflow/.local/lib/python3.12/site-packages/airflow/example_dags/example_sensor_decorator.py
[2026-07-16T11:12:09.298+0000] {logging_mixin.py:188} INFO - [2026-07-16T11:12:09.298+0000] {dag.py:3096} INFO - Sync 1 DAGs
[2026-07-16T11:12:09.331+0000] {logging_mixin.py:188} INFO - [2026-07-16T11:12:09.331+0000] {dag.py:3954} INFO - Setting next_dagrun for example_sensor_decorator to None, run_after=None
[2026-07-16T11:12:09.375+0000] {processor.py:183} INFO - Processing /home/airflow/.local/lib/python3.12/site-packages/airflow/example_dags/example_sensor_decorator.py took 0.113 seconds
[2026-07-16T11:12:39.652+0000] {processor.py:161} INFO - Started process (PID=1166) to work on /home/airflow/.local/lib/python3.12/site-packages/airflow/example_dags/example_sensor_decorator.py
[2026-07-16T11:12:39.654+0000] {processor.py:830} INFO - Processing file /home/airflow/.local/lib/python3.12/site-packages/airflow/example_dags/example_sensor_decorator.py for tasks to queue
[2026-07-16T11:12:39.657+0000] {logging_mixin.py:188} INFO - [2026-07-16T11:12:39.656+0000] {dagbag.py:540} INFO - Filling up the DagBag from /home/airflow/.local/lib/python3.12/site-packages/airflow/example_dags/example_sensor_decorator.py
[2026-07-16T11:12:39.663+0000] {processor.py:840} INFO - DAG(s) 'example_sensor_decorator' retrieved from /home/airflow/.local/lib/python3.12/site-packages/airflow/example_dags/example_sensor_decorator.py
[2026-07-16T11:12:39.680+0000] {logging_mixin.py:188} INFO - [2026-07-16T11:12:39.680+0000] {dag.py:3096} INFO - Sync 1 DAGs
[2026-07-16T11:12:39.695+0000] {logging_mixin.py:188} INFO - [2026-07-16T11:12:39.695+0000] {dag.py:3954} INFO - Setting next_dagrun for example_sensor_decorator to None, run_after=None
[2026-07-16T11:12:39.731+0000] {processor.py:183} INFO - Processing /home/airflow/.local/lib/python3.12/site-packages/airflow/example_dags/example_sensor_decorator.py took 0.086 seconds
[2026-07-16T11:13:09.791+0000] {processor.py:161} INFO - Started process (PID=1225) to work on /home/airflow/.local/lib/python3.12/site-packages/airflow/example_dags/example_sensor_decorator.py
[2026-07-16T11:13:09.793+0000] {processor.py:830} INFO - Processing file /home/airflow/.local/lib/python3.12/site-packages/airflow/example_dags/example_sensor_decorator.py for tasks to queue
[2026-07-16T11:13:09.796+0000] {logging_mixin.py:188} INFO - [2026-07-16T11:13:09.795+0000] {dagbag.py:540} INFO - Filling up the DagBag from /home/airflow/.local/lib/python3.12/site-packages/airflow/example_dags/example_sensor_decorator.py
[2026-07-16T11:13:09.803+0000] {processor.py:840} INFO - DAG(s) 'example_sensor_decorator' retrieved from /home/airflow/.local/lib/python3.12/site-packages/airflow/example_dags/example_sensor_decorator.py
[2026-07-16T11:13:09.821+0000] {logging_mixin.py:188} INFO - [2026-07-16T11:13:09.821+0000] {dag.py:3096} INFO - Sync 1 DAGs
[2026-07-16T11:13:09.833+0000] {logging_mixin.py:188} INFO - [2026-07-16T11:13:09.833+0000] {dag.py:3954} INFO - Setting next_dagrun for example_sensor_decorator to None, run_after=None
[2026-07-16T11:13:09.853+0000] {processor.py:183} INFO - Processing /home/airflow/.local/lib/python3.12/site-packages/airflow/example_dags/example_sensor_decorator.py took 0.068 seconds
[2026-07-16T11:13:40.080+0000] {processor.py:161} INFO - Started process (PID=1284) to work on /home/airflow/.local/lib/python3.12/site-packages/airflow/example_dags/example_sensor_decorator.py
[2026-07-16T11:13:40.082+0000] {processor.py:830} INFO - Processing file /home/airflow/.local/lib/python3.12/site-packages/airflow/example_dags/example_sensor_decorator.py for tasks to queue
[2026-07-16T11:13:40.084+0000] {logging_mixin.py:188} INFO - [2026-07-16T11:13:40.083+0000] {dagbag.py:540} INFO - Filling up the DagBag from /home/airflow/.local/lib/python3.12/site-packages/airflow/example_dags/example_sensor_decorator.py
[2026-07-16T11:13:40.090+0000] {processor.py:840} INFO - DAG(s) 'example_sensor_decorator' retrieved from /home/airflow/.local/lib/python3.12/site-packages/airflow/example_dags/example_sensor_decorator.py
[2026-07-16T11:13:40.112+0000] {logging_mixin.py:188} INFO - [2026-07-16T11:13:40.111+0000] {dag.py:3096} INFO - Sync 1 DAGs
[2026-07-16T11:13:40.128+0000] {logging_mixin.py:188} INFO - [2026-07-16T11:13:40.127+0000] {dag.py:3954} INFO - Setting next_dagrun for example_sensor_decorator to None, run_after=None
[2026-07-16T11:13:40.152+0000] {processor.py:183} INFO - Processing /home/airflow/.local/lib/python3.12/site-packages/airflow/example_dags/example_sensor_decorator.py took 0.077 seconds
[2026-07-16T11:14:10.358+0000] {processor.py:161} INFO - Started process (PID=1343) to work on /home/airflow/.local/lib/python3.12/site-packages/airflow/example_dags/example_sensor_decorator.py
[2026-07-16T11:14:10.360+0000] {processor.py:830} INFO - Processing file /home/airflow/.local/lib/python3.12/site-packages/airflow/example_dags/example_sensor_decorator.py for tasks to queue
[2026-07-16T11:14:10.362+0000] {logging_mixin.py:188} INFO - [2026-07-16T11:14:10.362+0000] {dagbag.py:540} INFO - Filling up the DagBag from /home/airflow/.local/lib/python3.12/site-packages/airflow/example_dags/example_sensor_decorator.py
[2026-07-16T11:14:10.369+0000] {processor.py:840} INFO - DAG(s) 'example_sensor_decorator' retrieved from /home/airflow/.local/lib/python3.12/site-packages/airflow/example_dags/example_sensor_decorator.py
[2026-07-16T11:14:10.387+0000] {logging_mixin.py:188} INFO - [2026-07-16T11:14:10.387+0000] {dag.py:3096} INFO - Sync 1 DAGs
[2026-07-16T11:14:10.401+0000] {logging_mixin.py:188} INFO - [2026-07-16T11:14:10.401+0000] {dag.py:3954} INFO - Setting next_dagrun for example_sensor_decorator to None, run_after=None
[2026-07-16T11:14:10.423+0000] {processor.py:183} INFO - Processing /home/airflow/.local/lib/python3.12/site-packages/airflow/example_dags/example_sensor_decorator.py took 0.069 seconds
[2026-07-16T11:14:40.574+0000] {processor.py:161} INFO - Started process (PID=1403) to work on /home/airflow/.local/lib/python3.12/site-packages/airflow/example_dags/example_sensor_decorator.py
[2026-07-16T11:14:40.575+0000] {processor.py:830} INFO - Processing file /home/airflow/.local/lib/python3.12/site-packages/airflow/example_dags/example_sensor_decorator.py for tasks to queue
[2026-07-16T11:14:40.578+0000] {logging_mixin.py:188} INFO - [2026-07-16T11:14:40.578+0000] {dagbag.py:540} INFO - Filling up the DagBag from /home/airflow/.local/lib/python3.12/site-packages/airflow/example_dags/example_sensor_decorator.py
[2026-07-16T11:14:40.586+0000] {processor.py:840} INFO - DAG(s) 'example_sensor_decorator' retrieved from /home/airflow/.local/lib/python3.12/site-packages/airflow/example_dags/example_sensor_decorator.py
[2026-07-16T11:14:40.609+0000] {logging_mixin.py:188} INFO - [2026-07-16T11:14:40.609+0000] {dag.py:3096} INFO - Sync 1 DAGs
[2026-07-16T11:14:40.628+0000] {logging_mixin.py:188} INFO - [2026-07-16T11:14:40.628+0000] {dag.py:3954} INFO - Setting next_dagrun for example_sensor_decorator to None, run_after=None
[2026-07-16T11:14:40.652+0000] {processor.py:183} INFO - Processing /home/airflow/.local/lib/python3.12/site-packages/airflow/example_dags/example_sensor_decorator.py took 0.083 seconds
[2026-07-16T11:15:11.223+0000] {processor.py:161} INFO - Started process (PID=1461) to work on /home/airflow/.local/lib/python3.12/site-packages/airflow/example_dags/example_sensor_decorator.py
[2026-07-16T11:15:11.224+0000] {processor.py:830} INFO - Processing file /home/airflow/.local/lib/python3.12/site-packages/airflow/example_dags/example_sensor_decorator.py for tasks to queue
[2026-07-16T11:15:11.227+0000] {logging_mixin.py:188} INFO - [2026-07-16T11:15:11.227+0000] {dagbag.py:540} INFO - Filling up the DagBag from /home/airflow/.local/lib/python3.12/site-packages/airflow/example_dags/example_sensor_decorator.py
[2026-07-16T11:15:11.236+0000] {processor.py:840} INFO - DAG(s) 'example_sensor_decorator' retrieved from /home/airflow/.local/lib/python3.12/site-packages/airflow/example_dags/example_sensor_decorator.py
[2026-07-16T11:15:11.265+0000] {logging_mixin.py:188} INFO - [2026-07-16T11:15:11.265+0000] {dag.py:3096} INFO - Sync 1 DAGs
[2026-07-16T11:15:11.285+0000] {logging_mixin.py:188} INFO - [2026-07-16T11:15:11.284+0000] {dag.py:3954} INFO - Setting next_dagrun for example_sensor_decorator to None, run_after=None
[2026-07-16T11:15:11.318+0000] {processor.py:183} INFO - Processing /home/airflow/.local/lib/python3.12/site-packages/airflow/example_dags/example_sensor_decorator.py took 0.103 seconds
[2026-07-16T11:15:41.444+0000] {processor.py:161} INFO - Started process (PID=1520) to work on /home/airflow/.local/lib/python3.12/site-packages/airflow/example_dags/example_sensor_decorator.py
[2026-07-16T11:15:41.446+0000] {processor.py:830} INFO - Processing file /home/airflow/.local/lib/python3.12/site-packages/airflow/example_dags/example_sensor_decorator.py for tasks to queue
[2026-07-16T11:15:41.449+0000] {logging_mixin.py:188} INFO - [2026-07-16T11:15:41.449+0000] {dagbag.py:540} INFO - Filling up the DagBag from /home/airflow/.local/lib/python3.12/site-packages/airflow/example_dags/example_sensor_decorator.py
[2026-07-16T11:15:41.455+0000] {processor.py:840} INFO - DAG(s) 'example_sensor_decorator' retrieved from /home/airflow/.local/lib/python3.12/site-packages/airflow/example_dags/example_sensor_decorator.py
[2026-07-16T11:15:41.475+0000] {logging_mixin.py:188} INFO - [2026-07-16T11:15:41.475+0000] {dag.py:3096} INFO - Sync 1 DAGs
[2026-07-16T11:15:41.491+0000] {logging_mixin.py:188} INFO - [2026-07-16T11:15:41.491+0000] {dag.py:3954} INFO - Setting next_dagrun for example_sensor_decorator to None, run_after=None
[2026-07-16T11:15:41.518+0000] {processor.py:183} INFO - Processing /home/airflow/.local/lib/python3.12/site-packages/airflow/example_dags/example_sensor_decorator.py took 0.079 seconds
[2026-07-16T11:16:12.245+0000] {processor.py:161} INFO - Started process (PID=1579) to work on /home/airflow/.local/lib/python3.12/site-packages/airflow/example_dags/example_sensor_decorator.py
[2026-07-16T11:16:12.247+0000] {processor.py:830} INFO - Processing file /home/airflow/.local/lib/python3.12/site-packages/airflow/example_dags/example_sensor_decorator.py for tasks to queue
[2026-07-16T11:16:12.250+0000] {logging_mixin.py:188} INFO - [2026-07-16T11:16:12.250+0000] {dagbag.py:540} INFO - Filling up the DagBag from /home/airflow/.local/lib/python3.12/site-packages/airflow/example_dags/example_sensor_decorator.py
[2026-07-16T11:16:12.258+0000] {processor.py:840} INFO - DAG(s) 'example_sensor_decorator' retrieved from /home/airflow/.local/lib/python3.12/site-packages/airflow/example_dags/example_sensor_decorator.py
[2026-07-16T11:16:12.283+0000] {logging_mixin.py:188} INFO - [2026-07-16T11:16:12.282+0000] {dag.py:3096} INFO - Sync 1 DAGs
[2026-07-16T11:16:12.298+0000] {logging_mixin.py:188} INFO - [2026-07-16T11:16:12.297+0000] {dag.py:3954} INFO - Setting next_dagrun for example_sensor_decorator to None, run_after=None
[2026-07-16T11:16:12.318+0000] {processor.py:183} INFO - Processing /home/airflow/.local/lib/python3.12/site-packages/airflow/example_dags/example_sensor_decorator.py took 0.081 seconds
[2026-07-16T11:16:42.808+0000] {processor.py:161} INFO - Started process (PID=1638) to work on /home/airflow/.local/lib/python3.12/site-packages/airflow/example_dags/example_sensor_decorator.py
[2026-07-16T11:16:42.810+0000] {processor.py:830} INFO - Processing file /home/airflow/.local/lib/python3.12/site-packages/airflow/example_dags/example_sensor_decorator.py for tasks to queue
[2026-07-16T11:16:42.814+0000] {logging_mixin.py:188} INFO - [2026-07-16T11:16:42.813+0000] {dagbag.py:540} INFO - Filling up the DagBag from /home/airflow/.local/lib/python3.12/site-packages/airflow/example_dags/example_sensor_decorator.py
[2026-07-16T11:16:42.827+0000] {processor.py:840} INFO - DAG(s) 'example_sensor_decorator' retrieved from /home/airflow/.local/lib/python3.12/site-packages/airflow/example_dags/example_sensor_decorator.py
[2026-07-16T11:16:42.847+0000] {logging_mixin.py:188} INFO - [2026-07-16T11:16:42.847+0000] {dag.py:3096} INFO - Sync 1 DAGs
[2026-07-16T11:16:42.859+0000] {logging_mixin.py:188} INFO - [2026-07-16T11:16:42.859+0000] {dag.py:3954} INFO - Setting next_dagrun for example_sensor_decorator to None, run_after=None
[2026-07-16T11:16:42.879+0000] {processor.py:183} INFO - Processing /home/airflow/.local/lib/python3.12/site-packages/airflow/example_dags/example_sensor_decorator.py took 0.077 seconds
[2026-07-16T11:17:13.677+0000] {processor.py:161} INFO - Started process (PID=1697) to work on /home/airflow/.local/lib/python3.12/site-packages/airflow/example_dags/example_sensor_decorator.py
[2026-07-16T11:17:13.679+0000] {processor.py:830} INFO - Processing file /home/airflow/.local/lib/python3.12/site-packages/airflow/example_dags/example_sensor_decorator.py for tasks to queue
[2026-07-16T11:17:13.682+0000] {logging_mixin.py:188} INFO - [2026-07-16T11:17:13.682+0000] {dagbag.py:540} INFO - Filling up the DagBag from /home/airflow/.local/lib/python3.12/site-packages/airflow/example_dags/example_sensor_decorator.py
[2026-07-16T11:17:13.690+0000] {processor.py:840} INFO - DAG(s) 'example_sensor_decorator' retrieved from /home/airflow/.local/lib/python3.12/site-packages/airflow/example_dags/example_sensor_decorator.py
[2026-07-16T11:17:13.709+0000] {logging_mixin.py:188} INFO - [2026-07-16T11:17:13.708+0000] {dag.py:3096} INFO - Sync 1 DAGs
[2026-07-16T11:17:13.721+0000] {logging_mixin.py:188} INFO - [2026-07-16T11:17:13.720+0000] {dag.py:3954} INFO - Setting next_dagrun for example_sensor_decorator to None, run_after=None
[2026-07-16T11:17:13.738+0000] {processor.py:183} INFO - Processing /home/airflow/.local/lib/python3.12/site-packages/airflow/example_dags/example_sensor_decorator.py took 0.067 seconds
[2026-07-16T11:17:44.072+0000] {processor.py:161} INFO - Started process (PID=1756) to work on /home/airflow/.local/lib/python3.12/site-packages/airflow/example_dags/example_sensor_decorator.py
[2026-07-16T11:17:44.073+0000] {processor.py:830} INFO - Processing file /home/airflow/.local/lib/python3.12/site-packages/airflow/example_dags/example_sensor_decorator.py for tasks to queue
[2026-07-16T11:17:44.076+0000] {logging_mixin.py:188} INFO - [2026-07-16T11:17:44.076+0000] {dagbag.py:540} INFO - Filling up the DagBag from /home/airflow/.local/lib/python3.12/site-packages/airflow/example_dags/example_sensor_decorator.py
[2026-07-16T11:17:44.082+0000] {processor.py:840} INFO - DAG(s) 'example_sensor_decorator' retrieved from /home/airflow/.local/lib/python3.12/site-packages/airflow/example_dags/example_sensor_decorator.py
[2026-07-16T11:17:44.101+0000] {logging_mixin.py:188} INFO - [2026-07-16T11:17:44.100+0000] {dag.py:3096} INFO - Sync 1 DAGs
[2026-07-16T11:17:44.114+0000] {logging_mixin.py:188} INFO - [2026-07-16T11:17:44.114+0000] {dag.py:3954} INFO - Setting next_dagrun for example_sensor_decorator to None, run_after=None
[2026-07-16T11:17:44.133+0000] {processor.py:183} INFO - Processing /home/airflow/.local/lib/python3.12/site-packages/airflow/example_dags/example_sensor_decorator.py took 0.066 seconds
[2026-07-16T11:18:15.374+0000] {processor.py:161} INFO - Started process (PID=1815) to work on /home/airflow/.local/lib/python3.12/site-packages/airflow/example_dags/example_sensor_decorator.py
[2026-07-16T11:18:15.376+0000] {processor.py:830} INFO - Processing file /home/airflow/.local/lib/python3.12/site-packages/airflow/example_dags/example_sensor_decorator.py for tasks to queue
[2026-07-16T11:18:15.379+0000] {logging_mixin.py:188} INFO - [2026-07-16T11:18:15.379+0000] {dagbag.py:540} INFO - Filling up the DagBag from /home/airflow/.local/lib/python3.12/site-packages/airflow/example_dags/example_sensor_decorator.py
[2026-07-16T11:18:15.388+0000] {processor.py:840} INFO - DAG(s) 'example_sensor_decorator' retrieved from /home/airflow/.local/lib/python3.12/site-packages/airflow/example_dags/example_sensor_decorator.py
[2026-07-16T11:18:15.420+0000] {logging_mixin.py:188} INFO - [2026-07-16T11:18:15.419+0000] {dag.py:3096} INFO - Sync 1 DAGs
[2026-07-16T11:18:15.436+0000] {logging_mixin.py:188} INFO - [2026-07-16T11:18:15.436+0000] {dag.py:3954} INFO - Setting next_dagrun for example_sensor_decorator to None, run_after=None
[2026-07-16T11:18:15.464+0000] {processor.py:183} INFO - Processing /home/airflow/.local/lib/python3.12/site-packages/airflow/example_dags/example_sensor_decorator.py took 0.097 seconds
