[2026-07-16T11:03:25.240+0000] {processor.py:161} INFO - Started process (PID=55) to work on /home/airflow/.local/lib/python3.12/site-packages/airflow/example_dags/example_latest_only_with_trigger.py
[2026-07-16T11:03:25.248+0000] {processor.py:830} INFO - Processing file /home/airflow/.local/lib/python3.12/site-packages/airflow/example_dags/example_latest_only_with_trigger.py for tasks to queue
[2026-07-16T11:03:25.260+0000] {logging_mixin.py:188} INFO - [2026-07-16T11:03:25.259+0000] {dagbag.py:540} INFO - Filling up the DagBag from /home/airflow/.local/lib/python3.12/site-packages/airflow/example_dags/example_latest_only_with_trigger.py
[2026-07-16T11:03:25.287+0000] {processor.py:840} INFO - DAG(s) 'latest_only_with_trigger' retrieved from /home/airflow/.local/lib/python3.12/site-packages/airflow/example_dags/example_latest_only_with_trigger.py
[2026-07-16T11:03:25.316+0000] {logging_mixin.py:188} INFO - [2026-07-16T11:03:25.316+0000] {dag.py:3096} INFO - Sync 1 DAGs
[2026-07-16T11:03:25.367+0000] {logging_mixin.py:188} INFO - [2026-07-16T11:03:25.367+0000] {dag.py:3954} INFO - Setting next_dagrun for latest_only_with_trigger to 2026-07-16 04:00:00+00:00, run_after=2026-07-16 08:00:00+00:00
[2026-07-16T11:03:25.403+0000] {processor.py:183} INFO - Processing /home/airflow/.local/lib/python3.12/site-packages/airflow/example_dags/example_latest_only_with_trigger.py took 0.197 seconds
[2026-07-16T11:03:55.555+0000] {processor.py:161} INFO - Started process (PID=120) to work on /home/airflow/.local/lib/python3.12/site-packages/airflow/example_dags/example_latest_only_with_trigger.py
[2026-07-16T11:03:55.556+0000] {processor.py:830} INFO - Processing file /home/airflow/.local/lib/python3.12/site-packages/airflow/example_dags/example_latest_only_with_trigger.py for tasks to queue
[2026-07-16T11:03:55.559+0000] {logging_mixin.py:188} INFO - [2026-07-16T11:03:55.558+0000] {dagbag.py:540} INFO - Filling up the DagBag from /home/airflow/.local/lib/python3.12/site-packages/airflow/example_dags/example_latest_only_with_trigger.py
[2026-07-16T11:03:55.566+0000] {processor.py:840} INFO - DAG(s) 'latest_only_with_trigger' retrieved from /home/airflow/.local/lib/python3.12/site-packages/airflow/example_dags/example_latest_only_with_trigger.py
[2026-07-16T11:03:55.684+0000] {logging_mixin.py:188} INFO - [2026-07-16T11:03:55.684+0000] {dag.py:3096} INFO - Sync 1 DAGs
[2026-07-16T11:03:55.704+0000] {logging_mixin.py:188} INFO - [2026-07-16T11:03:55.703+0000] {dag.py:3954} INFO - Setting next_dagrun for latest_only_with_trigger to 2026-07-16 04:00:00+00:00, run_after=2026-07-16 08:00:00+00:00
[2026-07-16T11:03:55.726+0000] {processor.py:183} INFO - Processing /home/airflow/.local/lib/python3.12/site-packages/airflow/example_dags/example_latest_only_with_trigger.py took 0.176 seconds
[2026-07-16T11:04:25.792+0000] {processor.py:161} INFO - Started process (PID=180) to work on /home/airflow/.local/lib/python3.12/site-packages/airflow/example_dags/example_latest_only_with_trigger.py
[2026-07-16T11:04:25.794+0000] {processor.py:830} INFO - Processing file /home/airflow/.local/lib/python3.12/site-packages/airflow/example_dags/example_latest_only_with_trigger.py for tasks to queue
[2026-07-16T11:04:25.797+0000] {logging_mixin.py:188} INFO - [2026-07-16T11:04:25.796+0000] {dagbag.py:540} INFO - Filling up the DagBag from /home/airflow/.local/lib/python3.12/site-packages/airflow/example_dags/example_latest_only_with_trigger.py
[2026-07-16T11:04:25.802+0000] {processor.py:840} INFO - DAG(s) 'latest_only_with_trigger' retrieved from /home/airflow/.local/lib/python3.12/site-packages/airflow/example_dags/example_latest_only_with_trigger.py
[2026-07-16T11:04:25.832+0000] {logging_mixin.py:188} INFO - [2026-07-16T11:04:25.831+0000] {dag.py:3096} INFO - Sync 1 DAGs
[2026-07-16T11:04:25.856+0000] {logging_mixin.py:188} INFO - [2026-07-16T11:04:25.856+0000] {dag.py:3954} INFO - Setting next_dagrun for latest_only_with_trigger to 2026-07-16 04:00:00+00:00, run_after=2026-07-16 08:00:00+00:00
[2026-07-16T11:04:25.875+0000] {processor.py:183} INFO - Processing /home/airflow/.local/lib/python3.12/site-packages/airflow/example_dags/example_latest_only_with_trigger.py took 0.087 seconds
[2026-07-16T11:04:56.107+0000] {processor.py:161} INFO - Started process (PID=239) to work on /home/airflow/.local/lib/python3.12/site-packages/airflow/example_dags/example_latest_only_with_trigger.py
[2026-07-16T11:04:56.109+0000] {processor.py:830} INFO - Processing file /home/airflow/.local/lib/python3.12/site-packages/airflow/example_dags/example_latest_only_with_trigger.py for tasks to queue
[2026-07-16T11:04:56.112+0000] {logging_mixin.py:188} INFO - [2026-07-16T11:04:56.112+0000] {dagbag.py:540} INFO - Filling up the DagBag from /home/airflow/.local/lib/python3.12/site-packages/airflow/example_dags/example_latest_only_with_trigger.py
[2026-07-16T11:04:56.118+0000] {processor.py:840} INFO - DAG(s) 'latest_only_with_trigger' retrieved from /home/airflow/.local/lib/python3.12/site-packages/airflow/example_dags/example_latest_only_with_trigger.py
[2026-07-16T11:04:56.135+0000] {logging_mixin.py:188} INFO - [2026-07-16T11:04:56.135+0000] {dag.py:3096} INFO - Sync 1 DAGs
[2026-07-16T11:04:56.154+0000] {logging_mixin.py:188} INFO - [2026-07-16T11:04:56.153+0000] {dag.py:3954} INFO - Setting next_dagrun for latest_only_with_trigger to 2026-07-16 04:00:00+00:00, run_after=2026-07-16 08:00:00+00:00
[2026-07-16T11:04:56.171+0000] {processor.py:183} INFO - Processing /home/airflow/.local/lib/python3.12/site-packages/airflow/example_dags/example_latest_only_with_trigger.py took 0.071 seconds
[2026-07-16T11:05:26.598+0000] {processor.py:161} INFO - Started process (PID=298) to work on /home/airflow/.local/lib/python3.12/site-packages/airflow/example_dags/example_latest_only_with_trigger.py
[2026-07-16T11:05:26.599+0000] {processor.py:830} INFO - Processing file /home/airflow/.local/lib/python3.12/site-packages/airflow/example_dags/example_latest_only_with_trigger.py for tasks to queue
[2026-07-16T11:05:26.602+0000] {logging_mixin.py:188} INFO - [2026-07-16T11:05:26.602+0000] {dagbag.py:540} INFO - Filling up the DagBag from /home/airflow/.local/lib/python3.12/site-packages/airflow/example_dags/example_latest_only_with_trigger.py
[2026-07-16T11:05:26.609+0000] {processor.py:840} INFO - DAG(s) 'latest_only_with_trigger' retrieved from /home/airflow/.local/lib/python3.12/site-packages/airflow/example_dags/example_latest_only_with_trigger.py
[2026-07-16T11:05:26.629+0000] {logging_mixin.py:188} INFO - [2026-07-16T11:05:26.629+0000] {dag.py:3096} INFO - Sync 1 DAGs
[2026-07-16T11:05:26.652+0000] {logging_mixin.py:188} INFO - [2026-07-16T11:05:26.651+0000] {dag.py:3954} INFO - Setting next_dagrun for latest_only_with_trigger to 2026-07-16 04:00:00+00:00, run_after=2026-07-16 08:00:00+00:00
[2026-07-16T11:05:26.675+0000] {processor.py:183} INFO - Processing /home/airflow/.local/lib/python3.12/site-packages/airflow/example_dags/example_latest_only_with_trigger.py took 0.084 seconds
[2026-07-16T11:05:56.813+0000] {processor.py:161} INFO - Started process (PID=356) to work on /home/airflow/.local/lib/python3.12/site-packages/airflow/example_dags/example_latest_only_with_trigger.py
[2026-07-16T11:05:56.814+0000] {processor.py:830} INFO - Processing file /home/airflow/.local/lib/python3.12/site-packages/airflow/example_dags/example_latest_only_with_trigger.py for tasks to queue
[2026-07-16T11:05:56.817+0000] {logging_mixin.py:188} INFO - [2026-07-16T11:05:56.816+0000] {dagbag.py:540} INFO - Filling up the DagBag from /home/airflow/.local/lib/python3.12/site-packages/airflow/example_dags/example_latest_only_with_trigger.py
[2026-07-16T11:05:56.822+0000] {processor.py:840} INFO - DAG(s) 'latest_only_with_trigger' retrieved from /home/airflow/.local/lib/python3.12/site-packages/airflow/example_dags/example_latest_only_with_trigger.py
[2026-07-16T11:05:56.839+0000] {logging_mixin.py:188} INFO - [2026-07-16T11:05:56.839+0000] {dag.py:3096} INFO - Sync 1 DAGs
[2026-07-16T11:05:56.860+0000] {logging_mixin.py:188} INFO - [2026-07-16T11:05:56.860+0000] {dag.py:3954} INFO - Setting next_dagrun for latest_only_with_trigger to 2026-07-16 04:00:00+00:00, run_after=2026-07-16 08:00:00+00:00
[2026-07-16T11:05:56.877+0000] {processor.py:183} INFO - Processing /home/airflow/.local/lib/python3.12/site-packages/airflow/example_dags/example_latest_only_with_trigger.py took 0.069 seconds
[2026-07-16T11:06:27.084+0000] {processor.py:161} INFO - Started process (PID=415) to work on /home/airflow/.local/lib/python3.12/site-packages/airflow/example_dags/example_latest_only_with_trigger.py
[2026-07-16T11:06:27.086+0000] {processor.py:830} INFO - Processing file /home/airflow/.local/lib/python3.12/site-packages/airflow/example_dags/example_latest_only_with_trigger.py for tasks to queue
[2026-07-16T11:06:27.090+0000] {logging_mixin.py:188} INFO - [2026-07-16T11:06:27.089+0000] {dagbag.py:540} INFO - Filling up the DagBag from /home/airflow/.local/lib/python3.12/site-packages/airflow/example_dags/example_latest_only_with_trigger.py
[2026-07-16T11:06:27.096+0000] {processor.py:840} INFO - DAG(s) 'latest_only_with_trigger' retrieved from /home/airflow/.local/lib/python3.12/site-packages/airflow/example_dags/example_latest_only_with_trigger.py
[2026-07-16T11:06:27.114+0000] {logging_mixin.py:188} INFO - [2026-07-16T11:06:27.114+0000] {dag.py:3096} INFO - Sync 1 DAGs
[2026-07-16T11:06:27.132+0000] {logging_mixin.py:188} INFO - [2026-07-16T11:06:27.132+0000] {dag.py:3954} INFO - Setting next_dagrun for latest_only_with_trigger to 2026-07-16 04:00:00+00:00, run_after=2026-07-16 08:00:00+00:00
[2026-07-16T11:06:27.149+0000] {processor.py:183} INFO - Processing /home/airflow/.local/lib/python3.12/site-packages/airflow/example_dags/example_latest_only_with_trigger.py took 0.070 seconds
[2026-07-16T11:06:57.272+0000] {processor.py:161} INFO - Started process (PID=474) to work on /home/airflow/.local/lib/python3.12/site-packages/airflow/example_dags/example_latest_only_with_trigger.py
[2026-07-16T11:06:57.274+0000] {processor.py:830} INFO - Processing file /home/airflow/.local/lib/python3.12/site-packages/airflow/example_dags/example_latest_only_with_trigger.py for tasks to queue
[2026-07-16T11:06:57.276+0000] {logging_mixin.py:188} INFO - [2026-07-16T11:06:57.276+0000] {dagbag.py:540} INFO - Filling up the DagBag from /home/airflow/.local/lib/python3.12/site-packages/airflow/example_dags/example_latest_only_with_trigger.py
[2026-07-16T11:06:57.282+0000] {processor.py:840} INFO - DAG(s) 'latest_only_with_trigger' retrieved from /home/airflow/.local/lib/python3.12/site-packages/airflow/example_dags/example_latest_only_with_trigger.py
[2026-07-16T11:06:57.300+0000] {logging_mixin.py:188} INFO - [2026-07-16T11:06:57.300+0000] {dag.py:3096} INFO - Sync 1 DAGs
[2026-07-16T11:06:57.319+0000] {logging_mixin.py:188} INFO - [2026-07-16T11:06:57.319+0000] {dag.py:3954} INFO - Setting next_dagrun for latest_only_with_trigger to 2026-07-16 04:00:00+00:00, run_after=2026-07-16 08:00:00+00:00
[2026-07-16T11:06:57.337+0000] {processor.py:183} INFO - Processing /home/airflow/.local/lib/python3.12/site-packages/airflow/example_dags/example_latest_only_with_trigger.py took 0.072 seconds
[2026-07-16T11:07:27.712+0000] {processor.py:161} INFO - Started process (PID=534) to work on /home/airflow/.local/lib/python3.12/site-packages/airflow/example_dags/example_latest_only_with_trigger.py
[2026-07-16T11:07:27.713+0000] {processor.py:830} INFO - Processing file /home/airflow/.local/lib/python3.12/site-packages/airflow/example_dags/example_latest_only_with_trigger.py for tasks to queue
[2026-07-16T11:07:27.715+0000] {logging_mixin.py:188} INFO - [2026-07-16T11:07:27.715+0000] {dagbag.py:540} INFO - Filling up the DagBag from /home/airflow/.local/lib/python3.12/site-packages/airflow/example_dags/example_latest_only_with_trigger.py
[2026-07-16T11:07:27.722+0000] {processor.py:840} INFO - DAG(s) 'latest_only_with_trigger' retrieved from /home/airflow/.local/lib/python3.12/site-packages/airflow/example_dags/example_latest_only_with_trigger.py
[2026-07-16T11:07:27.740+0000] {logging_mixin.py:188} INFO - [2026-07-16T11:07:27.740+0000] {dag.py:3096} INFO - Sync 1 DAGs
[2026-07-16T11:07:27.760+0000] {logging_mixin.py:188} INFO - [2026-07-16T11:07:27.760+0000] {dag.py:3954} INFO - Setting next_dagrun for latest_only_with_trigger to 2026-07-16 04:00:00+00:00, run_after=2026-07-16 08:00:00+00:00
[2026-07-16T11:07:27.779+0000] {processor.py:183} INFO - Processing /home/airflow/.local/lib/python3.12/site-packages/airflow/example_dags/example_latest_only_with_trigger.py took 0.074 seconds
[2026-07-16T11:07:58.257+0000] {processor.py:161} INFO - Started process (PID=593) to work on /home/airflow/.local/lib/python3.12/site-packages/airflow/example_dags/example_latest_only_with_trigger.py
[2026-07-16T11:07:58.258+0000] {processor.py:830} INFO - Processing file /home/airflow/.local/lib/python3.12/site-packages/airflow/example_dags/example_latest_only_with_trigger.py for tasks to queue
[2026-07-16T11:07:58.261+0000] {logging_mixin.py:188} INFO - [2026-07-16T11:07:58.260+0000] {dagbag.py:540} INFO - Filling up the DagBag from /home/airflow/.local/lib/python3.12/site-packages/airflow/example_dags/example_latest_only_with_trigger.py
[2026-07-16T11:07:58.266+0000] {processor.py:840} INFO - DAG(s) 'latest_only_with_trigger' retrieved from /home/airflow/.local/lib/python3.12/site-packages/airflow/example_dags/example_latest_only_with_trigger.py
[2026-07-16T11:07:58.283+0000] {logging_mixin.py:188} INFO - [2026-07-16T11:07:58.283+0000] {dag.py:3096} INFO - Sync 1 DAGs
[2026-07-16T11:07:58.301+0000] {logging_mixin.py:188} INFO - [2026-07-16T11:07:58.301+0000] {dag.py:3954} INFO - Setting next_dagrun for latest_only_with_trigger to 2026-07-16 04:00:00+00:00, run_after=2026-07-16 08:00:00+00:00
[2026-07-16T11:07:58.319+0000] {processor.py:183} INFO - Processing /home/airflow/.local/lib/python3.12/site-packages/airflow/example_dags/example_latest_only_with_trigger.py took 0.067 seconds
[2026-07-16T11:08:28.488+0000] {processor.py:161} INFO - Started process (PID=652) to work on /home/airflow/.local/lib/python3.12/site-packages/airflow/example_dags/example_latest_only_with_trigger.py
[2026-07-16T11:08:28.490+0000] {processor.py:830} INFO - Processing file /home/airflow/.local/lib/python3.12/site-packages/airflow/example_dags/example_latest_only_with_trigger.py for tasks to queue
[2026-07-16T11:08:28.493+0000] {logging_mixin.py:188} INFO - [2026-07-16T11:08:28.492+0000] {dagbag.py:540} INFO - Filling up the DagBag from /home/airflow/.local/lib/python3.12/site-packages/airflow/example_dags/example_latest_only_with_trigger.py
[2026-07-16T11:08:28.499+0000] {processor.py:840} INFO - DAG(s) 'latest_only_with_trigger' retrieved from /home/airflow/.local/lib/python3.12/site-packages/airflow/example_dags/example_latest_only_with_trigger.py
[2026-07-16T11:08:28.519+0000] {logging_mixin.py:188} INFO - [2026-07-16T11:08:28.519+0000] {dag.py:3096} INFO - Sync 1 DAGs
[2026-07-16T11:08:28.542+0000] {logging_mixin.py:188} INFO - [2026-07-16T11:08:28.542+0000] {dag.py:3954} INFO - Setting next_dagrun for latest_only_with_trigger to 2026-07-16 04:00:00+00:00, run_after=2026-07-16 08:00:00+00:00
[2026-07-16T11:08:28.562+0000] {processor.py:183} INFO - Processing /home/airflow/.local/lib/python3.12/site-packages/airflow/example_dags/example_latest_only_with_trigger.py took 0.078 seconds
[2026-07-16T11:08:58.700+0000] {processor.py:161} INFO - Started process (PID=710) to work on /home/airflow/.local/lib/python3.12/site-packages/airflow/example_dags/example_latest_only_with_trigger.py
[2026-07-16T11:08:58.702+0000] {processor.py:830} INFO - Processing file /home/airflow/.local/lib/python3.12/site-packages/airflow/example_dags/example_latest_only_with_trigger.py for tasks to queue
[2026-07-16T11:08:58.704+0000] {logging_mixin.py:188} INFO - [2026-07-16T11:08:58.704+0000] {dagbag.py:540} INFO - Filling up the DagBag from /home/airflow/.local/lib/python3.12/site-packages/airflow/example_dags/example_latest_only_with_trigger.py
[2026-07-16T11:08:58.709+0000] {processor.py:840} INFO - DAG(s) 'latest_only_with_trigger' retrieved from /home/airflow/.local/lib/python3.12/site-packages/airflow/example_dags/example_latest_only_with_trigger.py
[2026-07-16T11:08:58.726+0000] {logging_mixin.py:188} INFO - [2026-07-16T11:08:58.726+0000] {dag.py:3096} INFO - Sync 1 DAGs
[2026-07-16T11:08:58.743+0000] {logging_mixin.py:188} INFO - [2026-07-16T11:08:58.743+0000] {dag.py:3954} INFO - Setting next_dagrun for latest_only_with_trigger to 2026-07-16 04:00:00+00:00, run_after=2026-07-16 08:00:00+00:00
[2026-07-16T11:08:58.760+0000] {processor.py:183} INFO - Processing /home/airflow/.local/lib/python3.12/site-packages/airflow/example_dags/example_latest_only_with_trigger.py took 0.065 seconds
[2026-07-16T11:09:29.210+0000] {processor.py:161} INFO - Started process (PID=770) to work on /home/airflow/.local/lib/python3.12/site-packages/airflow/example_dags/example_latest_only_with_trigger.py
[2026-07-16T11:09:29.212+0000] {processor.py:830} INFO - Processing file /home/airflow/.local/lib/python3.12/site-packages/airflow/example_dags/example_latest_only_with_trigger.py for tasks to queue
[2026-07-16T11:09:29.215+0000] {logging_mixin.py:188} INFO - [2026-07-16T11:09:29.214+0000] {dagbag.py:540} INFO - Filling up the DagBag from /home/airflow/.local/lib/python3.12/site-packages/airflow/example_dags/example_latest_only_with_trigger.py
[2026-07-16T11:09:29.221+0000] {processor.py:840} INFO - DAG(s) 'latest_only_with_trigger' retrieved from /home/airflow/.local/lib/python3.12/site-packages/airflow/example_dags/example_latest_only_with_trigger.py
[2026-07-16T11:09:29.241+0000] {logging_mixin.py:188} INFO - [2026-07-16T11:09:29.240+0000] {dag.py:3096} INFO - Sync 1 DAGs
[2026-07-16T11:09:29.260+0000] {logging_mixin.py:188} INFO - [2026-07-16T11:09:29.259+0000] {dag.py:3954} INFO - Setting next_dagrun for latest_only_with_trigger to 2026-07-16 04:00:00+00:00, run_after=2026-07-16 08:00:00+00:00
[2026-07-16T11:09:29.279+0000] {processor.py:183} INFO - Processing /home/airflow/.local/lib/python3.12/site-packages/airflow/example_dags/example_latest_only_with_trigger.py took 0.074 seconds
[2026-07-16T11:09:59.449+0000] {processor.py:161} INFO - Started process (PID=829) to work on /home/airflow/.local/lib/python3.12/site-packages/airflow/example_dags/example_latest_only_with_trigger.py
[2026-07-16T11:09:59.451+0000] {processor.py:830} INFO - Processing file /home/airflow/.local/lib/python3.12/site-packages/airflow/example_dags/example_latest_only_with_trigger.py for tasks to queue
[2026-07-16T11:09:59.454+0000] {logging_mixin.py:188} INFO - [2026-07-16T11:09:59.453+0000] {dagbag.py:540} INFO - Filling up the DagBag from /home/airflow/.local/lib/python3.12/site-packages/airflow/example_dags/example_latest_only_with_trigger.py
[2026-07-16T11:09:59.459+0000] {processor.py:840} INFO - DAG(s) 'latest_only_with_trigger' retrieved from /home/airflow/.local/lib/python3.12/site-packages/airflow/example_dags/example_latest_only_with_trigger.py
[2026-07-16T11:09:59.477+0000] {logging_mixin.py:188} INFO - [2026-07-16T11:09:59.477+0000] {dag.py:3096} INFO - Sync 1 DAGs
[2026-07-16T11:09:59.496+0000] {logging_mixin.py:188} INFO - [2026-07-16T11:09:59.496+0000] {dag.py:3954} INFO - Setting next_dagrun for latest_only_with_trigger to 2026-07-16 04:00:00+00:00, run_after=2026-07-16 08:00:00+00:00
[2026-07-16T11:09:59.515+0000] {processor.py:183} INFO - Processing /home/airflow/.local/lib/python3.12/site-packages/airflow/example_dags/example_latest_only_with_trigger.py took 0.070 seconds
[2026-07-16T11:10:29.681+0000] {processor.py:161} INFO - Started process (PID=887) to work on /home/airflow/.local/lib/python3.12/site-packages/airflow/example_dags/example_latest_only_with_trigger.py
[2026-07-16T11:10:29.682+0000] {processor.py:830} INFO - Processing file /home/airflow/.local/lib/python3.12/site-packages/airflow/example_dags/example_latest_only_with_trigger.py for tasks to queue
[2026-07-16T11:10:29.685+0000] {logging_mixin.py:188} INFO - [2026-07-16T11:10:29.685+0000] {dagbag.py:540} INFO - Filling up the DagBag from /home/airflow/.local/lib/python3.12/site-packages/airflow/example_dags/example_latest_only_with_trigger.py
[2026-07-16T11:10:29.690+0000] {processor.py:840} INFO - DAG(s) 'latest_only_with_trigger' retrieved from /home/airflow/.local/lib/python3.12/site-packages/airflow/example_dags/example_latest_only_with_trigger.py
[2026-07-16T11:10:29.710+0000] {logging_mixin.py:188} INFO - [2026-07-16T11:10:29.710+0000] {dag.py:3096} INFO - Sync 1 DAGs
[2026-07-16T11:10:29.729+0000] {logging_mixin.py:188} INFO - [2026-07-16T11:10:29.729+0000] {dag.py:3954} INFO - Setting next_dagrun for latest_only_with_trigger to 2026-07-16 04:00:00+00:00, run_after=2026-07-16 08:00:00+00:00
[2026-07-16T11:10:29.750+0000] {processor.py:183} INFO - Processing /home/airflow/.local/lib/python3.12/site-packages/airflow/example_dags/example_latest_only_with_trigger.py took 0.074 seconds
[2026-07-16T11:11:00.331+0000] {processor.py:161} INFO - Started process (PID=947) to work on /home/airflow/.local/lib/python3.12/site-packages/airflow/example_dags/example_latest_only_with_trigger.py
[2026-07-16T11:11:00.333+0000] {processor.py:830} INFO - Processing file /home/airflow/.local/lib/python3.12/site-packages/airflow/example_dags/example_latest_only_with_trigger.py for tasks to queue
[2026-07-16T11:11:00.335+0000] {logging_mixin.py:188} INFO - [2026-07-16T11:11:00.335+0000] {dagbag.py:540} INFO - Filling up the DagBag from /home/airflow/.local/lib/python3.12/site-packages/airflow/example_dags/example_latest_only_with_trigger.py
[2026-07-16T11:11:00.340+0000] {processor.py:840} INFO - DAG(s) 'latest_only_with_trigger' retrieved from /home/airflow/.local/lib/python3.12/site-packages/airflow/example_dags/example_latest_only_with_trigger.py
[2026-07-16T11:11:00.357+0000] {logging_mixin.py:188} INFO - [2026-07-16T11:11:00.357+0000] {dag.py:3096} INFO - Sync 1 DAGs
[2026-07-16T11:11:00.375+0000] {logging_mixin.py:188} INFO - [2026-07-16T11:11:00.375+0000] {dag.py:3954} INFO - Setting next_dagrun for latest_only_with_trigger to 2026-07-16 04:00:00+00:00, run_after=2026-07-16 08:00:00+00:00
[2026-07-16T11:11:00.393+0000] {processor.py:183} INFO - Processing /home/airflow/.local/lib/python3.12/site-packages/airflow/example_dags/example_latest_only_with_trigger.py took 0.067 seconds
[2026-07-16T11:11:30.812+0000] {processor.py:161} INFO - Started process (PID=1006) to work on /home/airflow/.local/lib/python3.12/site-packages/airflow/example_dags/example_latest_only_with_trigger.py
[2026-07-16T11:11:30.813+0000] {processor.py:830} INFO - Processing file /home/airflow/.local/lib/python3.12/site-packages/airflow/example_dags/example_latest_only_with_trigger.py for tasks to queue
[2026-07-16T11:11:30.816+0000] {logging_mixin.py:188} INFO - [2026-07-16T11:11:30.815+0000] {dagbag.py:540} INFO - Filling up the DagBag from /home/airflow/.local/lib/python3.12/site-packages/airflow/example_dags/example_latest_only_with_trigger.py
[2026-07-16T11:11:30.821+0000] {processor.py:840} INFO - DAG(s) 'latest_only_with_trigger' retrieved from /home/airflow/.local/lib/python3.12/site-packages/airflow/example_dags/example_latest_only_with_trigger.py
[2026-07-16T11:11:30.843+0000] {logging_mixin.py:188} INFO - [2026-07-16T11:11:30.842+0000] {dag.py:3096} INFO - Sync 1 DAGs
[2026-07-16T11:11:30.861+0000] {logging_mixin.py:188} INFO - [2026-07-16T11:11:30.861+0000] {dag.py:3954} INFO - Setting next_dagrun for latest_only_with_trigger to 2026-07-16 04:00:00+00:00, run_after=2026-07-16 08:00:00+00:00
[2026-07-16T11:11:30.877+0000] {processor.py:183} INFO - Processing /home/airflow/.local/lib/python3.12/site-packages/airflow/example_dags/example_latest_only_with_trigger.py took 0.071 seconds
[2026-07-16T11:12:01.643+0000] {processor.py:161} INFO - Started process (PID=1065) to work on /home/airflow/.local/lib/python3.12/site-packages/airflow/example_dags/example_latest_only_with_trigger.py
[2026-07-16T11:12:01.646+0000] {processor.py:830} INFO - Processing file /home/airflow/.local/lib/python3.12/site-packages/airflow/example_dags/example_latest_only_with_trigger.py for tasks to queue
[2026-07-16T11:12:01.651+0000] {logging_mixin.py:188} INFO - [2026-07-16T11:12:01.650+0000] {dagbag.py:540} INFO - Filling up the DagBag from /home/airflow/.local/lib/python3.12/site-packages/airflow/example_dags/example_latest_only_with_trigger.py
[2026-07-16T11:12:01.673+0000] {processor.py:840} INFO - DAG(s) 'latest_only_with_trigger' retrieved from /home/airflow/.local/lib/python3.12/site-packages/airflow/example_dags/example_latest_only_with_trigger.py
[2026-07-16T11:12:01.938+0000] {logging_mixin.py:188} INFO - [2026-07-16T11:12:01.938+0000] {dag.py:3096} INFO - Sync 1 DAGs
[2026-07-16T11:12:01.957+0000] {logging_mixin.py:188} INFO - [2026-07-16T11:12:01.957+0000] {dag.py:3954} INFO - Setting next_dagrun for latest_only_with_trigger to 2026-07-16 04:00:00+00:00, run_after=2026-07-16 08:00:00+00:00
[2026-07-16T11:12:01.982+0000] {processor.py:183} INFO - Processing /home/airflow/.local/lib/python3.12/site-packages/airflow/example_dags/example_latest_only_with_trigger.py took 0.351 seconds
[2026-07-16T11:12:32.362+0000] {processor.py:161} INFO - Started process (PID=1124) to work on /home/airflow/.local/lib/python3.12/site-packages/airflow/example_dags/example_latest_only_with_trigger.py
[2026-07-16T11:12:32.364+0000] {processor.py:830} INFO - Processing file /home/airflow/.local/lib/python3.12/site-packages/airflow/example_dags/example_latest_only_with_trigger.py for tasks to queue
[2026-07-16T11:12:32.366+0000] {logging_mixin.py:188} INFO - [2026-07-16T11:12:32.366+0000] {dagbag.py:540} INFO - Filling up the DagBag from /home/airflow/.local/lib/python3.12/site-packages/airflow/example_dags/example_latest_only_with_trigger.py
[2026-07-16T11:12:32.372+0000] {processor.py:840} INFO - DAG(s) 'latest_only_with_trigger' retrieved from /home/airflow/.local/lib/python3.12/site-packages/airflow/example_dags/example_latest_only_with_trigger.py
[2026-07-16T11:12:32.392+0000] {logging_mixin.py:188} INFO - [2026-07-16T11:12:32.391+0000] {dag.py:3096} INFO - Sync 1 DAGs
[2026-07-16T11:12:32.553+0000] {logging_mixin.py:188} INFO - [2026-07-16T11:12:32.553+0000] {dag.py:3954} INFO - Setting next_dagrun for latest_only_with_trigger to 2026-07-16 04:00:00+00:00, run_after=2026-07-16 08:00:00+00:00
[2026-07-16T11:12:32.575+0000] {processor.py:183} INFO - Processing /home/airflow/.local/lib/python3.12/site-packages/airflow/example_dags/example_latest_only_with_trigger.py took 0.217 seconds
[2026-07-16T11:13:03.233+0000] {processor.py:161} INFO - Started process (PID=1183) to work on /home/airflow/.local/lib/python3.12/site-packages/airflow/example_dags/example_latest_only_with_trigger.py
[2026-07-16T11:13:03.234+0000] {processor.py:830} INFO - Processing file /home/airflow/.local/lib/python3.12/site-packages/airflow/example_dags/example_latest_only_with_trigger.py for tasks to queue
[2026-07-16T11:13:03.237+0000] {logging_mixin.py:188} INFO - [2026-07-16T11:13:03.236+0000] {dagbag.py:540} INFO - Filling up the DagBag from /home/airflow/.local/lib/python3.12/site-packages/airflow/example_dags/example_latest_only_with_trigger.py
[2026-07-16T11:13:03.242+0000] {processor.py:840} INFO - DAG(s) 'latest_only_with_trigger' retrieved from /home/airflow/.local/lib/python3.12/site-packages/airflow/example_dags/example_latest_only_with_trigger.py
[2026-07-16T11:13:03.262+0000] {logging_mixin.py:188} INFO - [2026-07-16T11:13:03.262+0000] {dag.py:3096} INFO - Sync 1 DAGs
[2026-07-16T11:13:03.282+0000] {logging_mixin.py:188} INFO - [2026-07-16T11:13:03.282+0000] {dag.py:3954} INFO - Setting next_dagrun for latest_only_with_trigger to 2026-07-16 04:00:00+00:00, run_after=2026-07-16 08:00:00+00:00
[2026-07-16T11:13:03.303+0000] {processor.py:183} INFO - Processing /home/airflow/.local/lib/python3.12/site-packages/airflow/example_dags/example_latest_only_with_trigger.py took 0.075 seconds
[2026-07-16T11:13:33.413+0000] {processor.py:161} INFO - Started process (PID=1242) to work on /home/airflow/.local/lib/python3.12/site-packages/airflow/example_dags/example_latest_only_with_trigger.py
[2026-07-16T11:13:33.415+0000] {processor.py:830} INFO - Processing file /home/airflow/.local/lib/python3.12/site-packages/airflow/example_dags/example_latest_only_with_trigger.py for tasks to queue
[2026-07-16T11:13:33.418+0000] {logging_mixin.py:188} INFO - [2026-07-16T11:13:33.417+0000] {dagbag.py:540} INFO - Filling up the DagBag from /home/airflow/.local/lib/python3.12/site-packages/airflow/example_dags/example_latest_only_with_trigger.py
[2026-07-16T11:13:33.425+0000] {processor.py:840} INFO - DAG(s) 'latest_only_with_trigger' retrieved from /home/airflow/.local/lib/python3.12/site-packages/airflow/example_dags/example_latest_only_with_trigger.py
[2026-07-16T11:13:33.446+0000] {logging_mixin.py:188} INFO - [2026-07-16T11:13:33.446+0000] {dag.py:3096} INFO - Sync 1 DAGs
[2026-07-16T11:13:33.475+0000] {logging_mixin.py:188} INFO - [2026-07-16T11:13:33.475+0000] {dag.py:3954} INFO - Setting next_dagrun for latest_only_with_trigger to 2026-07-16 04:00:00+00:00, run_after=2026-07-16 08:00:00+00:00
[2026-07-16T11:13:33.518+0000] {processor.py:183} INFO - Processing /home/airflow/.local/lib/python3.12/site-packages/airflow/example_dags/example_latest_only_with_trigger.py took 0.111 seconds
[2026-07-16T11:14:03.670+0000] {processor.py:161} INFO - Started process (PID=1301) to work on /home/airflow/.local/lib/python3.12/site-packages/airflow/example_dags/example_latest_only_with_trigger.py
[2026-07-16T11:14:03.672+0000] {processor.py:830} INFO - Processing file /home/airflow/.local/lib/python3.12/site-packages/airflow/example_dags/example_latest_only_with_trigger.py for tasks to queue
[2026-07-16T11:14:03.674+0000] {logging_mixin.py:188} INFO - [2026-07-16T11:14:03.674+0000] {dagbag.py:540} INFO - Filling up the DagBag from /home/airflow/.local/lib/python3.12/site-packages/airflow/example_dags/example_latest_only_with_trigger.py
[2026-07-16T11:14:03.679+0000] {processor.py:840} INFO - DAG(s) 'latest_only_with_trigger' retrieved from /home/airflow/.local/lib/python3.12/site-packages/airflow/example_dags/example_latest_only_with_trigger.py
[2026-07-16T11:14:03.698+0000] {logging_mixin.py:188} INFO - [2026-07-16T11:14:03.697+0000] {dag.py:3096} INFO - Sync 1 DAGs
[2026-07-16T11:14:03.719+0000] {logging_mixin.py:188} INFO - [2026-07-16T11:14:03.719+0000] {dag.py:3954} INFO - Setting next_dagrun for latest_only_with_trigger to 2026-07-16 04:00:00+00:00, run_after=2026-07-16 08:00:00+00:00
[2026-07-16T11:14:03.749+0000] {processor.py:183} INFO - Processing /home/airflow/.local/lib/python3.12/site-packages/airflow/example_dags/example_latest_only_with_trigger.py took 0.083 seconds
[2026-07-16T11:14:33.840+0000] {processor.py:161} INFO - Started process (PID=1359) to work on /home/airflow/.local/lib/python3.12/site-packages/airflow/example_dags/example_latest_only_with_trigger.py
[2026-07-16T11:14:33.841+0000] {processor.py:830} INFO - Processing file /home/airflow/.local/lib/python3.12/site-packages/airflow/example_dags/example_latest_only_with_trigger.py for tasks to queue
[2026-07-16T11:14:33.844+0000] {logging_mixin.py:188} INFO - [2026-07-16T11:14:33.843+0000] {dagbag.py:540} INFO - Filling up the DagBag from /home/airflow/.local/lib/python3.12/site-packages/airflow/example_dags/example_latest_only_with_trigger.py
[2026-07-16T11:14:33.849+0000] {processor.py:840} INFO - DAG(s) 'latest_only_with_trigger' retrieved from /home/airflow/.local/lib/python3.12/site-packages/airflow/example_dags/example_latest_only_with_trigger.py
[2026-07-16T11:14:33.866+0000] {logging_mixin.py:188} INFO - [2026-07-16T11:14:33.866+0000] {dag.py:3096} INFO - Sync 1 DAGs
[2026-07-16T11:14:33.885+0000] {logging_mixin.py:188} INFO - [2026-07-16T11:14:33.885+0000] {dag.py:3954} INFO - Setting next_dagrun for latest_only_with_trigger to 2026-07-16 04:00:00+00:00, run_after=2026-07-16 08:00:00+00:00
[2026-07-16T11:14:33.904+0000] {processor.py:183} INFO - Processing /home/airflow/.local/lib/python3.12/site-packages/airflow/example_dags/example_latest_only_with_trigger.py took 0.069 seconds
[2026-07-16T11:15:04.023+0000] {processor.py:161} INFO - Started process (PID=1418) to work on /home/airflow/.local/lib/python3.12/site-packages/airflow/example_dags/example_latest_only_with_trigger.py
[2026-07-16T11:15:04.024+0000] {processor.py:830} INFO - Processing file /home/airflow/.local/lib/python3.12/site-packages/airflow/example_dags/example_latest_only_with_trigger.py for tasks to queue
[2026-07-16T11:15:04.026+0000] {logging_mixin.py:188} INFO - [2026-07-16T11:15:04.026+0000] {dagbag.py:540} INFO - Filling up the DagBag from /home/airflow/.local/lib/python3.12/site-packages/airflow/example_dags/example_latest_only_with_trigger.py
[2026-07-16T11:15:04.031+0000] {processor.py:840} INFO - DAG(s) 'latest_only_with_trigger' retrieved from /home/airflow/.local/lib/python3.12/site-packages/airflow/example_dags/example_latest_only_with_trigger.py
[2026-07-16T11:15:04.048+0000] {logging_mixin.py:188} INFO - [2026-07-16T11:15:04.048+0000] {dag.py:3096} INFO - Sync 1 DAGs
[2026-07-16T11:15:04.065+0000] {logging_mixin.py:188} INFO - [2026-07-16T11:15:04.065+0000] {dag.py:3954} INFO - Setting next_dagrun for latest_only_with_trigger to 2026-07-16 04:00:00+00:00, run_after=2026-07-16 08:00:00+00:00
[2026-07-16T11:15:04.084+0000] {processor.py:183} INFO - Processing /home/airflow/.local/lib/python3.12/site-packages/airflow/example_dags/example_latest_only_with_trigger.py took 0.066 seconds
[2026-07-16T11:15:34.181+0000] {processor.py:161} INFO - Started process (PID=1477) to work on /home/airflow/.local/lib/python3.12/site-packages/airflow/example_dags/example_latest_only_with_trigger.py
[2026-07-16T11:15:34.196+0000] {processor.py:830} INFO - Processing file /home/airflow/.local/lib/python3.12/site-packages/airflow/example_dags/example_latest_only_with_trigger.py for tasks to queue
[2026-07-16T11:15:34.200+0000] {logging_mixin.py:188} INFO - [2026-07-16T11:15:34.199+0000] {dagbag.py:540} INFO - Filling up the DagBag from /home/airflow/.local/lib/python3.12/site-packages/airflow/example_dags/example_latest_only_with_trigger.py
[2026-07-16T11:15:34.207+0000] {processor.py:840} INFO - DAG(s) 'latest_only_with_trigger' retrieved from /home/airflow/.local/lib/python3.12/site-packages/airflow/example_dags/example_latest_only_with_trigger.py
[2026-07-16T11:15:34.230+0000] {logging_mixin.py:188} INFO - [2026-07-16T11:15:34.229+0000] {dag.py:3096} INFO - Sync 1 DAGs
[2026-07-16T11:15:34.259+0000] {logging_mixin.py:188} INFO - [2026-07-16T11:15:34.259+0000] {dag.py:3954} INFO - Setting next_dagrun for latest_only_with_trigger to 2026-07-16 04:00:00+00:00, run_after=2026-07-16 08:00:00+00:00
[2026-07-16T11:15:34.373+0000] {processor.py:183} INFO - Processing /home/airflow/.local/lib/python3.12/site-packages/airflow/example_dags/example_latest_only_with_trigger.py took 0.209 seconds
[2026-07-16T11:16:04.411+0000] {processor.py:161} INFO - Started process (PID=1536) to work on /home/airflow/.local/lib/python3.12/site-packages/airflow/example_dags/example_latest_only_with_trigger.py
[2026-07-16T11:16:04.413+0000] {processor.py:830} INFO - Processing file /home/airflow/.local/lib/python3.12/site-packages/airflow/example_dags/example_latest_only_with_trigger.py for tasks to queue
[2026-07-16T11:16:04.416+0000] {logging_mixin.py:188} INFO - [2026-07-16T11:16:04.415+0000] {dagbag.py:540} INFO - Filling up the DagBag from /home/airflow/.local/lib/python3.12/site-packages/airflow/example_dags/example_latest_only_with_trigger.py
[2026-07-16T11:16:04.421+0000] {processor.py:840} INFO - DAG(s) 'latest_only_with_trigger' retrieved from /home/airflow/.local/lib/python3.12/site-packages/airflow/example_dags/example_latest_only_with_trigger.py
[2026-07-16T11:16:04.440+0000] {logging_mixin.py:188} INFO - [2026-07-16T11:16:04.439+0000] {dag.py:3096} INFO - Sync 1 DAGs
[2026-07-16T11:16:04.458+0000] {logging_mixin.py:188} INFO - [2026-07-16T11:16:04.458+0000] {dag.py:3954} INFO - Setting next_dagrun for latest_only_with_trigger to 2026-07-16 04:00:00+00:00, run_after=2026-07-16 08:00:00+00:00
[2026-07-16T11:16:04.480+0000] {processor.py:183} INFO - Processing /home/airflow/.local/lib/python3.12/site-packages/airflow/example_dags/example_latest_only_with_trigger.py took 0.074 seconds
[2026-07-16T11:16:34.653+0000] {processor.py:161} INFO - Started process (PID=1595) to work on /home/airflow/.local/lib/python3.12/site-packages/airflow/example_dags/example_latest_only_with_trigger.py
[2026-07-16T11:16:34.655+0000] {processor.py:830} INFO - Processing file /home/airflow/.local/lib/python3.12/site-packages/airflow/example_dags/example_latest_only_with_trigger.py for tasks to queue
[2026-07-16T11:16:34.658+0000] {logging_mixin.py:188} INFO - [2026-07-16T11:16:34.657+0000] {dagbag.py:540} INFO - Filling up the DagBag from /home/airflow/.local/lib/python3.12/site-packages/airflow/example_dags/example_latest_only_with_trigger.py
[2026-07-16T11:16:34.663+0000] {processor.py:840} INFO - DAG(s) 'latest_only_with_trigger' retrieved from /home/airflow/.local/lib/python3.12/site-packages/airflow/example_dags/example_latest_only_with_trigger.py
[2026-07-16T11:16:34.683+0000] {logging_mixin.py:188} INFO - [2026-07-16T11:16:34.683+0000] {dag.py:3096} INFO - Sync 1 DAGs
[2026-07-16T11:16:34.704+0000] {logging_mixin.py:188} INFO - [2026-07-16T11:16:34.704+0000] {dag.py:3954} INFO - Setting next_dagrun for latest_only_with_trigger to 2026-07-16 04:00:00+00:00, run_after=2026-07-16 08:00:00+00:00
[2026-07-16T11:16:34.728+0000] {processor.py:183} INFO - Processing /home/airflow/.local/lib/python3.12/site-packages/airflow/example_dags/example_latest_only_with_trigger.py took 0.080 seconds
[2026-07-16T11:17:05.236+0000] {processor.py:161} INFO - Started process (PID=1654) to work on /home/airflow/.local/lib/python3.12/site-packages/airflow/example_dags/example_latest_only_with_trigger.py
[2026-07-16T11:17:05.238+0000] {processor.py:830} INFO - Processing file /home/airflow/.local/lib/python3.12/site-packages/airflow/example_dags/example_latest_only_with_trigger.py for tasks to queue
[2026-07-16T11:17:05.240+0000] {logging_mixin.py:188} INFO - [2026-07-16T11:17:05.240+0000] {dagbag.py:540} INFO - Filling up the DagBag from /home/airflow/.local/lib/python3.12/site-packages/airflow/example_dags/example_latest_only_with_trigger.py
[2026-07-16T11:17:05.245+0000] {processor.py:840} INFO - DAG(s) 'latest_only_with_trigger' retrieved from /home/airflow/.local/lib/python3.12/site-packages/airflow/example_dags/example_latest_only_with_trigger.py
[2026-07-16T11:17:05.262+0000] {logging_mixin.py:188} INFO - [2026-07-16T11:17:05.261+0000] {dag.py:3096} INFO - Sync 1 DAGs
[2026-07-16T11:17:05.279+0000] {logging_mixin.py:188} INFO - [2026-07-16T11:17:05.278+0000] {dag.py:3954} INFO - Setting next_dagrun for latest_only_with_trigger to 2026-07-16 04:00:00+00:00, run_after=2026-07-16 08:00:00+00:00
[2026-07-16T11:17:05.296+0000] {processor.py:183} INFO - Processing /home/airflow/.local/lib/python3.12/site-packages/airflow/example_dags/example_latest_only_with_trigger.py took 0.065 seconds
[2026-07-16T11:17:35.492+0000] {processor.py:161} INFO - Started process (PID=1713) to work on /home/airflow/.local/lib/python3.12/site-packages/airflow/example_dags/example_latest_only_with_trigger.py
[2026-07-16T11:17:35.494+0000] {processor.py:830} INFO - Processing file /home/airflow/.local/lib/python3.12/site-packages/airflow/example_dags/example_latest_only_with_trigger.py for tasks to queue
[2026-07-16T11:17:35.496+0000] {logging_mixin.py:188} INFO - [2026-07-16T11:17:35.496+0000] {dagbag.py:540} INFO - Filling up the DagBag from /home/airflow/.local/lib/python3.12/site-packages/airflow/example_dags/example_latest_only_with_trigger.py
[2026-07-16T11:17:35.501+0000] {processor.py:840} INFO - DAG(s) 'latest_only_with_trigger' retrieved from /home/airflow/.local/lib/python3.12/site-packages/airflow/example_dags/example_latest_only_with_trigger.py
[2026-07-16T11:17:35.517+0000] {logging_mixin.py:188} INFO - [2026-07-16T11:17:35.517+0000] {dag.py:3096} INFO - Sync 1 DAGs
[2026-07-16T11:17:35.533+0000] {logging_mixin.py:188} INFO - [2026-07-16T11:17:35.533+0000] {dag.py:3954} INFO - Setting next_dagrun for latest_only_with_trigger to 2026-07-16 04:00:00+00:00, run_after=2026-07-16 08:00:00+00:00
[2026-07-16T11:17:35.550+0000] {processor.py:183} INFO - Processing /home/airflow/.local/lib/python3.12/site-packages/airflow/example_dags/example_latest_only_with_trigger.py took 0.064 seconds
[2026-07-16T11:18:05.669+0000] {processor.py:161} INFO - Started process (PID=1772) to work on /home/airflow/.local/lib/python3.12/site-packages/airflow/example_dags/example_latest_only_with_trigger.py
[2026-07-16T11:18:05.670+0000] {processor.py:830} INFO - Processing file /home/airflow/.local/lib/python3.12/site-packages/airflow/example_dags/example_latest_only_with_trigger.py for tasks to queue
[2026-07-16T11:18:05.673+0000] {logging_mixin.py:188} INFO - [2026-07-16T11:18:05.672+0000] {dagbag.py:540} INFO - Filling up the DagBag from /home/airflow/.local/lib/python3.12/site-packages/airflow/example_dags/example_latest_only_with_trigger.py
[2026-07-16T11:18:05.678+0000] {processor.py:840} INFO - DAG(s) 'latest_only_with_trigger' retrieved from /home/airflow/.local/lib/python3.12/site-packages/airflow/example_dags/example_latest_only_with_trigger.py
[2026-07-16T11:18:05.698+0000] {logging_mixin.py:188} INFO - [2026-07-16T11:18:05.698+0000] {dag.py:3096} INFO - Sync 1 DAGs
[2026-07-16T11:18:05.720+0000] {logging_mixin.py:188} INFO - [2026-07-16T11:18:05.720+0000] {dag.py:3954} INFO - Setting next_dagrun for latest_only_with_trigger to 2026-07-16 04:00:00+00:00, run_after=2026-07-16 08:00:00+00:00
[2026-07-16T11:18:05.745+0000] {processor.py:183} INFO - Processing /home/airflow/.local/lib/python3.12/site-packages/airflow/example_dags/example_latest_only_with_trigger.py took 0.081 seconds
