[2026-07-16T11:03:29.328+0000] {processor.py:161} INFO - Started process (PID=94) to work on /home/airflow/.local/lib/python3.12/site-packages/airflow/example_dags/example_bash_decorator.py
[2026-07-16T11:03:29.332+0000] {processor.py:830} INFO - Processing file /home/airflow/.local/lib/python3.12/site-packages/airflow/example_dags/example_bash_decorator.py for tasks to queue
[2026-07-16T11:03:29.335+0000] {logging_mixin.py:188} INFO - [2026-07-16T11:03:29.335+0000] {dagbag.py:540} INFO - Filling up the DagBag from /home/airflow/.local/lib/python3.12/site-packages/airflow/example_dags/example_bash_decorator.py
[2026-07-16T11:03:29.365+0000] {processor.py:840} INFO - DAG(s) 'example_bash_decorator' retrieved from /home/airflow/.local/lib/python3.12/site-packages/airflow/example_dags/example_bash_decorator.py
[2026-07-16T11:03:29.384+0000] {logging_mixin.py:188} INFO - [2026-07-16T11:03:29.383+0000] {dag.py:3096} INFO - Sync 1 DAGs
[2026-07-16T11:03:29.407+0000] {logging_mixin.py:188} INFO - [2026-07-16T11:03:29.407+0000] {dag.py:3954} INFO - Setting next_dagrun for example_bash_decorator to None, run_after=None
[2026-07-16T11:03:29.440+0000] {processor.py:183} INFO - Processing /home/airflow/.local/lib/python3.12/site-packages/airflow/example_dags/example_bash_decorator.py took 0.123 seconds
[2026-07-16T11:03:59.641+0000] {processor.py:161} INFO - Started process (PID=153) to work on /home/airflow/.local/lib/python3.12/site-packages/airflow/example_dags/example_bash_decorator.py
[2026-07-16T11:03:59.643+0000] {processor.py:830} INFO - Processing file /home/airflow/.local/lib/python3.12/site-packages/airflow/example_dags/example_bash_decorator.py for tasks to queue
[2026-07-16T11:03:59.647+0000] {logging_mixin.py:188} INFO - [2026-07-16T11:03:59.646+0000] {dagbag.py:540} INFO - Filling up the DagBag from /home/airflow/.local/lib/python3.12/site-packages/airflow/example_dags/example_bash_decorator.py
[2026-07-16T11:03:59.661+0000] {processor.py:840} INFO - DAG(s) 'example_bash_decorator' retrieved from /home/airflow/.local/lib/python3.12/site-packages/airflow/example_dags/example_bash_decorator.py
[2026-07-16T11:03:59.773+0000] {logging_mixin.py:188} INFO - [2026-07-16T11:03:59.773+0000] {dag.py:3096} INFO - Sync 1 DAGs
[2026-07-16T11:03:59.784+0000] {logging_mixin.py:188} INFO - [2026-07-16T11:03:59.784+0000] {dag.py:3954} INFO - Setting next_dagrun for example_bash_decorator to None, run_after=None
[2026-07-16T11:03:59.809+0000] {processor.py:183} INFO - Processing /home/airflow/.local/lib/python3.12/site-packages/airflow/example_dags/example_bash_decorator.py took 0.175 seconds
[2026-07-16T11:04:29.986+0000] {processor.py:161} INFO - Started process (PID=213) to work on /home/airflow/.local/lib/python3.12/site-packages/airflow/example_dags/example_bash_decorator.py
[2026-07-16T11:04:29.987+0000] {processor.py:830} INFO - Processing file /home/airflow/.local/lib/python3.12/site-packages/airflow/example_dags/example_bash_decorator.py for tasks to queue
[2026-07-16T11:04:29.989+0000] {logging_mixin.py:188} INFO - [2026-07-16T11:04:29.989+0000] {dagbag.py:540} INFO - Filling up the DagBag from /home/airflow/.local/lib/python3.12/site-packages/airflow/example_dags/example_bash_decorator.py
[2026-07-16T11:04:30.000+0000] {processor.py:840} INFO - DAG(s) 'example_bash_decorator' retrieved from /home/airflow/.local/lib/python3.12/site-packages/airflow/example_dags/example_bash_decorator.py
[2026-07-16T11:04:30.020+0000] {logging_mixin.py:188} INFO - [2026-07-16T11:04:30.020+0000] {dag.py:3096} INFO - Sync 1 DAGs
[2026-07-16T11:04:30.032+0000] {logging_mixin.py:188} INFO - [2026-07-16T11:04:30.032+0000] {dag.py:3954} INFO - Setting next_dagrun for example_bash_decorator to None, run_after=None
[2026-07-16T11:04:30.051+0000] {processor.py:183} INFO - Processing /home/airflow/.local/lib/python3.12/site-packages/airflow/example_dags/example_bash_decorator.py took 0.070 seconds
[2026-07-16T11:05:01.022+0000] {processor.py:161} INFO - Started process (PID=272) to work on /home/airflow/.local/lib/python3.12/site-packages/airflow/example_dags/example_bash_decorator.py
[2026-07-16T11:05:01.024+0000] {processor.py:830} INFO - Processing file /home/airflow/.local/lib/python3.12/site-packages/airflow/example_dags/example_bash_decorator.py for tasks to queue
[2026-07-16T11:05:01.026+0000] {logging_mixin.py:188} INFO - [2026-07-16T11:05:01.026+0000] {dagbag.py:540} INFO - Filling up the DagBag from /home/airflow/.local/lib/python3.12/site-packages/airflow/example_dags/example_bash_decorator.py
[2026-07-16T11:05:01.040+0000] {processor.py:840} INFO - DAG(s) 'example_bash_decorator' retrieved from /home/airflow/.local/lib/python3.12/site-packages/airflow/example_dags/example_bash_decorator.py
[2026-07-16T11:05:01.065+0000] {logging_mixin.py:188} INFO - [2026-07-16T11:05:01.065+0000] {dag.py:3096} INFO - Sync 1 DAGs
[2026-07-16T11:05:01.078+0000] {logging_mixin.py:188} INFO - [2026-07-16T11:05:01.078+0000] {dag.py:3954} INFO - Setting next_dagrun for example_bash_decorator to None, run_after=None
[2026-07-16T11:05:01.097+0000] {processor.py:183} INFO - Processing /home/airflow/.local/lib/python3.12/site-packages/airflow/example_dags/example_bash_decorator.py took 0.081 seconds
[2026-07-16T11:05:31.483+0000] {processor.py:161} INFO - Started process (PID=331) to work on /home/airflow/.local/lib/python3.12/site-packages/airflow/example_dags/example_bash_decorator.py
[2026-07-16T11:05:31.485+0000] {processor.py:830} INFO - Processing file /home/airflow/.local/lib/python3.12/site-packages/airflow/example_dags/example_bash_decorator.py for tasks to queue
[2026-07-16T11:05:31.487+0000] {logging_mixin.py:188} INFO - [2026-07-16T11:05:31.487+0000] {dagbag.py:540} INFO - Filling up the DagBag from /home/airflow/.local/lib/python3.12/site-packages/airflow/example_dags/example_bash_decorator.py
[2026-07-16T11:05:31.499+0000] {processor.py:840} INFO - DAG(s) 'example_bash_decorator' retrieved from /home/airflow/.local/lib/python3.12/site-packages/airflow/example_dags/example_bash_decorator.py
[2026-07-16T11:05:31.520+0000] {logging_mixin.py:188} INFO - [2026-07-16T11:05:31.520+0000] {dag.py:3096} INFO - Sync 1 DAGs
[2026-07-16T11:05:31.540+0000] {logging_mixin.py:188} INFO - [2026-07-16T11:05:31.540+0000] {dag.py:3954} INFO - Setting next_dagrun for example_bash_decorator to None, run_after=None
[2026-07-16T11:05:31.562+0000] {processor.py:183} INFO - Processing /home/airflow/.local/lib/python3.12/site-packages/airflow/example_dags/example_bash_decorator.py took 0.084 seconds
[2026-07-16T11:06:01.665+0000] {processor.py:161} INFO - Started process (PID=390) to work on /home/airflow/.local/lib/python3.12/site-packages/airflow/example_dags/example_bash_decorator.py
[2026-07-16T11:06:01.668+0000] {processor.py:830} INFO - Processing file /home/airflow/.local/lib/python3.12/site-packages/airflow/example_dags/example_bash_decorator.py for tasks to queue
[2026-07-16T11:06:01.673+0000] {logging_mixin.py:188} INFO - [2026-07-16T11:06:01.672+0000] {dagbag.py:540} INFO - Filling up the DagBag from /home/airflow/.local/lib/python3.12/site-packages/airflow/example_dags/example_bash_decorator.py
[2026-07-16T11:06:01.704+0000] {processor.py:840} INFO - DAG(s) 'example_bash_decorator' retrieved from /home/airflow/.local/lib/python3.12/site-packages/airflow/example_dags/example_bash_decorator.py
[2026-07-16T11:06:01.743+0000] {logging_mixin.py:188} INFO - [2026-07-16T11:06:01.742+0000] {dag.py:3096} INFO - Sync 1 DAGs
[2026-07-16T11:06:01.757+0000] {logging_mixin.py:188} INFO - [2026-07-16T11:06:01.757+0000] {dag.py:3954} INFO - Setting next_dagrun for example_bash_decorator to None, run_after=None
[2026-07-16T11:06:01.788+0000] {processor.py:183} INFO - Processing /home/airflow/.local/lib/python3.12/site-packages/airflow/example_dags/example_bash_decorator.py took 0.134 seconds
[2026-07-16T11:06:31.946+0000] {processor.py:161} INFO - Started process (PID=449) to work on /home/airflow/.local/lib/python3.12/site-packages/airflow/example_dags/example_bash_decorator.py
[2026-07-16T11:06:31.948+0000] {processor.py:830} INFO - Processing file /home/airflow/.local/lib/python3.12/site-packages/airflow/example_dags/example_bash_decorator.py for tasks to queue
[2026-07-16T11:06:31.950+0000] {logging_mixin.py:188} INFO - [2026-07-16T11:06:31.950+0000] {dagbag.py:540} INFO - Filling up the DagBag from /home/airflow/.local/lib/python3.12/site-packages/airflow/example_dags/example_bash_decorator.py
[2026-07-16T11:06:31.961+0000] {processor.py:840} INFO - DAG(s) 'example_bash_decorator' retrieved from /home/airflow/.local/lib/python3.12/site-packages/airflow/example_dags/example_bash_decorator.py
[2026-07-16T11:06:31.981+0000] {logging_mixin.py:188} INFO - [2026-07-16T11:06:31.980+0000] {dag.py:3096} INFO - Sync 1 DAGs
[2026-07-16T11:06:31.992+0000] {logging_mixin.py:188} INFO - [2026-07-16T11:06:31.992+0000] {dag.py:3954} INFO - Setting next_dagrun for example_bash_decorator to None, run_after=None
[2026-07-16T11:06:32.009+0000] {processor.py:183} INFO - Processing /home/airflow/.local/lib/python3.12/site-packages/airflow/example_dags/example_bash_decorator.py took 0.068 seconds
[2026-07-16T11:07:02.271+0000] {processor.py:161} INFO - Started process (PID=508) to work on /home/airflow/.local/lib/python3.12/site-packages/airflow/example_dags/example_bash_decorator.py
[2026-07-16T11:07:02.272+0000] {processor.py:830} INFO - Processing file /home/airflow/.local/lib/python3.12/site-packages/airflow/example_dags/example_bash_decorator.py for tasks to queue
[2026-07-16T11:07:02.274+0000] {logging_mixin.py:188} INFO - [2026-07-16T11:07:02.274+0000] {dagbag.py:540} INFO - Filling up the DagBag from /home/airflow/.local/lib/python3.12/site-packages/airflow/example_dags/example_bash_decorator.py
[2026-07-16T11:07:02.285+0000] {processor.py:840} INFO - DAG(s) 'example_bash_decorator' retrieved from /home/airflow/.local/lib/python3.12/site-packages/airflow/example_dags/example_bash_decorator.py
[2026-07-16T11:07:02.312+0000] {logging_mixin.py:188} INFO - [2026-07-16T11:07:02.312+0000] {dag.py:3096} INFO - Sync 1 DAGs
[2026-07-16T11:07:02.325+0000] {logging_mixin.py:188} INFO - [2026-07-16T11:07:02.324+0000] {dag.py:3954} INFO - Setting next_dagrun for example_bash_decorator to None, run_after=None
[2026-07-16T11:07:02.341+0000] {processor.py:183} INFO - Processing /home/airflow/.local/lib/python3.12/site-packages/airflow/example_dags/example_bash_decorator.py took 0.076 seconds
[2026-07-16T11:07:32.716+0000] {processor.py:161} INFO - Started process (PID=567) to work on /home/airflow/.local/lib/python3.12/site-packages/airflow/example_dags/example_bash_decorator.py
[2026-07-16T11:07:32.717+0000] {processor.py:830} INFO - Processing file /home/airflow/.local/lib/python3.12/site-packages/airflow/example_dags/example_bash_decorator.py for tasks to queue
[2026-07-16T11:07:32.719+0000] {logging_mixin.py:188} INFO - [2026-07-16T11:07:32.719+0000] {dagbag.py:540} INFO - Filling up the DagBag from /home/airflow/.local/lib/python3.12/site-packages/airflow/example_dags/example_bash_decorator.py
[2026-07-16T11:07:32.732+0000] {processor.py:840} INFO - DAG(s) 'example_bash_decorator' retrieved from /home/airflow/.local/lib/python3.12/site-packages/airflow/example_dags/example_bash_decorator.py
[2026-07-16T11:07:32.750+0000] {logging_mixin.py:188} INFO - [2026-07-16T11:07:32.750+0000] {dag.py:3096} INFO - Sync 1 DAGs
[2026-07-16T11:07:32.762+0000] {logging_mixin.py:188} INFO - [2026-07-16T11:07:32.762+0000] {dag.py:3954} INFO - Setting next_dagrun for example_bash_decorator to None, run_after=None
[2026-07-16T11:07:32.780+0000] {processor.py:183} INFO - Processing /home/airflow/.local/lib/python3.12/site-packages/airflow/example_dags/example_bash_decorator.py took 0.070 seconds
[2026-07-16T11:08:03.221+0000] {processor.py:161} INFO - Started process (PID=626) to work on /home/airflow/.local/lib/python3.12/site-packages/airflow/example_dags/example_bash_decorator.py
[2026-07-16T11:08:03.223+0000] {processor.py:830} INFO - Processing file /home/airflow/.local/lib/python3.12/site-packages/airflow/example_dags/example_bash_decorator.py for tasks to queue
[2026-07-16T11:08:03.225+0000] {logging_mixin.py:188} INFO - [2026-07-16T11:08:03.225+0000] {dagbag.py:540} INFO - Filling up the DagBag from /home/airflow/.local/lib/python3.12/site-packages/airflow/example_dags/example_bash_decorator.py
[2026-07-16T11:08:03.235+0000] {processor.py:840} INFO - DAG(s) 'example_bash_decorator' retrieved from /home/airflow/.local/lib/python3.12/site-packages/airflow/example_dags/example_bash_decorator.py
[2026-07-16T11:08:03.256+0000] {logging_mixin.py:188} INFO - [2026-07-16T11:08:03.256+0000] {dag.py:3096} INFO - Sync 1 DAGs
[2026-07-16T11:08:03.267+0000] {logging_mixin.py:188} INFO - [2026-07-16T11:08:03.267+0000] {dag.py:3954} INFO - Setting next_dagrun for example_bash_decorator to None, run_after=None
[2026-07-16T11:08:03.284+0000] {processor.py:183} INFO - Processing /home/airflow/.local/lib/python3.12/site-packages/airflow/example_dags/example_bash_decorator.py took 0.068 seconds
[2026-07-16T11:08:33.400+0000] {processor.py:161} INFO - Started process (PID=685) to work on /home/airflow/.local/lib/python3.12/site-packages/airflow/example_dags/example_bash_decorator.py
[2026-07-16T11:08:33.402+0000] {processor.py:830} INFO - Processing file /home/airflow/.local/lib/python3.12/site-packages/airflow/example_dags/example_bash_decorator.py for tasks to queue
[2026-07-16T11:08:33.404+0000] {logging_mixin.py:188} INFO - [2026-07-16T11:08:33.403+0000] {dagbag.py:540} INFO - Filling up the DagBag from /home/airflow/.local/lib/python3.12/site-packages/airflow/example_dags/example_bash_decorator.py
[2026-07-16T11:08:33.415+0000] {processor.py:840} INFO - DAG(s) 'example_bash_decorator' retrieved from /home/airflow/.local/lib/python3.12/site-packages/airflow/example_dags/example_bash_decorator.py
[2026-07-16T11:08:33.434+0000] {logging_mixin.py:188} INFO - [2026-07-16T11:08:33.433+0000] {dag.py:3096} INFO - Sync 1 DAGs
[2026-07-16T11:08:33.458+0000] {logging_mixin.py:188} INFO - [2026-07-16T11:08:33.457+0000] {dag.py:3954} INFO - Setting next_dagrun for example_bash_decorator to None, run_after=None
[2026-07-16T11:08:33.483+0000] {processor.py:183} INFO - Processing /home/airflow/.local/lib/python3.12/site-packages/airflow/example_dags/example_bash_decorator.py took 0.087 seconds
[2026-07-16T11:09:04.594+0000] {processor.py:161} INFO - Started process (PID=744) to work on /home/airflow/.local/lib/python3.12/site-packages/airflow/example_dags/example_bash_decorator.py
[2026-07-16T11:09:04.595+0000] {processor.py:830} INFO - Processing file /home/airflow/.local/lib/python3.12/site-packages/airflow/example_dags/example_bash_decorator.py for tasks to queue
[2026-07-16T11:09:04.597+0000] {logging_mixin.py:188} INFO - [2026-07-16T11:09:04.597+0000] {dagbag.py:540} INFO - Filling up the DagBag from /home/airflow/.local/lib/python3.12/site-packages/airflow/example_dags/example_bash_decorator.py
[2026-07-16T11:09:04.608+0000] {processor.py:840} INFO - DAG(s) 'example_bash_decorator' retrieved from /home/airflow/.local/lib/python3.12/site-packages/airflow/example_dags/example_bash_decorator.py
[2026-07-16T11:09:04.628+0000] {logging_mixin.py:188} INFO - [2026-07-16T11:09:04.628+0000] {dag.py:3096} INFO - Sync 1 DAGs
[2026-07-16T11:09:04.638+0000] {logging_mixin.py:188} INFO - [2026-07-16T11:09:04.638+0000] {dag.py:3954} INFO - Setting next_dagrun for example_bash_decorator to None, run_after=None
[2026-07-16T11:09:04.657+0000] {processor.py:183} INFO - Processing /home/airflow/.local/lib/python3.12/site-packages/airflow/example_dags/example_bash_decorator.py took 0.068 seconds
[2026-07-16T11:09:35.131+0000] {processor.py:161} INFO - Started process (PID=803) to work on /home/airflow/.local/lib/python3.12/site-packages/airflow/example_dags/example_bash_decorator.py
[2026-07-16T11:09:35.133+0000] {processor.py:830} INFO - Processing file /home/airflow/.local/lib/python3.12/site-packages/airflow/example_dags/example_bash_decorator.py for tasks to queue
[2026-07-16T11:09:35.135+0000] {logging_mixin.py:188} INFO - [2026-07-16T11:09:35.135+0000] {dagbag.py:540} INFO - Filling up the DagBag from /home/airflow/.local/lib/python3.12/site-packages/airflow/example_dags/example_bash_decorator.py
[2026-07-16T11:09:35.146+0000] {processor.py:840} INFO - DAG(s) 'example_bash_decorator' retrieved from /home/airflow/.local/lib/python3.12/site-packages/airflow/example_dags/example_bash_decorator.py
[2026-07-16T11:09:35.165+0000] {logging_mixin.py:188} INFO - [2026-07-16T11:09:35.165+0000] {dag.py:3096} INFO - Sync 1 DAGs
[2026-07-16T11:09:35.179+0000] {logging_mixin.py:188} INFO - [2026-07-16T11:09:35.179+0000] {dag.py:3954} INFO - Setting next_dagrun for example_bash_decorator to None, run_after=None
[2026-07-16T11:09:35.197+0000] {processor.py:183} INFO - Processing /home/airflow/.local/lib/python3.12/site-packages/airflow/example_dags/example_bash_decorator.py took 0.070 seconds
[2026-07-16T11:10:05.559+0000] {processor.py:161} INFO - Started process (PID=862) to work on /home/airflow/.local/lib/python3.12/site-packages/airflow/example_dags/example_bash_decorator.py
[2026-07-16T11:10:05.560+0000] {processor.py:830} INFO - Processing file /home/airflow/.local/lib/python3.12/site-packages/airflow/example_dags/example_bash_decorator.py for tasks to queue
[2026-07-16T11:10:05.563+0000] {logging_mixin.py:188} INFO - [2026-07-16T11:10:05.562+0000] {dagbag.py:540} INFO - Filling up the DagBag from /home/airflow/.local/lib/python3.12/site-packages/airflow/example_dags/example_bash_decorator.py
[2026-07-16T11:10:05.574+0000] {processor.py:840} INFO - DAG(s) 'example_bash_decorator' retrieved from /home/airflow/.local/lib/python3.12/site-packages/airflow/example_dags/example_bash_decorator.py
[2026-07-16T11:10:05.593+0000] {logging_mixin.py:188} INFO - [2026-07-16T11:10:05.592+0000] {dag.py:3096} INFO - Sync 1 DAGs
[2026-07-16T11:10:05.603+0000] {logging_mixin.py:188} INFO - [2026-07-16T11:10:05.603+0000] {dag.py:3954} INFO - Setting next_dagrun for example_bash_decorator to None, run_after=None
[2026-07-16T11:10:05.622+0000] {processor.py:183} INFO - Processing /home/airflow/.local/lib/python3.12/site-packages/airflow/example_dags/example_bash_decorator.py took 0.068 seconds
[2026-07-16T11:10:35.699+0000] {processor.py:161} INFO - Started process (PID=921) to work on /home/airflow/.local/lib/python3.12/site-packages/airflow/example_dags/example_bash_decorator.py
[2026-07-16T11:10:35.700+0000] {processor.py:830} INFO - Processing file /home/airflow/.local/lib/python3.12/site-packages/airflow/example_dags/example_bash_decorator.py for tasks to queue
[2026-07-16T11:10:35.702+0000] {logging_mixin.py:188} INFO - [2026-07-16T11:10:35.702+0000] {dagbag.py:540} INFO - Filling up the DagBag from /home/airflow/.local/lib/python3.12/site-packages/airflow/example_dags/example_bash_decorator.py
[2026-07-16T11:10:35.714+0000] {processor.py:840} INFO - DAG(s) 'example_bash_decorator' retrieved from /home/airflow/.local/lib/python3.12/site-packages/airflow/example_dags/example_bash_decorator.py
[2026-07-16T11:10:35.737+0000] {logging_mixin.py:188} INFO - [2026-07-16T11:10:35.737+0000] {dag.py:3096} INFO - Sync 1 DAGs
[2026-07-16T11:10:35.750+0000] {logging_mixin.py:188} INFO - [2026-07-16T11:10:35.750+0000] {dag.py:3954} INFO - Setting next_dagrun for example_bash_decorator to None, run_after=None
[2026-07-16T11:10:35.768+0000] {processor.py:183} INFO - Processing /home/airflow/.local/lib/python3.12/site-packages/airflow/example_dags/example_bash_decorator.py took 0.074 seconds
[2026-07-16T11:11:06.630+0000] {processor.py:161} INFO - Started process (PID=980) to work on /home/airflow/.local/lib/python3.12/site-packages/airflow/example_dags/example_bash_decorator.py
[2026-07-16T11:11:06.632+0000] {processor.py:830} INFO - Processing file /home/airflow/.local/lib/python3.12/site-packages/airflow/example_dags/example_bash_decorator.py for tasks to queue
[2026-07-16T11:11:06.634+0000] {logging_mixin.py:188} INFO - [2026-07-16T11:11:06.633+0000] {dagbag.py:540} INFO - Filling up the DagBag from /home/airflow/.local/lib/python3.12/site-packages/airflow/example_dags/example_bash_decorator.py
[2026-07-16T11:11:06.645+0000] {processor.py:840} INFO - DAG(s) 'example_bash_decorator' retrieved from /home/airflow/.local/lib/python3.12/site-packages/airflow/example_dags/example_bash_decorator.py
[2026-07-16T11:11:06.669+0000] {logging_mixin.py:188} INFO - [2026-07-16T11:11:06.668+0000] {dag.py:3096} INFO - Sync 1 DAGs
[2026-07-16T11:11:06.684+0000] {logging_mixin.py:188} INFO - [2026-07-16T11:11:06.683+0000] {dag.py:3954} INFO - Setting next_dagrun for example_bash_decorator to None, run_after=None
[2026-07-16T11:11:06.703+0000] {processor.py:183} INFO - Processing /home/airflow/.local/lib/python3.12/site-packages/airflow/example_dags/example_bash_decorator.py took 0.078 seconds
[2026-07-16T11:11:36.750+0000] {processor.py:161} INFO - Started process (PID=1039) to work on /home/airflow/.local/lib/python3.12/site-packages/airflow/example_dags/example_bash_decorator.py
[2026-07-16T11:11:36.751+0000] {processor.py:830} INFO - Processing file /home/airflow/.local/lib/python3.12/site-packages/airflow/example_dags/example_bash_decorator.py for tasks to queue
[2026-07-16T11:11:36.753+0000] {logging_mixin.py:188} INFO - [2026-07-16T11:11:36.753+0000] {dagbag.py:540} INFO - Filling up the DagBag from /home/airflow/.local/lib/python3.12/site-packages/airflow/example_dags/example_bash_decorator.py
[2026-07-16T11:11:36.765+0000] {processor.py:840} INFO - DAG(s) 'example_bash_decorator' retrieved from /home/airflow/.local/lib/python3.12/site-packages/airflow/example_dags/example_bash_decorator.py
[2026-07-16T11:11:36.793+0000] {logging_mixin.py:188} INFO - [2026-07-16T11:11:36.793+0000] {dag.py:3096} INFO - Sync 1 DAGs
[2026-07-16T11:11:36.804+0000] {logging_mixin.py:188} INFO - [2026-07-16T11:11:36.804+0000] {dag.py:3954} INFO - Setting next_dagrun for example_bash_decorator to None, run_after=None
[2026-07-16T11:11:36.824+0000] {processor.py:183} INFO - Processing /home/airflow/.local/lib/python3.12/site-packages/airflow/example_dags/example_bash_decorator.py took 0.079 seconds
[2026-07-16T11:12:07.707+0000] {processor.py:161} INFO - Started process (PID=1098) to work on /home/airflow/.local/lib/python3.12/site-packages/airflow/example_dags/example_bash_decorator.py
[2026-07-16T11:12:07.708+0000] {processor.py:830} INFO - Processing file /home/airflow/.local/lib/python3.12/site-packages/airflow/example_dags/example_bash_decorator.py for tasks to queue
[2026-07-16T11:12:07.711+0000] {logging_mixin.py:188} INFO - [2026-07-16T11:12:07.710+0000] {dagbag.py:540} INFO - Filling up the DagBag from /home/airflow/.local/lib/python3.12/site-packages/airflow/example_dags/example_bash_decorator.py
[2026-07-16T11:12:07.724+0000] {processor.py:840} INFO - DAG(s) 'example_bash_decorator' retrieved from /home/airflow/.local/lib/python3.12/site-packages/airflow/example_dags/example_bash_decorator.py
[2026-07-16T11:12:07.749+0000] {logging_mixin.py:188} INFO - [2026-07-16T11:12:07.749+0000] {dag.py:3096} INFO - Sync 1 DAGs
[2026-07-16T11:12:07.778+0000] {logging_mixin.py:188} INFO - [2026-07-16T11:12:07.778+0000] {dag.py:3954} INFO - Setting next_dagrun for example_bash_decorator to None, run_after=None
[2026-07-16T11:12:07.799+0000] {processor.py:183} INFO - Processing /home/airflow/.local/lib/python3.12/site-packages/airflow/example_dags/example_bash_decorator.py took 0.099 seconds
[2026-07-16T11:12:38.116+0000] {processor.py:161} INFO - Started process (PID=1157) to work on /home/airflow/.local/lib/python3.12/site-packages/airflow/example_dags/example_bash_decorator.py
[2026-07-16T11:12:38.118+0000] {processor.py:830} INFO - Processing file /home/airflow/.local/lib/python3.12/site-packages/airflow/example_dags/example_bash_decorator.py for tasks to queue
[2026-07-16T11:12:38.121+0000] {logging_mixin.py:188} INFO - [2026-07-16T11:12:38.120+0000] {dagbag.py:540} INFO - Filling up the DagBag from /home/airflow/.local/lib/python3.12/site-packages/airflow/example_dags/example_bash_decorator.py
[2026-07-16T11:12:38.132+0000] {processor.py:840} INFO - DAG(s) 'example_bash_decorator' retrieved from /home/airflow/.local/lib/python3.12/site-packages/airflow/example_dags/example_bash_decorator.py
[2026-07-16T11:12:38.159+0000] {logging_mixin.py:188} INFO - [2026-07-16T11:12:38.158+0000] {dag.py:3096} INFO - Sync 1 DAGs
[2026-07-16T11:12:38.173+0000] {logging_mixin.py:188} INFO - [2026-07-16T11:12:38.172+0000] {dag.py:3954} INFO - Setting next_dagrun for example_bash_decorator to None, run_after=None
[2026-07-16T11:12:38.210+0000] {processor.py:183} INFO - Processing /home/airflow/.local/lib/python3.12/site-packages/airflow/example_dags/example_bash_decorator.py took 0.099 seconds
[2026-07-16T11:13:08.375+0000] {processor.py:161} INFO - Started process (PID=1216) to work on /home/airflow/.local/lib/python3.12/site-packages/airflow/example_dags/example_bash_decorator.py
[2026-07-16T11:13:08.377+0000] {processor.py:830} INFO - Processing file /home/airflow/.local/lib/python3.12/site-packages/airflow/example_dags/example_bash_decorator.py for tasks to queue
[2026-07-16T11:13:08.379+0000] {logging_mixin.py:188} INFO - [2026-07-16T11:13:08.379+0000] {dagbag.py:540} INFO - Filling up the DagBag from /home/airflow/.local/lib/python3.12/site-packages/airflow/example_dags/example_bash_decorator.py
[2026-07-16T11:13:08.391+0000] {processor.py:840} INFO - DAG(s) 'example_bash_decorator' retrieved from /home/airflow/.local/lib/python3.12/site-packages/airflow/example_dags/example_bash_decorator.py
[2026-07-16T11:13:08.412+0000] {logging_mixin.py:188} INFO - [2026-07-16T11:13:08.412+0000] {dag.py:3096} INFO - Sync 1 DAGs
[2026-07-16T11:13:08.423+0000] {logging_mixin.py:188} INFO - [2026-07-16T11:13:08.422+0000] {dag.py:3954} INFO - Setting next_dagrun for example_bash_decorator to None, run_after=None
[2026-07-16T11:13:08.445+0000] {processor.py:183} INFO - Processing /home/airflow/.local/lib/python3.12/site-packages/airflow/example_dags/example_bash_decorator.py took 0.075 seconds
[2026-07-16T11:13:39.403+0000] {processor.py:161} INFO - Started process (PID=1275) to work on /home/airflow/.local/lib/python3.12/site-packages/airflow/example_dags/example_bash_decorator.py
[2026-07-16T11:13:39.404+0000] {processor.py:830} INFO - Processing file /home/airflow/.local/lib/python3.12/site-packages/airflow/example_dags/example_bash_decorator.py for tasks to queue
[2026-07-16T11:13:39.407+0000] {logging_mixin.py:188} INFO - [2026-07-16T11:13:39.407+0000] {dagbag.py:540} INFO - Filling up the DagBag from /home/airflow/.local/lib/python3.12/site-packages/airflow/example_dags/example_bash_decorator.py
[2026-07-16T11:13:39.419+0000] {processor.py:840} INFO - DAG(s) 'example_bash_decorator' retrieved from /home/airflow/.local/lib/python3.12/site-packages/airflow/example_dags/example_bash_decorator.py
[2026-07-16T11:13:39.445+0000] {logging_mixin.py:188} INFO - [2026-07-16T11:13:39.444+0000] {dag.py:3096} INFO - Sync 1 DAGs
[2026-07-16T11:13:39.459+0000] {logging_mixin.py:188} INFO - [2026-07-16T11:13:39.459+0000] {dag.py:3954} INFO - Setting next_dagrun for example_bash_decorator to None, run_after=None
[2026-07-16T11:13:39.507+0000] {processor.py:183} INFO - Processing /home/airflow/.local/lib/python3.12/site-packages/airflow/example_dags/example_bash_decorator.py took 0.109 seconds
[2026-07-16T11:14:09.659+0000] {processor.py:161} INFO - Started process (PID=1334) to work on /home/airflow/.local/lib/python3.12/site-packages/airflow/example_dags/example_bash_decorator.py
[2026-07-16T11:14:09.661+0000] {processor.py:830} INFO - Processing file /home/airflow/.local/lib/python3.12/site-packages/airflow/example_dags/example_bash_decorator.py for tasks to queue
[2026-07-16T11:14:09.663+0000] {logging_mixin.py:188} INFO - [2026-07-16T11:14:09.663+0000] {dagbag.py:540} INFO - Filling up the DagBag from /home/airflow/.local/lib/python3.12/site-packages/airflow/example_dags/example_bash_decorator.py
[2026-07-16T11:14:09.675+0000] {processor.py:840} INFO - DAG(s) 'example_bash_decorator' retrieved from /home/airflow/.local/lib/python3.12/site-packages/airflow/example_dags/example_bash_decorator.py
[2026-07-16T11:14:09.694+0000] {logging_mixin.py:188} INFO - [2026-07-16T11:14:09.694+0000] {dag.py:3096} INFO - Sync 1 DAGs
[2026-07-16T11:14:09.704+0000] {logging_mixin.py:188} INFO - [2026-07-16T11:14:09.704+0000] {dag.py:3954} INFO - Setting next_dagrun for example_bash_decorator to None, run_after=None
[2026-07-16T11:14:09.722+0000] {processor.py:183} INFO - Processing /home/airflow/.local/lib/python3.12/site-packages/airflow/example_dags/example_bash_decorator.py took 0.067 seconds
[2026-07-16T11:14:39.812+0000] {processor.py:161} INFO - Started process (PID=1393) to work on /home/airflow/.local/lib/python3.12/site-packages/airflow/example_dags/example_bash_decorator.py
[2026-07-16T11:14:39.814+0000] {processor.py:830} INFO - Processing file /home/airflow/.local/lib/python3.12/site-packages/airflow/example_dags/example_bash_decorator.py for tasks to queue
[2026-07-16T11:14:39.816+0000] {logging_mixin.py:188} INFO - [2026-07-16T11:14:39.816+0000] {dagbag.py:540} INFO - Filling up the DagBag from /home/airflow/.local/lib/python3.12/site-packages/airflow/example_dags/example_bash_decorator.py
[2026-07-16T11:14:39.828+0000] {processor.py:840} INFO - DAG(s) 'example_bash_decorator' retrieved from /home/airflow/.local/lib/python3.12/site-packages/airflow/example_dags/example_bash_decorator.py
[2026-07-16T11:14:39.848+0000] {logging_mixin.py:188} INFO - [2026-07-16T11:14:39.847+0000] {dag.py:3096} INFO - Sync 1 DAGs
[2026-07-16T11:14:39.858+0000] {logging_mixin.py:188} INFO - [2026-07-16T11:14:39.858+0000] {dag.py:3954} INFO - Setting next_dagrun for example_bash_decorator to None, run_after=None
[2026-07-16T11:14:39.876+0000] {processor.py:183} INFO - Processing /home/airflow/.local/lib/python3.12/site-packages/airflow/example_dags/example_bash_decorator.py took 0.068 seconds
[2026-07-16T11:15:10.433+0000] {processor.py:161} INFO - Started process (PID=1452) to work on /home/airflow/.local/lib/python3.12/site-packages/airflow/example_dags/example_bash_decorator.py
[2026-07-16T11:15:10.435+0000] {processor.py:830} INFO - Processing file /home/airflow/.local/lib/python3.12/site-packages/airflow/example_dags/example_bash_decorator.py for tasks to queue
[2026-07-16T11:15:10.438+0000] {logging_mixin.py:188} INFO - [2026-07-16T11:15:10.438+0000] {dagbag.py:540} INFO - Filling up the DagBag from /home/airflow/.local/lib/python3.12/site-packages/airflow/example_dags/example_bash_decorator.py
[2026-07-16T11:15:10.456+0000] {processor.py:840} INFO - DAG(s) 'example_bash_decorator' retrieved from /home/airflow/.local/lib/python3.12/site-packages/airflow/example_dags/example_bash_decorator.py
[2026-07-16T11:15:10.497+0000] {logging_mixin.py:188} INFO - [2026-07-16T11:15:10.496+0000] {dag.py:3096} INFO - Sync 1 DAGs
[2026-07-16T11:15:10.515+0000] {logging_mixin.py:188} INFO - [2026-07-16T11:15:10.514+0000] {dag.py:3954} INFO - Setting next_dagrun for example_bash_decorator to None, run_after=None
[2026-07-16T11:15:10.551+0000] {processor.py:183} INFO - Processing /home/airflow/.local/lib/python3.12/site-packages/airflow/example_dags/example_bash_decorator.py took 0.124 seconds
[2026-07-16T11:15:40.822+0000] {processor.py:161} INFO - Started process (PID=1511) to work on /home/airflow/.local/lib/python3.12/site-packages/airflow/example_dags/example_bash_decorator.py
[2026-07-16T11:15:40.824+0000] {processor.py:830} INFO - Processing file /home/airflow/.local/lib/python3.12/site-packages/airflow/example_dags/example_bash_decorator.py for tasks to queue
[2026-07-16T11:15:40.827+0000] {logging_mixin.py:188} INFO - [2026-07-16T11:15:40.827+0000] {dagbag.py:540} INFO - Filling up the DagBag from /home/airflow/.local/lib/python3.12/site-packages/airflow/example_dags/example_bash_decorator.py
[2026-07-16T11:15:40.849+0000] {processor.py:840} INFO - DAG(s) 'example_bash_decorator' retrieved from /home/airflow/.local/lib/python3.12/site-packages/airflow/example_dags/example_bash_decorator.py
[2026-07-16T11:15:40.885+0000] {logging_mixin.py:188} INFO - [2026-07-16T11:15:40.885+0000] {dag.py:3096} INFO - Sync 1 DAGs
[2026-07-16T11:15:40.903+0000] {logging_mixin.py:188} INFO - [2026-07-16T11:15:40.902+0000] {dag.py:3954} INFO - Setting next_dagrun for example_bash_decorator to None, run_after=None
[2026-07-16T11:15:40.927+0000] {processor.py:183} INFO - Processing /home/airflow/.local/lib/python3.12/site-packages/airflow/example_dags/example_bash_decorator.py took 0.115 seconds
[2026-07-16T11:16:11.523+0000] {processor.py:161} INFO - Started process (PID=1570) to work on /home/airflow/.local/lib/python3.12/site-packages/airflow/example_dags/example_bash_decorator.py
[2026-07-16T11:16:11.525+0000] {processor.py:830} INFO - Processing file /home/airflow/.local/lib/python3.12/site-packages/airflow/example_dags/example_bash_decorator.py for tasks to queue
[2026-07-16T11:16:11.529+0000] {logging_mixin.py:188} INFO - [2026-07-16T11:16:11.528+0000] {dagbag.py:540} INFO - Filling up the DagBag from /home/airflow/.local/lib/python3.12/site-packages/airflow/example_dags/example_bash_decorator.py
[2026-07-16T11:16:11.557+0000] {processor.py:840} INFO - DAG(s) 'example_bash_decorator' retrieved from /home/airflow/.local/lib/python3.12/site-packages/airflow/example_dags/example_bash_decorator.py
[2026-07-16T11:16:11.606+0000] {logging_mixin.py:188} INFO - [2026-07-16T11:16:11.606+0000] {dag.py:3096} INFO - Sync 1 DAGs
[2026-07-16T11:16:11.625+0000] {logging_mixin.py:188} INFO - [2026-07-16T11:16:11.625+0000] {dag.py:3954} INFO - Setting next_dagrun for example_bash_decorator to None, run_after=None
[2026-07-16T11:16:11.653+0000] {processor.py:183} INFO - Processing /home/airflow/.local/lib/python3.12/site-packages/airflow/example_dags/example_bash_decorator.py took 0.138 seconds
[2026-07-16T11:16:42.350+0000] {processor.py:161} INFO - Started process (PID=1629) to work on /home/airflow/.local/lib/python3.12/site-packages/airflow/example_dags/example_bash_decorator.py
[2026-07-16T11:16:42.352+0000] {processor.py:830} INFO - Processing file /home/airflow/.local/lib/python3.12/site-packages/airflow/example_dags/example_bash_decorator.py for tasks to queue
[2026-07-16T11:16:42.354+0000] {logging_mixin.py:188} INFO - [2026-07-16T11:16:42.354+0000] {dagbag.py:540} INFO - Filling up the DagBag from /home/airflow/.local/lib/python3.12/site-packages/airflow/example_dags/example_bash_decorator.py
[2026-07-16T11:16:42.367+0000] {processor.py:840} INFO - DAG(s) 'example_bash_decorator' retrieved from /home/airflow/.local/lib/python3.12/site-packages/airflow/example_dags/example_bash_decorator.py
[2026-07-16T11:16:42.387+0000] {logging_mixin.py:188} INFO - [2026-07-16T11:16:42.386+0000] {dag.py:3096} INFO - Sync 1 DAGs
[2026-07-16T11:16:42.398+0000] {logging_mixin.py:188} INFO - [2026-07-16T11:16:42.398+0000] {dag.py:3954} INFO - Setting next_dagrun for example_bash_decorator to None, run_after=None
[2026-07-16T11:16:42.416+0000] {processor.py:183} INFO - Processing /home/airflow/.local/lib/python3.12/site-packages/airflow/example_dags/example_bash_decorator.py took 0.070 seconds
[2026-07-16T11:17:13.192+0000] {processor.py:161} INFO - Started process (PID=1688) to work on /home/airflow/.local/lib/python3.12/site-packages/airflow/example_dags/example_bash_decorator.py
[2026-07-16T11:17:13.194+0000] {processor.py:830} INFO - Processing file /home/airflow/.local/lib/python3.12/site-packages/airflow/example_dags/example_bash_decorator.py for tasks to queue
[2026-07-16T11:17:13.196+0000] {logging_mixin.py:188} INFO - [2026-07-16T11:17:13.195+0000] {dagbag.py:540} INFO - Filling up the DagBag from /home/airflow/.local/lib/python3.12/site-packages/airflow/example_dags/example_bash_decorator.py
[2026-07-16T11:17:13.207+0000] {processor.py:840} INFO - DAG(s) 'example_bash_decorator' retrieved from /home/airflow/.local/lib/python3.12/site-packages/airflow/example_dags/example_bash_decorator.py
[2026-07-16T11:17:13.227+0000] {logging_mixin.py:188} INFO - [2026-07-16T11:17:13.227+0000] {dag.py:3096} INFO - Sync 1 DAGs
[2026-07-16T11:17:13.238+0000] {logging_mixin.py:188} INFO - [2026-07-16T11:17:13.238+0000] {dag.py:3954} INFO - Setting next_dagrun for example_bash_decorator to None, run_after=None
[2026-07-16T11:17:13.257+0000] {processor.py:183} INFO - Processing /home/airflow/.local/lib/python3.12/site-packages/airflow/example_dags/example_bash_decorator.py took 0.070 seconds
[2026-07-16T11:17:43.517+0000] {processor.py:161} INFO - Started process (PID=1747) to work on /home/airflow/.local/lib/python3.12/site-packages/airflow/example_dags/example_bash_decorator.py
[2026-07-16T11:17:43.518+0000] {processor.py:830} INFO - Processing file /home/airflow/.local/lib/python3.12/site-packages/airflow/example_dags/example_bash_decorator.py for tasks to queue
[2026-07-16T11:17:43.521+0000] {logging_mixin.py:188} INFO - [2026-07-16T11:17:43.520+0000] {dagbag.py:540} INFO - Filling up the DagBag from /home/airflow/.local/lib/python3.12/site-packages/airflow/example_dags/example_bash_decorator.py
[2026-07-16T11:17:43.536+0000] {processor.py:840} INFO - DAG(s) 'example_bash_decorator' retrieved from /home/airflow/.local/lib/python3.12/site-packages/airflow/example_dags/example_bash_decorator.py
[2026-07-16T11:17:43.559+0000] {logging_mixin.py:188} INFO - [2026-07-16T11:17:43.559+0000] {dag.py:3096} INFO - Sync 1 DAGs
[2026-07-16T11:17:43.573+0000] {logging_mixin.py:188} INFO - [2026-07-16T11:17:43.573+0000] {dag.py:3954} INFO - Setting next_dagrun for example_bash_decorator to None, run_after=None
[2026-07-16T11:17:43.596+0000] {processor.py:183} INFO - Processing /home/airflow/.local/lib/python3.12/site-packages/airflow/example_dags/example_bash_decorator.py took 0.085 seconds
[2026-07-16T11:18:14.560+0000] {processor.py:161} INFO - Started process (PID=1806) to work on /home/airflow/.local/lib/python3.12/site-packages/airflow/example_dags/example_bash_decorator.py
[2026-07-16T11:18:14.562+0000] {processor.py:830} INFO - Processing file /home/airflow/.local/lib/python3.12/site-packages/airflow/example_dags/example_bash_decorator.py for tasks to queue
[2026-07-16T11:18:14.566+0000] {logging_mixin.py:188} INFO - [2026-07-16T11:18:14.565+0000] {dagbag.py:540} INFO - Filling up the DagBag from /home/airflow/.local/lib/python3.12/site-packages/airflow/example_dags/example_bash_decorator.py
[2026-07-16T11:18:14.583+0000] {processor.py:840} INFO - DAG(s) 'example_bash_decorator' retrieved from /home/airflow/.local/lib/python3.12/site-packages/airflow/example_dags/example_bash_decorator.py
[2026-07-16T11:18:14.618+0000] {logging_mixin.py:188} INFO - [2026-07-16T11:18:14.618+0000] {dag.py:3096} INFO - Sync 1 DAGs
[2026-07-16T11:18:14.633+0000] {logging_mixin.py:188} INFO - [2026-07-16T11:18:14.633+0000] {dag.py:3954} INFO - Setting next_dagrun for example_bash_decorator to None, run_after=None
[2026-07-16T11:18:14.667+0000] {processor.py:183} INFO - Processing /home/airflow/.local/lib/python3.12/site-packages/airflow/example_dags/example_bash_decorator.py took 0.113 seconds
