[2026-07-16T11:03:30.049+0000] {processor.py:161} INFO - Started process (PID=104) to work on /home/airflow/.local/lib/python3.12/site-packages/airflow/example_dags/example_nested_branch_dag.py
[2026-07-16T11:03:30.051+0000] {processor.py:830} INFO - Processing file /home/airflow/.local/lib/python3.12/site-packages/airflow/example_dags/example_nested_branch_dag.py for tasks to queue
[2026-07-16T11:03:30.055+0000] {logging_mixin.py:188} INFO - [2026-07-16T11:03:30.054+0000] {dagbag.py:540} INFO - Filling up the DagBag from /home/airflow/.local/lib/python3.12/site-packages/airflow/example_dags/example_nested_branch_dag.py
[2026-07-16T11:03:30.071+0000] {processor.py:840} INFO - DAG(s) 'example_nested_branch_dag' retrieved from /home/airflow/.local/lib/python3.12/site-packages/airflow/example_dags/example_nested_branch_dag.py
[2026-07-16T11:03:30.097+0000] {logging_mixin.py:188} INFO - [2026-07-16T11:03:30.097+0000] {dag.py:3096} INFO - Sync 1 DAGs
[2026-07-16T11:03:30.138+0000] {logging_mixin.py:188} INFO - [2026-07-16T11:03:30.137+0000] {dag.py:3954} INFO - Setting next_dagrun for example_nested_branch_dag to 2026-07-15 00:00:00+00:00, run_after=2026-07-16 00:00:00+00:00
[2026-07-16T11:03:30.168+0000] {processor.py:183} INFO - Processing /home/airflow/.local/lib/python3.12/site-packages/airflow/example_dags/example_nested_branch_dag.py took 0.128 seconds
[2026-07-16T11:04:00.867+0000] {processor.py:161} INFO - Started process (PID=163) to work on /home/airflow/.local/lib/python3.12/site-packages/airflow/example_dags/example_nested_branch_dag.py
[2026-07-16T11:04:00.868+0000] {processor.py:830} INFO - Processing file /home/airflow/.local/lib/python3.12/site-packages/airflow/example_dags/example_nested_branch_dag.py for tasks to queue
[2026-07-16T11:04:00.870+0000] {logging_mixin.py:188} INFO - [2026-07-16T11:04:00.870+0000] {dagbag.py:540} INFO - Filling up the DagBag from /home/airflow/.local/lib/python3.12/site-packages/airflow/example_dags/example_nested_branch_dag.py
[2026-07-16T11:04:00.880+0000] {processor.py:840} INFO - DAG(s) 'example_nested_branch_dag' retrieved from /home/airflow/.local/lib/python3.12/site-packages/airflow/example_dags/example_nested_branch_dag.py
[2026-07-16T11:04:00.975+0000] {logging_mixin.py:188} INFO - [2026-07-16T11:04:00.975+0000] {dag.py:3096} INFO - Sync 1 DAGs
[2026-07-16T11:04:00.991+0000] {logging_mixin.py:188} INFO - [2026-07-16T11:04:00.991+0000] {dag.py:3954} INFO - Setting next_dagrun for example_nested_branch_dag to 2026-07-15 00:00:00+00:00, run_after=2026-07-16 00:00:00+00:00
[2026-07-16T11:04:01.007+0000] {processor.py:183} INFO - Processing /home/airflow/.local/lib/python3.12/site-packages/airflow/example_dags/example_nested_branch_dag.py took 0.145 seconds
[2026-07-16T11:04:31.662+0000] {processor.py:161} INFO - Started process (PID=223) to work on /home/airflow/.local/lib/python3.12/site-packages/airflow/example_dags/example_nested_branch_dag.py
[2026-07-16T11:04:31.664+0000] {processor.py:830} INFO - Processing file /home/airflow/.local/lib/python3.12/site-packages/airflow/example_dags/example_nested_branch_dag.py for tasks to queue
[2026-07-16T11:04:31.666+0000] {logging_mixin.py:188} INFO - [2026-07-16T11:04:31.665+0000] {dagbag.py:540} INFO - Filling up the DagBag from /home/airflow/.local/lib/python3.12/site-packages/airflow/example_dags/example_nested_branch_dag.py
[2026-07-16T11:04:31.674+0000] {processor.py:840} INFO - DAG(s) 'example_nested_branch_dag' retrieved from /home/airflow/.local/lib/python3.12/site-packages/airflow/example_dags/example_nested_branch_dag.py
[2026-07-16T11:04:31.692+0000] {logging_mixin.py:188} INFO - [2026-07-16T11:04:31.692+0000] {dag.py:3096} INFO - Sync 1 DAGs
[2026-07-16T11:04:31.715+0000] {logging_mixin.py:188} INFO - [2026-07-16T11:04:31.715+0000] {dag.py:3954} INFO - Setting next_dagrun for example_nested_branch_dag to 2026-07-15 00:00:00+00:00, run_after=2026-07-16 00:00:00+00:00
[2026-07-16T11:04:31.734+0000] {processor.py:183} INFO - Processing /home/airflow/.local/lib/python3.12/site-packages/airflow/example_dags/example_nested_branch_dag.py took 0.077 seconds
[2026-07-16T11:05:01.804+0000] {processor.py:161} INFO - Started process (PID=282) to work on /home/airflow/.local/lib/python3.12/site-packages/airflow/example_dags/example_nested_branch_dag.py
[2026-07-16T11:05:01.805+0000] {processor.py:830} INFO - Processing file /home/airflow/.local/lib/python3.12/site-packages/airflow/example_dags/example_nested_branch_dag.py for tasks to queue
[2026-07-16T11:05:01.808+0000] {logging_mixin.py:188} INFO - [2026-07-16T11:05:01.808+0000] {dagbag.py:540} INFO - Filling up the DagBag from /home/airflow/.local/lib/python3.12/site-packages/airflow/example_dags/example_nested_branch_dag.py
[2026-07-16T11:05:01.817+0000] {processor.py:840} INFO - DAG(s) 'example_nested_branch_dag' retrieved from /home/airflow/.local/lib/python3.12/site-packages/airflow/example_dags/example_nested_branch_dag.py
[2026-07-16T11:05:01.835+0000] {logging_mixin.py:188} INFO - [2026-07-16T11:05:01.834+0000] {dag.py:3096} INFO - Sync 1 DAGs
[2026-07-16T11:05:01.855+0000] {logging_mixin.py:188} INFO - [2026-07-16T11:05:01.855+0000] {dag.py:3954} INFO - Setting next_dagrun for example_nested_branch_dag to 2026-07-15 00:00:00+00:00, run_after=2026-07-16 00:00:00+00:00
[2026-07-16T11:05:01.874+0000] {processor.py:183} INFO - Processing /home/airflow/.local/lib/python3.12/site-packages/airflow/example_dags/example_nested_branch_dag.py took 0.075 seconds
[2026-07-16T11:05:32.029+0000] {processor.py:161} INFO - Started process (PID=341) to work on /home/airflow/.local/lib/python3.12/site-packages/airflow/example_dags/example_nested_branch_dag.py
[2026-07-16T11:05:32.030+0000] {processor.py:830} INFO - Processing file /home/airflow/.local/lib/python3.12/site-packages/airflow/example_dags/example_nested_branch_dag.py for tasks to queue
[2026-07-16T11:05:32.033+0000] {logging_mixin.py:188} INFO - [2026-07-16T11:05:32.032+0000] {dagbag.py:540} INFO - Filling up the DagBag from /home/airflow/.local/lib/python3.12/site-packages/airflow/example_dags/example_nested_branch_dag.py
[2026-07-16T11:05:32.042+0000] {processor.py:840} INFO - DAG(s) 'example_nested_branch_dag' retrieved from /home/airflow/.local/lib/python3.12/site-packages/airflow/example_dags/example_nested_branch_dag.py
[2026-07-16T11:05:32.063+0000] {logging_mixin.py:188} INFO - [2026-07-16T11:05:32.063+0000] {dag.py:3096} INFO - Sync 1 DAGs
[2026-07-16T11:05:32.084+0000] {logging_mixin.py:188} INFO - [2026-07-16T11:05:32.084+0000] {dag.py:3954} INFO - Setting next_dagrun for example_nested_branch_dag to 2026-07-15 00:00:00+00:00, run_after=2026-07-16 00:00:00+00:00
[2026-07-16T11:05:32.103+0000] {processor.py:183} INFO - Processing /home/airflow/.local/lib/python3.12/site-packages/airflow/example_dags/example_nested_branch_dag.py took 0.079 seconds
[2026-07-16T11:06:02.580+0000] {processor.py:161} INFO - Started process (PID=400) to work on /home/airflow/.local/lib/python3.12/site-packages/airflow/example_dags/example_nested_branch_dag.py
[2026-07-16T11:06:02.582+0000] {processor.py:830} INFO - Processing file /home/airflow/.local/lib/python3.12/site-packages/airflow/example_dags/example_nested_branch_dag.py for tasks to queue
[2026-07-16T11:06:02.584+0000] {logging_mixin.py:188} INFO - [2026-07-16T11:06:02.584+0000] {dagbag.py:540} INFO - Filling up the DagBag from /home/airflow/.local/lib/python3.12/site-packages/airflow/example_dags/example_nested_branch_dag.py
[2026-07-16T11:06:02.593+0000] {processor.py:840} INFO - DAG(s) 'example_nested_branch_dag' retrieved from /home/airflow/.local/lib/python3.12/site-packages/airflow/example_dags/example_nested_branch_dag.py
[2026-07-16T11:06:02.612+0000] {logging_mixin.py:188} INFO - [2026-07-16T11:06:02.611+0000] {dag.py:3096} INFO - Sync 1 DAGs
[2026-07-16T11:06:02.632+0000] {logging_mixin.py:188} INFO - [2026-07-16T11:06:02.631+0000] {dag.py:3954} INFO - Setting next_dagrun for example_nested_branch_dag to 2026-07-15 00:00:00+00:00, run_after=2026-07-16 00:00:00+00:00
[2026-07-16T11:06:02.651+0000] {processor.py:183} INFO - Processing /home/airflow/.local/lib/python3.12/site-packages/airflow/example_dags/example_nested_branch_dag.py took 0.076 seconds
[2026-07-16T11:06:33.451+0000] {processor.py:161} INFO - Started process (PID=459) to work on /home/airflow/.local/lib/python3.12/site-packages/airflow/example_dags/example_nested_branch_dag.py
[2026-07-16T11:06:33.453+0000] {processor.py:830} INFO - Processing file /home/airflow/.local/lib/python3.12/site-packages/airflow/example_dags/example_nested_branch_dag.py for tasks to queue
[2026-07-16T11:06:33.455+0000] {logging_mixin.py:188} INFO - [2026-07-16T11:06:33.455+0000] {dagbag.py:540} INFO - Filling up the DagBag from /home/airflow/.local/lib/python3.12/site-packages/airflow/example_dags/example_nested_branch_dag.py
[2026-07-16T11:06:33.464+0000] {processor.py:840} INFO - DAG(s) 'example_nested_branch_dag' retrieved from /home/airflow/.local/lib/python3.12/site-packages/airflow/example_dags/example_nested_branch_dag.py
[2026-07-16T11:06:33.482+0000] {logging_mixin.py:188} INFO - [2026-07-16T11:06:33.481+0000] {dag.py:3096} INFO - Sync 1 DAGs
[2026-07-16T11:06:33.501+0000] {logging_mixin.py:188} INFO - [2026-07-16T11:06:33.501+0000] {dag.py:3954} INFO - Setting next_dagrun for example_nested_branch_dag to 2026-07-15 00:00:00+00:00, run_after=2026-07-16 00:00:00+00:00
[2026-07-16T11:06:33.521+0000] {processor.py:183} INFO - Processing /home/airflow/.local/lib/python3.12/site-packages/airflow/example_dags/example_nested_branch_dag.py took 0.076 seconds
[2026-07-16T11:07:03.851+0000] {processor.py:161} INFO - Started process (PID=518) to work on /home/airflow/.local/lib/python3.12/site-packages/airflow/example_dags/example_nested_branch_dag.py
[2026-07-16T11:07:03.852+0000] {processor.py:830} INFO - Processing file /home/airflow/.local/lib/python3.12/site-packages/airflow/example_dags/example_nested_branch_dag.py for tasks to queue
[2026-07-16T11:07:03.855+0000] {logging_mixin.py:188} INFO - [2026-07-16T11:07:03.855+0000] {dagbag.py:540} INFO - Filling up the DagBag from /home/airflow/.local/lib/python3.12/site-packages/airflow/example_dags/example_nested_branch_dag.py
[2026-07-16T11:07:03.864+0000] {processor.py:840} INFO - DAG(s) 'example_nested_branch_dag' retrieved from /home/airflow/.local/lib/python3.12/site-packages/airflow/example_dags/example_nested_branch_dag.py
[2026-07-16T11:07:03.882+0000] {logging_mixin.py:188} INFO - [2026-07-16T11:07:03.881+0000] {dag.py:3096} INFO - Sync 1 DAGs
[2026-07-16T11:07:03.901+0000] {logging_mixin.py:188} INFO - [2026-07-16T11:07:03.901+0000] {dag.py:3954} INFO - Setting next_dagrun for example_nested_branch_dag to 2026-07-15 00:00:00+00:00, run_after=2026-07-16 00:00:00+00:00
[2026-07-16T11:07:03.920+0000] {processor.py:183} INFO - Processing /home/airflow/.local/lib/python3.12/site-packages/airflow/example_dags/example_nested_branch_dag.py took 0.075 seconds
[2026-07-16T11:07:34.209+0000] {processor.py:161} INFO - Started process (PID=577) to work on /home/airflow/.local/lib/python3.12/site-packages/airflow/example_dags/example_nested_branch_dag.py
[2026-07-16T11:07:34.210+0000] {processor.py:830} INFO - Processing file /home/airflow/.local/lib/python3.12/site-packages/airflow/example_dags/example_nested_branch_dag.py for tasks to queue
[2026-07-16T11:07:34.213+0000] {logging_mixin.py:188} INFO - [2026-07-16T11:07:34.212+0000] {dagbag.py:540} INFO - Filling up the DagBag from /home/airflow/.local/lib/python3.12/site-packages/airflow/example_dags/example_nested_branch_dag.py
[2026-07-16T11:07:34.222+0000] {processor.py:840} INFO - DAG(s) 'example_nested_branch_dag' retrieved from /home/airflow/.local/lib/python3.12/site-packages/airflow/example_dags/example_nested_branch_dag.py
[2026-07-16T11:07:34.241+0000] {logging_mixin.py:188} INFO - [2026-07-16T11:07:34.241+0000] {dag.py:3096} INFO - Sync 1 DAGs
[2026-07-16T11:07:34.262+0000] {logging_mixin.py:188} INFO - [2026-07-16T11:07:34.261+0000] {dag.py:3954} INFO - Setting next_dagrun for example_nested_branch_dag to 2026-07-15 00:00:00+00:00, run_after=2026-07-16 00:00:00+00:00
[2026-07-16T11:07:34.281+0000] {processor.py:183} INFO - Processing /home/airflow/.local/lib/python3.12/site-packages/airflow/example_dags/example_nested_branch_dag.py took 0.077 seconds
[2026-07-16T11:08:04.697+0000] {processor.py:161} INFO - Started process (PID=636) to work on /home/airflow/.local/lib/python3.12/site-packages/airflow/example_dags/example_nested_branch_dag.py
[2026-07-16T11:08:04.699+0000] {processor.py:830} INFO - Processing file /home/airflow/.local/lib/python3.12/site-packages/airflow/example_dags/example_nested_branch_dag.py for tasks to queue
[2026-07-16T11:08:04.701+0000] {logging_mixin.py:188} INFO - [2026-07-16T11:08:04.701+0000] {dagbag.py:540} INFO - Filling up the DagBag from /home/airflow/.local/lib/python3.12/site-packages/airflow/example_dags/example_nested_branch_dag.py
[2026-07-16T11:08:04.712+0000] {processor.py:840} INFO - DAG(s) 'example_nested_branch_dag' retrieved from /home/airflow/.local/lib/python3.12/site-packages/airflow/example_dags/example_nested_branch_dag.py
[2026-07-16T11:08:04.729+0000] {logging_mixin.py:188} INFO - [2026-07-16T11:08:04.729+0000] {dag.py:3096} INFO - Sync 1 DAGs
[2026-07-16T11:08:04.748+0000] {logging_mixin.py:188} INFO - [2026-07-16T11:08:04.747+0000] {dag.py:3954} INFO - Setting next_dagrun for example_nested_branch_dag to 2026-07-15 00:00:00+00:00, run_after=2026-07-16 00:00:00+00:00
[2026-07-16T11:08:04.768+0000] {processor.py:183} INFO - Processing /home/airflow/.local/lib/python3.12/site-packages/airflow/example_dags/example_nested_branch_dag.py took 0.076 seconds
[2026-07-16T11:08:34.927+0000] {processor.py:161} INFO - Started process (PID=695) to work on /home/airflow/.local/lib/python3.12/site-packages/airflow/example_dags/example_nested_branch_dag.py
[2026-07-16T11:08:34.928+0000] {processor.py:830} INFO - Processing file /home/airflow/.local/lib/python3.12/site-packages/airflow/example_dags/example_nested_branch_dag.py for tasks to queue
[2026-07-16T11:08:34.930+0000] {logging_mixin.py:188} INFO - [2026-07-16T11:08:34.930+0000] {dagbag.py:540} INFO - Filling up the DagBag from /home/airflow/.local/lib/python3.12/site-packages/airflow/example_dags/example_nested_branch_dag.py
[2026-07-16T11:08:34.939+0000] {processor.py:840} INFO - DAG(s) 'example_nested_branch_dag' retrieved from /home/airflow/.local/lib/python3.12/site-packages/airflow/example_dags/example_nested_branch_dag.py
[2026-07-16T11:08:34.957+0000] {logging_mixin.py:188} INFO - [2026-07-16T11:08:34.957+0000] {dag.py:3096} INFO - Sync 1 DAGs
[2026-07-16T11:08:34.977+0000] {logging_mixin.py:188} INFO - [2026-07-16T11:08:34.977+0000] {dag.py:3954} INFO - Setting next_dagrun for example_nested_branch_dag to 2026-07-15 00:00:00+00:00, run_after=2026-07-16 00:00:00+00:00
[2026-07-16T11:08:34.995+0000] {processor.py:183} INFO - Processing /home/airflow/.local/lib/python3.12/site-packages/airflow/example_dags/example_nested_branch_dag.py took 0.073 seconds
[2026-07-16T11:09:05.304+0000] {processor.py:161} INFO - Started process (PID=754) to work on /home/airflow/.local/lib/python3.12/site-packages/airflow/example_dags/example_nested_branch_dag.py
[2026-07-16T11:09:05.305+0000] {processor.py:830} INFO - Processing file /home/airflow/.local/lib/python3.12/site-packages/airflow/example_dags/example_nested_branch_dag.py for tasks to queue
[2026-07-16T11:09:05.308+0000] {logging_mixin.py:188} INFO - [2026-07-16T11:09:05.308+0000] {dagbag.py:540} INFO - Filling up the DagBag from /home/airflow/.local/lib/python3.12/site-packages/airflow/example_dags/example_nested_branch_dag.py
[2026-07-16T11:09:05.318+0000] {processor.py:840} INFO - DAG(s) 'example_nested_branch_dag' retrieved from /home/airflow/.local/lib/python3.12/site-packages/airflow/example_dags/example_nested_branch_dag.py
[2026-07-16T11:09:05.339+0000] {logging_mixin.py:188} INFO - [2026-07-16T11:09:05.338+0000] {dag.py:3096} INFO - Sync 1 DAGs
[2026-07-16T11:09:05.361+0000] {logging_mixin.py:188} INFO - [2026-07-16T11:09:05.361+0000] {dag.py:3954} INFO - Setting next_dagrun for example_nested_branch_dag to 2026-07-15 00:00:00+00:00, run_after=2026-07-16 00:00:00+00:00
[2026-07-16T11:09:05.381+0000] {processor.py:183} INFO - Processing /home/airflow/.local/lib/python3.12/site-packages/airflow/example_dags/example_nested_branch_dag.py took 0.084 seconds
[2026-07-16T11:09:35.638+0000] {processor.py:161} INFO - Started process (PID=813) to work on /home/airflow/.local/lib/python3.12/site-packages/airflow/example_dags/example_nested_branch_dag.py
[2026-07-16T11:09:35.639+0000] {processor.py:830} INFO - Processing file /home/airflow/.local/lib/python3.12/site-packages/airflow/example_dags/example_nested_branch_dag.py for tasks to queue
[2026-07-16T11:09:35.642+0000] {logging_mixin.py:188} INFO - [2026-07-16T11:09:35.641+0000] {dagbag.py:540} INFO - Filling up the DagBag from /home/airflow/.local/lib/python3.12/site-packages/airflow/example_dags/example_nested_branch_dag.py
[2026-07-16T11:09:35.652+0000] {processor.py:840} INFO - DAG(s) 'example_nested_branch_dag' retrieved from /home/airflow/.local/lib/python3.12/site-packages/airflow/example_dags/example_nested_branch_dag.py
[2026-07-16T11:09:35.673+0000] {logging_mixin.py:188} INFO - [2026-07-16T11:09:35.673+0000] {dag.py:3096} INFO - Sync 1 DAGs
[2026-07-16T11:09:35.693+0000] {logging_mixin.py:188} INFO - [2026-07-16T11:09:35.693+0000] {dag.py:3954} INFO - Setting next_dagrun for example_nested_branch_dag to 2026-07-15 00:00:00+00:00, run_after=2026-07-16 00:00:00+00:00
[2026-07-16T11:09:35.714+0000] {processor.py:183} INFO - Processing /home/airflow/.local/lib/python3.12/site-packages/airflow/example_dags/example_nested_branch_dag.py took 0.082 seconds
[2026-07-16T11:10:06.146+0000] {processor.py:161} INFO - Started process (PID=872) to work on /home/airflow/.local/lib/python3.12/site-packages/airflow/example_dags/example_nested_branch_dag.py
[2026-07-16T11:10:06.148+0000] {processor.py:830} INFO - Processing file /home/airflow/.local/lib/python3.12/site-packages/airflow/example_dags/example_nested_branch_dag.py for tasks to queue
[2026-07-16T11:10:06.151+0000] {logging_mixin.py:188} INFO - [2026-07-16T11:10:06.150+0000] {dagbag.py:540} INFO - Filling up the DagBag from /home/airflow/.local/lib/python3.12/site-packages/airflow/example_dags/example_nested_branch_dag.py
[2026-07-16T11:10:06.160+0000] {processor.py:840} INFO - DAG(s) 'example_nested_branch_dag' retrieved from /home/airflow/.local/lib/python3.12/site-packages/airflow/example_dags/example_nested_branch_dag.py
[2026-07-16T11:10:06.180+0000] {logging_mixin.py:188} INFO - [2026-07-16T11:10:06.180+0000] {dag.py:3096} INFO - Sync 1 DAGs
[2026-07-16T11:10:06.200+0000] {logging_mixin.py:188} INFO - [2026-07-16T11:10:06.200+0000] {dag.py:3954} INFO - Setting next_dagrun for example_nested_branch_dag to 2026-07-15 00:00:00+00:00, run_after=2026-07-16 00:00:00+00:00
[2026-07-16T11:10:06.221+0000] {processor.py:183} INFO - Processing /home/airflow/.local/lib/python3.12/site-packages/airflow/example_dags/example_nested_branch_dag.py took 0.081 seconds
[2026-07-16T11:10:36.831+0000] {processor.py:161} INFO - Started process (PID=931) to work on /home/airflow/.local/lib/python3.12/site-packages/airflow/example_dags/example_nested_branch_dag.py
[2026-07-16T11:10:36.833+0000] {processor.py:830} INFO - Processing file /home/airflow/.local/lib/python3.12/site-packages/airflow/example_dags/example_nested_branch_dag.py for tasks to queue
[2026-07-16T11:10:36.835+0000] {logging_mixin.py:188} INFO - [2026-07-16T11:10:36.835+0000] {dagbag.py:540} INFO - Filling up the DagBag from /home/airflow/.local/lib/python3.12/site-packages/airflow/example_dags/example_nested_branch_dag.py
[2026-07-16T11:10:36.843+0000] {processor.py:840} INFO - DAG(s) 'example_nested_branch_dag' retrieved from /home/airflow/.local/lib/python3.12/site-packages/airflow/example_dags/example_nested_branch_dag.py
[2026-07-16T11:10:36.861+0000] {logging_mixin.py:188} INFO - [2026-07-16T11:10:36.861+0000] {dag.py:3096} INFO - Sync 1 DAGs
[2026-07-16T11:10:36.879+0000] {logging_mixin.py:188} INFO - [2026-07-16T11:10:36.878+0000] {dag.py:3954} INFO - Setting next_dagrun for example_nested_branch_dag to 2026-07-15 00:00:00+00:00, run_after=2026-07-16 00:00:00+00:00
[2026-07-16T11:10:37.018+0000] {processor.py:183} INFO - Processing /home/airflow/.local/lib/python3.12/site-packages/airflow/example_dags/example_nested_branch_dag.py took 0.192 seconds
[2026-07-16T11:11:07.196+0000] {processor.py:161} INFO - Started process (PID=990) to work on /home/airflow/.local/lib/python3.12/site-packages/airflow/example_dags/example_nested_branch_dag.py
[2026-07-16T11:11:07.198+0000] {processor.py:830} INFO - Processing file /home/airflow/.local/lib/python3.12/site-packages/airflow/example_dags/example_nested_branch_dag.py for tasks to queue
[2026-07-16T11:11:07.201+0000] {logging_mixin.py:188} INFO - [2026-07-16T11:11:07.201+0000] {dagbag.py:540} INFO - Filling up the DagBag from /home/airflow/.local/lib/python3.12/site-packages/airflow/example_dags/example_nested_branch_dag.py
[2026-07-16T11:11:07.215+0000] {processor.py:840} INFO - DAG(s) 'example_nested_branch_dag' retrieved from /home/airflow/.local/lib/python3.12/site-packages/airflow/example_dags/example_nested_branch_dag.py
[2026-07-16T11:11:07.244+0000] {logging_mixin.py:188} INFO - [2026-07-16T11:11:07.244+0000] {dag.py:3096} INFO - Sync 1 DAGs
[2026-07-16T11:11:07.268+0000] {logging_mixin.py:188} INFO - [2026-07-16T11:11:07.268+0000] {dag.py:3954} INFO - Setting next_dagrun for example_nested_branch_dag to 2026-07-15 00:00:00+00:00, run_after=2026-07-16 00:00:00+00:00
[2026-07-16T11:11:07.287+0000] {processor.py:183} INFO - Processing /home/airflow/.local/lib/python3.12/site-packages/airflow/example_dags/example_nested_branch_dag.py took 0.097 seconds
[2026-07-16T11:11:38.257+0000] {processor.py:161} INFO - Started process (PID=1049) to work on /home/airflow/.local/lib/python3.12/site-packages/airflow/example_dags/example_nested_branch_dag.py
[2026-07-16T11:11:38.259+0000] {processor.py:830} INFO - Processing file /home/airflow/.local/lib/python3.12/site-packages/airflow/example_dags/example_nested_branch_dag.py for tasks to queue
[2026-07-16T11:11:38.261+0000] {logging_mixin.py:188} INFO - [2026-07-16T11:11:38.261+0000] {dagbag.py:540} INFO - Filling up the DagBag from /home/airflow/.local/lib/python3.12/site-packages/airflow/example_dags/example_nested_branch_dag.py
[2026-07-16T11:11:38.270+0000] {processor.py:840} INFO - DAG(s) 'example_nested_branch_dag' retrieved from /home/airflow/.local/lib/python3.12/site-packages/airflow/example_dags/example_nested_branch_dag.py
[2026-07-16T11:11:38.289+0000] {logging_mixin.py:188} INFO - [2026-07-16T11:11:38.288+0000] {dag.py:3096} INFO - Sync 1 DAGs
[2026-07-16T11:11:38.311+0000] {logging_mixin.py:188} INFO - [2026-07-16T11:11:38.311+0000] {dag.py:3954} INFO - Setting next_dagrun for example_nested_branch_dag to 2026-07-15 00:00:00+00:00, run_after=2026-07-16 00:00:00+00:00
[2026-07-16T11:11:38.330+0000] {processor.py:183} INFO - Processing /home/airflow/.local/lib/python3.12/site-packages/airflow/example_dags/example_nested_branch_dag.py took 0.078 seconds
[2026-07-16T11:12:09.292+0000] {processor.py:161} INFO - Started process (PID=1108) to work on /home/airflow/.local/lib/python3.12/site-packages/airflow/example_dags/example_nested_branch_dag.py
[2026-07-16T11:12:09.293+0000] {processor.py:830} INFO - Processing file /home/airflow/.local/lib/python3.12/site-packages/airflow/example_dags/example_nested_branch_dag.py for tasks to queue
[2026-07-16T11:12:09.297+0000] {logging_mixin.py:188} INFO - [2026-07-16T11:12:09.297+0000] {dagbag.py:540} INFO - Filling up the DagBag from /home/airflow/.local/lib/python3.12/site-packages/airflow/example_dags/example_nested_branch_dag.py
[2026-07-16T11:12:09.330+0000] {processor.py:840} INFO - DAG(s) 'example_nested_branch_dag' retrieved from /home/airflow/.local/lib/python3.12/site-packages/airflow/example_dags/example_nested_branch_dag.py
[2026-07-16T11:12:09.376+0000] {logging_mixin.py:188} INFO - [2026-07-16T11:12:09.376+0000] {dag.py:3096} INFO - Sync 1 DAGs
[2026-07-16T11:12:09.399+0000] {logging_mixin.py:188} INFO - [2026-07-16T11:12:09.399+0000] {dag.py:3954} INFO - Setting next_dagrun for example_nested_branch_dag to 2026-07-15 00:00:00+00:00, run_after=2026-07-16 00:00:00+00:00
[2026-07-16T11:12:09.420+0000] {processor.py:183} INFO - Processing /home/airflow/.local/lib/python3.12/site-packages/airflow/example_dags/example_nested_branch_dag.py took 0.135 seconds
[2026-07-16T11:12:39.672+0000] {processor.py:161} INFO - Started process (PID=1167) to work on /home/airflow/.local/lib/python3.12/site-packages/airflow/example_dags/example_nested_branch_dag.py
[2026-07-16T11:12:39.674+0000] {processor.py:830} INFO - Processing file /home/airflow/.local/lib/python3.12/site-packages/airflow/example_dags/example_nested_branch_dag.py for tasks to queue
[2026-07-16T11:12:39.677+0000] {logging_mixin.py:188} INFO - [2026-07-16T11:12:39.677+0000] {dagbag.py:540} INFO - Filling up the DagBag from /home/airflow/.local/lib/python3.12/site-packages/airflow/example_dags/example_nested_branch_dag.py
[2026-07-16T11:12:39.690+0000] {processor.py:840} INFO - DAG(s) 'example_nested_branch_dag' retrieved from /home/airflow/.local/lib/python3.12/site-packages/airflow/example_dags/example_nested_branch_dag.py
[2026-07-16T11:12:39.734+0000] {logging_mixin.py:188} INFO - [2026-07-16T11:12:39.729+0000] {dag.py:3096} INFO - Sync 1 DAGs
[2026-07-16T11:12:39.772+0000] {logging_mixin.py:188} INFO - [2026-07-16T11:12:39.771+0000] {dag.py:3954} INFO - Setting next_dagrun for example_nested_branch_dag to 2026-07-15 00:00:00+00:00, run_after=2026-07-16 00:00:00+00:00
[2026-07-16T11:12:39.792+0000] {processor.py:183} INFO - Processing /home/airflow/.local/lib/python3.12/site-packages/airflow/example_dags/example_nested_branch_dag.py took 0.125 seconds
[2026-07-16T11:13:09.884+0000] {processor.py:161} INFO - Started process (PID=1226) to work on /home/airflow/.local/lib/python3.12/site-packages/airflow/example_dags/example_nested_branch_dag.py
[2026-07-16T11:13:09.886+0000] {processor.py:830} INFO - Processing file /home/airflow/.local/lib/python3.12/site-packages/airflow/example_dags/example_nested_branch_dag.py for tasks to queue
[2026-07-16T11:13:09.888+0000] {logging_mixin.py:188} INFO - [2026-07-16T11:13:09.888+0000] {dagbag.py:540} INFO - Filling up the DagBag from /home/airflow/.local/lib/python3.12/site-packages/airflow/example_dags/example_nested_branch_dag.py
[2026-07-16T11:13:09.897+0000] {processor.py:840} INFO - DAG(s) 'example_nested_branch_dag' retrieved from /home/airflow/.local/lib/python3.12/site-packages/airflow/example_dags/example_nested_branch_dag.py
[2026-07-16T11:13:09.915+0000] {logging_mixin.py:188} INFO - [2026-07-16T11:13:09.915+0000] {dag.py:3096} INFO - Sync 1 DAGs
[2026-07-16T11:13:09.936+0000] {logging_mixin.py:188} INFO - [2026-07-16T11:13:09.936+0000] {dag.py:3954} INFO - Setting next_dagrun for example_nested_branch_dag to 2026-07-15 00:00:00+00:00, run_after=2026-07-16 00:00:00+00:00
[2026-07-16T11:13:09.955+0000] {processor.py:183} INFO - Processing /home/airflow/.local/lib/python3.12/site-packages/airflow/example_dags/example_nested_branch_dag.py took 0.075 seconds
[2026-07-16T11:13:40.261+0000] {processor.py:161} INFO - Started process (PID=1286) to work on /home/airflow/.local/lib/python3.12/site-packages/airflow/example_dags/example_nested_branch_dag.py
[2026-07-16T11:13:40.262+0000] {processor.py:830} INFO - Processing file /home/airflow/.local/lib/python3.12/site-packages/airflow/example_dags/example_nested_branch_dag.py for tasks to queue
[2026-07-16T11:13:40.265+0000] {logging_mixin.py:188} INFO - [2026-07-16T11:13:40.265+0000] {dagbag.py:540} INFO - Filling up the DagBag from /home/airflow/.local/lib/python3.12/site-packages/airflow/example_dags/example_nested_branch_dag.py
[2026-07-16T11:13:40.280+0000] {processor.py:840} INFO - DAG(s) 'example_nested_branch_dag' retrieved from /home/airflow/.local/lib/python3.12/site-packages/airflow/example_dags/example_nested_branch_dag.py
[2026-07-16T11:13:40.310+0000] {logging_mixin.py:188} INFO - [2026-07-16T11:13:40.310+0000] {dag.py:3096} INFO - Sync 1 DAGs
[2026-07-16T11:13:40.333+0000] {logging_mixin.py:188} INFO - [2026-07-16T11:13:40.333+0000] {dag.py:3954} INFO - Setting next_dagrun for example_nested_branch_dag to 2026-07-15 00:00:00+00:00, run_after=2026-07-16 00:00:00+00:00
[2026-07-16T11:13:40.353+0000] {processor.py:183} INFO - Processing /home/airflow/.local/lib/python3.12/site-packages/airflow/example_dags/example_nested_branch_dag.py took 0.097 seconds
[2026-07-16T11:14:10.414+0000] {processor.py:161} INFO - Started process (PID=1345) to work on /home/airflow/.local/lib/python3.12/site-packages/airflow/example_dags/example_nested_branch_dag.py
[2026-07-16T11:14:10.416+0000] {processor.py:830} INFO - Processing file /home/airflow/.local/lib/python3.12/site-packages/airflow/example_dags/example_nested_branch_dag.py for tasks to queue
[2026-07-16T11:14:10.419+0000] {logging_mixin.py:188} INFO - [2026-07-16T11:14:10.419+0000] {dagbag.py:540} INFO - Filling up the DagBag from /home/airflow/.local/lib/python3.12/site-packages/airflow/example_dags/example_nested_branch_dag.py
[2026-07-16T11:14:10.431+0000] {processor.py:840} INFO - DAG(s) 'example_nested_branch_dag' retrieved from /home/airflow/.local/lib/python3.12/site-packages/airflow/example_dags/example_nested_branch_dag.py
[2026-07-16T11:14:10.453+0000] {logging_mixin.py:188} INFO - [2026-07-16T11:14:10.453+0000] {dag.py:3096} INFO - Sync 1 DAGs
[2026-07-16T11:14:10.473+0000] {logging_mixin.py:188} INFO - [2026-07-16T11:14:10.473+0000] {dag.py:3954} INFO - Setting next_dagrun for example_nested_branch_dag to 2026-07-15 00:00:00+00:00, run_after=2026-07-16 00:00:00+00:00
[2026-07-16T11:14:10.493+0000] {processor.py:183} INFO - Processing /home/airflow/.local/lib/python3.12/site-packages/airflow/example_dags/example_nested_branch_dag.py took 0.087 seconds
[2026-07-16T11:14:40.574+0000] {processor.py:161} INFO - Started process (PID=1404) to work on /home/airflow/.local/lib/python3.12/site-packages/airflow/example_dags/example_nested_branch_dag.py
[2026-07-16T11:14:40.575+0000] {processor.py:830} INFO - Processing file /home/airflow/.local/lib/python3.12/site-packages/airflow/example_dags/example_nested_branch_dag.py for tasks to queue
[2026-07-16T11:14:40.578+0000] {logging_mixin.py:188} INFO - [2026-07-16T11:14:40.578+0000] {dagbag.py:540} INFO - Filling up the DagBag from /home/airflow/.local/lib/python3.12/site-packages/airflow/example_dags/example_nested_branch_dag.py
[2026-07-16T11:14:40.588+0000] {processor.py:840} INFO - DAG(s) 'example_nested_branch_dag' retrieved from /home/airflow/.local/lib/python3.12/site-packages/airflow/example_dags/example_nested_branch_dag.py
[2026-07-16T11:14:40.617+0000] {logging_mixin.py:188} INFO - [2026-07-16T11:14:40.616+0000] {dag.py:3096} INFO - Sync 1 DAGs
[2026-07-16T11:14:40.648+0000] {logging_mixin.py:188} INFO - [2026-07-16T11:14:40.648+0000] {dag.py:3954} INFO - Setting next_dagrun for example_nested_branch_dag to 2026-07-15 00:00:00+00:00, run_after=2026-07-16 00:00:00+00:00
[2026-07-16T11:14:40.667+0000] {processor.py:183} INFO - Processing /home/airflow/.local/lib/python3.12/site-packages/airflow/example_dags/example_nested_branch_dag.py took 0.098 seconds
[2026-07-16T11:15:11.339+0000] {processor.py:161} INFO - Started process (PID=1462) to work on /home/airflow/.local/lib/python3.12/site-packages/airflow/example_dags/example_nested_branch_dag.py
[2026-07-16T11:15:11.341+0000] {processor.py:830} INFO - Processing file /home/airflow/.local/lib/python3.12/site-packages/airflow/example_dags/example_nested_branch_dag.py for tasks to queue
[2026-07-16T11:15:11.343+0000] {logging_mixin.py:188} INFO - [2026-07-16T11:15:11.343+0000] {dagbag.py:540} INFO - Filling up the DagBag from /home/airflow/.local/lib/python3.12/site-packages/airflow/example_dags/example_nested_branch_dag.py
[2026-07-16T11:15:11.355+0000] {processor.py:840} INFO - DAG(s) 'example_nested_branch_dag' retrieved from /home/airflow/.local/lib/python3.12/site-packages/airflow/example_dags/example_nested_branch_dag.py
[2026-07-16T11:15:11.378+0000] {logging_mixin.py:188} INFO - [2026-07-16T11:15:11.377+0000] {dag.py:3096} INFO - Sync 1 DAGs
[2026-07-16T11:15:11.405+0000] {logging_mixin.py:188} INFO - [2026-07-16T11:15:11.405+0000] {dag.py:3954} INFO - Setting next_dagrun for example_nested_branch_dag to 2026-07-15 00:00:00+00:00, run_after=2026-07-16 00:00:00+00:00
[2026-07-16T11:15:11.434+0000] {processor.py:183} INFO - Processing /home/airflow/.local/lib/python3.12/site-packages/airflow/example_dags/example_nested_branch_dag.py took 0.102 seconds
[2026-07-16T11:15:41.511+0000] {processor.py:161} INFO - Started process (PID=1521) to work on /home/airflow/.local/lib/python3.12/site-packages/airflow/example_dags/example_nested_branch_dag.py
[2026-07-16T11:15:41.513+0000] {processor.py:830} INFO - Processing file /home/airflow/.local/lib/python3.12/site-packages/airflow/example_dags/example_nested_branch_dag.py for tasks to queue
[2026-07-16T11:15:41.516+0000] {logging_mixin.py:188} INFO - [2026-07-16T11:15:41.516+0000] {dagbag.py:540} INFO - Filling up the DagBag from /home/airflow/.local/lib/python3.12/site-packages/airflow/example_dags/example_nested_branch_dag.py
[2026-07-16T11:15:41.529+0000] {processor.py:840} INFO - DAG(s) 'example_nested_branch_dag' retrieved from /home/airflow/.local/lib/python3.12/site-packages/airflow/example_dags/example_nested_branch_dag.py
[2026-07-16T11:15:41.550+0000] {logging_mixin.py:188} INFO - [2026-07-16T11:15:41.550+0000] {dag.py:3096} INFO - Sync 1 DAGs
[2026-07-16T11:15:41.574+0000] {logging_mixin.py:188} INFO - [2026-07-16T11:15:41.573+0000] {dag.py:3954} INFO - Setting next_dagrun for example_nested_branch_dag to 2026-07-15 00:00:00+00:00, run_after=2026-07-16 00:00:00+00:00
[2026-07-16T11:15:41.598+0000] {processor.py:183} INFO - Processing /home/airflow/.local/lib/python3.12/site-packages/airflow/example_dags/example_nested_branch_dag.py took 0.093 seconds
[2026-07-16T11:16:12.318+0000] {processor.py:161} INFO - Started process (PID=1580) to work on /home/airflow/.local/lib/python3.12/site-packages/airflow/example_dags/example_nested_branch_dag.py
[2026-07-16T11:16:12.319+0000] {processor.py:830} INFO - Processing file /home/airflow/.local/lib/python3.12/site-packages/airflow/example_dags/example_nested_branch_dag.py for tasks to queue
[2026-07-16T11:16:12.322+0000] {logging_mixin.py:188} INFO - [2026-07-16T11:16:12.321+0000] {dagbag.py:540} INFO - Filling up the DagBag from /home/airflow/.local/lib/python3.12/site-packages/airflow/example_dags/example_nested_branch_dag.py
[2026-07-16T11:16:12.332+0000] {processor.py:840} INFO - DAG(s) 'example_nested_branch_dag' retrieved from /home/airflow/.local/lib/python3.12/site-packages/airflow/example_dags/example_nested_branch_dag.py
[2026-07-16T11:16:12.350+0000] {logging_mixin.py:188} INFO - [2026-07-16T11:16:12.350+0000] {dag.py:3096} INFO - Sync 1 DAGs
[2026-07-16T11:16:12.369+0000] {logging_mixin.py:188} INFO - [2026-07-16T11:16:12.369+0000] {dag.py:3954} INFO - Setting next_dagrun for example_nested_branch_dag to 2026-07-15 00:00:00+00:00, run_after=2026-07-16 00:00:00+00:00
[2026-07-16T11:16:12.387+0000] {processor.py:183} INFO - Processing /home/airflow/.local/lib/python3.12/site-packages/airflow/example_dags/example_nested_branch_dag.py took 0.074 seconds
[2026-07-16T11:16:42.884+0000] {processor.py:161} INFO - Started process (PID=1639) to work on /home/airflow/.local/lib/python3.12/site-packages/airflow/example_dags/example_nested_branch_dag.py
[2026-07-16T11:16:42.886+0000] {processor.py:830} INFO - Processing file /home/airflow/.local/lib/python3.12/site-packages/airflow/example_dags/example_nested_branch_dag.py for tasks to queue
[2026-07-16T11:16:42.889+0000] {logging_mixin.py:188} INFO - [2026-07-16T11:16:42.889+0000] {dagbag.py:540} INFO - Filling up the DagBag from /home/airflow/.local/lib/python3.12/site-packages/airflow/example_dags/example_nested_branch_dag.py
[2026-07-16T11:16:42.901+0000] {processor.py:840} INFO - DAG(s) 'example_nested_branch_dag' retrieved from /home/airflow/.local/lib/python3.12/site-packages/airflow/example_dags/example_nested_branch_dag.py
[2026-07-16T11:16:42.918+0000] {logging_mixin.py:188} INFO - [2026-07-16T11:16:42.918+0000] {dag.py:3096} INFO - Sync 1 DAGs
[2026-07-16T11:16:42.939+0000] {logging_mixin.py:188} INFO - [2026-07-16T11:16:42.939+0000] {dag.py:3954} INFO - Setting next_dagrun for example_nested_branch_dag to 2026-07-15 00:00:00+00:00, run_after=2026-07-16 00:00:00+00:00
[2026-07-16T11:16:42.961+0000] {processor.py:183} INFO - Processing /home/airflow/.local/lib/python3.12/site-packages/airflow/example_dags/example_nested_branch_dag.py took 0.082 seconds
[2026-07-16T11:17:13.780+0000] {processor.py:161} INFO - Started process (PID=1699) to work on /home/airflow/.local/lib/python3.12/site-packages/airflow/example_dags/example_nested_branch_dag.py
[2026-07-16T11:17:13.782+0000] {processor.py:830} INFO - Processing file /home/airflow/.local/lib/python3.12/site-packages/airflow/example_dags/example_nested_branch_dag.py for tasks to queue
[2026-07-16T11:17:13.784+0000] {logging_mixin.py:188} INFO - [2026-07-16T11:17:13.784+0000] {dagbag.py:540} INFO - Filling up the DagBag from /home/airflow/.local/lib/python3.12/site-packages/airflow/example_dags/example_nested_branch_dag.py
[2026-07-16T11:17:13.794+0000] {processor.py:840} INFO - DAG(s) 'example_nested_branch_dag' retrieved from /home/airflow/.local/lib/python3.12/site-packages/airflow/example_dags/example_nested_branch_dag.py
[2026-07-16T11:17:13.813+0000] {logging_mixin.py:188} INFO - [2026-07-16T11:17:13.813+0000] {dag.py:3096} INFO - Sync 1 DAGs
[2026-07-16T11:17:13.831+0000] {logging_mixin.py:188} INFO - [2026-07-16T11:17:13.830+0000] {dag.py:3954} INFO - Setting next_dagrun for example_nested_branch_dag to 2026-07-15 00:00:00+00:00, run_after=2026-07-16 00:00:00+00:00
[2026-07-16T11:17:13.849+0000] {processor.py:183} INFO - Processing /home/airflow/.local/lib/python3.12/site-packages/airflow/example_dags/example_nested_branch_dag.py took 0.075 seconds
[2026-07-16T11:17:44.172+0000] {processor.py:161} INFO - Started process (PID=1758) to work on /home/airflow/.local/lib/python3.12/site-packages/airflow/example_dags/example_nested_branch_dag.py
[2026-07-16T11:17:44.174+0000] {processor.py:830} INFO - Processing file /home/airflow/.local/lib/python3.12/site-packages/airflow/example_dags/example_nested_branch_dag.py for tasks to queue
[2026-07-16T11:17:44.177+0000] {logging_mixin.py:188} INFO - [2026-07-16T11:17:44.177+0000] {dagbag.py:540} INFO - Filling up the DagBag from /home/airflow/.local/lib/python3.12/site-packages/airflow/example_dags/example_nested_branch_dag.py
[2026-07-16T11:17:44.186+0000] {processor.py:840} INFO - DAG(s) 'example_nested_branch_dag' retrieved from /home/airflow/.local/lib/python3.12/site-packages/airflow/example_dags/example_nested_branch_dag.py
[2026-07-16T11:17:44.205+0000] {logging_mixin.py:188} INFO - [2026-07-16T11:17:44.204+0000] {dag.py:3096} INFO - Sync 1 DAGs
[2026-07-16T11:17:44.224+0000] {logging_mixin.py:188} INFO - [2026-07-16T11:17:44.224+0000] {dag.py:3954} INFO - Setting next_dagrun for example_nested_branch_dag to 2026-07-15 00:00:00+00:00, run_after=2026-07-16 00:00:00+00:00
[2026-07-16T11:17:44.243+0000] {processor.py:183} INFO - Processing /home/airflow/.local/lib/python3.12/site-packages/airflow/example_dags/example_nested_branch_dag.py took 0.076 seconds
[2026-07-16T11:18:15.435+0000] {processor.py:161} INFO - Started process (PID=1816) to work on /home/airflow/.local/lib/python3.12/site-packages/airflow/example_dags/example_nested_branch_dag.py
[2026-07-16T11:18:15.437+0000] {processor.py:830} INFO - Processing file /home/airflow/.local/lib/python3.12/site-packages/airflow/example_dags/example_nested_branch_dag.py for tasks to queue
[2026-07-16T11:18:15.441+0000] {logging_mixin.py:188} INFO - [2026-07-16T11:18:15.440+0000] {dagbag.py:540} INFO - Filling up the DagBag from /home/airflow/.local/lib/python3.12/site-packages/airflow/example_dags/example_nested_branch_dag.py
[2026-07-16T11:18:15.454+0000] {processor.py:840} INFO - DAG(s) 'example_nested_branch_dag' retrieved from /home/airflow/.local/lib/python3.12/site-packages/airflow/example_dags/example_nested_branch_dag.py
[2026-07-16T11:18:15.487+0000] {logging_mixin.py:188} INFO - [2026-07-16T11:18:15.486+0000] {dag.py:3096} INFO - Sync 1 DAGs
[2026-07-16T11:18:15.513+0000] {logging_mixin.py:188} INFO - [2026-07-16T11:18:15.513+0000] {dag.py:3954} INFO - Setting next_dagrun for example_nested_branch_dag to 2026-07-15 00:00:00+00:00, run_after=2026-07-16 00:00:00+00:00
[2026-07-16T11:18:15.537+0000] {processor.py:183} INFO - Processing /home/airflow/.local/lib/python3.12/site-packages/airflow/example_dags/example_nested_branch_dag.py took 0.110 seconds
