[2026-07-16T11:03:28.962+0000] {processor.py:161} INFO - Started process (PID=91) to work on /home/airflow/.local/lib/python3.12/site-packages/airflow/example_dags/example_latest_only.py
[2026-07-16T11:03:28.965+0000] {processor.py:830} INFO - Processing file /home/airflow/.local/lib/python3.12/site-packages/airflow/example_dags/example_latest_only.py for tasks to queue
[2026-07-16T11:03:28.970+0000] {logging_mixin.py:188} INFO - [2026-07-16T11:03:28.969+0000] {dagbag.py:540} INFO - Filling up the DagBag from /home/airflow/.local/lib/python3.12/site-packages/airflow/example_dags/example_latest_only.py
[2026-07-16T11:03:28.985+0000] {processor.py:840} INFO - DAG(s) 'latest_only' retrieved from /home/airflow/.local/lib/python3.12/site-packages/airflow/example_dags/example_latest_only.py
[2026-07-16T11:03:29.016+0000] {logging_mixin.py:188} INFO - [2026-07-16T11:03:29.015+0000] {dag.py:3096} INFO - Sync 1 DAGs
[2026-07-16T11:03:29.085+0000] {logging_mixin.py:188} INFO - [2026-07-16T11:03:29.085+0000] {dag.py:3954} INFO - Setting next_dagrun for latest_only to 2026-07-16 04:00:00+00:00, run_after=2026-07-16 08:00:00+00:00
[2026-07-16T11:03:29.121+0000] {processor.py:183} INFO - Processing /home/airflow/.local/lib/python3.12/site-packages/airflow/example_dags/example_latest_only.py took 0.176 seconds
[2026-07-16T11:03:59.210+0000] {processor.py:161} INFO - Started process (PID=150) to work on /home/airflow/.local/lib/python3.12/site-packages/airflow/example_dags/example_latest_only.py
[2026-07-16T11:03:59.211+0000] {processor.py:830} INFO - Processing file /home/airflow/.local/lib/python3.12/site-packages/airflow/example_dags/example_latest_only.py for tasks to queue
[2026-07-16T11:03:59.215+0000] {logging_mixin.py:188} INFO - [2026-07-16T11:03:59.214+0000] {dagbag.py:540} INFO - Filling up the DagBag from /home/airflow/.local/lib/python3.12/site-packages/airflow/example_dags/example_latest_only.py
[2026-07-16T11:03:59.222+0000] {processor.py:840} INFO - DAG(s) 'latest_only' retrieved from /home/airflow/.local/lib/python3.12/site-packages/airflow/example_dags/example_latest_only.py
[2026-07-16T11:03:59.321+0000] {logging_mixin.py:188} INFO - [2026-07-16T11:03:59.321+0000] {dag.py:3096} INFO - Sync 1 DAGs
[2026-07-16T11:03:59.341+0000] {logging_mixin.py:188} INFO - [2026-07-16T11:03:59.340+0000] {dag.py:3954} INFO - Setting next_dagrun for latest_only to 2026-07-16 04:00:00+00:00, run_after=2026-07-16 08:00:00+00:00
[2026-07-16T11:03:59.398+0000] {processor.py:183} INFO - Processing /home/airflow/.local/lib/python3.12/site-packages/airflow/example_dags/example_latest_only.py took 0.195 seconds
[2026-07-16T11:04:29.808+0000] {processor.py:161} INFO - Started process (PID=210) to work on /home/airflow/.local/lib/python3.12/site-packages/airflow/example_dags/example_latest_only.py
[2026-07-16T11:04:29.810+0000] {processor.py:830} INFO - Processing file /home/airflow/.local/lib/python3.12/site-packages/airflow/example_dags/example_latest_only.py for tasks to queue
[2026-07-16T11:04:29.812+0000] {logging_mixin.py:188} INFO - [2026-07-16T11:04:29.812+0000] {dagbag.py:540} INFO - Filling up the DagBag from /home/airflow/.local/lib/python3.12/site-packages/airflow/example_dags/example_latest_only.py
[2026-07-16T11:04:29.817+0000] {processor.py:840} INFO - DAG(s) 'latest_only' retrieved from /home/airflow/.local/lib/python3.12/site-packages/airflow/example_dags/example_latest_only.py
[2026-07-16T11:04:29.835+0000] {logging_mixin.py:188} INFO - [2026-07-16T11:04:29.834+0000] {dag.py:3096} INFO - Sync 1 DAGs
[2026-07-16T11:04:29.854+0000] {logging_mixin.py:188} INFO - [2026-07-16T11:04:29.854+0000] {dag.py:3954} INFO - Setting next_dagrun for latest_only to 2026-07-16 04:00:00+00:00, run_after=2026-07-16 08:00:00+00:00
[2026-07-16T11:04:29.870+0000] {processor.py:183} INFO - Processing /home/airflow/.local/lib/python3.12/site-packages/airflow/example_dags/example_latest_only.py took 0.067 seconds
[2026-07-16T11:04:59.913+0000] {processor.py:161} INFO - Started process (PID=269) to work on /home/airflow/.local/lib/python3.12/site-packages/airflow/example_dags/example_latest_only.py
[2026-07-16T11:04:59.914+0000] {processor.py:830} INFO - Processing file /home/airflow/.local/lib/python3.12/site-packages/airflow/example_dags/example_latest_only.py for tasks to queue
[2026-07-16T11:04:59.917+0000] {logging_mixin.py:188} INFO - [2026-07-16T11:04:59.916+0000] {dagbag.py:540} INFO - Filling up the DagBag from /home/airflow/.local/lib/python3.12/site-packages/airflow/example_dags/example_latest_only.py
[2026-07-16T11:04:59.922+0000] {processor.py:840} INFO - DAG(s) 'latest_only' retrieved from /home/airflow/.local/lib/python3.12/site-packages/airflow/example_dags/example_latest_only.py
[2026-07-16T11:04:59.939+0000] {logging_mixin.py:188} INFO - [2026-07-16T11:04:59.939+0000] {dag.py:3096} INFO - Sync 1 DAGs
[2026-07-16T11:04:59.957+0000] {logging_mixin.py:188} INFO - [2026-07-16T11:04:59.957+0000] {dag.py:3954} INFO - Setting next_dagrun for latest_only to 2026-07-16 04:00:00+00:00, run_after=2026-07-16 08:00:00+00:00
[2026-07-16T11:04:59.977+0000] {processor.py:183} INFO - Processing /home/airflow/.local/lib/python3.12/site-packages/airflow/example_dags/example_latest_only.py took 0.069 seconds
[2026-07-16T11:05:30.360+0000] {processor.py:161} INFO - Started process (PID=328) to work on /home/airflow/.local/lib/python3.12/site-packages/airflow/example_dags/example_latest_only.py
[2026-07-16T11:05:30.361+0000] {processor.py:830} INFO - Processing file /home/airflow/.local/lib/python3.12/site-packages/airflow/example_dags/example_latest_only.py for tasks to queue
[2026-07-16T11:05:30.364+0000] {logging_mixin.py:188} INFO - [2026-07-16T11:05:30.364+0000] {dagbag.py:540} INFO - Filling up the DagBag from /home/airflow/.local/lib/python3.12/site-packages/airflow/example_dags/example_latest_only.py
[2026-07-16T11:05:30.370+0000] {processor.py:840} INFO - DAG(s) 'latest_only' retrieved from /home/airflow/.local/lib/python3.12/site-packages/airflow/example_dags/example_latest_only.py
[2026-07-16T11:05:30.390+0000] {logging_mixin.py:188} INFO - [2026-07-16T11:05:30.390+0000] {dag.py:3096} INFO - Sync 1 DAGs
[2026-07-16T11:05:30.419+0000] {logging_mixin.py:188} INFO - [2026-07-16T11:05:30.419+0000] {dag.py:3954} INFO - Setting next_dagrun for latest_only to 2026-07-16 04:00:00+00:00, run_after=2026-07-16 08:00:00+00:00
[2026-07-16T11:05:30.442+0000] {processor.py:183} INFO - Processing /home/airflow/.local/lib/python3.12/site-packages/airflow/example_dags/example_latest_only.py took 0.089 seconds
[2026-07-16T11:06:01.464+0000] {processor.py:161} INFO - Started process (PID=387) to work on /home/airflow/.local/lib/python3.12/site-packages/airflow/example_dags/example_latest_only.py
[2026-07-16T11:06:01.465+0000] {processor.py:830} INFO - Processing file /home/airflow/.local/lib/python3.12/site-packages/airflow/example_dags/example_latest_only.py for tasks to queue
[2026-07-16T11:06:01.467+0000] {logging_mixin.py:188} INFO - [2026-07-16T11:06:01.467+0000] {dagbag.py:540} INFO - Filling up the DagBag from /home/airflow/.local/lib/python3.12/site-packages/airflow/example_dags/example_latest_only.py
[2026-07-16T11:06:01.472+0000] {processor.py:840} INFO - DAG(s) 'latest_only' retrieved from /home/airflow/.local/lib/python3.12/site-packages/airflow/example_dags/example_latest_only.py
[2026-07-16T11:06:01.491+0000] {logging_mixin.py:188} INFO - [2026-07-16T11:06:01.491+0000] {dag.py:3096} INFO - Sync 1 DAGs
[2026-07-16T11:06:01.513+0000] {logging_mixin.py:188} INFO - [2026-07-16T11:06:01.513+0000] {dag.py:3954} INFO - Setting next_dagrun for latest_only to 2026-07-16 04:00:00+00:00, run_after=2026-07-16 08:00:00+00:00
[2026-07-16T11:06:01.533+0000] {processor.py:183} INFO - Processing /home/airflow/.local/lib/python3.12/site-packages/airflow/example_dags/example_latest_only.py took 0.074 seconds
[2026-07-16T11:06:31.828+0000] {processor.py:161} INFO - Started process (PID=446) to work on /home/airflow/.local/lib/python3.12/site-packages/airflow/example_dags/example_latest_only.py
[2026-07-16T11:06:31.829+0000] {processor.py:830} INFO - Processing file /home/airflow/.local/lib/python3.12/site-packages/airflow/example_dags/example_latest_only.py for tasks to queue
[2026-07-16T11:06:31.831+0000] {logging_mixin.py:188} INFO - [2026-07-16T11:06:31.831+0000] {dagbag.py:540} INFO - Filling up the DagBag from /home/airflow/.local/lib/python3.12/site-packages/airflow/example_dags/example_latest_only.py
[2026-07-16T11:06:31.837+0000] {processor.py:840} INFO - DAG(s) 'latest_only' retrieved from /home/airflow/.local/lib/python3.12/site-packages/airflow/example_dags/example_latest_only.py
[2026-07-16T11:06:31.856+0000] {logging_mixin.py:188} INFO - [2026-07-16T11:06:31.856+0000] {dag.py:3096} INFO - Sync 1 DAGs
[2026-07-16T11:06:31.875+0000] {logging_mixin.py:188} INFO - [2026-07-16T11:06:31.875+0000] {dag.py:3954} INFO - Setting next_dagrun for latest_only to 2026-07-16 04:00:00+00:00, run_after=2026-07-16 08:00:00+00:00
[2026-07-16T11:06:31.894+0000] {processor.py:183} INFO - Processing /home/airflow/.local/lib/python3.12/site-packages/airflow/example_dags/example_latest_only.py took 0.071 seconds
[2026-07-16T11:07:02.129+0000] {processor.py:161} INFO - Started process (PID=505) to work on /home/airflow/.local/lib/python3.12/site-packages/airflow/example_dags/example_latest_only.py
[2026-07-16T11:07:02.130+0000] {processor.py:830} INFO - Processing file /home/airflow/.local/lib/python3.12/site-packages/airflow/example_dags/example_latest_only.py for tasks to queue
[2026-07-16T11:07:02.133+0000] {logging_mixin.py:188} INFO - [2026-07-16T11:07:02.132+0000] {dagbag.py:540} INFO - Filling up the DagBag from /home/airflow/.local/lib/python3.12/site-packages/airflow/example_dags/example_latest_only.py
[2026-07-16T11:07:02.138+0000] {processor.py:840} INFO - DAG(s) 'latest_only' retrieved from /home/airflow/.local/lib/python3.12/site-packages/airflow/example_dags/example_latest_only.py
[2026-07-16T11:07:02.154+0000] {logging_mixin.py:188} INFO - [2026-07-16T11:07:02.153+0000] {dag.py:3096} INFO - Sync 1 DAGs
[2026-07-16T11:07:02.173+0000] {logging_mixin.py:188} INFO - [2026-07-16T11:07:02.173+0000] {dag.py:3954} INFO - Setting next_dagrun for latest_only to 2026-07-16 04:00:00+00:00, run_after=2026-07-16 08:00:00+00:00
[2026-07-16T11:07:02.191+0000] {processor.py:183} INFO - Processing /home/airflow/.local/lib/python3.12/site-packages/airflow/example_dags/example_latest_only.py took 0.067 seconds
[2026-07-16T11:07:32.544+0000] {processor.py:161} INFO - Started process (PID=564) to work on /home/airflow/.local/lib/python3.12/site-packages/airflow/example_dags/example_latest_only.py
[2026-07-16T11:07:32.546+0000] {processor.py:830} INFO - Processing file /home/airflow/.local/lib/python3.12/site-packages/airflow/example_dags/example_latest_only.py for tasks to queue
[2026-07-16T11:07:32.548+0000] {logging_mixin.py:188} INFO - [2026-07-16T11:07:32.548+0000] {dagbag.py:540} INFO - Filling up the DagBag from /home/airflow/.local/lib/python3.12/site-packages/airflow/example_dags/example_latest_only.py
[2026-07-16T11:07:32.553+0000] {processor.py:840} INFO - DAG(s) 'latest_only' retrieved from /home/airflow/.local/lib/python3.12/site-packages/airflow/example_dags/example_latest_only.py
[2026-07-16T11:07:32.569+0000] {logging_mixin.py:188} INFO - [2026-07-16T11:07:32.569+0000] {dag.py:3096} INFO - Sync 1 DAGs
[2026-07-16T11:07:32.587+0000] {logging_mixin.py:188} INFO - [2026-07-16T11:07:32.587+0000] {dag.py:3954} INFO - Setting next_dagrun for latest_only to 2026-07-16 04:00:00+00:00, run_after=2026-07-16 08:00:00+00:00
[2026-07-16T11:07:32.606+0000] {processor.py:183} INFO - Processing /home/airflow/.local/lib/python3.12/site-packages/airflow/example_dags/example_latest_only.py took 0.066 seconds
[2026-07-16T11:08:03.027+0000] {processor.py:161} INFO - Started process (PID=623) to work on /home/airflow/.local/lib/python3.12/site-packages/airflow/example_dags/example_latest_only.py
[2026-07-16T11:08:03.029+0000] {processor.py:830} INFO - Processing file /home/airflow/.local/lib/python3.12/site-packages/airflow/example_dags/example_latest_only.py for tasks to queue
[2026-07-16T11:08:03.031+0000] {logging_mixin.py:188} INFO - [2026-07-16T11:08:03.031+0000] {dagbag.py:540} INFO - Filling up the DagBag from /home/airflow/.local/lib/python3.12/site-packages/airflow/example_dags/example_latest_only.py
[2026-07-16T11:08:03.035+0000] {processor.py:840} INFO - DAG(s) 'latest_only' retrieved from /home/airflow/.local/lib/python3.12/site-packages/airflow/example_dags/example_latest_only.py
[2026-07-16T11:08:03.053+0000] {logging_mixin.py:188} INFO - [2026-07-16T11:08:03.053+0000] {dag.py:3096} INFO - Sync 1 DAGs
[2026-07-16T11:08:03.072+0000] {logging_mixin.py:188} INFO - [2026-07-16T11:08:03.072+0000] {dag.py:3954} INFO - Setting next_dagrun for latest_only to 2026-07-16 04:00:00+00:00, run_after=2026-07-16 08:00:00+00:00
[2026-07-16T11:08:03.091+0000] {processor.py:183} INFO - Processing /home/airflow/.local/lib/python3.12/site-packages/airflow/example_dags/example_latest_only.py took 0.068 seconds
[2026-07-16T11:08:33.302+0000] {processor.py:161} INFO - Started process (PID=682) to work on /home/airflow/.local/lib/python3.12/site-packages/airflow/example_dags/example_latest_only.py
[2026-07-16T11:08:33.304+0000] {processor.py:830} INFO - Processing file /home/airflow/.local/lib/python3.12/site-packages/airflow/example_dags/example_latest_only.py for tasks to queue
[2026-07-16T11:08:33.306+0000] {logging_mixin.py:188} INFO - [2026-07-16T11:08:33.306+0000] {dagbag.py:540} INFO - Filling up the DagBag from /home/airflow/.local/lib/python3.12/site-packages/airflow/example_dags/example_latest_only.py
[2026-07-16T11:08:33.312+0000] {processor.py:840} INFO - DAG(s) 'latest_only' retrieved from /home/airflow/.local/lib/python3.12/site-packages/airflow/example_dags/example_latest_only.py
[2026-07-16T11:08:33.329+0000] {logging_mixin.py:188} INFO - [2026-07-16T11:08:33.329+0000] {dag.py:3096} INFO - Sync 1 DAGs
[2026-07-16T11:08:33.349+0000] {logging_mixin.py:188} INFO - [2026-07-16T11:08:33.349+0000] {dag.py:3954} INFO - Setting next_dagrun for latest_only to 2026-07-16 04:00:00+00:00, run_after=2026-07-16 08:00:00+00:00
[2026-07-16T11:08:33.367+0000] {processor.py:183} INFO - Processing /home/airflow/.local/lib/python3.12/site-packages/airflow/example_dags/example_latest_only.py took 0.070 seconds
[2026-07-16T11:09:04.493+0000] {processor.py:161} INFO - Started process (PID=741) to work on /home/airflow/.local/lib/python3.12/site-packages/airflow/example_dags/example_latest_only.py
[2026-07-16T11:09:04.495+0000] {processor.py:830} INFO - Processing file /home/airflow/.local/lib/python3.12/site-packages/airflow/example_dags/example_latest_only.py for tasks to queue
[2026-07-16T11:09:04.498+0000] {logging_mixin.py:188} INFO - [2026-07-16T11:09:04.497+0000] {dagbag.py:540} INFO - Filling up the DagBag from /home/airflow/.local/lib/python3.12/site-packages/airflow/example_dags/example_latest_only.py
[2026-07-16T11:09:04.502+0000] {processor.py:840} INFO - DAG(s) 'latest_only' retrieved from /home/airflow/.local/lib/python3.12/site-packages/airflow/example_dags/example_latest_only.py
[2026-07-16T11:09:04.519+0000] {logging_mixin.py:188} INFO - [2026-07-16T11:09:04.518+0000] {dag.py:3096} INFO - Sync 1 DAGs
[2026-07-16T11:09:04.537+0000] {logging_mixin.py:188} INFO - [2026-07-16T11:09:04.537+0000] {dag.py:3954} INFO - Setting next_dagrun for latest_only to 2026-07-16 04:00:00+00:00, run_after=2026-07-16 08:00:00+00:00
[2026-07-16T11:09:04.555+0000] {processor.py:183} INFO - Processing /home/airflow/.local/lib/python3.12/site-packages/airflow/example_dags/example_latest_only.py took 0.067 seconds
[2026-07-16T11:09:35.001+0000] {processor.py:161} INFO - Started process (PID=800) to work on /home/airflow/.local/lib/python3.12/site-packages/airflow/example_dags/example_latest_only.py
[2026-07-16T11:09:35.003+0000] {processor.py:830} INFO - Processing file /home/airflow/.local/lib/python3.12/site-packages/airflow/example_dags/example_latest_only.py for tasks to queue
[2026-07-16T11:09:35.005+0000] {logging_mixin.py:188} INFO - [2026-07-16T11:09:35.004+0000] {dagbag.py:540} INFO - Filling up the DagBag from /home/airflow/.local/lib/python3.12/site-packages/airflow/example_dags/example_latest_only.py
[2026-07-16T11:09:35.009+0000] {processor.py:840} INFO - DAG(s) 'latest_only' retrieved from /home/airflow/.local/lib/python3.12/site-packages/airflow/example_dags/example_latest_only.py
[2026-07-16T11:09:35.028+0000] {logging_mixin.py:188} INFO - [2026-07-16T11:09:35.028+0000] {dag.py:3096} INFO - Sync 1 DAGs
[2026-07-16T11:09:35.049+0000] {logging_mixin.py:188} INFO - [2026-07-16T11:09:35.049+0000] {dag.py:3954} INFO - Setting next_dagrun for latest_only to 2026-07-16 04:00:00+00:00, run_after=2026-07-16 08:00:00+00:00
[2026-07-16T11:09:35.067+0000] {processor.py:183} INFO - Processing /home/airflow/.local/lib/python3.12/site-packages/airflow/example_dags/example_latest_only.py took 0.071 seconds
[2026-07-16T11:10:05.330+0000] {processor.py:161} INFO - Started process (PID=859) to work on /home/airflow/.local/lib/python3.12/site-packages/airflow/example_dags/example_latest_only.py
[2026-07-16T11:10:05.331+0000] {processor.py:830} INFO - Processing file /home/airflow/.local/lib/python3.12/site-packages/airflow/example_dags/example_latest_only.py for tasks to queue
[2026-07-16T11:10:05.335+0000] {logging_mixin.py:188} INFO - [2026-07-16T11:10:05.334+0000] {dagbag.py:540} INFO - Filling up the DagBag from /home/airflow/.local/lib/python3.12/site-packages/airflow/example_dags/example_latest_only.py
[2026-07-16T11:10:05.341+0000] {processor.py:840} INFO - DAG(s) 'latest_only' retrieved from /home/airflow/.local/lib/python3.12/site-packages/airflow/example_dags/example_latest_only.py
[2026-07-16T11:10:05.360+0000] {logging_mixin.py:188} INFO - [2026-07-16T11:10:05.360+0000] {dag.py:3096} INFO - Sync 1 DAGs
[2026-07-16T11:10:05.383+0000] {logging_mixin.py:188} INFO - [2026-07-16T11:10:05.383+0000] {dag.py:3954} INFO - Setting next_dagrun for latest_only to 2026-07-16 04:00:00+00:00, run_after=2026-07-16 08:00:00+00:00
[2026-07-16T11:10:05.404+0000] {processor.py:183} INFO - Processing /home/airflow/.local/lib/python3.12/site-packages/airflow/example_dags/example_latest_only.py took 0.080 seconds
[2026-07-16T11:10:35.590+0000] {processor.py:161} INFO - Started process (PID=918) to work on /home/airflow/.local/lib/python3.12/site-packages/airflow/example_dags/example_latest_only.py
[2026-07-16T11:10:35.592+0000] {processor.py:830} INFO - Processing file /home/airflow/.local/lib/python3.12/site-packages/airflow/example_dags/example_latest_only.py for tasks to queue
[2026-07-16T11:10:35.594+0000] {logging_mixin.py:188} INFO - [2026-07-16T11:10:35.594+0000] {dagbag.py:540} INFO - Filling up the DagBag from /home/airflow/.local/lib/python3.12/site-packages/airflow/example_dags/example_latest_only.py
[2026-07-16T11:10:35.599+0000] {processor.py:840} INFO - DAG(s) 'latest_only' retrieved from /home/airflow/.local/lib/python3.12/site-packages/airflow/example_dags/example_latest_only.py
[2026-07-16T11:10:35.615+0000] {logging_mixin.py:188} INFO - [2026-07-16T11:10:35.615+0000] {dag.py:3096} INFO - Sync 1 DAGs
[2026-07-16T11:10:35.633+0000] {logging_mixin.py:188} INFO - [2026-07-16T11:10:35.632+0000] {dag.py:3954} INFO - Setting next_dagrun for latest_only to 2026-07-16 04:00:00+00:00, run_after=2026-07-16 08:00:00+00:00
[2026-07-16T11:10:35.655+0000] {processor.py:183} INFO - Processing /home/airflow/.local/lib/python3.12/site-packages/airflow/example_dags/example_latest_only.py took 0.071 seconds
[2026-07-16T11:11:06.337+0000] {processor.py:161} INFO - Started process (PID=977) to work on /home/airflow/.local/lib/python3.12/site-packages/airflow/example_dags/example_latest_only.py
[2026-07-16T11:11:06.338+0000] {processor.py:830} INFO - Processing file /home/airflow/.local/lib/python3.12/site-packages/airflow/example_dags/example_latest_only.py for tasks to queue
[2026-07-16T11:11:06.340+0000] {logging_mixin.py:188} INFO - [2026-07-16T11:11:06.340+0000] {dagbag.py:540} INFO - Filling up the DagBag from /home/airflow/.local/lib/python3.12/site-packages/airflow/example_dags/example_latest_only.py
[2026-07-16T11:11:06.344+0000] {processor.py:840} INFO - DAG(s) 'latest_only' retrieved from /home/airflow/.local/lib/python3.12/site-packages/airflow/example_dags/example_latest_only.py
[2026-07-16T11:11:06.362+0000] {logging_mixin.py:188} INFO - [2026-07-16T11:11:06.362+0000] {dag.py:3096} INFO - Sync 1 DAGs
[2026-07-16T11:11:06.381+0000] {logging_mixin.py:188} INFO - [2026-07-16T11:11:06.381+0000] {dag.py:3954} INFO - Setting next_dagrun for latest_only to 2026-07-16 04:00:00+00:00, run_after=2026-07-16 08:00:00+00:00
[2026-07-16T11:11:06.399+0000] {processor.py:183} INFO - Processing /home/airflow/.local/lib/python3.12/site-packages/airflow/example_dags/example_latest_only.py took 0.067 seconds
[2026-07-16T11:11:36.640+0000] {processor.py:161} INFO - Started process (PID=1036) to work on /home/airflow/.local/lib/python3.12/site-packages/airflow/example_dags/example_latest_only.py
[2026-07-16T11:11:36.641+0000] {processor.py:830} INFO - Processing file /home/airflow/.local/lib/python3.12/site-packages/airflow/example_dags/example_latest_only.py for tasks to queue
[2026-07-16T11:11:36.644+0000] {logging_mixin.py:188} INFO - [2026-07-16T11:11:36.644+0000] {dagbag.py:540} INFO - Filling up the DagBag from /home/airflow/.local/lib/python3.12/site-packages/airflow/example_dags/example_latest_only.py
[2026-07-16T11:11:36.649+0000] {processor.py:840} INFO - DAG(s) 'latest_only' retrieved from /home/airflow/.local/lib/python3.12/site-packages/airflow/example_dags/example_latest_only.py
[2026-07-16T11:11:36.666+0000] {logging_mixin.py:188} INFO - [2026-07-16T11:11:36.665+0000] {dag.py:3096} INFO - Sync 1 DAGs
[2026-07-16T11:11:36.684+0000] {logging_mixin.py:188} INFO - [2026-07-16T11:11:36.683+0000] {dag.py:3954} INFO - Setting next_dagrun for latest_only to 2026-07-16 04:00:00+00:00, run_after=2026-07-16 08:00:00+00:00
[2026-07-16T11:11:36.702+0000] {processor.py:183} INFO - Processing /home/airflow/.local/lib/python3.12/site-packages/airflow/example_dags/example_latest_only.py took 0.068 seconds
[2026-07-16T11:12:07.508+0000] {processor.py:161} INFO - Started process (PID=1095) to work on /home/airflow/.local/lib/python3.12/site-packages/airflow/example_dags/example_latest_only.py
[2026-07-16T11:12:07.509+0000] {processor.py:830} INFO - Processing file /home/airflow/.local/lib/python3.12/site-packages/airflow/example_dags/example_latest_only.py for tasks to queue
[2026-07-16T11:12:07.512+0000] {logging_mixin.py:188} INFO - [2026-07-16T11:12:07.512+0000] {dagbag.py:540} INFO - Filling up the DagBag from /home/airflow/.local/lib/python3.12/site-packages/airflow/example_dags/example_latest_only.py
[2026-07-16T11:12:07.518+0000] {processor.py:840} INFO - DAG(s) 'latest_only' retrieved from /home/airflow/.local/lib/python3.12/site-packages/airflow/example_dags/example_latest_only.py
[2026-07-16T11:12:07.539+0000] {logging_mixin.py:188} INFO - [2026-07-16T11:12:07.538+0000] {dag.py:3096} INFO - Sync 1 DAGs
[2026-07-16T11:12:07.579+0000] {logging_mixin.py:188} INFO - [2026-07-16T11:12:07.578+0000] {dag.py:3954} INFO - Setting next_dagrun for latest_only to 2026-07-16 04:00:00+00:00, run_after=2026-07-16 08:00:00+00:00
[2026-07-16T11:12:07.608+0000] {processor.py:183} INFO - Processing /home/airflow/.local/lib/python3.12/site-packages/airflow/example_dags/example_latest_only.py took 0.105 seconds
[2026-07-16T11:12:37.741+0000] {processor.py:161} INFO - Started process (PID=1154) to work on /home/airflow/.local/lib/python3.12/site-packages/airflow/example_dags/example_latest_only.py
[2026-07-16T11:12:37.743+0000] {processor.py:830} INFO - Processing file /home/airflow/.local/lib/python3.12/site-packages/airflow/example_dags/example_latest_only.py for tasks to queue
[2026-07-16T11:12:37.769+0000] {logging_mixin.py:188} INFO - [2026-07-16T11:12:37.769+0000] {dagbag.py:540} INFO - Filling up the DagBag from /home/airflow/.local/lib/python3.12/site-packages/airflow/example_dags/example_latest_only.py
[2026-07-16T11:12:37.774+0000] {processor.py:840} INFO - DAG(s) 'latest_only' retrieved from /home/airflow/.local/lib/python3.12/site-packages/airflow/example_dags/example_latest_only.py
[2026-07-16T11:12:37.791+0000] {logging_mixin.py:188} INFO - [2026-07-16T11:12:37.791+0000] {dag.py:3096} INFO - Sync 1 DAGs
[2026-07-16T11:12:37.811+0000] {logging_mixin.py:188} INFO - [2026-07-16T11:12:37.811+0000] {dag.py:3954} INFO - Setting next_dagrun for latest_only to 2026-07-16 04:00:00+00:00, run_after=2026-07-16 08:00:00+00:00
[2026-07-16T11:12:37.933+0000] {processor.py:183} INFO - Processing /home/airflow/.local/lib/python3.12/site-packages/airflow/example_dags/example_latest_only.py took 0.197 seconds
[2026-07-16T11:13:08.057+0000] {processor.py:161} INFO - Started process (PID=1213) to work on /home/airflow/.local/lib/python3.12/site-packages/airflow/example_dags/example_latest_only.py
[2026-07-16T11:13:08.059+0000] {processor.py:830} INFO - Processing file /home/airflow/.local/lib/python3.12/site-packages/airflow/example_dags/example_latest_only.py for tasks to queue
[2026-07-16T11:13:08.062+0000] {logging_mixin.py:188} INFO - [2026-07-16T11:13:08.062+0000] {dagbag.py:540} INFO - Filling up the DagBag from /home/airflow/.local/lib/python3.12/site-packages/airflow/example_dags/example_latest_only.py
[2026-07-16T11:13:08.067+0000] {processor.py:840} INFO - DAG(s) 'latest_only' retrieved from /home/airflow/.local/lib/python3.12/site-packages/airflow/example_dags/example_latest_only.py
[2026-07-16T11:13:08.087+0000] {logging_mixin.py:188} INFO - [2026-07-16T11:13:08.087+0000] {dag.py:3096} INFO - Sync 1 DAGs
[2026-07-16T11:13:08.113+0000] {logging_mixin.py:188} INFO - [2026-07-16T11:13:08.113+0000] {dag.py:3954} INFO - Setting next_dagrun for latest_only to 2026-07-16 04:00:00+00:00, run_after=2026-07-16 08:00:00+00:00
[2026-07-16T11:13:08.132+0000] {processor.py:183} INFO - Processing /home/airflow/.local/lib/python3.12/site-packages/airflow/example_dags/example_latest_only.py took 0.081 seconds
[2026-07-16T11:13:38.161+0000] {processor.py:161} INFO - Started process (PID=1271) to work on /home/airflow/.local/lib/python3.12/site-packages/airflow/example_dags/example_latest_only.py
[2026-07-16T11:13:38.162+0000] {processor.py:830} INFO - Processing file /home/airflow/.local/lib/python3.12/site-packages/airflow/example_dags/example_latest_only.py for tasks to queue
[2026-07-16T11:13:38.165+0000] {logging_mixin.py:188} INFO - [2026-07-16T11:13:38.165+0000] {dagbag.py:540} INFO - Filling up the DagBag from /home/airflow/.local/lib/python3.12/site-packages/airflow/example_dags/example_latest_only.py
[2026-07-16T11:13:38.170+0000] {processor.py:840} INFO - DAG(s) 'latest_only' retrieved from /home/airflow/.local/lib/python3.12/site-packages/airflow/example_dags/example_latest_only.py
[2026-07-16T11:13:38.187+0000] {logging_mixin.py:188} INFO - [2026-07-16T11:13:38.186+0000] {dag.py:3096} INFO - Sync 1 DAGs
[2026-07-16T11:13:38.204+0000] {logging_mixin.py:188} INFO - [2026-07-16T11:13:38.204+0000] {dag.py:3954} INFO - Setting next_dagrun for latest_only to 2026-07-16 04:00:00+00:00, run_after=2026-07-16 08:00:00+00:00
[2026-07-16T11:13:38.221+0000] {processor.py:183} INFO - Processing /home/airflow/.local/lib/python3.12/site-packages/airflow/example_dags/example_latest_only.py took 0.066 seconds
[2026-07-16T11:14:08.443+0000] {processor.py:161} INFO - Started process (PID=1330) to work on /home/airflow/.local/lib/python3.12/site-packages/airflow/example_dags/example_latest_only.py
[2026-07-16T11:14:08.444+0000] {processor.py:830} INFO - Processing file /home/airflow/.local/lib/python3.12/site-packages/airflow/example_dags/example_latest_only.py for tasks to queue
[2026-07-16T11:14:08.448+0000] {logging_mixin.py:188} INFO - [2026-07-16T11:14:08.447+0000] {dagbag.py:540} INFO - Filling up the DagBag from /home/airflow/.local/lib/python3.12/site-packages/airflow/example_dags/example_latest_only.py
[2026-07-16T11:14:08.452+0000] {processor.py:840} INFO - DAG(s) 'latest_only' retrieved from /home/airflow/.local/lib/python3.12/site-packages/airflow/example_dags/example_latest_only.py
[2026-07-16T11:14:08.469+0000] {logging_mixin.py:188} INFO - [2026-07-16T11:14:08.469+0000] {dag.py:3096} INFO - Sync 1 DAGs
[2026-07-16T11:14:08.486+0000] {logging_mixin.py:188} INFO - [2026-07-16T11:14:08.486+0000] {dag.py:3954} INFO - Setting next_dagrun for latest_only to 2026-07-16 04:00:00+00:00, run_after=2026-07-16 08:00:00+00:00
[2026-07-16T11:14:08.504+0000] {processor.py:183} INFO - Processing /home/airflow/.local/lib/python3.12/site-packages/airflow/example_dags/example_latest_only.py took 0.067 seconds
[2026-07-16T11:14:38.594+0000] {processor.py:161} INFO - Started process (PID=1389) to work on /home/airflow/.local/lib/python3.12/site-packages/airflow/example_dags/example_latest_only.py
[2026-07-16T11:14:38.596+0000] {processor.py:830} INFO - Processing file /home/airflow/.local/lib/python3.12/site-packages/airflow/example_dags/example_latest_only.py for tasks to queue
[2026-07-16T11:14:38.601+0000] {logging_mixin.py:188} INFO - [2026-07-16T11:14:38.600+0000] {dagbag.py:540} INFO - Filling up the DagBag from /home/airflow/.local/lib/python3.12/site-packages/airflow/example_dags/example_latest_only.py
[2026-07-16T11:14:38.606+0000] {processor.py:840} INFO - DAG(s) 'latest_only' retrieved from /home/airflow/.local/lib/python3.12/site-packages/airflow/example_dags/example_latest_only.py
[2026-07-16T11:14:38.624+0000] {logging_mixin.py:188} INFO - [2026-07-16T11:14:38.624+0000] {dag.py:3096} INFO - Sync 1 DAGs
[2026-07-16T11:14:38.643+0000] {logging_mixin.py:188} INFO - [2026-07-16T11:14:38.643+0000] {dag.py:3954} INFO - Setting next_dagrun for latest_only to 2026-07-16 04:00:00+00:00, run_after=2026-07-16 08:00:00+00:00
[2026-07-16T11:14:38.661+0000] {processor.py:183} INFO - Processing /home/airflow/.local/lib/python3.12/site-packages/airflow/example_dags/example_latest_only.py took 0.073 seconds
[2026-07-16T11:15:09.083+0000] {processor.py:161} INFO - Started process (PID=1448) to work on /home/airflow/.local/lib/python3.12/site-packages/airflow/example_dags/example_latest_only.py
[2026-07-16T11:15:09.085+0000] {processor.py:830} INFO - Processing file /home/airflow/.local/lib/python3.12/site-packages/airflow/example_dags/example_latest_only.py for tasks to queue
[2026-07-16T11:15:09.088+0000] {logging_mixin.py:188} INFO - [2026-07-16T11:15:09.088+0000] {dagbag.py:540} INFO - Filling up the DagBag from /home/airflow/.local/lib/python3.12/site-packages/airflow/example_dags/example_latest_only.py
[2026-07-16T11:15:09.096+0000] {processor.py:840} INFO - DAG(s) 'latest_only' retrieved from /home/airflow/.local/lib/python3.12/site-packages/airflow/example_dags/example_latest_only.py
[2026-07-16T11:15:09.128+0000] {logging_mixin.py:188} INFO - [2026-07-16T11:15:09.128+0000] {dag.py:3096} INFO - Sync 1 DAGs
[2026-07-16T11:15:09.158+0000] {logging_mixin.py:188} INFO - [2026-07-16T11:15:09.158+0000] {dag.py:3954} INFO - Setting next_dagrun for latest_only to 2026-07-16 04:00:00+00:00, run_after=2026-07-16 08:00:00+00:00
[2026-07-16T11:15:09.182+0000] {processor.py:183} INFO - Processing /home/airflow/.local/lib/python3.12/site-packages/airflow/example_dags/example_latest_only.py took 0.108 seconds
[2026-07-16T11:15:39.468+0000] {processor.py:161} INFO - Started process (PID=1507) to work on /home/airflow/.local/lib/python3.12/site-packages/airflow/example_dags/example_latest_only.py
[2026-07-16T11:15:39.470+0000] {processor.py:830} INFO - Processing file /home/airflow/.local/lib/python3.12/site-packages/airflow/example_dags/example_latest_only.py for tasks to queue
[2026-07-16T11:15:39.473+0000] {logging_mixin.py:188} INFO - [2026-07-16T11:15:39.473+0000] {dagbag.py:540} INFO - Filling up the DagBag from /home/airflow/.local/lib/python3.12/site-packages/airflow/example_dags/example_latest_only.py
[2026-07-16T11:15:39.480+0000] {processor.py:840} INFO - DAG(s) 'latest_only' retrieved from /home/airflow/.local/lib/python3.12/site-packages/airflow/example_dags/example_latest_only.py
[2026-07-16T11:15:39.502+0000] {logging_mixin.py:188} INFO - [2026-07-16T11:15:39.502+0000] {dag.py:3096} INFO - Sync 1 DAGs
[2026-07-16T11:15:39.522+0000] {logging_mixin.py:188} INFO - [2026-07-16T11:15:39.522+0000] {dag.py:3954} INFO - Setting next_dagrun for latest_only to 2026-07-16 04:00:00+00:00, run_after=2026-07-16 08:00:00+00:00
[2026-07-16T11:15:39.582+0000] {processor.py:183} INFO - Processing /home/airflow/.local/lib/python3.12/site-packages/airflow/example_dags/example_latest_only.py took 0.122 seconds
[2026-07-16T11:16:10.207+0000] {processor.py:161} INFO - Started process (PID=1566) to work on /home/airflow/.local/lib/python3.12/site-packages/airflow/example_dags/example_latest_only.py
[2026-07-16T11:16:10.209+0000] {processor.py:830} INFO - Processing file /home/airflow/.local/lib/python3.12/site-packages/airflow/example_dags/example_latest_only.py for tasks to queue
[2026-07-16T11:16:10.211+0000] {logging_mixin.py:188} INFO - [2026-07-16T11:16:10.211+0000] {dagbag.py:540} INFO - Filling up the DagBag from /home/airflow/.local/lib/python3.12/site-packages/airflow/example_dags/example_latest_only.py
[2026-07-16T11:16:10.215+0000] {processor.py:840} INFO - DAG(s) 'latest_only' retrieved from /home/airflow/.local/lib/python3.12/site-packages/airflow/example_dags/example_latest_only.py
[2026-07-16T11:16:10.234+0000] {logging_mixin.py:188} INFO - [2026-07-16T11:16:10.234+0000] {dag.py:3096} INFO - Sync 1 DAGs
[2026-07-16T11:16:10.254+0000] {logging_mixin.py:188} INFO - [2026-07-16T11:16:10.254+0000] {dag.py:3954} INFO - Setting next_dagrun for latest_only to 2026-07-16 04:00:00+00:00, run_after=2026-07-16 08:00:00+00:00
[2026-07-16T11:16:10.272+0000] {processor.py:183} INFO - Processing /home/airflow/.local/lib/python3.12/site-packages/airflow/example_dags/example_latest_only.py took 0.070 seconds
[2026-07-16T11:16:41.117+0000] {processor.py:161} INFO - Started process (PID=1625) to work on /home/airflow/.local/lib/python3.12/site-packages/airflow/example_dags/example_latest_only.py
[2026-07-16T11:16:41.119+0000] {processor.py:830} INFO - Processing file /home/airflow/.local/lib/python3.12/site-packages/airflow/example_dags/example_latest_only.py for tasks to queue
[2026-07-16T11:16:41.121+0000] {logging_mixin.py:188} INFO - [2026-07-16T11:16:41.121+0000] {dagbag.py:540} INFO - Filling up the DagBag from /home/airflow/.local/lib/python3.12/site-packages/airflow/example_dags/example_latest_only.py
[2026-07-16T11:16:41.126+0000] {processor.py:840} INFO - DAG(s) 'latest_only' retrieved from /home/airflow/.local/lib/python3.12/site-packages/airflow/example_dags/example_latest_only.py
[2026-07-16T11:16:41.142+0000] {logging_mixin.py:188} INFO - [2026-07-16T11:16:41.142+0000] {dag.py:3096} INFO - Sync 1 DAGs
[2026-07-16T11:16:41.160+0000] {logging_mixin.py:188} INFO - [2026-07-16T11:16:41.160+0000] {dag.py:3954} INFO - Setting next_dagrun for latest_only to 2026-07-16 04:00:00+00:00, run_after=2026-07-16 08:00:00+00:00
[2026-07-16T11:16:41.176+0000] {processor.py:183} INFO - Processing /home/airflow/.local/lib/python3.12/site-packages/airflow/example_dags/example_latest_only.py took 0.064 seconds
[2026-07-16T11:17:11.962+0000] {processor.py:161} INFO - Started process (PID=1684) to work on /home/airflow/.local/lib/python3.12/site-packages/airflow/example_dags/example_latest_only.py
[2026-07-16T11:17:11.963+0000] {processor.py:830} INFO - Processing file /home/airflow/.local/lib/python3.12/site-packages/airflow/example_dags/example_latest_only.py for tasks to queue
[2026-07-16T11:17:11.966+0000] {logging_mixin.py:188} INFO - [2026-07-16T11:17:11.966+0000] {dagbag.py:540} INFO - Filling up the DagBag from /home/airflow/.local/lib/python3.12/site-packages/airflow/example_dags/example_latest_only.py
[2026-07-16T11:17:11.970+0000] {processor.py:840} INFO - DAG(s) 'latest_only' retrieved from /home/airflow/.local/lib/python3.12/site-packages/airflow/example_dags/example_latest_only.py
[2026-07-16T11:17:11.989+0000] {logging_mixin.py:188} INFO - [2026-07-16T11:17:11.989+0000] {dag.py:3096} INFO - Sync 1 DAGs
[2026-07-16T11:17:12.007+0000] {logging_mixin.py:188} INFO - [2026-07-16T11:17:12.007+0000] {dag.py:3954} INFO - Setting next_dagrun for latest_only to 2026-07-16 04:00:00+00:00, run_after=2026-07-16 08:00:00+00:00
[2026-07-16T11:17:12.027+0000] {processor.py:183} INFO - Processing /home/airflow/.local/lib/python3.12/site-packages/airflow/example_dags/example_latest_only.py took 0.070 seconds
[2026-07-16T11:17:42.132+0000] {processor.py:161} INFO - Started process (PID=1743) to work on /home/airflow/.local/lib/python3.12/site-packages/airflow/example_dags/example_latest_only.py
[2026-07-16T11:17:42.133+0000] {processor.py:830} INFO - Processing file /home/airflow/.local/lib/python3.12/site-packages/airflow/example_dags/example_latest_only.py for tasks to queue
[2026-07-16T11:17:42.136+0000] {logging_mixin.py:188} INFO - [2026-07-16T11:17:42.135+0000] {dagbag.py:540} INFO - Filling up the DagBag from /home/airflow/.local/lib/python3.12/site-packages/airflow/example_dags/example_latest_only.py
[2026-07-16T11:17:42.140+0000] {processor.py:840} INFO - DAG(s) 'latest_only' retrieved from /home/airflow/.local/lib/python3.12/site-packages/airflow/example_dags/example_latest_only.py
[2026-07-16T11:17:42.160+0000] {logging_mixin.py:188} INFO - [2026-07-16T11:17:42.160+0000] {dag.py:3096} INFO - Sync 1 DAGs
[2026-07-16T11:17:42.182+0000] {logging_mixin.py:188} INFO - [2026-07-16T11:17:42.182+0000] {dag.py:3954} INFO - Setting next_dagrun for latest_only to 2026-07-16 04:00:00+00:00, run_after=2026-07-16 08:00:00+00:00
[2026-07-16T11:17:42.205+0000] {processor.py:183} INFO - Processing /home/airflow/.local/lib/python3.12/site-packages/airflow/example_dags/example_latest_only.py took 0.078 seconds
[2026-07-16T11:18:14.330+0000] {processor.py:161} INFO - Started process (PID=1803) to work on /home/airflow/.local/lib/python3.12/site-packages/airflow/example_dags/example_latest_only.py
[2026-07-16T11:18:14.332+0000] {processor.py:830} INFO - Processing file /home/airflow/.local/lib/python3.12/site-packages/airflow/example_dags/example_latest_only.py for tasks to queue
[2026-07-16T11:18:14.338+0000] {logging_mixin.py:188} INFO - [2026-07-16T11:18:14.337+0000] {dagbag.py:540} INFO - Filling up the DagBag from /home/airflow/.local/lib/python3.12/site-packages/airflow/example_dags/example_latest_only.py
[2026-07-16T11:18:14.353+0000] {processor.py:840} INFO - DAG(s) 'latest_only' retrieved from /home/airflow/.local/lib/python3.12/site-packages/airflow/example_dags/example_latest_only.py
[2026-07-16T11:18:14.397+0000] {logging_mixin.py:188} INFO - [2026-07-16T11:18:14.396+0000] {dag.py:3096} INFO - Sync 1 DAGs
[2026-07-16T11:18:14.442+0000] {logging_mixin.py:188} INFO - [2026-07-16T11:18:14.441+0000] {dag.py:3954} INFO - Setting next_dagrun for latest_only to 2026-07-16 04:00:00+00:00, run_after=2026-07-16 08:00:00+00:00
[2026-07-16T11:18:14.477+0000] {processor.py:183} INFO - Processing /home/airflow/.local/lib/python3.12/site-packages/airflow/example_dags/example_latest_only.py took 0.157 seconds
