[2026-07-16T11:03:26.887+0000] {processor.py:161} INFO - Started process (PID=73) to work on /home/airflow/.local/lib/python3.12/site-packages/airflow/example_dags/example_branch_python_dop_operator_3.py
[2026-07-16T11:03:26.892+0000] {processor.py:830} INFO - Processing file /home/airflow/.local/lib/python3.12/site-packages/airflow/example_dags/example_branch_python_dop_operator_3.py for tasks to queue
[2026-07-16T11:03:26.902+0000] {logging_mixin.py:188} INFO - [2026-07-16T11:03:26.901+0000] {dagbag.py:540} INFO - Filling up the DagBag from /home/airflow/.local/lib/python3.12/site-packages/airflow/example_dags/example_branch_python_dop_operator_3.py
[2026-07-16T11:03:26.932+0000] {processor.py:840} INFO - DAG(s) 'example_branch_dop_operator_v3' retrieved from /home/airflow/.local/lib/python3.12/site-packages/airflow/example_dags/example_branch_python_dop_operator_3.py
[2026-07-16T11:03:26.964+0000] {logging_mixin.py:188} INFO - [2026-07-16T11:03:26.964+0000] {dag.py:3096} INFO - Sync 1 DAGs
[2026-07-16T11:03:27.013+0000] {logging_mixin.py:188} INFO - [2026-07-16T11:03:27.012+0000] {dag.py:3954} INFO - Setting next_dagrun for example_branch_dop_operator_v3 to 2026-07-16 11:02:00+00:00, run_after=2026-07-16 11:03:00+00:00
[2026-07-16T11:03:27.043+0000] {processor.py:183} INFO - Processing /home/airflow/.local/lib/python3.12/site-packages/airflow/example_dags/example_branch_python_dop_operator_3.py took 0.189 seconds
[2026-07-16T11:03:57.106+0000] {processor.py:161} INFO - Started process (PID=132) to work on /home/airflow/.local/lib/python3.12/site-packages/airflow/example_dags/example_branch_python_dop_operator_3.py
[2026-07-16T11:03:57.108+0000] {processor.py:830} INFO - Processing file /home/airflow/.local/lib/python3.12/site-packages/airflow/example_dags/example_branch_python_dop_operator_3.py for tasks to queue
[2026-07-16T11:03:57.110+0000] {logging_mixin.py:188} INFO - [2026-07-16T11:03:57.110+0000] {dagbag.py:540} INFO - Filling up the DagBag from /home/airflow/.local/lib/python3.12/site-packages/airflow/example_dags/example_branch_python_dop_operator_3.py
[2026-07-16T11:03:57.121+0000] {processor.py:840} INFO - DAG(s) 'example_branch_dop_operator_v3' retrieved from /home/airflow/.local/lib/python3.12/site-packages/airflow/example_dags/example_branch_python_dop_operator_3.py
[2026-07-16T11:03:57.224+0000] {logging_mixin.py:188} INFO - [2026-07-16T11:03:57.224+0000] {dag.py:3096} INFO - Sync 1 DAGs
[2026-07-16T11:03:57.246+0000] {logging_mixin.py:188} INFO - [2026-07-16T11:03:57.246+0000] {dag.py:3954} INFO - Setting next_dagrun for example_branch_dop_operator_v3 to 2026-07-16 11:02:00+00:00, run_after=2026-07-16 11:03:00+00:00
[2026-07-16T11:03:57.267+0000] {processor.py:183} INFO - Processing /home/airflow/.local/lib/python3.12/site-packages/airflow/example_dags/example_branch_python_dop_operator_3.py took 0.167 seconds
[2026-07-16T11:04:27.890+0000] {processor.py:161} INFO - Started process (PID=192) to work on /home/airflow/.local/lib/python3.12/site-packages/airflow/example_dags/example_branch_python_dop_operator_3.py
[2026-07-16T11:04:27.891+0000] {processor.py:830} INFO - Processing file /home/airflow/.local/lib/python3.12/site-packages/airflow/example_dags/example_branch_python_dop_operator_3.py for tasks to queue
[2026-07-16T11:04:27.894+0000] {logging_mixin.py:188} INFO - [2026-07-16T11:04:27.893+0000] {dagbag.py:540} INFO - Filling up the DagBag from /home/airflow/.local/lib/python3.12/site-packages/airflow/example_dags/example_branch_python_dop_operator_3.py
[2026-07-16T11:04:27.902+0000] {processor.py:840} INFO - DAG(s) 'example_branch_dop_operator_v3' retrieved from /home/airflow/.local/lib/python3.12/site-packages/airflow/example_dags/example_branch_python_dop_operator_3.py
[2026-07-16T11:04:27.921+0000] {logging_mixin.py:188} INFO - [2026-07-16T11:04:27.920+0000] {dag.py:3096} INFO - Sync 1 DAGs
[2026-07-16T11:04:27.943+0000] {logging_mixin.py:188} INFO - [2026-07-16T11:04:27.943+0000] {dag.py:3954} INFO - Setting next_dagrun for example_branch_dop_operator_v3 to 2026-07-16 11:03:00+00:00, run_after=2026-07-16 11:04:00+00:00
[2026-07-16T11:04:27.963+0000] {processor.py:183} INFO - Processing /home/airflow/.local/lib/python3.12/site-packages/airflow/example_dags/example_branch_python_dop_operator_3.py took 0.078 seconds
[2026-07-16T11:04:58.934+0000] {processor.py:161} INFO - Started process (PID=251) to work on /home/airflow/.local/lib/python3.12/site-packages/airflow/example_dags/example_branch_python_dop_operator_3.py
[2026-07-16T11:04:58.936+0000] {processor.py:830} INFO - Processing file /home/airflow/.local/lib/python3.12/site-packages/airflow/example_dags/example_branch_python_dop_operator_3.py for tasks to queue
[2026-07-16T11:04:58.939+0000] {logging_mixin.py:188} INFO - [2026-07-16T11:04:58.938+0000] {dagbag.py:540} INFO - Filling up the DagBag from /home/airflow/.local/lib/python3.12/site-packages/airflow/example_dags/example_branch_python_dop_operator_3.py
[2026-07-16T11:04:58.949+0000] {processor.py:840} INFO - DAG(s) 'example_branch_dop_operator_v3' retrieved from /home/airflow/.local/lib/python3.12/site-packages/airflow/example_dags/example_branch_python_dop_operator_3.py
[2026-07-16T11:04:58.968+0000] {logging_mixin.py:188} INFO - [2026-07-16T11:04:58.968+0000] {dag.py:3096} INFO - Sync 1 DAGs
[2026-07-16T11:04:58.994+0000] {logging_mixin.py:188} INFO - [2026-07-16T11:04:58.993+0000] {dag.py:3954} INFO - Setting next_dagrun for example_branch_dop_operator_v3 to 2026-07-16 11:03:00+00:00, run_after=2026-07-16 11:04:00+00:00
[2026-07-16T11:04:59.018+0000] {processor.py:183} INFO - Processing /home/airflow/.local/lib/python3.12/site-packages/airflow/example_dags/example_branch_python_dop_operator_3.py took 0.090 seconds
[2026-07-16T11:05:29.371+0000] {processor.py:161} INFO - Started process (PID=310) to work on /home/airflow/.local/lib/python3.12/site-packages/airflow/example_dags/example_branch_python_dop_operator_3.py
[2026-07-16T11:05:29.373+0000] {processor.py:830} INFO - Processing file /home/airflow/.local/lib/python3.12/site-packages/airflow/example_dags/example_branch_python_dop_operator_3.py for tasks to queue
[2026-07-16T11:05:29.376+0000] {logging_mixin.py:188} INFO - [2026-07-16T11:05:29.376+0000] {dagbag.py:540} INFO - Filling up the DagBag from /home/airflow/.local/lib/python3.12/site-packages/airflow/example_dags/example_branch_python_dop_operator_3.py
[2026-07-16T11:05:29.384+0000] {processor.py:840} INFO - DAG(s) 'example_branch_dop_operator_v3' retrieved from /home/airflow/.local/lib/python3.12/site-packages/airflow/example_dags/example_branch_python_dop_operator_3.py
[2026-07-16T11:05:29.405+0000] {logging_mixin.py:188} INFO - [2026-07-16T11:05:29.405+0000] {dag.py:3096} INFO - Sync 1 DAGs
[2026-07-16T11:05:29.427+0000] {logging_mixin.py:188} INFO - [2026-07-16T11:05:29.427+0000] {dag.py:3954} INFO - Setting next_dagrun for example_branch_dop_operator_v3 to 2026-07-16 11:04:00+00:00, run_after=2026-07-16 11:05:00+00:00
[2026-07-16T11:05:29.448+0000] {processor.py:183} INFO - Processing /home/airflow/.local/lib/python3.12/site-packages/airflow/example_dags/example_branch_python_dop_operator_3.py took 0.083 seconds
[2026-07-16T11:06:00.470+0000] {processor.py:161} INFO - Started process (PID=369) to work on /home/airflow/.local/lib/python3.12/site-packages/airflow/example_dags/example_branch_python_dop_operator_3.py
[2026-07-16T11:06:00.471+0000] {processor.py:830} INFO - Processing file /home/airflow/.local/lib/python3.12/site-packages/airflow/example_dags/example_branch_python_dop_operator_3.py for tasks to queue
[2026-07-16T11:06:00.473+0000] {logging_mixin.py:188} INFO - [2026-07-16T11:06:00.473+0000] {dagbag.py:540} INFO - Filling up the DagBag from /home/airflow/.local/lib/python3.12/site-packages/airflow/example_dags/example_branch_python_dop_operator_3.py
[2026-07-16T11:06:00.481+0000] {processor.py:840} INFO - DAG(s) 'example_branch_dop_operator_v3' retrieved from /home/airflow/.local/lib/python3.12/site-packages/airflow/example_dags/example_branch_python_dop_operator_3.py
[2026-07-16T11:06:00.498+0000] {logging_mixin.py:188} INFO - [2026-07-16T11:06:00.497+0000] {dag.py:3096} INFO - Sync 1 DAGs
[2026-07-16T11:06:00.519+0000] {logging_mixin.py:188} INFO - [2026-07-16T11:06:00.519+0000] {dag.py:3954} INFO - Setting next_dagrun for example_branch_dop_operator_v3 to 2026-07-16 11:05:00+00:00, run_after=2026-07-16 11:06:00+00:00
[2026-07-16T11:06:00.538+0000] {processor.py:183} INFO - Processing /home/airflow/.local/lib/python3.12/site-packages/airflow/example_dags/example_branch_python_dop_operator_3.py took 0.073 seconds
[2026-07-16T11:06:30.688+0000] {processor.py:161} INFO - Started process (PID=428) to work on /home/airflow/.local/lib/python3.12/site-packages/airflow/example_dags/example_branch_python_dop_operator_3.py
[2026-07-16T11:06:30.690+0000] {processor.py:830} INFO - Processing file /home/airflow/.local/lib/python3.12/site-packages/airflow/example_dags/example_branch_python_dop_operator_3.py for tasks to queue
[2026-07-16T11:06:30.692+0000] {logging_mixin.py:188} INFO - [2026-07-16T11:06:30.692+0000] {dagbag.py:540} INFO - Filling up the DagBag from /home/airflow/.local/lib/python3.12/site-packages/airflow/example_dags/example_branch_python_dop_operator_3.py
[2026-07-16T11:06:30.699+0000] {processor.py:840} INFO - DAG(s) 'example_branch_dop_operator_v3' retrieved from /home/airflow/.local/lib/python3.12/site-packages/airflow/example_dags/example_branch_python_dop_operator_3.py
[2026-07-16T11:06:30.717+0000] {logging_mixin.py:188} INFO - [2026-07-16T11:06:30.716+0000] {dag.py:3096} INFO - Sync 1 DAGs
[2026-07-16T11:06:30.736+0000] {logging_mixin.py:188} INFO - [2026-07-16T11:06:30.736+0000] {dag.py:3954} INFO - Setting next_dagrun for example_branch_dop_operator_v3 to 2026-07-16 11:05:00+00:00, run_after=2026-07-16 11:06:00+00:00
[2026-07-16T11:06:30.755+0000] {processor.py:183} INFO - Processing /home/airflow/.local/lib/python3.12/site-packages/airflow/example_dags/example_branch_python_dop_operator_3.py took 0.071 seconds
[2026-07-16T11:07:00.848+0000] {processor.py:161} INFO - Started process (PID=486) to work on /home/airflow/.local/lib/python3.12/site-packages/airflow/example_dags/example_branch_python_dop_operator_3.py
[2026-07-16T11:07:00.850+0000] {processor.py:830} INFO - Processing file /home/airflow/.local/lib/python3.12/site-packages/airflow/example_dags/example_branch_python_dop_operator_3.py for tasks to queue
[2026-07-16T11:07:00.852+0000] {logging_mixin.py:188} INFO - [2026-07-16T11:07:00.852+0000] {dagbag.py:540} INFO - Filling up the DagBag from /home/airflow/.local/lib/python3.12/site-packages/airflow/example_dags/example_branch_python_dop_operator_3.py
[2026-07-16T11:07:00.860+0000] {processor.py:840} INFO - DAG(s) 'example_branch_dop_operator_v3' retrieved from /home/airflow/.local/lib/python3.12/site-packages/airflow/example_dags/example_branch_python_dop_operator_3.py
[2026-07-16T11:07:00.878+0000] {logging_mixin.py:188} INFO - [2026-07-16T11:07:00.877+0000] {dag.py:3096} INFO - Sync 1 DAGs
[2026-07-16T11:07:00.904+0000] {logging_mixin.py:188} INFO - [2026-07-16T11:07:00.904+0000] {dag.py:3954} INFO - Setting next_dagrun for example_branch_dop_operator_v3 to 2026-07-16 11:06:00+00:00, run_after=2026-07-16 11:07:00+00:00
[2026-07-16T11:07:00.923+0000] {processor.py:183} INFO - Processing /home/airflow/.local/lib/python3.12/site-packages/airflow/example_dags/example_branch_python_dop_operator_3.py took 0.080 seconds
[2026-07-16T11:07:31.201+0000] {processor.py:161} INFO - Started process (PID=545) to work on /home/airflow/.local/lib/python3.12/site-packages/airflow/example_dags/example_branch_python_dop_operator_3.py
[2026-07-16T11:07:31.203+0000] {processor.py:830} INFO - Processing file /home/airflow/.local/lib/python3.12/site-packages/airflow/example_dags/example_branch_python_dop_operator_3.py for tasks to queue
[2026-07-16T11:07:31.205+0000] {logging_mixin.py:188} INFO - [2026-07-16T11:07:31.205+0000] {dagbag.py:540} INFO - Filling up the DagBag from /home/airflow/.local/lib/python3.12/site-packages/airflow/example_dags/example_branch_python_dop_operator_3.py
[2026-07-16T11:07:31.212+0000] {processor.py:840} INFO - DAG(s) 'example_branch_dop_operator_v3' retrieved from /home/airflow/.local/lib/python3.12/site-packages/airflow/example_dags/example_branch_python_dop_operator_3.py
[2026-07-16T11:07:31.230+0000] {logging_mixin.py:188} INFO - [2026-07-16T11:07:31.229+0000] {dag.py:3096} INFO - Sync 1 DAGs
[2026-07-16T11:07:31.250+0000] {logging_mixin.py:188} INFO - [2026-07-16T11:07:31.250+0000] {dag.py:3954} INFO - Setting next_dagrun for example_branch_dop_operator_v3 to 2026-07-16 11:06:00+00:00, run_after=2026-07-16 11:07:00+00:00
[2026-07-16T11:07:31.280+0000] {processor.py:183} INFO - Processing /home/airflow/.local/lib/python3.12/site-packages/airflow/example_dags/example_branch_python_dop_operator_3.py took 0.083 seconds
[2026-07-16T11:08:01.707+0000] {processor.py:161} INFO - Started process (PID=604) to work on /home/airflow/.local/lib/python3.12/site-packages/airflow/example_dags/example_branch_python_dop_operator_3.py
[2026-07-16T11:08:01.709+0000] {processor.py:830} INFO - Processing file /home/airflow/.local/lib/python3.12/site-packages/airflow/example_dags/example_branch_python_dop_operator_3.py for tasks to queue
[2026-07-16T11:08:01.711+0000] {logging_mixin.py:188} INFO - [2026-07-16T11:08:01.711+0000] {dagbag.py:540} INFO - Filling up the DagBag from /home/airflow/.local/lib/python3.12/site-packages/airflow/example_dags/example_branch_python_dop_operator_3.py
[2026-07-16T11:08:01.718+0000] {processor.py:840} INFO - DAG(s) 'example_branch_dop_operator_v3' retrieved from /home/airflow/.local/lib/python3.12/site-packages/airflow/example_dags/example_branch_python_dop_operator_3.py
[2026-07-16T11:08:01.736+0000] {logging_mixin.py:188} INFO - [2026-07-16T11:08:01.736+0000] {dag.py:3096} INFO - Sync 1 DAGs
[2026-07-16T11:08:01.755+0000] {logging_mixin.py:188} INFO - [2026-07-16T11:08:01.755+0000] {dag.py:3954} INFO - Setting next_dagrun for example_branch_dop_operator_v3 to 2026-07-16 11:07:00+00:00, run_after=2026-07-16 11:08:00+00:00
[2026-07-16T11:08:01.775+0000] {processor.py:183} INFO - Processing /home/airflow/.local/lib/python3.12/site-packages/airflow/example_dags/example_branch_python_dop_operator_3.py took 0.073 seconds
[2026-07-16T11:08:31.995+0000] {processor.py:161} INFO - Started process (PID=663) to work on /home/airflow/.local/lib/python3.12/site-packages/airflow/example_dags/example_branch_python_dop_operator_3.py
[2026-07-16T11:08:31.997+0000] {processor.py:830} INFO - Processing file /home/airflow/.local/lib/python3.12/site-packages/airflow/example_dags/example_branch_python_dop_operator_3.py for tasks to queue
[2026-07-16T11:08:31.999+0000] {logging_mixin.py:188} INFO - [2026-07-16T11:08:31.999+0000] {dagbag.py:540} INFO - Filling up the DagBag from /home/airflow/.local/lib/python3.12/site-packages/airflow/example_dags/example_branch_python_dop_operator_3.py
[2026-07-16T11:08:32.007+0000] {processor.py:840} INFO - DAG(s) 'example_branch_dop_operator_v3' retrieved from /home/airflow/.local/lib/python3.12/site-packages/airflow/example_dags/example_branch_python_dop_operator_3.py
[2026-07-16T11:08:32.024+0000] {logging_mixin.py:188} INFO - [2026-07-16T11:08:32.024+0000] {dag.py:3096} INFO - Sync 1 DAGs
[2026-07-16T11:08:32.045+0000] {logging_mixin.py:188} INFO - [2026-07-16T11:08:32.044+0000] {dag.py:3954} INFO - Setting next_dagrun for example_branch_dop_operator_v3 to 2026-07-16 11:07:00+00:00, run_after=2026-07-16 11:08:00+00:00
[2026-07-16T11:08:32.062+0000] {processor.py:183} INFO - Processing /home/airflow/.local/lib/python3.12/site-packages/airflow/example_dags/example_branch_python_dop_operator_3.py took 0.072 seconds
[2026-07-16T11:09:02.216+0000] {processor.py:161} INFO - Started process (PID=722) to work on /home/airflow/.local/lib/python3.12/site-packages/airflow/example_dags/example_branch_python_dop_operator_3.py
[2026-07-16T11:09:02.217+0000] {processor.py:830} INFO - Processing file /home/airflow/.local/lib/python3.12/site-packages/airflow/example_dags/example_branch_python_dop_operator_3.py for tasks to queue
[2026-07-16T11:09:02.220+0000] {logging_mixin.py:188} INFO - [2026-07-16T11:09:02.220+0000] {dagbag.py:540} INFO - Filling up the DagBag from /home/airflow/.local/lib/python3.12/site-packages/airflow/example_dags/example_branch_python_dop_operator_3.py
[2026-07-16T11:09:02.228+0000] {processor.py:840} INFO - DAG(s) 'example_branch_dop_operator_v3' retrieved from /home/airflow/.local/lib/python3.12/site-packages/airflow/example_dags/example_branch_python_dop_operator_3.py
[2026-07-16T11:09:02.245+0000] {logging_mixin.py:188} INFO - [2026-07-16T11:09:02.244+0000] {dag.py:3096} INFO - Sync 1 DAGs
[2026-07-16T11:09:02.265+0000] {logging_mixin.py:188} INFO - [2026-07-16T11:09:02.265+0000] {dag.py:3954} INFO - Setting next_dagrun for example_branch_dop_operator_v3 to 2026-07-16 11:08:00+00:00, run_after=2026-07-16 11:09:00+00:00
[2026-07-16T11:09:02.283+0000] {processor.py:183} INFO - Processing /home/airflow/.local/lib/python3.12/site-packages/airflow/example_dags/example_branch_python_dop_operator_3.py took 0.073 seconds
[2026-07-16T11:09:32.890+0000] {processor.py:161} INFO - Started process (PID=781) to work on /home/airflow/.local/lib/python3.12/site-packages/airflow/example_dags/example_branch_python_dop_operator_3.py
[2026-07-16T11:09:32.892+0000] {processor.py:830} INFO - Processing file /home/airflow/.local/lib/python3.12/site-packages/airflow/example_dags/example_branch_python_dop_operator_3.py for tasks to queue
[2026-07-16T11:09:32.895+0000] {logging_mixin.py:188} INFO - [2026-07-16T11:09:32.894+0000] {dagbag.py:540} INFO - Filling up the DagBag from /home/airflow/.local/lib/python3.12/site-packages/airflow/example_dags/example_branch_python_dop_operator_3.py
[2026-07-16T11:09:32.903+0000] {processor.py:840} INFO - DAG(s) 'example_branch_dop_operator_v3' retrieved from /home/airflow/.local/lib/python3.12/site-packages/airflow/example_dags/example_branch_python_dop_operator_3.py
[2026-07-16T11:09:32.921+0000] {logging_mixin.py:188} INFO - [2026-07-16T11:09:32.921+0000] {dag.py:3096} INFO - Sync 1 DAGs
[2026-07-16T11:09:32.942+0000] {logging_mixin.py:188} INFO - [2026-07-16T11:09:32.942+0000] {dag.py:3954} INFO - Setting next_dagrun for example_branch_dop_operator_v3 to 2026-07-16 11:08:00+00:00, run_after=2026-07-16 11:09:00+00:00
[2026-07-16T11:09:32.961+0000] {processor.py:183} INFO - Processing /home/airflow/.local/lib/python3.12/site-packages/airflow/example_dags/example_branch_python_dop_operator_3.py took 0.076 seconds
[2026-07-16T11:10:03.068+0000] {processor.py:161} INFO - Started process (PID=840) to work on /home/airflow/.local/lib/python3.12/site-packages/airflow/example_dags/example_branch_python_dop_operator_3.py
[2026-07-16T11:10:03.069+0000] {processor.py:830} INFO - Processing file /home/airflow/.local/lib/python3.12/site-packages/airflow/example_dags/example_branch_python_dop_operator_3.py for tasks to queue
[2026-07-16T11:10:03.071+0000] {logging_mixin.py:188} INFO - [2026-07-16T11:10:03.071+0000] {dagbag.py:540} INFO - Filling up the DagBag from /home/airflow/.local/lib/python3.12/site-packages/airflow/example_dags/example_branch_python_dop_operator_3.py
[2026-07-16T11:10:03.078+0000] {processor.py:840} INFO - DAG(s) 'example_branch_dop_operator_v3' retrieved from /home/airflow/.local/lib/python3.12/site-packages/airflow/example_dags/example_branch_python_dop_operator_3.py
[2026-07-16T11:10:03.096+0000] {logging_mixin.py:188} INFO - [2026-07-16T11:10:03.096+0000] {dag.py:3096} INFO - Sync 1 DAGs
[2026-07-16T11:10:03.116+0000] {logging_mixin.py:188} INFO - [2026-07-16T11:10:03.116+0000] {dag.py:3954} INFO - Setting next_dagrun for example_branch_dop_operator_v3 to 2026-07-16 11:09:00+00:00, run_after=2026-07-16 11:10:00+00:00
[2026-07-16T11:10:03.133+0000] {processor.py:183} INFO - Processing /home/airflow/.local/lib/python3.12/site-packages/airflow/example_dags/example_branch_python_dop_operator_3.py took 0.070 seconds
[2026-07-16T11:10:33.351+0000] {processor.py:161} INFO - Started process (PID=899) to work on /home/airflow/.local/lib/python3.12/site-packages/airflow/example_dags/example_branch_python_dop_operator_3.py
[2026-07-16T11:10:33.353+0000] {processor.py:830} INFO - Processing file /home/airflow/.local/lib/python3.12/site-packages/airflow/example_dags/example_branch_python_dop_operator_3.py for tasks to queue
[2026-07-16T11:10:33.355+0000] {logging_mixin.py:188} INFO - [2026-07-16T11:10:33.355+0000] {dagbag.py:540} INFO - Filling up the DagBag from /home/airflow/.local/lib/python3.12/site-packages/airflow/example_dags/example_branch_python_dop_operator_3.py
[2026-07-16T11:10:33.363+0000] {processor.py:840} INFO - DAG(s) 'example_branch_dop_operator_v3' retrieved from /home/airflow/.local/lib/python3.12/site-packages/airflow/example_dags/example_branch_python_dop_operator_3.py
[2026-07-16T11:10:33.383+0000] {logging_mixin.py:188} INFO - [2026-07-16T11:10:33.382+0000] {dag.py:3096} INFO - Sync 1 DAGs
[2026-07-16T11:10:33.405+0000] {logging_mixin.py:188} INFO - [2026-07-16T11:10:33.405+0000] {dag.py:3954} INFO - Setting next_dagrun for example_branch_dop_operator_v3 to 2026-07-16 11:09:00+00:00, run_after=2026-07-16 11:10:00+00:00
[2026-07-16T11:10:33.423+0000] {processor.py:183} INFO - Processing /home/airflow/.local/lib/python3.12/site-packages/airflow/example_dags/example_branch_python_dop_operator_3.py took 0.077 seconds
[2026-07-16T11:11:03.996+0000] {processor.py:161} INFO - Started process (PID=958) to work on /home/airflow/.local/lib/python3.12/site-packages/airflow/example_dags/example_branch_python_dop_operator_3.py
[2026-07-16T11:11:03.998+0000] {processor.py:830} INFO - Processing file /home/airflow/.local/lib/python3.12/site-packages/airflow/example_dags/example_branch_python_dop_operator_3.py for tasks to queue
[2026-07-16T11:11:04.000+0000] {logging_mixin.py:188} INFO - [2026-07-16T11:11:04.000+0000] {dagbag.py:540} INFO - Filling up the DagBag from /home/airflow/.local/lib/python3.12/site-packages/airflow/example_dags/example_branch_python_dop_operator_3.py
[2026-07-16T11:11:04.009+0000] {processor.py:840} INFO - DAG(s) 'example_branch_dop_operator_v3' retrieved from /home/airflow/.local/lib/python3.12/site-packages/airflow/example_dags/example_branch_python_dop_operator_3.py
[2026-07-16T11:11:04.029+0000] {logging_mixin.py:188} INFO - [2026-07-16T11:11:04.029+0000] {dag.py:3096} INFO - Sync 1 DAGs
[2026-07-16T11:11:04.052+0000] {logging_mixin.py:188} INFO - [2026-07-16T11:11:04.051+0000] {dag.py:3954} INFO - Setting next_dagrun for example_branch_dop_operator_v3 to 2026-07-16 11:10:00+00:00, run_after=2026-07-16 11:11:00+00:00
[2026-07-16T11:11:04.070+0000] {processor.py:183} INFO - Processing /home/airflow/.local/lib/python3.12/site-packages/airflow/example_dags/example_branch_python_dop_operator_3.py took 0.080 seconds
[2026-07-16T11:11:34.255+0000] {processor.py:161} INFO - Started process (PID=1017) to work on /home/airflow/.local/lib/python3.12/site-packages/airflow/example_dags/example_branch_python_dop_operator_3.py
[2026-07-16T11:11:34.257+0000] {processor.py:830} INFO - Processing file /home/airflow/.local/lib/python3.12/site-packages/airflow/example_dags/example_branch_python_dop_operator_3.py for tasks to queue
[2026-07-16T11:11:34.259+0000] {logging_mixin.py:188} INFO - [2026-07-16T11:11:34.259+0000] {dagbag.py:540} INFO - Filling up the DagBag from /home/airflow/.local/lib/python3.12/site-packages/airflow/example_dags/example_branch_python_dop_operator_3.py
[2026-07-16T11:11:34.267+0000] {processor.py:840} INFO - DAG(s) 'example_branch_dop_operator_v3' retrieved from /home/airflow/.local/lib/python3.12/site-packages/airflow/example_dags/example_branch_python_dop_operator_3.py
[2026-07-16T11:11:34.284+0000] {logging_mixin.py:188} INFO - [2026-07-16T11:11:34.284+0000] {dag.py:3096} INFO - Sync 1 DAGs
[2026-07-16T11:11:34.304+0000] {logging_mixin.py:188} INFO - [2026-07-16T11:11:34.304+0000] {dag.py:3954} INFO - Setting next_dagrun for example_branch_dop_operator_v3 to 2026-07-16 11:10:00+00:00, run_after=2026-07-16 11:11:00+00:00
[2026-07-16T11:11:34.322+0000] {processor.py:183} INFO - Processing /home/airflow/.local/lib/python3.12/site-packages/airflow/example_dags/example_branch_python_dop_operator_3.py took 0.072 seconds
[2026-07-16T11:12:04.824+0000] {processor.py:161} INFO - Started process (PID=1076) to work on /home/airflow/.local/lib/python3.12/site-packages/airflow/example_dags/example_branch_python_dop_operator_3.py
[2026-07-16T11:12:04.825+0000] {processor.py:830} INFO - Processing file /home/airflow/.local/lib/python3.12/site-packages/airflow/example_dags/example_branch_python_dop_operator_3.py for tasks to queue
[2026-07-16T11:12:04.827+0000] {logging_mixin.py:188} INFO - [2026-07-16T11:12:04.827+0000] {dagbag.py:540} INFO - Filling up the DagBag from /home/airflow/.local/lib/python3.12/site-packages/airflow/example_dags/example_branch_python_dop_operator_3.py
[2026-07-16T11:12:04.835+0000] {processor.py:840} INFO - DAG(s) 'example_branch_dop_operator_v3' retrieved from /home/airflow/.local/lib/python3.12/site-packages/airflow/example_dags/example_branch_python_dop_operator_3.py
[2026-07-16T11:12:04.854+0000] {logging_mixin.py:188} INFO - [2026-07-16T11:12:04.853+0000] {dag.py:3096} INFO - Sync 1 DAGs
[2026-07-16T11:12:04.874+0000] {logging_mixin.py:188} INFO - [2026-07-16T11:12:04.874+0000] {dag.py:3954} INFO - Setting next_dagrun for example_branch_dop_operator_v3 to 2026-07-16 11:11:00+00:00, run_after=2026-07-16 11:12:00+00:00
[2026-07-16T11:12:04.910+0000] {processor.py:183} INFO - Processing /home/airflow/.local/lib/python3.12/site-packages/airflow/example_dags/example_branch_python_dop_operator_3.py took 0.091 seconds
[2026-07-16T11:12:35.602+0000] {processor.py:161} INFO - Started process (PID=1135) to work on /home/airflow/.local/lib/python3.12/site-packages/airflow/example_dags/example_branch_python_dop_operator_3.py
[2026-07-16T11:12:35.604+0000] {processor.py:830} INFO - Processing file /home/airflow/.local/lib/python3.12/site-packages/airflow/example_dags/example_branch_python_dop_operator_3.py for tasks to queue
[2026-07-16T11:12:35.608+0000] {logging_mixin.py:188} INFO - [2026-07-16T11:12:35.607+0000] {dagbag.py:540} INFO - Filling up the DagBag from /home/airflow/.local/lib/python3.12/site-packages/airflow/example_dags/example_branch_python_dop_operator_3.py
[2026-07-16T11:12:35.621+0000] {processor.py:840} INFO - DAG(s) 'example_branch_dop_operator_v3' retrieved from /home/airflow/.local/lib/python3.12/site-packages/airflow/example_dags/example_branch_python_dop_operator_3.py
[2026-07-16T11:12:35.819+0000] {logging_mixin.py:188} INFO - [2026-07-16T11:12:35.819+0000] {dag.py:3096} INFO - Sync 1 DAGs
[2026-07-16T11:12:35.840+0000] {logging_mixin.py:188} INFO - [2026-07-16T11:12:35.839+0000] {dag.py:3954} INFO - Setting next_dagrun for example_branch_dop_operator_v3 to 2026-07-16 11:11:00+00:00, run_after=2026-07-16 11:12:00+00:00
[2026-07-16T11:12:35.870+0000] {processor.py:183} INFO - Processing /home/airflow/.local/lib/python3.12/site-packages/airflow/example_dags/example_branch_python_dop_operator_3.py took 0.273 seconds
[2026-07-16T11:13:06.748+0000] {processor.py:161} INFO - Started process (PID=1194) to work on /home/airflow/.local/lib/python3.12/site-packages/airflow/example_dags/example_branch_python_dop_operator_3.py
[2026-07-16T11:13:06.749+0000] {processor.py:830} INFO - Processing file /home/airflow/.local/lib/python3.12/site-packages/airflow/example_dags/example_branch_python_dop_operator_3.py for tasks to queue
[2026-07-16T11:13:06.751+0000] {logging_mixin.py:188} INFO - [2026-07-16T11:13:06.751+0000] {dagbag.py:540} INFO - Filling up the DagBag from /home/airflow/.local/lib/python3.12/site-packages/airflow/example_dags/example_branch_python_dop_operator_3.py
[2026-07-16T11:13:06.759+0000] {processor.py:840} INFO - DAG(s) 'example_branch_dop_operator_v3' retrieved from /home/airflow/.local/lib/python3.12/site-packages/airflow/example_dags/example_branch_python_dop_operator_3.py
[2026-07-16T11:13:06.777+0000] {logging_mixin.py:188} INFO - [2026-07-16T11:13:06.777+0000] {dag.py:3096} INFO - Sync 1 DAGs
[2026-07-16T11:13:06.800+0000] {logging_mixin.py:188} INFO - [2026-07-16T11:13:06.799+0000] {dag.py:3954} INFO - Setting next_dagrun for example_branch_dop_operator_v3 to 2026-07-16 11:12:00+00:00, run_after=2026-07-16 11:13:00+00:00
[2026-07-16T11:13:06.820+0000] {processor.py:183} INFO - Processing /home/airflow/.local/lib/python3.12/site-packages/airflow/example_dags/example_branch_python_dop_operator_3.py took 0.077 seconds
[2026-07-16T11:13:37.048+0000] {processor.py:161} INFO - Started process (PID=1253) to work on /home/airflow/.local/lib/python3.12/site-packages/airflow/example_dags/example_branch_python_dop_operator_3.py
[2026-07-16T11:13:37.049+0000] {processor.py:830} INFO - Processing file /home/airflow/.local/lib/python3.12/site-packages/airflow/example_dags/example_branch_python_dop_operator_3.py for tasks to queue
[2026-07-16T11:13:37.052+0000] {logging_mixin.py:188} INFO - [2026-07-16T11:13:37.051+0000] {dagbag.py:540} INFO - Filling up the DagBag from /home/airflow/.local/lib/python3.12/site-packages/airflow/example_dags/example_branch_python_dop_operator_3.py
[2026-07-16T11:13:37.059+0000] {processor.py:840} INFO - DAG(s) 'example_branch_dop_operator_v3' retrieved from /home/airflow/.local/lib/python3.12/site-packages/airflow/example_dags/example_branch_python_dop_operator_3.py
[2026-07-16T11:13:37.079+0000] {logging_mixin.py:188} INFO - [2026-07-16T11:13:37.079+0000] {dag.py:3096} INFO - Sync 1 DAGs
[2026-07-16T11:13:37.100+0000] {logging_mixin.py:188} INFO - [2026-07-16T11:13:37.099+0000] {dag.py:3954} INFO - Setting next_dagrun for example_branch_dop_operator_v3 to 2026-07-16 11:12:00+00:00, run_after=2026-07-16 11:13:00+00:00
[2026-07-16T11:13:37.120+0000] {processor.py:183} INFO - Processing /home/airflow/.local/lib/python3.12/site-packages/airflow/example_dags/example_branch_python_dop_operator_3.py took 0.076 seconds
[2026-07-16T11:14:07.254+0000] {processor.py:161} INFO - Started process (PID=1312) to work on /home/airflow/.local/lib/python3.12/site-packages/airflow/example_dags/example_branch_python_dop_operator_3.py
[2026-07-16T11:14:07.255+0000] {processor.py:830} INFO - Processing file /home/airflow/.local/lib/python3.12/site-packages/airflow/example_dags/example_branch_python_dop_operator_3.py for tasks to queue
[2026-07-16T11:14:07.258+0000] {logging_mixin.py:188} INFO - [2026-07-16T11:14:07.258+0000] {dagbag.py:540} INFO - Filling up the DagBag from /home/airflow/.local/lib/python3.12/site-packages/airflow/example_dags/example_branch_python_dop_operator_3.py
[2026-07-16T11:14:07.267+0000] {processor.py:840} INFO - DAG(s) 'example_branch_dop_operator_v3' retrieved from /home/airflow/.local/lib/python3.12/site-packages/airflow/example_dags/example_branch_python_dop_operator_3.py
[2026-07-16T11:14:07.285+0000] {logging_mixin.py:188} INFO - [2026-07-16T11:14:07.285+0000] {dag.py:3096} INFO - Sync 1 DAGs
[2026-07-16T11:14:07.307+0000] {logging_mixin.py:188} INFO - [2026-07-16T11:14:07.307+0000] {dag.py:3954} INFO - Setting next_dagrun for example_branch_dop_operator_v3 to 2026-07-16 11:13:00+00:00, run_after=2026-07-16 11:14:00+00:00
[2026-07-16T11:14:07.325+0000] {processor.py:183} INFO - Processing /home/airflow/.local/lib/python3.12/site-packages/airflow/example_dags/example_branch_python_dop_operator_3.py took 0.077 seconds
[2026-07-16T11:14:37.449+0000] {processor.py:161} INFO - Started process (PID=1371) to work on /home/airflow/.local/lib/python3.12/site-packages/airflow/example_dags/example_branch_python_dop_operator_3.py
[2026-07-16T11:14:37.450+0000] {processor.py:830} INFO - Processing file /home/airflow/.local/lib/python3.12/site-packages/airflow/example_dags/example_branch_python_dop_operator_3.py for tasks to queue
[2026-07-16T11:14:37.453+0000] {logging_mixin.py:188} INFO - [2026-07-16T11:14:37.452+0000] {dagbag.py:540} INFO - Filling up the DagBag from /home/airflow/.local/lib/python3.12/site-packages/airflow/example_dags/example_branch_python_dop_operator_3.py
[2026-07-16T11:14:37.460+0000] {processor.py:840} INFO - DAG(s) 'example_branch_dop_operator_v3' retrieved from /home/airflow/.local/lib/python3.12/site-packages/airflow/example_dags/example_branch_python_dop_operator_3.py
[2026-07-16T11:14:37.482+0000] {logging_mixin.py:188} INFO - [2026-07-16T11:14:37.482+0000] {dag.py:3096} INFO - Sync 1 DAGs
[2026-07-16T11:14:37.504+0000] {logging_mixin.py:188} INFO - [2026-07-16T11:14:37.504+0000] {dag.py:3954} INFO - Setting next_dagrun for example_branch_dop_operator_v3 to 2026-07-16 11:13:00+00:00, run_after=2026-07-16 11:14:00+00:00
[2026-07-16T11:14:37.533+0000] {processor.py:183} INFO - Processing /home/airflow/.local/lib/python3.12/site-packages/airflow/example_dags/example_branch_python_dop_operator_3.py took 0.089 seconds
[2026-07-16T11:15:07.632+0000] {processor.py:161} INFO - Started process (PID=1430) to work on /home/airflow/.local/lib/python3.12/site-packages/airflow/example_dags/example_branch_python_dop_operator_3.py
[2026-07-16T11:15:07.634+0000] {processor.py:830} INFO - Processing file /home/airflow/.local/lib/python3.12/site-packages/airflow/example_dags/example_branch_python_dop_operator_3.py for tasks to queue
[2026-07-16T11:15:07.638+0000] {logging_mixin.py:188} INFO - [2026-07-16T11:15:07.637+0000] {dagbag.py:540} INFO - Filling up the DagBag from /home/airflow/.local/lib/python3.12/site-packages/airflow/example_dags/example_branch_python_dop_operator_3.py
[2026-07-16T11:15:07.658+0000] {processor.py:840} INFO - DAG(s) 'example_branch_dop_operator_v3' retrieved from /home/airflow/.local/lib/python3.12/site-packages/airflow/example_dags/example_branch_python_dop_operator_3.py
[2026-07-16T11:15:07.693+0000] {logging_mixin.py:188} INFO - [2026-07-16T11:15:07.693+0000] {dag.py:3096} INFO - Sync 1 DAGs
[2026-07-16T11:15:07.740+0000] {logging_mixin.py:188} INFO - [2026-07-16T11:15:07.740+0000] {dag.py:3954} INFO - Setting next_dagrun for example_branch_dop_operator_v3 to 2026-07-16 11:14:00+00:00, run_after=2026-07-16 11:15:00+00:00
[2026-07-16T11:15:07.768+0000] {processor.py:183} INFO - Processing /home/airflow/.local/lib/python3.12/site-packages/airflow/example_dags/example_branch_python_dop_operator_3.py took 0.145 seconds
[2026-07-16T11:15:37.961+0000] {processor.py:161} INFO - Started process (PID=1489) to work on /home/airflow/.local/lib/python3.12/site-packages/airflow/example_dags/example_branch_python_dop_operator_3.py
[2026-07-16T11:15:37.964+0000] {processor.py:830} INFO - Processing file /home/airflow/.local/lib/python3.12/site-packages/airflow/example_dags/example_branch_python_dop_operator_3.py for tasks to queue
[2026-07-16T11:15:37.968+0000] {logging_mixin.py:188} INFO - [2026-07-16T11:15:37.967+0000] {dagbag.py:540} INFO - Filling up the DagBag from /home/airflow/.local/lib/python3.12/site-packages/airflow/example_dags/example_branch_python_dop_operator_3.py
[2026-07-16T11:15:37.982+0000] {processor.py:840} INFO - DAG(s) 'example_branch_dop_operator_v3' retrieved from /home/airflow/.local/lib/python3.12/site-packages/airflow/example_dags/example_branch_python_dop_operator_3.py
[2026-07-16T11:15:38.013+0000] {logging_mixin.py:188} INFO - [2026-07-16T11:15:38.013+0000] {dag.py:3096} INFO - Sync 1 DAGs
[2026-07-16T11:15:38.045+0000] {logging_mixin.py:188} INFO - [2026-07-16T11:15:38.044+0000] {dag.py:3954} INFO - Setting next_dagrun for example_branch_dop_operator_v3 to 2026-07-16 11:14:00+00:00, run_after=2026-07-16 11:15:00+00:00
[2026-07-16T11:15:38.067+0000] {processor.py:183} INFO - Processing /home/airflow/.local/lib/python3.12/site-packages/airflow/example_dags/example_branch_python_dop_operator_3.py took 0.114 seconds
[2026-07-16T11:16:09.081+0000] {processor.py:161} INFO - Started process (PID=1548) to work on /home/airflow/.local/lib/python3.12/site-packages/airflow/example_dags/example_branch_python_dop_operator_3.py
[2026-07-16T11:16:09.082+0000] {processor.py:830} INFO - Processing file /home/airflow/.local/lib/python3.12/site-packages/airflow/example_dags/example_branch_python_dop_operator_3.py for tasks to queue
[2026-07-16T11:16:09.084+0000] {logging_mixin.py:188} INFO - [2026-07-16T11:16:09.084+0000] {dagbag.py:540} INFO - Filling up the DagBag from /home/airflow/.local/lib/python3.12/site-packages/airflow/example_dags/example_branch_python_dop_operator_3.py
[2026-07-16T11:16:09.092+0000] {processor.py:840} INFO - DAG(s) 'example_branch_dop_operator_v3' retrieved from /home/airflow/.local/lib/python3.12/site-packages/airflow/example_dags/example_branch_python_dop_operator_3.py
[2026-07-16T11:16:09.108+0000] {logging_mixin.py:188} INFO - [2026-07-16T11:16:09.108+0000] {dag.py:3096} INFO - Sync 1 DAGs
[2026-07-16T11:16:09.128+0000] {logging_mixin.py:188} INFO - [2026-07-16T11:16:09.128+0000] {dag.py:3954} INFO - Setting next_dagrun for example_branch_dop_operator_v3 to 2026-07-16 11:15:00+00:00, run_after=2026-07-16 11:16:00+00:00
[2026-07-16T11:16:09.147+0000] {processor.py:183} INFO - Processing /home/airflow/.local/lib/python3.12/site-packages/airflow/example_dags/example_branch_python_dop_operator_3.py took 0.071 seconds
[2026-07-16T11:16:39.199+0000] {processor.py:161} INFO - Started process (PID=1607) to work on /home/airflow/.local/lib/python3.12/site-packages/airflow/example_dags/example_branch_python_dop_operator_3.py
[2026-07-16T11:16:39.200+0000] {processor.py:830} INFO - Processing file /home/airflow/.local/lib/python3.12/site-packages/airflow/example_dags/example_branch_python_dop_operator_3.py for tasks to queue
[2026-07-16T11:16:39.202+0000] {logging_mixin.py:188} INFO - [2026-07-16T11:16:39.202+0000] {dagbag.py:540} INFO - Filling up the DagBag from /home/airflow/.local/lib/python3.12/site-packages/airflow/example_dags/example_branch_python_dop_operator_3.py
[2026-07-16T11:16:39.210+0000] {processor.py:840} INFO - DAG(s) 'example_branch_dop_operator_v3' retrieved from /home/airflow/.local/lib/python3.12/site-packages/airflow/example_dags/example_branch_python_dop_operator_3.py
[2026-07-16T11:16:39.228+0000] {logging_mixin.py:188} INFO - [2026-07-16T11:16:39.228+0000] {dag.py:3096} INFO - Sync 1 DAGs
[2026-07-16T11:16:39.251+0000] {logging_mixin.py:188} INFO - [2026-07-16T11:16:39.251+0000] {dag.py:3954} INFO - Setting next_dagrun for example_branch_dop_operator_v3 to 2026-07-16 11:15:00+00:00, run_after=2026-07-16 11:16:00+00:00
[2026-07-16T11:16:39.270+0000] {processor.py:183} INFO - Processing /home/airflow/.local/lib/python3.12/site-packages/airflow/example_dags/example_branch_python_dop_operator_3.py took 0.075 seconds
[2026-07-16T11:17:09.741+0000] {processor.py:161} INFO - Started process (PID=1666) to work on /home/airflow/.local/lib/python3.12/site-packages/airflow/example_dags/example_branch_python_dop_operator_3.py
[2026-07-16T11:17:09.742+0000] {processor.py:830} INFO - Processing file /home/airflow/.local/lib/python3.12/site-packages/airflow/example_dags/example_branch_python_dop_operator_3.py for tasks to queue
[2026-07-16T11:17:09.745+0000] {logging_mixin.py:188} INFO - [2026-07-16T11:17:09.745+0000] {dagbag.py:540} INFO - Filling up the DagBag from /home/airflow/.local/lib/python3.12/site-packages/airflow/example_dags/example_branch_python_dop_operator_3.py
[2026-07-16T11:17:09.754+0000] {processor.py:840} INFO - DAG(s) 'example_branch_dop_operator_v3' retrieved from /home/airflow/.local/lib/python3.12/site-packages/airflow/example_dags/example_branch_python_dop_operator_3.py
[2026-07-16T11:17:09.775+0000] {logging_mixin.py:188} INFO - [2026-07-16T11:17:09.775+0000] {dag.py:3096} INFO - Sync 1 DAGs
[2026-07-16T11:17:09.798+0000] {logging_mixin.py:188} INFO - [2026-07-16T11:17:09.798+0000] {dag.py:3954} INFO - Setting next_dagrun for example_branch_dop_operator_v3 to 2026-07-16 11:16:00+00:00, run_after=2026-07-16 11:17:00+00:00
[2026-07-16T11:17:09.820+0000] {processor.py:183} INFO - Processing /home/airflow/.local/lib/python3.12/site-packages/airflow/example_dags/example_branch_python_dop_operator_3.py took 0.087 seconds
[2026-07-16T11:17:39.960+0000] {processor.py:161} INFO - Started process (PID=1725) to work on /home/airflow/.local/lib/python3.12/site-packages/airflow/example_dags/example_branch_python_dop_operator_3.py
[2026-07-16T11:17:39.962+0000] {processor.py:830} INFO - Processing file /home/airflow/.local/lib/python3.12/site-packages/airflow/example_dags/example_branch_python_dop_operator_3.py for tasks to queue
[2026-07-16T11:17:39.964+0000] {logging_mixin.py:188} INFO - [2026-07-16T11:17:39.964+0000] {dagbag.py:540} INFO - Filling up the DagBag from /home/airflow/.local/lib/python3.12/site-packages/airflow/example_dags/example_branch_python_dop_operator_3.py
[2026-07-16T11:17:39.973+0000] {processor.py:840} INFO - DAG(s) 'example_branch_dop_operator_v3' retrieved from /home/airflow/.local/lib/python3.12/site-packages/airflow/example_dags/example_branch_python_dop_operator_3.py
[2026-07-16T11:17:39.991+0000] {logging_mixin.py:188} INFO - [2026-07-16T11:17:39.991+0000] {dag.py:3096} INFO - Sync 1 DAGs
[2026-07-16T11:17:40.016+0000] {logging_mixin.py:188} INFO - [2026-07-16T11:17:40.016+0000] {dag.py:3954} INFO - Setting next_dagrun for example_branch_dop_operator_v3 to 2026-07-16 11:16:00+00:00, run_after=2026-07-16 11:17:00+00:00
[2026-07-16T11:17:40.037+0000] {processor.py:183} INFO - Processing /home/airflow/.local/lib/python3.12/site-packages/airflow/example_dags/example_branch_python_dop_operator_3.py took 0.084 seconds
[2026-07-16T11:18:10.413+0000] {processor.py:161} INFO - Started process (PID=1784) to work on /home/airflow/.local/lib/python3.12/site-packages/airflow/example_dags/example_branch_python_dop_operator_3.py
[2026-07-16T11:18:10.427+0000] {processor.py:830} INFO - Processing file /home/airflow/.local/lib/python3.12/site-packages/airflow/example_dags/example_branch_python_dop_operator_3.py for tasks to queue
[2026-07-16T11:18:10.435+0000] {logging_mixin.py:188} INFO - [2026-07-16T11:18:10.434+0000] {dagbag.py:540} INFO - Filling up the DagBag from /home/airflow/.local/lib/python3.12/site-packages/airflow/example_dags/example_branch_python_dop_operator_3.py
[2026-07-16T11:18:10.462+0000] {processor.py:840} INFO - DAG(s) 'example_branch_dop_operator_v3' retrieved from /home/airflow/.local/lib/python3.12/site-packages/airflow/example_dags/example_branch_python_dop_operator_3.py
[2026-07-16T11:18:10.547+0000] {logging_mixin.py:188} INFO - [2026-07-16T11:18:10.546+0000] {dag.py:3096} INFO - Sync 1 DAGs
[2026-07-16T11:18:10.635+0000] {logging_mixin.py:188} INFO - [2026-07-16T11:18:10.634+0000] {dag.py:3954} INFO - Setting next_dagrun for example_branch_dop_operator_v3 to 2026-07-16 11:17:00+00:00, run_after=2026-07-16 11:18:00+00:00
[2026-07-16T11:18:10.693+0000] {processor.py:183} INFO - Processing /home/airflow/.local/lib/python3.12/site-packages/airflow/example_dags/example_branch_python_dop_operator_3.py took 0.288 seconds
