[2026-07-16T11:03:28.217+0000] {processor.py:161} INFO - Started process (PID=84) to work on /home/airflow/.local/lib/python3.12/site-packages/airflow/example_dags/example_short_circuit_decorator.py
[2026-07-16T11:03:28.220+0000] {processor.py:830} INFO - Processing file /home/airflow/.local/lib/python3.12/site-packages/airflow/example_dags/example_short_circuit_decorator.py for tasks to queue
[2026-07-16T11:03:28.226+0000] {logging_mixin.py:188} INFO - [2026-07-16T11:03:28.225+0000] {dagbag.py:540} INFO - Filling up the DagBag from /home/airflow/.local/lib/python3.12/site-packages/airflow/example_dags/example_short_circuit_decorator.py
[2026-07-16T11:03:28.260+0000] {processor.py:840} INFO - DAG(s) 'example_short_circuit_decorator' retrieved from /home/airflow/.local/lib/python3.12/site-packages/airflow/example_dags/example_short_circuit_decorator.py
[2026-07-16T11:03:28.293+0000] {logging_mixin.py:188} INFO - [2026-07-16T11:03:28.293+0000] {dag.py:3096} INFO - Sync 1 DAGs
[2026-07-16T11:03:28.335+0000] {logging_mixin.py:188} INFO - [2026-07-16T11:03:28.335+0000] {dag.py:3954} INFO - Setting next_dagrun for example_short_circuit_decorator to 2026-07-15 00:00:00+00:00, run_after=2026-07-16 00:00:00+00:00
[2026-07-16T11:03:28.363+0000] {processor.py:183} INFO - Processing /home/airflow/.local/lib/python3.12/site-packages/airflow/example_dags/example_short_circuit_decorator.py took 0.171 seconds
[2026-07-16T11:03:58.445+0000] {processor.py:161} INFO - Started process (PID=143) to work on /home/airflow/.local/lib/python3.12/site-packages/airflow/example_dags/example_short_circuit_decorator.py
[2026-07-16T11:03:58.447+0000] {processor.py:830} INFO - Processing file /home/airflow/.local/lib/python3.12/site-packages/airflow/example_dags/example_short_circuit_decorator.py for tasks to queue
[2026-07-16T11:03:58.449+0000] {logging_mixin.py:188} INFO - [2026-07-16T11:03:58.449+0000] {dagbag.py:540} INFO - Filling up the DagBag from /home/airflow/.local/lib/python3.12/site-packages/airflow/example_dags/example_short_circuit_decorator.py
[2026-07-16T11:03:58.459+0000] {processor.py:840} INFO - DAG(s) 'example_short_circuit_decorator' retrieved from /home/airflow/.local/lib/python3.12/site-packages/airflow/example_dags/example_short_circuit_decorator.py
[2026-07-16T11:03:58.568+0000] {logging_mixin.py:188} INFO - [2026-07-16T11:03:58.568+0000] {dag.py:3096} INFO - Sync 1 DAGs
[2026-07-16T11:03:58.586+0000] {logging_mixin.py:188} INFO - [2026-07-16T11:03:58.586+0000] {dag.py:3954} INFO - Setting next_dagrun for example_short_circuit_decorator to 2026-07-15 00:00:00+00:00, run_after=2026-07-16 00:00:00+00:00
[2026-07-16T11:03:58.609+0000] {processor.py:183} INFO - Processing /home/airflow/.local/lib/python3.12/site-packages/airflow/example_dags/example_short_circuit_decorator.py took 0.170 seconds
[2026-07-16T11:04:29.408+0000] {processor.py:161} INFO - Started process (PID=203) to work on /home/airflow/.local/lib/python3.12/site-packages/airflow/example_dags/example_short_circuit_decorator.py
[2026-07-16T11:04:29.410+0000] {processor.py:830} INFO - Processing file /home/airflow/.local/lib/python3.12/site-packages/airflow/example_dags/example_short_circuit_decorator.py for tasks to queue
[2026-07-16T11:04:29.412+0000] {logging_mixin.py:188} INFO - [2026-07-16T11:04:29.412+0000] {dagbag.py:540} INFO - Filling up the DagBag from /home/airflow/.local/lib/python3.12/site-packages/airflow/example_dags/example_short_circuit_decorator.py
[2026-07-16T11:04:29.420+0000] {processor.py:840} INFO - DAG(s) 'example_short_circuit_decorator' retrieved from /home/airflow/.local/lib/python3.12/site-packages/airflow/example_dags/example_short_circuit_decorator.py
[2026-07-16T11:04:29.441+0000] {logging_mixin.py:188} INFO - [2026-07-16T11:04:29.441+0000] {dag.py:3096} INFO - Sync 1 DAGs
[2026-07-16T11:04:29.462+0000] {logging_mixin.py:188} INFO - [2026-07-16T11:04:29.462+0000] {dag.py:3954} INFO - Setting next_dagrun for example_short_circuit_decorator to 2026-07-15 00:00:00+00:00, run_after=2026-07-16 00:00:00+00:00
[2026-07-16T11:04:29.482+0000] {processor.py:183} INFO - Processing /home/airflow/.local/lib/python3.12/site-packages/airflow/example_dags/example_short_circuit_decorator.py took 0.078 seconds
[2026-07-16T11:04:59.592+0000] {processor.py:161} INFO - Started process (PID=262) to work on /home/airflow/.local/lib/python3.12/site-packages/airflow/example_dags/example_short_circuit_decorator.py
[2026-07-16T11:04:59.594+0000] {processor.py:830} INFO - Processing file /home/airflow/.local/lib/python3.12/site-packages/airflow/example_dags/example_short_circuit_decorator.py for tasks to queue
[2026-07-16T11:04:59.596+0000] {logging_mixin.py:188} INFO - [2026-07-16T11:04:59.596+0000] {dagbag.py:540} INFO - Filling up the DagBag from /home/airflow/.local/lib/python3.12/site-packages/airflow/example_dags/example_short_circuit_decorator.py
[2026-07-16T11:04:59.604+0000] {processor.py:840} INFO - DAG(s) 'example_short_circuit_decorator' retrieved from /home/airflow/.local/lib/python3.12/site-packages/airflow/example_dags/example_short_circuit_decorator.py
[2026-07-16T11:04:59.623+0000] {logging_mixin.py:188} INFO - [2026-07-16T11:04:59.622+0000] {dag.py:3096} INFO - Sync 1 DAGs
[2026-07-16T11:04:59.640+0000] {logging_mixin.py:188} INFO - [2026-07-16T11:04:59.640+0000] {dag.py:3954} INFO - Setting next_dagrun for example_short_circuit_decorator to 2026-07-15 00:00:00+00:00, run_after=2026-07-16 00:00:00+00:00
[2026-07-16T11:04:59.656+0000] {processor.py:183} INFO - Processing /home/airflow/.local/lib/python3.12/site-packages/airflow/example_dags/example_short_circuit_decorator.py took 0.069 seconds
[2026-07-16T11:05:29.961+0000] {processor.py:161} INFO - Started process (PID=321) to work on /home/airflow/.local/lib/python3.12/site-packages/airflow/example_dags/example_short_circuit_decorator.py
[2026-07-16T11:05:29.963+0000] {processor.py:830} INFO - Processing file /home/airflow/.local/lib/python3.12/site-packages/airflow/example_dags/example_short_circuit_decorator.py for tasks to queue
[2026-07-16T11:05:29.965+0000] {logging_mixin.py:188} INFO - [2026-07-16T11:05:29.965+0000] {dagbag.py:540} INFO - Filling up the DagBag from /home/airflow/.local/lib/python3.12/site-packages/airflow/example_dags/example_short_circuit_decorator.py
[2026-07-16T11:05:29.976+0000] {processor.py:840} INFO - DAG(s) 'example_short_circuit_decorator' retrieved from /home/airflow/.local/lib/python3.12/site-packages/airflow/example_dags/example_short_circuit_decorator.py
[2026-07-16T11:05:30.011+0000] {logging_mixin.py:188} INFO - [2026-07-16T11:05:30.010+0000] {dag.py:3096} INFO - Sync 1 DAGs
[2026-07-16T11:05:30.033+0000] {logging_mixin.py:188} INFO - [2026-07-16T11:05:30.033+0000] {dag.py:3954} INFO - Setting next_dagrun for example_short_circuit_decorator to 2026-07-15 00:00:00+00:00, run_after=2026-07-16 00:00:00+00:00
[2026-07-16T11:05:30.052+0000] {processor.py:183} INFO - Processing /home/airflow/.local/lib/python3.12/site-packages/airflow/example_dags/example_short_circuit_decorator.py took 0.095 seconds
[2026-07-16T11:06:01.050+0000] {processor.py:161} INFO - Started process (PID=380) to work on /home/airflow/.local/lib/python3.12/site-packages/airflow/example_dags/example_short_circuit_decorator.py
[2026-07-16T11:06:01.051+0000] {processor.py:830} INFO - Processing file /home/airflow/.local/lib/python3.12/site-packages/airflow/example_dags/example_short_circuit_decorator.py for tasks to queue
[2026-07-16T11:06:01.054+0000] {logging_mixin.py:188} INFO - [2026-07-16T11:06:01.053+0000] {dagbag.py:540} INFO - Filling up the DagBag from /home/airflow/.local/lib/python3.12/site-packages/airflow/example_dags/example_short_circuit_decorator.py
[2026-07-16T11:06:01.062+0000] {processor.py:840} INFO - DAG(s) 'example_short_circuit_decorator' retrieved from /home/airflow/.local/lib/python3.12/site-packages/airflow/example_dags/example_short_circuit_decorator.py
[2026-07-16T11:06:01.081+0000] {logging_mixin.py:188} INFO - [2026-07-16T11:06:01.080+0000] {dag.py:3096} INFO - Sync 1 DAGs
[2026-07-16T11:06:01.098+0000] {logging_mixin.py:188} INFO - [2026-07-16T11:06:01.098+0000] {dag.py:3954} INFO - Setting next_dagrun for example_short_circuit_decorator to 2026-07-15 00:00:00+00:00, run_after=2026-07-16 00:00:00+00:00
[2026-07-16T11:06:01.116+0000] {processor.py:183} INFO - Processing /home/airflow/.local/lib/python3.12/site-packages/airflow/example_dags/example_short_circuit_decorator.py took 0.072 seconds
[2026-07-16T11:06:31.466+0000] {processor.py:161} INFO - Started process (PID=439) to work on /home/airflow/.local/lib/python3.12/site-packages/airflow/example_dags/example_short_circuit_decorator.py
[2026-07-16T11:06:31.467+0000] {processor.py:830} INFO - Processing file /home/airflow/.local/lib/python3.12/site-packages/airflow/example_dags/example_short_circuit_decorator.py for tasks to queue
[2026-07-16T11:06:31.470+0000] {logging_mixin.py:188} INFO - [2026-07-16T11:06:31.469+0000] {dagbag.py:540} INFO - Filling up the DagBag from /home/airflow/.local/lib/python3.12/site-packages/airflow/example_dags/example_short_circuit_decorator.py
[2026-07-16T11:06:31.478+0000] {processor.py:840} INFO - DAG(s) 'example_short_circuit_decorator' retrieved from /home/airflow/.local/lib/python3.12/site-packages/airflow/example_dags/example_short_circuit_decorator.py
[2026-07-16T11:06:31.498+0000] {logging_mixin.py:188} INFO - [2026-07-16T11:06:31.497+0000] {dag.py:3096} INFO - Sync 1 DAGs
[2026-07-16T11:06:31.515+0000] {logging_mixin.py:188} INFO - [2026-07-16T11:06:31.515+0000] {dag.py:3954} INFO - Setting next_dagrun for example_short_circuit_decorator to 2026-07-15 00:00:00+00:00, run_after=2026-07-16 00:00:00+00:00
[2026-07-16T11:06:31.532+0000] {processor.py:183} INFO - Processing /home/airflow/.local/lib/python3.12/site-packages/airflow/example_dags/example_short_circuit_decorator.py took 0.072 seconds
[2026-07-16T11:07:01.764+0000] {processor.py:161} INFO - Started process (PID=498) to work on /home/airflow/.local/lib/python3.12/site-packages/airflow/example_dags/example_short_circuit_decorator.py
[2026-07-16T11:07:01.766+0000] {processor.py:830} INFO - Processing file /home/airflow/.local/lib/python3.12/site-packages/airflow/example_dags/example_short_circuit_decorator.py for tasks to queue
[2026-07-16T11:07:01.768+0000] {logging_mixin.py:188} INFO - [2026-07-16T11:07:01.768+0000] {dagbag.py:540} INFO - Filling up the DagBag from /home/airflow/.local/lib/python3.12/site-packages/airflow/example_dags/example_short_circuit_decorator.py
[2026-07-16T11:07:01.777+0000] {processor.py:840} INFO - DAG(s) 'example_short_circuit_decorator' retrieved from /home/airflow/.local/lib/python3.12/site-packages/airflow/example_dags/example_short_circuit_decorator.py
[2026-07-16T11:07:01.795+0000] {logging_mixin.py:188} INFO - [2026-07-16T11:07:01.795+0000] {dag.py:3096} INFO - Sync 1 DAGs
[2026-07-16T11:07:01.813+0000] {logging_mixin.py:188} INFO - [2026-07-16T11:07:01.813+0000] {dag.py:3954} INFO - Setting next_dagrun for example_short_circuit_decorator to 2026-07-15 00:00:00+00:00, run_after=2026-07-16 00:00:00+00:00
[2026-07-16T11:07:01.833+0000] {processor.py:183} INFO - Processing /home/airflow/.local/lib/python3.12/site-packages/airflow/example_dags/example_short_circuit_decorator.py took 0.074 seconds
[2026-07-16T11:07:32.122+0000] {processor.py:161} INFO - Started process (PID=557) to work on /home/airflow/.local/lib/python3.12/site-packages/airflow/example_dags/example_short_circuit_decorator.py
[2026-07-16T11:07:32.123+0000] {processor.py:830} INFO - Processing file /home/airflow/.local/lib/python3.12/site-packages/airflow/example_dags/example_short_circuit_decorator.py for tasks to queue
[2026-07-16T11:07:32.126+0000] {logging_mixin.py:188} INFO - [2026-07-16T11:07:32.125+0000] {dagbag.py:540} INFO - Filling up the DagBag from /home/airflow/.local/lib/python3.12/site-packages/airflow/example_dags/example_short_circuit_decorator.py
[2026-07-16T11:07:32.133+0000] {processor.py:840} INFO - DAG(s) 'example_short_circuit_decorator' retrieved from /home/airflow/.local/lib/python3.12/site-packages/airflow/example_dags/example_short_circuit_decorator.py
[2026-07-16T11:07:32.153+0000] {logging_mixin.py:188} INFO - [2026-07-16T11:07:32.153+0000] {dag.py:3096} INFO - Sync 1 DAGs
[2026-07-16T11:07:32.170+0000] {logging_mixin.py:188} INFO - [2026-07-16T11:07:32.170+0000] {dag.py:3954} INFO - Setting next_dagrun for example_short_circuit_decorator to 2026-07-15 00:00:00+00:00, run_after=2026-07-16 00:00:00+00:00
[2026-07-16T11:07:32.189+0000] {processor.py:183} INFO - Processing /home/airflow/.local/lib/python3.12/site-packages/airflow/example_dags/example_short_circuit_decorator.py took 0.072 seconds
[2026-07-16T11:08:02.530+0000] {processor.py:161} INFO - Started process (PID=616) to work on /home/airflow/.local/lib/python3.12/site-packages/airflow/example_dags/example_short_circuit_decorator.py
[2026-07-16T11:08:02.532+0000] {processor.py:830} INFO - Processing file /home/airflow/.local/lib/python3.12/site-packages/airflow/example_dags/example_short_circuit_decorator.py for tasks to queue
[2026-07-16T11:08:02.534+0000] {logging_mixin.py:188} INFO - [2026-07-16T11:08:02.534+0000] {dagbag.py:540} INFO - Filling up the DagBag from /home/airflow/.local/lib/python3.12/site-packages/airflow/example_dags/example_short_circuit_decorator.py
[2026-07-16T11:08:02.543+0000] {processor.py:840} INFO - DAG(s) 'example_short_circuit_decorator' retrieved from /home/airflow/.local/lib/python3.12/site-packages/airflow/example_dags/example_short_circuit_decorator.py
[2026-07-16T11:08:02.563+0000] {logging_mixin.py:188} INFO - [2026-07-16T11:08:02.563+0000] {dag.py:3096} INFO - Sync 1 DAGs
[2026-07-16T11:08:02.582+0000] {logging_mixin.py:188} INFO - [2026-07-16T11:08:02.582+0000] {dag.py:3954} INFO - Setting next_dagrun for example_short_circuit_decorator to 2026-07-15 00:00:00+00:00, run_after=2026-07-16 00:00:00+00:00
[2026-07-16T11:08:02.600+0000] {processor.py:183} INFO - Processing /home/airflow/.local/lib/python3.12/site-packages/airflow/example_dags/example_short_circuit_decorator.py took 0.076 seconds
[2026-07-16T11:08:32.921+0000] {processor.py:161} INFO - Started process (PID=675) to work on /home/airflow/.local/lib/python3.12/site-packages/airflow/example_dags/example_short_circuit_decorator.py
[2026-07-16T11:08:32.922+0000] {processor.py:830} INFO - Processing file /home/airflow/.local/lib/python3.12/site-packages/airflow/example_dags/example_short_circuit_decorator.py for tasks to queue
[2026-07-16T11:08:32.924+0000] {logging_mixin.py:188} INFO - [2026-07-16T11:08:32.924+0000] {dagbag.py:540} INFO - Filling up the DagBag from /home/airflow/.local/lib/python3.12/site-packages/airflow/example_dags/example_short_circuit_decorator.py
[2026-07-16T11:08:32.932+0000] {processor.py:840} INFO - DAG(s) 'example_short_circuit_decorator' retrieved from /home/airflow/.local/lib/python3.12/site-packages/airflow/example_dags/example_short_circuit_decorator.py
[2026-07-16T11:08:32.950+0000] {logging_mixin.py:188} INFO - [2026-07-16T11:08:32.950+0000] {dag.py:3096} INFO - Sync 1 DAGs
[2026-07-16T11:08:32.968+0000] {logging_mixin.py:188} INFO - [2026-07-16T11:08:32.968+0000] {dag.py:3954} INFO - Setting next_dagrun for example_short_circuit_decorator to 2026-07-15 00:00:00+00:00, run_after=2026-07-16 00:00:00+00:00
[2026-07-16T11:08:32.988+0000] {processor.py:183} INFO - Processing /home/airflow/.local/lib/python3.12/site-packages/airflow/example_dags/example_short_circuit_decorator.py took 0.072 seconds
[2026-07-16T11:09:04.054+0000] {processor.py:161} INFO - Started process (PID=734) to work on /home/airflow/.local/lib/python3.12/site-packages/airflow/example_dags/example_short_circuit_decorator.py
[2026-07-16T11:09:04.055+0000] {processor.py:830} INFO - Processing file /home/airflow/.local/lib/python3.12/site-packages/airflow/example_dags/example_short_circuit_decorator.py for tasks to queue
[2026-07-16T11:09:04.057+0000] {logging_mixin.py:188} INFO - [2026-07-16T11:09:04.057+0000] {dagbag.py:540} INFO - Filling up the DagBag from /home/airflow/.local/lib/python3.12/site-packages/airflow/example_dags/example_short_circuit_decorator.py
[2026-07-16T11:09:04.065+0000] {processor.py:840} INFO - DAG(s) 'example_short_circuit_decorator' retrieved from /home/airflow/.local/lib/python3.12/site-packages/airflow/example_dags/example_short_circuit_decorator.py
[2026-07-16T11:09:04.084+0000] {logging_mixin.py:188} INFO - [2026-07-16T11:09:04.084+0000] {dag.py:3096} INFO - Sync 1 DAGs
[2026-07-16T11:09:04.101+0000] {logging_mixin.py:188} INFO - [2026-07-16T11:09:04.101+0000] {dag.py:3954} INFO - Setting next_dagrun for example_short_circuit_decorator to 2026-07-15 00:00:00+00:00, run_after=2026-07-16 00:00:00+00:00
[2026-07-16T11:09:04.121+0000] {processor.py:183} INFO - Processing /home/airflow/.local/lib/python3.12/site-packages/airflow/example_dags/example_short_circuit_decorator.py took 0.071 seconds
[2026-07-16T11:09:34.654+0000] {processor.py:161} INFO - Started process (PID=793) to work on /home/airflow/.local/lib/python3.12/site-packages/airflow/example_dags/example_short_circuit_decorator.py
[2026-07-16T11:09:34.655+0000] {processor.py:830} INFO - Processing file /home/airflow/.local/lib/python3.12/site-packages/airflow/example_dags/example_short_circuit_decorator.py for tasks to queue
[2026-07-16T11:09:34.658+0000] {logging_mixin.py:188} INFO - [2026-07-16T11:09:34.658+0000] {dagbag.py:540} INFO - Filling up the DagBag from /home/airflow/.local/lib/python3.12/site-packages/airflow/example_dags/example_short_circuit_decorator.py
[2026-07-16T11:09:34.667+0000] {processor.py:840} INFO - DAG(s) 'example_short_circuit_decorator' retrieved from /home/airflow/.local/lib/python3.12/site-packages/airflow/example_dags/example_short_circuit_decorator.py
[2026-07-16T11:09:34.687+0000] {logging_mixin.py:188} INFO - [2026-07-16T11:09:34.687+0000] {dag.py:3096} INFO - Sync 1 DAGs
[2026-07-16T11:09:34.706+0000] {logging_mixin.py:188} INFO - [2026-07-16T11:09:34.706+0000] {dag.py:3954} INFO - Setting next_dagrun for example_short_circuit_decorator to 2026-07-15 00:00:00+00:00, run_after=2026-07-16 00:00:00+00:00
[2026-07-16T11:09:34.725+0000] {processor.py:183} INFO - Processing /home/airflow/.local/lib/python3.12/site-packages/airflow/example_dags/example_short_circuit_decorator.py took 0.076 seconds
[2026-07-16T11:10:04.916+0000] {processor.py:161} INFO - Started process (PID=852) to work on /home/airflow/.local/lib/python3.12/site-packages/airflow/example_dags/example_short_circuit_decorator.py
[2026-07-16T11:10:04.917+0000] {processor.py:830} INFO - Processing file /home/airflow/.local/lib/python3.12/site-packages/airflow/example_dags/example_short_circuit_decorator.py for tasks to queue
[2026-07-16T11:10:04.920+0000] {logging_mixin.py:188} INFO - [2026-07-16T11:10:04.920+0000] {dagbag.py:540} INFO - Filling up the DagBag from /home/airflow/.local/lib/python3.12/site-packages/airflow/example_dags/example_short_circuit_decorator.py
[2026-07-16T11:10:04.928+0000] {processor.py:840} INFO - DAG(s) 'example_short_circuit_decorator' retrieved from /home/airflow/.local/lib/python3.12/site-packages/airflow/example_dags/example_short_circuit_decorator.py
[2026-07-16T11:10:04.947+0000] {logging_mixin.py:188} INFO - [2026-07-16T11:10:04.947+0000] {dag.py:3096} INFO - Sync 1 DAGs
[2026-07-16T11:10:04.965+0000] {logging_mixin.py:188} INFO - [2026-07-16T11:10:04.965+0000] {dag.py:3954} INFO - Setting next_dagrun for example_short_circuit_decorator to 2026-07-15 00:00:00+00:00, run_after=2026-07-16 00:00:00+00:00
[2026-07-16T11:10:04.984+0000] {processor.py:183} INFO - Processing /home/airflow/.local/lib/python3.12/site-packages/airflow/example_dags/example_short_circuit_decorator.py took 0.074 seconds
[2026-07-16T11:10:35.025+0000] {processor.py:161} INFO - Started process (PID=910) to work on /home/airflow/.local/lib/python3.12/site-packages/airflow/example_dags/example_short_circuit_decorator.py
[2026-07-16T11:10:35.026+0000] {processor.py:830} INFO - Processing file /home/airflow/.local/lib/python3.12/site-packages/airflow/example_dags/example_short_circuit_decorator.py for tasks to queue
[2026-07-16T11:10:35.028+0000] {logging_mixin.py:188} INFO - [2026-07-16T11:10:35.028+0000] {dagbag.py:540} INFO - Filling up the DagBag from /home/airflow/.local/lib/python3.12/site-packages/airflow/example_dags/example_short_circuit_decorator.py
[2026-07-16T11:10:35.035+0000] {processor.py:840} INFO - DAG(s) 'example_short_circuit_decorator' retrieved from /home/airflow/.local/lib/python3.12/site-packages/airflow/example_dags/example_short_circuit_decorator.py
[2026-07-16T11:10:35.053+0000] {logging_mixin.py:188} INFO - [2026-07-16T11:10:35.053+0000] {dag.py:3096} INFO - Sync 1 DAGs
[2026-07-16T11:10:35.071+0000] {logging_mixin.py:188} INFO - [2026-07-16T11:10:35.071+0000] {dag.py:3954} INFO - Setting next_dagrun for example_short_circuit_decorator to 2026-07-15 00:00:00+00:00, run_after=2026-07-16 00:00:00+00:00
[2026-07-16T11:10:35.088+0000] {processor.py:183} INFO - Processing /home/airflow/.local/lib/python3.12/site-packages/airflow/example_dags/example_short_circuit_decorator.py took 0.069 seconds
[2026-07-16T11:11:05.607+0000] {processor.py:161} INFO - Started process (PID=969) to work on /home/airflow/.local/lib/python3.12/site-packages/airflow/example_dags/example_short_circuit_decorator.py
[2026-07-16T11:11:05.609+0000] {processor.py:830} INFO - Processing file /home/airflow/.local/lib/python3.12/site-packages/airflow/example_dags/example_short_circuit_decorator.py for tasks to queue
[2026-07-16T11:11:05.611+0000] {logging_mixin.py:188} INFO - [2026-07-16T11:11:05.611+0000] {dagbag.py:540} INFO - Filling up the DagBag from /home/airflow/.local/lib/python3.12/site-packages/airflow/example_dags/example_short_circuit_decorator.py
[2026-07-16T11:11:05.619+0000] {processor.py:840} INFO - DAG(s) 'example_short_circuit_decorator' retrieved from /home/airflow/.local/lib/python3.12/site-packages/airflow/example_dags/example_short_circuit_decorator.py
[2026-07-16T11:11:05.639+0000] {logging_mixin.py:188} INFO - [2026-07-16T11:11:05.639+0000] {dag.py:3096} INFO - Sync 1 DAGs
[2026-07-16T11:11:05.659+0000] {logging_mixin.py:188} INFO - [2026-07-16T11:11:05.659+0000] {dag.py:3954} INFO - Setting next_dagrun for example_short_circuit_decorator to 2026-07-15 00:00:00+00:00, run_after=2026-07-16 00:00:00+00:00
[2026-07-16T11:11:05.678+0000] {processor.py:183} INFO - Processing /home/airflow/.local/lib/python3.12/site-packages/airflow/example_dags/example_short_circuit_decorator.py took 0.076 seconds
[2026-07-16T11:11:35.832+0000] {processor.py:161} INFO - Started process (PID=1028) to work on /home/airflow/.local/lib/python3.12/site-packages/airflow/example_dags/example_short_circuit_decorator.py
[2026-07-16T11:11:35.833+0000] {processor.py:830} INFO - Processing file /home/airflow/.local/lib/python3.12/site-packages/airflow/example_dags/example_short_circuit_decorator.py for tasks to queue
[2026-07-16T11:11:35.835+0000] {logging_mixin.py:188} INFO - [2026-07-16T11:11:35.835+0000] {dagbag.py:540} INFO - Filling up the DagBag from /home/airflow/.local/lib/python3.12/site-packages/airflow/example_dags/example_short_circuit_decorator.py
[2026-07-16T11:11:35.843+0000] {processor.py:840} INFO - DAG(s) 'example_short_circuit_decorator' retrieved from /home/airflow/.local/lib/python3.12/site-packages/airflow/example_dags/example_short_circuit_decorator.py
[2026-07-16T11:11:35.861+0000] {logging_mixin.py:188} INFO - [2026-07-16T11:11:35.861+0000] {dag.py:3096} INFO - Sync 1 DAGs
[2026-07-16T11:11:35.879+0000] {logging_mixin.py:188} INFO - [2026-07-16T11:11:35.879+0000] {dag.py:3954} INFO - Setting next_dagrun for example_short_circuit_decorator to 2026-07-15 00:00:00+00:00, run_after=2026-07-16 00:00:00+00:00
[2026-07-16T11:11:35.896+0000] {processor.py:183} INFO - Processing /home/airflow/.local/lib/python3.12/site-packages/airflow/example_dags/example_short_circuit_decorator.py took 0.068 seconds
[2026-07-16T11:12:06.653+0000] {processor.py:161} INFO - Started process (PID=1087) to work on /home/airflow/.local/lib/python3.12/site-packages/airflow/example_dags/example_short_circuit_decorator.py
[2026-07-16T11:12:06.656+0000] {processor.py:830} INFO - Processing file /home/airflow/.local/lib/python3.12/site-packages/airflow/example_dags/example_short_circuit_decorator.py for tasks to queue
[2026-07-16T11:12:06.658+0000] {logging_mixin.py:188} INFO - [2026-07-16T11:12:06.658+0000] {dagbag.py:540} INFO - Filling up the DagBag from /home/airflow/.local/lib/python3.12/site-packages/airflow/example_dags/example_short_circuit_decorator.py
[2026-07-16T11:12:06.681+0000] {processor.py:840} INFO - DAG(s) 'example_short_circuit_decorator' retrieved from /home/airflow/.local/lib/python3.12/site-packages/airflow/example_dags/example_short_circuit_decorator.py
[2026-07-16T11:12:06.722+0000] {logging_mixin.py:188} INFO - [2026-07-16T11:12:06.721+0000] {dag.py:3096} INFO - Sync 1 DAGs
[2026-07-16T11:12:06.740+0000] {logging_mixin.py:188} INFO - [2026-07-16T11:12:06.740+0000] {dag.py:3954} INFO - Setting next_dagrun for example_short_circuit_decorator to 2026-07-15 00:00:00+00:00, run_after=2026-07-16 00:00:00+00:00
[2026-07-16T11:12:06.758+0000] {processor.py:183} INFO - Processing /home/airflow/.local/lib/python3.12/site-packages/airflow/example_dags/example_short_circuit_decorator.py took 0.109 seconds
[2026-07-16T11:12:37.131+0000] {processor.py:161} INFO - Started process (PID=1146) to work on /home/airflow/.local/lib/python3.12/site-packages/airflow/example_dags/example_short_circuit_decorator.py
[2026-07-16T11:12:37.133+0000] {processor.py:830} INFO - Processing file /home/airflow/.local/lib/python3.12/site-packages/airflow/example_dags/example_short_circuit_decorator.py for tasks to queue
[2026-07-16T11:12:37.136+0000] {logging_mixin.py:188} INFO - [2026-07-16T11:12:37.135+0000] {dagbag.py:540} INFO - Filling up the DagBag from /home/airflow/.local/lib/python3.12/site-packages/airflow/example_dags/example_short_circuit_decorator.py
[2026-07-16T11:12:37.150+0000] {processor.py:840} INFO - DAG(s) 'example_short_circuit_decorator' retrieved from /home/airflow/.local/lib/python3.12/site-packages/airflow/example_dags/example_short_circuit_decorator.py
[2026-07-16T11:12:37.179+0000] {logging_mixin.py:188} INFO - [2026-07-16T11:12:37.179+0000] {dag.py:3096} INFO - Sync 1 DAGs
[2026-07-16T11:12:37.209+0000] {logging_mixin.py:188} INFO - [2026-07-16T11:12:37.209+0000] {dag.py:3954} INFO - Setting next_dagrun for example_short_circuit_decorator to 2026-07-15 00:00:00+00:00, run_after=2026-07-16 00:00:00+00:00
[2026-07-16T11:12:37.234+0000] {processor.py:183} INFO - Processing /home/airflow/.local/lib/python3.12/site-packages/airflow/example_dags/example_short_circuit_decorator.py took 0.110 seconds
[2026-07-16T11:13:07.579+0000] {processor.py:161} INFO - Started process (PID=1205) to work on /home/airflow/.local/lib/python3.12/site-packages/airflow/example_dags/example_short_circuit_decorator.py
[2026-07-16T11:13:07.580+0000] {processor.py:830} INFO - Processing file /home/airflow/.local/lib/python3.12/site-packages/airflow/example_dags/example_short_circuit_decorator.py for tasks to queue
[2026-07-16T11:13:07.583+0000] {logging_mixin.py:188} INFO - [2026-07-16T11:13:07.583+0000] {dagbag.py:540} INFO - Filling up the DagBag from /home/airflow/.local/lib/python3.12/site-packages/airflow/example_dags/example_short_circuit_decorator.py
[2026-07-16T11:13:07.592+0000] {processor.py:840} INFO - DAG(s) 'example_short_circuit_decorator' retrieved from /home/airflow/.local/lib/python3.12/site-packages/airflow/example_dags/example_short_circuit_decorator.py
[2026-07-16T11:13:07.616+0000] {logging_mixin.py:188} INFO - [2026-07-16T11:13:07.616+0000] {dag.py:3096} INFO - Sync 1 DAGs
[2026-07-16T11:13:07.639+0000] {logging_mixin.py:188} INFO - [2026-07-16T11:13:07.639+0000] {dag.py:3954} INFO - Setting next_dagrun for example_short_circuit_decorator to 2026-07-15 00:00:00+00:00, run_after=2026-07-16 00:00:00+00:00
[2026-07-16T11:13:07.661+0000] {processor.py:183} INFO - Processing /home/airflow/.local/lib/python3.12/site-packages/airflow/example_dags/example_short_circuit_decorator.py took 0.087 seconds
[2026-07-16T11:13:37.755+0000] {processor.py:161} INFO - Started process (PID=1264) to work on /home/airflow/.local/lib/python3.12/site-packages/airflow/example_dags/example_short_circuit_decorator.py
[2026-07-16T11:13:37.757+0000] {processor.py:830} INFO - Processing file /home/airflow/.local/lib/python3.12/site-packages/airflow/example_dags/example_short_circuit_decorator.py for tasks to queue
[2026-07-16T11:13:37.760+0000] {logging_mixin.py:188} INFO - [2026-07-16T11:13:37.759+0000] {dagbag.py:540} INFO - Filling up the DagBag from /home/airflow/.local/lib/python3.12/site-packages/airflow/example_dags/example_short_circuit_decorator.py
[2026-07-16T11:13:37.767+0000] {processor.py:840} INFO - DAG(s) 'example_short_circuit_decorator' retrieved from /home/airflow/.local/lib/python3.12/site-packages/airflow/example_dags/example_short_circuit_decorator.py
[2026-07-16T11:13:37.786+0000] {logging_mixin.py:188} INFO - [2026-07-16T11:13:37.785+0000] {dag.py:3096} INFO - Sync 1 DAGs
[2026-07-16T11:13:37.804+0000] {logging_mixin.py:188} INFO - [2026-07-16T11:13:37.803+0000] {dag.py:3954} INFO - Setting next_dagrun for example_short_circuit_decorator to 2026-07-15 00:00:00+00:00, run_after=2026-07-16 00:00:00+00:00
[2026-07-16T11:13:37.823+0000] {processor.py:183} INFO - Processing /home/airflow/.local/lib/python3.12/site-packages/airflow/example_dags/example_short_circuit_decorator.py took 0.074 seconds
[2026-07-16T11:14:07.952+0000] {processor.py:161} INFO - Started process (PID=1323) to work on /home/airflow/.local/lib/python3.12/site-packages/airflow/example_dags/example_short_circuit_decorator.py
[2026-07-16T11:14:07.953+0000] {processor.py:830} INFO - Processing file /home/airflow/.local/lib/python3.12/site-packages/airflow/example_dags/example_short_circuit_decorator.py for tasks to queue
[2026-07-16T11:14:07.955+0000] {logging_mixin.py:188} INFO - [2026-07-16T11:14:07.955+0000] {dagbag.py:540} INFO - Filling up the DagBag from /home/airflow/.local/lib/python3.12/site-packages/airflow/example_dags/example_short_circuit_decorator.py
[2026-07-16T11:14:07.963+0000] {processor.py:840} INFO - DAG(s) 'example_short_circuit_decorator' retrieved from /home/airflow/.local/lib/python3.12/site-packages/airflow/example_dags/example_short_circuit_decorator.py
[2026-07-16T11:14:07.983+0000] {logging_mixin.py:188} INFO - [2026-07-16T11:14:07.983+0000] {dag.py:3096} INFO - Sync 1 DAGs
[2026-07-16T11:14:08.002+0000] {logging_mixin.py:188} INFO - [2026-07-16T11:14:08.002+0000] {dag.py:3954} INFO - Setting next_dagrun for example_short_circuit_decorator to 2026-07-15 00:00:00+00:00, run_after=2026-07-16 00:00:00+00:00
[2026-07-16T11:14:08.020+0000] {processor.py:183} INFO - Processing /home/airflow/.local/lib/python3.12/site-packages/airflow/example_dags/example_short_circuit_decorator.py took 0.073 seconds
[2026-07-16T11:14:38.144+0000] {processor.py:161} INFO - Started process (PID=1382) to work on /home/airflow/.local/lib/python3.12/site-packages/airflow/example_dags/example_short_circuit_decorator.py
[2026-07-16T11:14:38.145+0000] {processor.py:830} INFO - Processing file /home/airflow/.local/lib/python3.12/site-packages/airflow/example_dags/example_short_circuit_decorator.py for tasks to queue
[2026-07-16T11:14:38.148+0000] {logging_mixin.py:188} INFO - [2026-07-16T11:14:38.148+0000] {dagbag.py:540} INFO - Filling up the DagBag from /home/airflow/.local/lib/python3.12/site-packages/airflow/example_dags/example_short_circuit_decorator.py
[2026-07-16T11:14:38.156+0000] {processor.py:840} INFO - DAG(s) 'example_short_circuit_decorator' retrieved from /home/airflow/.local/lib/python3.12/site-packages/airflow/example_dags/example_short_circuit_decorator.py
[2026-07-16T11:14:38.177+0000] {logging_mixin.py:188} INFO - [2026-07-16T11:14:38.177+0000] {dag.py:3096} INFO - Sync 1 DAGs
[2026-07-16T11:14:38.198+0000] {logging_mixin.py:188} INFO - [2026-07-16T11:14:38.198+0000] {dag.py:3954} INFO - Setting next_dagrun for example_short_circuit_decorator to 2026-07-15 00:00:00+00:00, run_after=2026-07-16 00:00:00+00:00
[2026-07-16T11:14:38.216+0000] {processor.py:183} INFO - Processing /home/airflow/.local/lib/python3.12/site-packages/airflow/example_dags/example_short_circuit_decorator.py took 0.078 seconds
[2026-07-16T11:15:08.557+0000] {processor.py:161} INFO - Started process (PID=1441) to work on /home/airflow/.local/lib/python3.12/site-packages/airflow/example_dags/example_short_circuit_decorator.py
[2026-07-16T11:15:08.559+0000] {processor.py:830} INFO - Processing file /home/airflow/.local/lib/python3.12/site-packages/airflow/example_dags/example_short_circuit_decorator.py for tasks to queue
[2026-07-16T11:15:08.561+0000] {logging_mixin.py:188} INFO - [2026-07-16T11:15:08.561+0000] {dagbag.py:540} INFO - Filling up the DagBag from /home/airflow/.local/lib/python3.12/site-packages/airflow/example_dags/example_short_circuit_decorator.py
[2026-07-16T11:15:08.569+0000] {processor.py:840} INFO - DAG(s) 'example_short_circuit_decorator' retrieved from /home/airflow/.local/lib/python3.12/site-packages/airflow/example_dags/example_short_circuit_decorator.py
[2026-07-16T11:15:08.593+0000] {logging_mixin.py:188} INFO - [2026-07-16T11:15:08.593+0000] {dag.py:3096} INFO - Sync 1 DAGs
[2026-07-16T11:15:08.618+0000] {logging_mixin.py:188} INFO - [2026-07-16T11:15:08.618+0000] {dag.py:3954} INFO - Setting next_dagrun for example_short_circuit_decorator to 2026-07-15 00:00:00+00:00, run_after=2026-07-16 00:00:00+00:00
[2026-07-16T11:15:08.642+0000] {processor.py:183} INFO - Processing /home/airflow/.local/lib/python3.12/site-packages/airflow/example_dags/example_short_circuit_decorator.py took 0.090 seconds
[2026-07-16T11:15:38.967+0000] {processor.py:161} INFO - Started process (PID=1500) to work on /home/airflow/.local/lib/python3.12/site-packages/airflow/example_dags/example_short_circuit_decorator.py
[2026-07-16T11:15:38.970+0000] {processor.py:830} INFO - Processing file /home/airflow/.local/lib/python3.12/site-packages/airflow/example_dags/example_short_circuit_decorator.py for tasks to queue
[2026-07-16T11:15:38.972+0000] {logging_mixin.py:188} INFO - [2026-07-16T11:15:38.972+0000] {dagbag.py:540} INFO - Filling up the DagBag from /home/airflow/.local/lib/python3.12/site-packages/airflow/example_dags/example_short_circuit_decorator.py
[2026-07-16T11:15:38.982+0000] {processor.py:840} INFO - DAG(s) 'example_short_circuit_decorator' retrieved from /home/airflow/.local/lib/python3.12/site-packages/airflow/example_dags/example_short_circuit_decorator.py
[2026-07-16T11:15:39.007+0000] {logging_mixin.py:188} INFO - [2026-07-16T11:15:39.006+0000] {dag.py:3096} INFO - Sync 1 DAGs
[2026-07-16T11:15:39.032+0000] {logging_mixin.py:188} INFO - [2026-07-16T11:15:39.032+0000] {dag.py:3954} INFO - Setting next_dagrun for example_short_circuit_decorator to 2026-07-15 00:00:00+00:00, run_after=2026-07-16 00:00:00+00:00
[2026-07-16T11:15:39.054+0000] {processor.py:183} INFO - Processing /home/airflow/.local/lib/python3.12/site-packages/airflow/example_dags/example_short_circuit_decorator.py took 0.096 seconds
[2026-07-16T11:16:09.810+0000] {processor.py:161} INFO - Started process (PID=1559) to work on /home/airflow/.local/lib/python3.12/site-packages/airflow/example_dags/example_short_circuit_decorator.py
[2026-07-16T11:16:09.811+0000] {processor.py:830} INFO - Processing file /home/airflow/.local/lib/python3.12/site-packages/airflow/example_dags/example_short_circuit_decorator.py for tasks to queue
[2026-07-16T11:16:09.814+0000] {logging_mixin.py:188} INFO - [2026-07-16T11:16:09.814+0000] {dagbag.py:540} INFO - Filling up the DagBag from /home/airflow/.local/lib/python3.12/site-packages/airflow/example_dags/example_short_circuit_decorator.py
[2026-07-16T11:16:09.823+0000] {processor.py:840} INFO - DAG(s) 'example_short_circuit_decorator' retrieved from /home/airflow/.local/lib/python3.12/site-packages/airflow/example_dags/example_short_circuit_decorator.py
[2026-07-16T11:16:09.843+0000] {logging_mixin.py:188} INFO - [2026-07-16T11:16:09.842+0000] {dag.py:3096} INFO - Sync 1 DAGs
[2026-07-16T11:16:09.862+0000] {logging_mixin.py:188} INFO - [2026-07-16T11:16:09.862+0000] {dag.py:3954} INFO - Setting next_dagrun for example_short_circuit_decorator to 2026-07-15 00:00:00+00:00, run_after=2026-07-16 00:00:00+00:00
[2026-07-16T11:16:09.881+0000] {processor.py:183} INFO - Processing /home/airflow/.local/lib/python3.12/site-packages/airflow/example_dags/example_short_circuit_decorator.py took 0.078 seconds
[2026-07-16T11:16:40.754+0000] {processor.py:161} INFO - Started process (PID=1618) to work on /home/airflow/.local/lib/python3.12/site-packages/airflow/example_dags/example_short_circuit_decorator.py
[2026-07-16T11:16:40.756+0000] {processor.py:830} INFO - Processing file /home/airflow/.local/lib/python3.12/site-packages/airflow/example_dags/example_short_circuit_decorator.py for tasks to queue
[2026-07-16T11:16:40.759+0000] {logging_mixin.py:188} INFO - [2026-07-16T11:16:40.758+0000] {dagbag.py:540} INFO - Filling up the DagBag from /home/airflow/.local/lib/python3.12/site-packages/airflow/example_dags/example_short_circuit_decorator.py
[2026-07-16T11:16:40.767+0000] {processor.py:840} INFO - DAG(s) 'example_short_circuit_decorator' retrieved from /home/airflow/.local/lib/python3.12/site-packages/airflow/example_dags/example_short_circuit_decorator.py
[2026-07-16T11:16:40.786+0000] {logging_mixin.py:188} INFO - [2026-07-16T11:16:40.786+0000] {dag.py:3096} INFO - Sync 1 DAGs
[2026-07-16T11:16:40.806+0000] {logging_mixin.py:188} INFO - [2026-07-16T11:16:40.806+0000] {dag.py:3954} INFO - Setting next_dagrun for example_short_circuit_decorator to 2026-07-15 00:00:00+00:00, run_after=2026-07-16 00:00:00+00:00
[2026-07-16T11:16:40.822+0000] {processor.py:183} INFO - Processing /home/airflow/.local/lib/python3.12/site-packages/airflow/example_dags/example_short_circuit_decorator.py took 0.073 seconds
[2026-07-16T11:17:11.363+0000] {processor.py:161} INFO - Started process (PID=1677) to work on /home/airflow/.local/lib/python3.12/site-packages/airflow/example_dags/example_short_circuit_decorator.py
[2026-07-16T11:17:11.365+0000] {processor.py:830} INFO - Processing file /home/airflow/.local/lib/python3.12/site-packages/airflow/example_dags/example_short_circuit_decorator.py for tasks to queue
[2026-07-16T11:17:11.367+0000] {logging_mixin.py:188} INFO - [2026-07-16T11:17:11.367+0000] {dagbag.py:540} INFO - Filling up the DagBag from /home/airflow/.local/lib/python3.12/site-packages/airflow/example_dags/example_short_circuit_decorator.py
[2026-07-16T11:17:11.375+0000] {processor.py:840} INFO - DAG(s) 'example_short_circuit_decorator' retrieved from /home/airflow/.local/lib/python3.12/site-packages/airflow/example_dags/example_short_circuit_decorator.py
[2026-07-16T11:17:11.394+0000] {logging_mixin.py:188} INFO - [2026-07-16T11:17:11.394+0000] {dag.py:3096} INFO - Sync 1 DAGs
[2026-07-16T11:17:11.413+0000] {logging_mixin.py:188} INFO - [2026-07-16T11:17:11.413+0000] {dag.py:3954} INFO - Setting next_dagrun for example_short_circuit_decorator to 2026-07-15 00:00:00+00:00, run_after=2026-07-16 00:00:00+00:00
[2026-07-16T11:17:11.432+0000] {processor.py:183} INFO - Processing /home/airflow/.local/lib/python3.12/site-packages/airflow/example_dags/example_short_circuit_decorator.py took 0.073 seconds
[2026-07-16T11:17:41.609+0000] {processor.py:161} INFO - Started process (PID=1736) to work on /home/airflow/.local/lib/python3.12/site-packages/airflow/example_dags/example_short_circuit_decorator.py
[2026-07-16T11:17:41.611+0000] {processor.py:830} INFO - Processing file /home/airflow/.local/lib/python3.12/site-packages/airflow/example_dags/example_short_circuit_decorator.py for tasks to queue
[2026-07-16T11:17:41.614+0000] {logging_mixin.py:188} INFO - [2026-07-16T11:17:41.613+0000] {dagbag.py:540} INFO - Filling up the DagBag from /home/airflow/.local/lib/python3.12/site-packages/airflow/example_dags/example_short_circuit_decorator.py
[2026-07-16T11:17:41.622+0000] {processor.py:840} INFO - DAG(s) 'example_short_circuit_decorator' retrieved from /home/airflow/.local/lib/python3.12/site-packages/airflow/example_dags/example_short_circuit_decorator.py
[2026-07-16T11:17:41.642+0000] {logging_mixin.py:188} INFO - [2026-07-16T11:17:41.642+0000] {dag.py:3096} INFO - Sync 1 DAGs
[2026-07-16T11:17:41.661+0000] {logging_mixin.py:188} INFO - [2026-07-16T11:17:41.661+0000] {dag.py:3954} INFO - Setting next_dagrun for example_short_circuit_decorator to 2026-07-15 00:00:00+00:00, run_after=2026-07-16 00:00:00+00:00
[2026-07-16T11:17:41.681+0000] {processor.py:183} INFO - Processing /home/airflow/.local/lib/python3.12/site-packages/airflow/example_dags/example_short_circuit_decorator.py took 0.078 seconds
[2026-07-16T11:18:13.174+0000] {processor.py:161} INFO - Started process (PID=1795) to work on /home/airflow/.local/lib/python3.12/site-packages/airflow/example_dags/example_short_circuit_decorator.py
[2026-07-16T11:18:13.176+0000] {processor.py:830} INFO - Processing file /home/airflow/.local/lib/python3.12/site-packages/airflow/example_dags/example_short_circuit_decorator.py for tasks to queue
[2026-07-16T11:18:13.182+0000] {logging_mixin.py:188} INFO - [2026-07-16T11:18:13.181+0000] {dagbag.py:540} INFO - Filling up the DagBag from /home/airflow/.local/lib/python3.12/site-packages/airflow/example_dags/example_short_circuit_decorator.py
[2026-07-16T11:18:13.197+0000] {processor.py:840} INFO - DAG(s) 'example_short_circuit_decorator' retrieved from /home/airflow/.local/lib/python3.12/site-packages/airflow/example_dags/example_short_circuit_decorator.py
[2026-07-16T11:18:13.228+0000] {logging_mixin.py:188} INFO - [2026-07-16T11:18:13.228+0000] {dag.py:3096} INFO - Sync 1 DAGs
[2026-07-16T11:18:13.260+0000] {logging_mixin.py:188} INFO - [2026-07-16T11:18:13.260+0000] {dag.py:3954} INFO - Setting next_dagrun for example_short_circuit_decorator to 2026-07-15 00:00:00+00:00, run_after=2026-07-16 00:00:00+00:00
[2026-07-16T11:18:13.291+0000] {processor.py:183} INFO - Processing /home/airflow/.local/lib/python3.12/site-packages/airflow/example_dags/example_short_circuit_decorator.py took 0.126 seconds
