[2026-07-16T11:03:27.479+0000] {processor.py:161} INFO - Started process (PID=78) to work on /home/airflow/.local/lib/python3.12/site-packages/airflow/example_dags/example_task_group_decorator.py
[2026-07-16T11:03:27.482+0000] {processor.py:830} INFO - Processing file /home/airflow/.local/lib/python3.12/site-packages/airflow/example_dags/example_task_group_decorator.py for tasks to queue
[2026-07-16T11:03:27.488+0000] {logging_mixin.py:188} INFO - [2026-07-16T11:03:27.487+0000] {dagbag.py:540} INFO - Filling up the DagBag from /home/airflow/.local/lib/python3.12/site-packages/airflow/example_dags/example_task_group_decorator.py
[2026-07-16T11:03:27.563+0000] {processor.py:840} INFO - DAG(s) 'example_task_group_decorator' retrieved from /home/airflow/.local/lib/python3.12/site-packages/airflow/example_dags/example_task_group_decorator.py
[2026-07-16T11:03:27.605+0000] {logging_mixin.py:188} INFO - [2026-07-16T11:03:27.604+0000] {dag.py:3096} INFO - Sync 1 DAGs
[2026-07-16T11:03:27.649+0000] {logging_mixin.py:188} INFO - [2026-07-16T11:03:27.649+0000] {dag.py:3954} INFO - Setting next_dagrun for example_task_group_decorator to 2026-07-15 00:00:00+00:00, run_after=2026-07-16 00:00:00+00:00
[2026-07-16T11:03:27.681+0000] {processor.py:183} INFO - Processing /home/airflow/.local/lib/python3.12/site-packages/airflow/example_dags/example_task_group_decorator.py took 0.212 seconds
[2026-07-16T11:03:57.728+0000] {processor.py:161} INFO - Started process (PID=136) to work on /home/airflow/.local/lib/python3.12/site-packages/airflow/example_dags/example_task_group_decorator.py
[2026-07-16T11:03:57.729+0000] {processor.py:830} INFO - Processing file /home/airflow/.local/lib/python3.12/site-packages/airflow/example_dags/example_task_group_decorator.py for tasks to queue
[2026-07-16T11:03:57.731+0000] {logging_mixin.py:188} INFO - [2026-07-16T11:03:57.731+0000] {dagbag.py:540} INFO - Filling up the DagBag from /home/airflow/.local/lib/python3.12/site-packages/airflow/example_dags/example_task_group_decorator.py
[2026-07-16T11:03:57.743+0000] {processor.py:840} INFO - DAG(s) 'example_task_group_decorator' retrieved from /home/airflow/.local/lib/python3.12/site-packages/airflow/example_dags/example_task_group_decorator.py
[2026-07-16T11:03:57.823+0000] {logging_mixin.py:188} INFO - [2026-07-16T11:03:57.822+0000] {dag.py:3096} INFO - Sync 1 DAGs
[2026-07-16T11:03:57.838+0000] {logging_mixin.py:188} INFO - [2026-07-16T11:03:57.838+0000] {dag.py:3954} INFO - Setting next_dagrun for example_task_group_decorator to 2026-07-15 00:00:00+00:00, run_after=2026-07-16 00:00:00+00:00
[2026-07-16T11:03:57.855+0000] {processor.py:183} INFO - Processing /home/airflow/.local/lib/python3.12/site-packages/airflow/example_dags/example_task_group_decorator.py took 0.132 seconds
[2026-07-16T11:04:28.158+0000] {processor.py:161} INFO - Started process (PID=197) to work on /home/airflow/.local/lib/python3.12/site-packages/airflow/example_dags/example_task_group_decorator.py
[2026-07-16T11:04:28.159+0000] {processor.py:830} INFO - Processing file /home/airflow/.local/lib/python3.12/site-packages/airflow/example_dags/example_task_group_decorator.py for tasks to queue
[2026-07-16T11:04:28.162+0000] {logging_mixin.py:188} INFO - [2026-07-16T11:04:28.161+0000] {dagbag.py:540} INFO - Filling up the DagBag from /home/airflow/.local/lib/python3.12/site-packages/airflow/example_dags/example_task_group_decorator.py
[2026-07-16T11:04:28.176+0000] {processor.py:840} INFO - DAG(s) 'example_task_group_decorator' retrieved from /home/airflow/.local/lib/python3.12/site-packages/airflow/example_dags/example_task_group_decorator.py
[2026-07-16T11:04:28.199+0000] {logging_mixin.py:188} INFO - [2026-07-16T11:04:28.198+0000] {dag.py:3096} INFO - Sync 1 DAGs
[2026-07-16T11:04:28.220+0000] {logging_mixin.py:188} INFO - [2026-07-16T11:04:28.220+0000] {dag.py:3954} INFO - Setting next_dagrun for example_task_group_decorator to 2026-07-15 00:00:00+00:00, run_after=2026-07-16 00:00:00+00:00
[2026-07-16T11:04:28.239+0000] {processor.py:183} INFO - Processing /home/airflow/.local/lib/python3.12/site-packages/airflow/example_dags/example_task_group_decorator.py took 0.086 seconds
[2026-07-16T11:04:59.167+0000] {processor.py:161} INFO - Started process (PID=256) to work on /home/airflow/.local/lib/python3.12/site-packages/airflow/example_dags/example_task_group_decorator.py
[2026-07-16T11:04:59.168+0000] {processor.py:830} INFO - Processing file /home/airflow/.local/lib/python3.12/site-packages/airflow/example_dags/example_task_group_decorator.py for tasks to queue
[2026-07-16T11:04:59.171+0000] {logging_mixin.py:188} INFO - [2026-07-16T11:04:59.170+0000] {dagbag.py:540} INFO - Filling up the DagBag from /home/airflow/.local/lib/python3.12/site-packages/airflow/example_dags/example_task_group_decorator.py
[2026-07-16T11:04:59.183+0000] {processor.py:840} INFO - DAG(s) 'example_task_group_decorator' retrieved from /home/airflow/.local/lib/python3.12/site-packages/airflow/example_dags/example_task_group_decorator.py
[2026-07-16T11:04:59.207+0000] {logging_mixin.py:188} INFO - [2026-07-16T11:04:59.207+0000] {dag.py:3096} INFO - Sync 1 DAGs
[2026-07-16T11:04:59.228+0000] {logging_mixin.py:188} INFO - [2026-07-16T11:04:59.228+0000] {dag.py:3954} INFO - Setting next_dagrun for example_task_group_decorator to 2026-07-15 00:00:00+00:00, run_after=2026-07-16 00:00:00+00:00
[2026-07-16T11:04:59.248+0000] {processor.py:183} INFO - Processing /home/airflow/.local/lib/python3.12/site-packages/airflow/example_dags/example_task_group_decorator.py took 0.086 seconds
[2026-07-16T11:05:29.610+0000] {processor.py:161} INFO - Started process (PID=315) to work on /home/airflow/.local/lib/python3.12/site-packages/airflow/example_dags/example_task_group_decorator.py
[2026-07-16T11:05:29.613+0000] {processor.py:830} INFO - Processing file /home/airflow/.local/lib/python3.12/site-packages/airflow/example_dags/example_task_group_decorator.py for tasks to queue
[2026-07-16T11:05:29.618+0000] {logging_mixin.py:188} INFO - [2026-07-16T11:05:29.617+0000] {dagbag.py:540} INFO - Filling up the DagBag from /home/airflow/.local/lib/python3.12/site-packages/airflow/example_dags/example_task_group_decorator.py
[2026-07-16T11:05:29.637+0000] {processor.py:840} INFO - DAG(s) 'example_task_group_decorator' retrieved from /home/airflow/.local/lib/python3.12/site-packages/airflow/example_dags/example_task_group_decorator.py
[2026-07-16T11:05:29.659+0000] {logging_mixin.py:188} INFO - [2026-07-16T11:05:29.659+0000] {dag.py:3096} INFO - Sync 1 DAGs
[2026-07-16T11:05:29.686+0000] {logging_mixin.py:188} INFO - [2026-07-16T11:05:29.686+0000] {dag.py:3954} INFO - Setting next_dagrun for example_task_group_decorator to 2026-07-15 00:00:00+00:00, run_after=2026-07-16 00:00:00+00:00
[2026-07-16T11:05:29.705+0000] {processor.py:183} INFO - Processing /home/airflow/.local/lib/python3.12/site-packages/airflow/example_dags/example_task_group_decorator.py took 0.105 seconds
[2026-07-16T11:06:00.760+0000] {processor.py:161} INFO - Started process (PID=374) to work on /home/airflow/.local/lib/python3.12/site-packages/airflow/example_dags/example_task_group_decorator.py
[2026-07-16T11:06:00.762+0000] {processor.py:830} INFO - Processing file /home/airflow/.local/lib/python3.12/site-packages/airflow/example_dags/example_task_group_decorator.py for tasks to queue
[2026-07-16T11:06:00.764+0000] {logging_mixin.py:188} INFO - [2026-07-16T11:06:00.763+0000] {dagbag.py:540} INFO - Filling up the DagBag from /home/airflow/.local/lib/python3.12/site-packages/airflow/example_dags/example_task_group_decorator.py
[2026-07-16T11:06:00.776+0000] {processor.py:840} INFO - DAG(s) 'example_task_group_decorator' retrieved from /home/airflow/.local/lib/python3.12/site-packages/airflow/example_dags/example_task_group_decorator.py
[2026-07-16T11:06:00.798+0000] {logging_mixin.py:188} INFO - [2026-07-16T11:06:00.798+0000] {dag.py:3096} INFO - Sync 1 DAGs
[2026-07-16T11:06:00.817+0000] {logging_mixin.py:188} INFO - [2026-07-16T11:06:00.817+0000] {dag.py:3954} INFO - Setting next_dagrun for example_task_group_decorator to 2026-07-15 00:00:00+00:00, run_after=2026-07-16 00:00:00+00:00
[2026-07-16T11:06:00.836+0000] {processor.py:183} INFO - Processing /home/airflow/.local/lib/python3.12/site-packages/airflow/example_dags/example_task_group_decorator.py took 0.081 seconds
[2026-07-16T11:06:31.064+0000] {processor.py:161} INFO - Started process (PID=433) to work on /home/airflow/.local/lib/python3.12/site-packages/airflow/example_dags/example_task_group_decorator.py
[2026-07-16T11:06:31.066+0000] {processor.py:830} INFO - Processing file /home/airflow/.local/lib/python3.12/site-packages/airflow/example_dags/example_task_group_decorator.py for tasks to queue
[2026-07-16T11:06:31.068+0000] {logging_mixin.py:188} INFO - [2026-07-16T11:06:31.068+0000] {dagbag.py:540} INFO - Filling up the DagBag from /home/airflow/.local/lib/python3.12/site-packages/airflow/example_dags/example_task_group_decorator.py
[2026-07-16T11:06:31.082+0000] {processor.py:840} INFO - DAG(s) 'example_task_group_decorator' retrieved from /home/airflow/.local/lib/python3.12/site-packages/airflow/example_dags/example_task_group_decorator.py
[2026-07-16T11:06:31.107+0000] {logging_mixin.py:188} INFO - [2026-07-16T11:06:31.106+0000] {dag.py:3096} INFO - Sync 1 DAGs
[2026-07-16T11:06:31.126+0000] {logging_mixin.py:188} INFO - [2026-07-16T11:06:31.126+0000] {dag.py:3954} INFO - Setting next_dagrun for example_task_group_decorator to 2026-07-15 00:00:00+00:00, run_after=2026-07-16 00:00:00+00:00
[2026-07-16T11:06:31.145+0000] {processor.py:183} INFO - Processing /home/airflow/.local/lib/python3.12/site-packages/airflow/example_dags/example_task_group_decorator.py took 0.086 seconds
[2026-07-16T11:07:01.416+0000] {processor.py:161} INFO - Started process (PID=492) to work on /home/airflow/.local/lib/python3.12/site-packages/airflow/example_dags/example_task_group_decorator.py
[2026-07-16T11:07:01.418+0000] {processor.py:830} INFO - Processing file /home/airflow/.local/lib/python3.12/site-packages/airflow/example_dags/example_task_group_decorator.py for tasks to queue
[2026-07-16T11:07:01.421+0000] {logging_mixin.py:188} INFO - [2026-07-16T11:07:01.421+0000] {dagbag.py:540} INFO - Filling up the DagBag from /home/airflow/.local/lib/python3.12/site-packages/airflow/example_dags/example_task_group_decorator.py
[2026-07-16T11:07:01.450+0000] {processor.py:840} INFO - DAG(s) 'example_task_group_decorator' retrieved from /home/airflow/.local/lib/python3.12/site-packages/airflow/example_dags/example_task_group_decorator.py
[2026-07-16T11:07:01.480+0000] {logging_mixin.py:188} INFO - [2026-07-16T11:07:01.480+0000] {dag.py:3096} INFO - Sync 1 DAGs
[2026-07-16T11:07:01.503+0000] {logging_mixin.py:188} INFO - [2026-07-16T11:07:01.503+0000] {dag.py:3954} INFO - Setting next_dagrun for example_task_group_decorator to 2026-07-15 00:00:00+00:00, run_after=2026-07-16 00:00:00+00:00
[2026-07-16T11:07:01.521+0000] {processor.py:183} INFO - Processing /home/airflow/.local/lib/python3.12/site-packages/airflow/example_dags/example_task_group_decorator.py took 0.125 seconds
[2026-07-16T11:07:31.567+0000] {processor.py:161} INFO - Started process (PID=551) to work on /home/airflow/.local/lib/python3.12/site-packages/airflow/example_dags/example_task_group_decorator.py
[2026-07-16T11:07:31.569+0000] {processor.py:830} INFO - Processing file /home/airflow/.local/lib/python3.12/site-packages/airflow/example_dags/example_task_group_decorator.py for tasks to queue
[2026-07-16T11:07:31.571+0000] {logging_mixin.py:188} INFO - [2026-07-16T11:07:31.571+0000] {dagbag.py:540} INFO - Filling up the DagBag from /home/airflow/.local/lib/python3.12/site-packages/airflow/example_dags/example_task_group_decorator.py
[2026-07-16T11:07:31.583+0000] {processor.py:840} INFO - DAG(s) 'example_task_group_decorator' retrieved from /home/airflow/.local/lib/python3.12/site-packages/airflow/example_dags/example_task_group_decorator.py
[2026-07-16T11:07:31.604+0000] {logging_mixin.py:188} INFO - [2026-07-16T11:07:31.604+0000] {dag.py:3096} INFO - Sync 1 DAGs
[2026-07-16T11:07:31.623+0000] {logging_mixin.py:188} INFO - [2026-07-16T11:07:31.623+0000] {dag.py:3954} INFO - Setting next_dagrun for example_task_group_decorator to 2026-07-15 00:00:00+00:00, run_after=2026-07-16 00:00:00+00:00
[2026-07-16T11:07:31.643+0000] {processor.py:183} INFO - Processing /home/airflow/.local/lib/python3.12/site-packages/airflow/example_dags/example_task_group_decorator.py took 0.080 seconds
[2026-07-16T11:08:01.989+0000] {processor.py:161} INFO - Started process (PID=610) to work on /home/airflow/.local/lib/python3.12/site-packages/airflow/example_dags/example_task_group_decorator.py
[2026-07-16T11:08:01.991+0000] {processor.py:830} INFO - Processing file /home/airflow/.local/lib/python3.12/site-packages/airflow/example_dags/example_task_group_decorator.py for tasks to queue
[2026-07-16T11:08:01.993+0000] {logging_mixin.py:188} INFO - [2026-07-16T11:08:01.992+0000] {dagbag.py:540} INFO - Filling up the DagBag from /home/airflow/.local/lib/python3.12/site-packages/airflow/example_dags/example_task_group_decorator.py
[2026-07-16T11:08:02.004+0000] {processor.py:840} INFO - DAG(s) 'example_task_group_decorator' retrieved from /home/airflow/.local/lib/python3.12/site-packages/airflow/example_dags/example_task_group_decorator.py
[2026-07-16T11:08:02.024+0000] {logging_mixin.py:188} INFO - [2026-07-16T11:08:02.023+0000] {dag.py:3096} INFO - Sync 1 DAGs
[2026-07-16T11:08:02.043+0000] {logging_mixin.py:188} INFO - [2026-07-16T11:08:02.042+0000] {dag.py:3954} INFO - Setting next_dagrun for example_task_group_decorator to 2026-07-15 00:00:00+00:00, run_after=2026-07-16 00:00:00+00:00
[2026-07-16T11:08:02.061+0000] {processor.py:183} INFO - Processing /home/airflow/.local/lib/python3.12/site-packages/airflow/example_dags/example_task_group_decorator.py took 0.077 seconds
[2026-07-16T11:08:32.256+0000] {processor.py:161} INFO - Started process (PID=668) to work on /home/airflow/.local/lib/python3.12/site-packages/airflow/example_dags/example_task_group_decorator.py
[2026-07-16T11:08:32.258+0000] {processor.py:830} INFO - Processing file /home/airflow/.local/lib/python3.12/site-packages/airflow/example_dags/example_task_group_decorator.py for tasks to queue
[2026-07-16T11:08:32.261+0000] {logging_mixin.py:188} INFO - [2026-07-16T11:08:32.261+0000] {dagbag.py:540} INFO - Filling up the DagBag from /home/airflow/.local/lib/python3.12/site-packages/airflow/example_dags/example_task_group_decorator.py
[2026-07-16T11:08:32.272+0000] {processor.py:840} INFO - DAG(s) 'example_task_group_decorator' retrieved from /home/airflow/.local/lib/python3.12/site-packages/airflow/example_dags/example_task_group_decorator.py
[2026-07-16T11:08:32.292+0000] {logging_mixin.py:188} INFO - [2026-07-16T11:08:32.291+0000] {dag.py:3096} INFO - Sync 1 DAGs
[2026-07-16T11:08:32.310+0000] {logging_mixin.py:188} INFO - [2026-07-16T11:08:32.310+0000] {dag.py:3954} INFO - Setting next_dagrun for example_task_group_decorator to 2026-07-15 00:00:00+00:00, run_after=2026-07-16 00:00:00+00:00
[2026-07-16T11:08:32.328+0000] {processor.py:183} INFO - Processing /home/airflow/.local/lib/python3.12/site-packages/airflow/example_dags/example_task_group_decorator.py took 0.077 seconds
[2026-07-16T11:09:02.488+0000] {processor.py:161} INFO - Started process (PID=727) to work on /home/airflow/.local/lib/python3.12/site-packages/airflow/example_dags/example_task_group_decorator.py
[2026-07-16T11:09:02.489+0000] {processor.py:830} INFO - Processing file /home/airflow/.local/lib/python3.12/site-packages/airflow/example_dags/example_task_group_decorator.py for tasks to queue
[2026-07-16T11:09:02.492+0000] {logging_mixin.py:188} INFO - [2026-07-16T11:09:02.491+0000] {dagbag.py:540} INFO - Filling up the DagBag from /home/airflow/.local/lib/python3.12/site-packages/airflow/example_dags/example_task_group_decorator.py
[2026-07-16T11:09:02.505+0000] {processor.py:840} INFO - DAG(s) 'example_task_group_decorator' retrieved from /home/airflow/.local/lib/python3.12/site-packages/airflow/example_dags/example_task_group_decorator.py
[2026-07-16T11:09:02.526+0000] {logging_mixin.py:188} INFO - [2026-07-16T11:09:02.526+0000] {dag.py:3096} INFO - Sync 1 DAGs
[2026-07-16T11:09:02.545+0000] {logging_mixin.py:188} INFO - [2026-07-16T11:09:02.544+0000] {dag.py:3954} INFO - Setting next_dagrun for example_task_group_decorator to 2026-07-15 00:00:00+00:00, run_after=2026-07-16 00:00:00+00:00
[2026-07-16T11:09:02.563+0000] {processor.py:183} INFO - Processing /home/airflow/.local/lib/python3.12/site-packages/airflow/example_dags/example_task_group_decorator.py took 0.080 seconds
[2026-07-16T11:09:33.184+0000] {processor.py:161} INFO - Started process (PID=786) to work on /home/airflow/.local/lib/python3.12/site-packages/airflow/example_dags/example_task_group_decorator.py
[2026-07-16T11:09:33.186+0000] {processor.py:830} INFO - Processing file /home/airflow/.local/lib/python3.12/site-packages/airflow/example_dags/example_task_group_decorator.py for tasks to queue
[2026-07-16T11:09:33.188+0000] {logging_mixin.py:188} INFO - [2026-07-16T11:09:33.188+0000] {dagbag.py:540} INFO - Filling up the DagBag from /home/airflow/.local/lib/python3.12/site-packages/airflow/example_dags/example_task_group_decorator.py
[2026-07-16T11:09:33.199+0000] {processor.py:840} INFO - DAG(s) 'example_task_group_decorator' retrieved from /home/airflow/.local/lib/python3.12/site-packages/airflow/example_dags/example_task_group_decorator.py
[2026-07-16T11:09:33.220+0000] {logging_mixin.py:188} INFO - [2026-07-16T11:09:33.220+0000] {dag.py:3096} INFO - Sync 1 DAGs
[2026-07-16T11:09:33.240+0000] {logging_mixin.py:188} INFO - [2026-07-16T11:09:33.240+0000] {dag.py:3954} INFO - Setting next_dagrun for example_task_group_decorator to 2026-07-15 00:00:00+00:00, run_after=2026-07-16 00:00:00+00:00
[2026-07-16T11:09:33.259+0000] {processor.py:183} INFO - Processing /home/airflow/.local/lib/python3.12/site-packages/airflow/example_dags/example_task_group_decorator.py took 0.080 seconds
[2026-07-16T11:10:03.360+0000] {processor.py:161} INFO - Started process (PID=845) to work on /home/airflow/.local/lib/python3.12/site-packages/airflow/example_dags/example_task_group_decorator.py
[2026-07-16T11:10:03.361+0000] {processor.py:830} INFO - Processing file /home/airflow/.local/lib/python3.12/site-packages/airflow/example_dags/example_task_group_decorator.py for tasks to queue
[2026-07-16T11:10:03.364+0000] {logging_mixin.py:188} INFO - [2026-07-16T11:10:03.364+0000] {dagbag.py:540} INFO - Filling up the DagBag from /home/airflow/.local/lib/python3.12/site-packages/airflow/example_dags/example_task_group_decorator.py
[2026-07-16T11:10:03.376+0000] {processor.py:840} INFO - DAG(s) 'example_task_group_decorator' retrieved from /home/airflow/.local/lib/python3.12/site-packages/airflow/example_dags/example_task_group_decorator.py
[2026-07-16T11:10:03.408+0000] {logging_mixin.py:188} INFO - [2026-07-16T11:10:03.408+0000] {dag.py:3096} INFO - Sync 1 DAGs
[2026-07-16T11:10:03.430+0000] {logging_mixin.py:188} INFO - [2026-07-16T11:10:03.430+0000] {dag.py:3954} INFO - Setting next_dagrun for example_task_group_decorator to 2026-07-15 00:00:00+00:00, run_after=2026-07-16 00:00:00+00:00
[2026-07-16T11:10:03.449+0000] {processor.py:183} INFO - Processing /home/airflow/.local/lib/python3.12/site-packages/airflow/example_dags/example_task_group_decorator.py took 0.094 seconds
[2026-07-16T11:10:33.701+0000] {processor.py:161} INFO - Started process (PID=904) to work on /home/airflow/.local/lib/python3.12/site-packages/airflow/example_dags/example_task_group_decorator.py
[2026-07-16T11:10:33.702+0000] {processor.py:830} INFO - Processing file /home/airflow/.local/lib/python3.12/site-packages/airflow/example_dags/example_task_group_decorator.py for tasks to queue
[2026-07-16T11:10:33.705+0000] {logging_mixin.py:188} INFO - [2026-07-16T11:10:33.704+0000] {dagbag.py:540} INFO - Filling up the DagBag from /home/airflow/.local/lib/python3.12/site-packages/airflow/example_dags/example_task_group_decorator.py
[2026-07-16T11:10:33.718+0000] {processor.py:840} INFO - DAG(s) 'example_task_group_decorator' retrieved from /home/airflow/.local/lib/python3.12/site-packages/airflow/example_dags/example_task_group_decorator.py
[2026-07-16T11:10:33.741+0000] {logging_mixin.py:188} INFO - [2026-07-16T11:10:33.741+0000] {dag.py:3096} INFO - Sync 1 DAGs
[2026-07-16T11:10:33.760+0000] {logging_mixin.py:188} INFO - [2026-07-16T11:10:33.760+0000] {dag.py:3954} INFO - Setting next_dagrun for example_task_group_decorator to 2026-07-15 00:00:00+00:00, run_after=2026-07-16 00:00:00+00:00
[2026-07-16T11:10:33.779+0000] {processor.py:183} INFO - Processing /home/airflow/.local/lib/python3.12/site-packages/airflow/example_dags/example_task_group_decorator.py took 0.083 seconds
[2026-07-16T11:11:04.285+0000] {processor.py:161} INFO - Started process (PID=963) to work on /home/airflow/.local/lib/python3.12/site-packages/airflow/example_dags/example_task_group_decorator.py
[2026-07-16T11:11:04.286+0000] {processor.py:830} INFO - Processing file /home/airflow/.local/lib/python3.12/site-packages/airflow/example_dags/example_task_group_decorator.py for tasks to queue
[2026-07-16T11:11:04.288+0000] {logging_mixin.py:188} INFO - [2026-07-16T11:11:04.288+0000] {dagbag.py:540} INFO - Filling up the DagBag from /home/airflow/.local/lib/python3.12/site-packages/airflow/example_dags/example_task_group_decorator.py
[2026-07-16T11:11:04.300+0000] {processor.py:840} INFO - DAG(s) 'example_task_group_decorator' retrieved from /home/airflow/.local/lib/python3.12/site-packages/airflow/example_dags/example_task_group_decorator.py
[2026-07-16T11:11:04.321+0000] {logging_mixin.py:188} INFO - [2026-07-16T11:11:04.321+0000] {dag.py:3096} INFO - Sync 1 DAGs
[2026-07-16T11:11:04.341+0000] {logging_mixin.py:188} INFO - [2026-07-16T11:11:04.340+0000] {dag.py:3954} INFO - Setting next_dagrun for example_task_group_decorator to 2026-07-15 00:00:00+00:00, run_after=2026-07-16 00:00:00+00:00
[2026-07-16T11:11:04.358+0000] {processor.py:183} INFO - Processing /home/airflow/.local/lib/python3.12/site-packages/airflow/example_dags/example_task_group_decorator.py took 0.078 seconds
[2026-07-16T11:11:34.515+0000] {processor.py:161} INFO - Started process (PID=1022) to work on /home/airflow/.local/lib/python3.12/site-packages/airflow/example_dags/example_task_group_decorator.py
[2026-07-16T11:11:34.516+0000] {processor.py:830} INFO - Processing file /home/airflow/.local/lib/python3.12/site-packages/airflow/example_dags/example_task_group_decorator.py for tasks to queue
[2026-07-16T11:11:34.520+0000] {logging_mixin.py:188} INFO - [2026-07-16T11:11:34.519+0000] {dagbag.py:540} INFO - Filling up the DagBag from /home/airflow/.local/lib/python3.12/site-packages/airflow/example_dags/example_task_group_decorator.py
[2026-07-16T11:11:34.532+0000] {processor.py:840} INFO - DAG(s) 'example_task_group_decorator' retrieved from /home/airflow/.local/lib/python3.12/site-packages/airflow/example_dags/example_task_group_decorator.py
[2026-07-16T11:11:34.552+0000] {logging_mixin.py:188} INFO - [2026-07-16T11:11:34.551+0000] {dag.py:3096} INFO - Sync 1 DAGs
[2026-07-16T11:11:34.569+0000] {logging_mixin.py:188} INFO - [2026-07-16T11:11:34.569+0000] {dag.py:3954} INFO - Setting next_dagrun for example_task_group_decorator to 2026-07-15 00:00:00+00:00, run_after=2026-07-16 00:00:00+00:00
[2026-07-16T11:11:34.586+0000] {processor.py:183} INFO - Processing /home/airflow/.local/lib/python3.12/site-packages/airflow/example_dags/example_task_group_decorator.py took 0.077 seconds
[2026-07-16T11:12:05.287+0000] {processor.py:161} INFO - Started process (PID=1081) to work on /home/airflow/.local/lib/python3.12/site-packages/airflow/example_dags/example_task_group_decorator.py
[2026-07-16T11:12:05.289+0000] {processor.py:830} INFO - Processing file /home/airflow/.local/lib/python3.12/site-packages/airflow/example_dags/example_task_group_decorator.py for tasks to queue
[2026-07-16T11:12:05.292+0000] {logging_mixin.py:188} INFO - [2026-07-16T11:12:05.292+0000] {dagbag.py:540} INFO - Filling up the DagBag from /home/airflow/.local/lib/python3.12/site-packages/airflow/example_dags/example_task_group_decorator.py
[2026-07-16T11:12:05.315+0000] {processor.py:840} INFO - DAG(s) 'example_task_group_decorator' retrieved from /home/airflow/.local/lib/python3.12/site-packages/airflow/example_dags/example_task_group_decorator.py
[2026-07-16T11:12:05.339+0000] {logging_mixin.py:188} INFO - [2026-07-16T11:12:05.339+0000] {dag.py:3096} INFO - Sync 1 DAGs
[2026-07-16T11:12:05.357+0000] {logging_mixin.py:188} INFO - [2026-07-16T11:12:05.357+0000] {dag.py:3954} INFO - Setting next_dagrun for example_task_group_decorator to 2026-07-15 00:00:00+00:00, run_after=2026-07-16 00:00:00+00:00
[2026-07-16T11:12:05.375+0000] {processor.py:183} INFO - Processing /home/airflow/.local/lib/python3.12/site-packages/airflow/example_dags/example_task_group_decorator.py took 0.097 seconds
[2026-07-16T11:12:36.616+0000] {processor.py:161} INFO - Started process (PID=1140) to work on /home/airflow/.local/lib/python3.12/site-packages/airflow/example_dags/example_task_group_decorator.py
[2026-07-16T11:12:36.621+0000] {processor.py:830} INFO - Processing file /home/airflow/.local/lib/python3.12/site-packages/airflow/example_dags/example_task_group_decorator.py for tasks to queue
[2026-07-16T11:12:36.628+0000] {logging_mixin.py:188} INFO - [2026-07-16T11:12:36.627+0000] {dagbag.py:540} INFO - Filling up the DagBag from /home/airflow/.local/lib/python3.12/site-packages/airflow/example_dags/example_task_group_decorator.py
[2026-07-16T11:12:36.653+0000] {processor.py:840} INFO - DAG(s) 'example_task_group_decorator' retrieved from /home/airflow/.local/lib/python3.12/site-packages/airflow/example_dags/example_task_group_decorator.py
[2026-07-16T11:12:36.686+0000] {logging_mixin.py:188} INFO - [2026-07-16T11:12:36.685+0000] {dag.py:3096} INFO - Sync 1 DAGs
[2026-07-16T11:12:36.709+0000] {logging_mixin.py:188} INFO - [2026-07-16T11:12:36.709+0000] {dag.py:3954} INFO - Setting next_dagrun for example_task_group_decorator to 2026-07-15 00:00:00+00:00, run_after=2026-07-16 00:00:00+00:00
[2026-07-16T11:12:36.743+0000] {processor.py:183} INFO - Processing /home/airflow/.local/lib/python3.12/site-packages/airflow/example_dags/example_task_group_decorator.py took 0.141 seconds
[2026-07-16T11:13:07.175+0000] {processor.py:161} INFO - Started process (PID=1199) to work on /home/airflow/.local/lib/python3.12/site-packages/airflow/example_dags/example_task_group_decorator.py
[2026-07-16T11:13:07.177+0000] {processor.py:830} INFO - Processing file /home/airflow/.local/lib/python3.12/site-packages/airflow/example_dags/example_task_group_decorator.py for tasks to queue
[2026-07-16T11:13:07.179+0000] {logging_mixin.py:188} INFO - [2026-07-16T11:13:07.179+0000] {dagbag.py:540} INFO - Filling up the DagBag from /home/airflow/.local/lib/python3.12/site-packages/airflow/example_dags/example_task_group_decorator.py
[2026-07-16T11:13:07.195+0000] {processor.py:840} INFO - DAG(s) 'example_task_group_decorator' retrieved from /home/airflow/.local/lib/python3.12/site-packages/airflow/example_dags/example_task_group_decorator.py
[2026-07-16T11:13:07.226+0000] {logging_mixin.py:188} INFO - [2026-07-16T11:13:07.225+0000] {dag.py:3096} INFO - Sync 1 DAGs
[2026-07-16T11:13:07.247+0000] {logging_mixin.py:188} INFO - [2026-07-16T11:13:07.247+0000] {dag.py:3954} INFO - Setting next_dagrun for example_task_group_decorator to 2026-07-15 00:00:00+00:00, run_after=2026-07-16 00:00:00+00:00
[2026-07-16T11:13:07.271+0000] {processor.py:183} INFO - Processing /home/airflow/.local/lib/python3.12/site-packages/airflow/example_dags/example_task_group_decorator.py took 0.103 seconds
[2026-07-16T11:13:37.451+0000] {processor.py:161} INFO - Started process (PID=1258) to work on /home/airflow/.local/lib/python3.12/site-packages/airflow/example_dags/example_task_group_decorator.py
[2026-07-16T11:13:37.452+0000] {processor.py:830} INFO - Processing file /home/airflow/.local/lib/python3.12/site-packages/airflow/example_dags/example_task_group_decorator.py for tasks to queue
[2026-07-16T11:13:37.455+0000] {logging_mixin.py:188} INFO - [2026-07-16T11:13:37.454+0000] {dagbag.py:540} INFO - Filling up the DagBag from /home/airflow/.local/lib/python3.12/site-packages/airflow/example_dags/example_task_group_decorator.py
[2026-07-16T11:13:37.466+0000] {processor.py:840} INFO - DAG(s) 'example_task_group_decorator' retrieved from /home/airflow/.local/lib/python3.12/site-packages/airflow/example_dags/example_task_group_decorator.py
[2026-07-16T11:13:37.486+0000] {logging_mixin.py:188} INFO - [2026-07-16T11:13:37.486+0000] {dag.py:3096} INFO - Sync 1 DAGs
[2026-07-16T11:13:37.505+0000] {logging_mixin.py:188} INFO - [2026-07-16T11:13:37.504+0000] {dag.py:3954} INFO - Setting next_dagrun for example_task_group_decorator to 2026-07-15 00:00:00+00:00, run_after=2026-07-16 00:00:00+00:00
[2026-07-16T11:13:37.525+0000] {processor.py:183} INFO - Processing /home/airflow/.local/lib/python3.12/site-packages/airflow/example_dags/example_task_group_decorator.py took 0.079 seconds
[2026-07-16T11:14:07.638+0000] {processor.py:161} INFO - Started process (PID=1317) to work on /home/airflow/.local/lib/python3.12/site-packages/airflow/example_dags/example_task_group_decorator.py
[2026-07-16T11:14:07.639+0000] {processor.py:830} INFO - Processing file /home/airflow/.local/lib/python3.12/site-packages/airflow/example_dags/example_task_group_decorator.py for tasks to queue
[2026-07-16T11:14:07.642+0000] {logging_mixin.py:188} INFO - [2026-07-16T11:14:07.641+0000] {dagbag.py:540} INFO - Filling up the DagBag from /home/airflow/.local/lib/python3.12/site-packages/airflow/example_dags/example_task_group_decorator.py
[2026-07-16T11:14:07.653+0000] {processor.py:840} INFO - DAG(s) 'example_task_group_decorator' retrieved from /home/airflow/.local/lib/python3.12/site-packages/airflow/example_dags/example_task_group_decorator.py
[2026-07-16T11:14:07.675+0000] {logging_mixin.py:188} INFO - [2026-07-16T11:14:07.674+0000] {dag.py:3096} INFO - Sync 1 DAGs
[2026-07-16T11:14:07.695+0000] {logging_mixin.py:188} INFO - [2026-07-16T11:14:07.694+0000] {dag.py:3954} INFO - Setting next_dagrun for example_task_group_decorator to 2026-07-15 00:00:00+00:00, run_after=2026-07-16 00:00:00+00:00
[2026-07-16T11:14:07.715+0000] {processor.py:183} INFO - Processing /home/airflow/.local/lib/python3.12/site-packages/airflow/example_dags/example_task_group_decorator.py took 0.082 seconds
[2026-07-16T11:14:37.777+0000] {processor.py:161} INFO - Started process (PID=1376) to work on /home/airflow/.local/lib/python3.12/site-packages/airflow/example_dags/example_task_group_decorator.py
[2026-07-16T11:14:37.779+0000] {processor.py:830} INFO - Processing file /home/airflow/.local/lib/python3.12/site-packages/airflow/example_dags/example_task_group_decorator.py for tasks to queue
[2026-07-16T11:14:37.781+0000] {logging_mixin.py:188} INFO - [2026-07-16T11:14:37.781+0000] {dagbag.py:540} INFO - Filling up the DagBag from /home/airflow/.local/lib/python3.12/site-packages/airflow/example_dags/example_task_group_decorator.py
[2026-07-16T11:14:37.794+0000] {processor.py:840} INFO - DAG(s) 'example_task_group_decorator' retrieved from /home/airflow/.local/lib/python3.12/site-packages/airflow/example_dags/example_task_group_decorator.py
[2026-07-16T11:14:37.816+0000] {logging_mixin.py:188} INFO - [2026-07-16T11:14:37.815+0000] {dag.py:3096} INFO - Sync 1 DAGs
[2026-07-16T11:14:37.835+0000] {logging_mixin.py:188} INFO - [2026-07-16T11:14:37.835+0000] {dag.py:3954} INFO - Setting next_dagrun for example_task_group_decorator to 2026-07-15 00:00:00+00:00, run_after=2026-07-16 00:00:00+00:00
[2026-07-16T11:14:37.862+0000] {processor.py:183} INFO - Processing /home/airflow/.local/lib/python3.12/site-packages/airflow/example_dags/example_task_group_decorator.py took 0.090 seconds
[2026-07-16T11:15:08.129+0000] {processor.py:161} INFO - Started process (PID=1435) to work on /home/airflow/.local/lib/python3.12/site-packages/airflow/example_dags/example_task_group_decorator.py
[2026-07-16T11:15:08.131+0000] {processor.py:830} INFO - Processing file /home/airflow/.local/lib/python3.12/site-packages/airflow/example_dags/example_task_group_decorator.py for tasks to queue
[2026-07-16T11:15:08.134+0000] {logging_mixin.py:188} INFO - [2026-07-16T11:15:08.134+0000] {dagbag.py:540} INFO - Filling up the DagBag from /home/airflow/.local/lib/python3.12/site-packages/airflow/example_dags/example_task_group_decorator.py
[2026-07-16T11:15:08.151+0000] {processor.py:840} INFO - DAG(s) 'example_task_group_decorator' retrieved from /home/airflow/.local/lib/python3.12/site-packages/airflow/example_dags/example_task_group_decorator.py
[2026-07-16T11:15:08.181+0000] {logging_mixin.py:188} INFO - [2026-07-16T11:15:08.181+0000] {dag.py:3096} INFO - Sync 1 DAGs
[2026-07-16T11:15:08.205+0000] {logging_mixin.py:188} INFO - [2026-07-16T11:15:08.205+0000] {dag.py:3954} INFO - Setting next_dagrun for example_task_group_decorator to 2026-07-15 00:00:00+00:00, run_after=2026-07-16 00:00:00+00:00
[2026-07-16T11:15:08.233+0000] {processor.py:183} INFO - Processing /home/airflow/.local/lib/python3.12/site-packages/airflow/example_dags/example_task_group_decorator.py took 0.118 seconds
[2026-07-16T11:15:38.538+0000] {processor.py:161} INFO - Started process (PID=1494) to work on /home/airflow/.local/lib/python3.12/site-packages/airflow/example_dags/example_task_group_decorator.py
[2026-07-16T11:15:38.540+0000] {processor.py:830} INFO - Processing file /home/airflow/.local/lib/python3.12/site-packages/airflow/example_dags/example_task_group_decorator.py for tasks to queue
[2026-07-16T11:15:38.544+0000] {logging_mixin.py:188} INFO - [2026-07-16T11:15:38.543+0000] {dagbag.py:540} INFO - Filling up the DagBag from /home/airflow/.local/lib/python3.12/site-packages/airflow/example_dags/example_task_group_decorator.py
[2026-07-16T11:15:38.565+0000] {processor.py:840} INFO - DAG(s) 'example_task_group_decorator' retrieved from /home/airflow/.local/lib/python3.12/site-packages/airflow/example_dags/example_task_group_decorator.py
[2026-07-16T11:15:38.592+0000] {logging_mixin.py:188} INFO - [2026-07-16T11:15:38.591+0000] {dag.py:3096} INFO - Sync 1 DAGs
[2026-07-16T11:15:38.614+0000] {logging_mixin.py:188} INFO - [2026-07-16T11:15:38.614+0000] {dag.py:3954} INFO - Setting next_dagrun for example_task_group_decorator to 2026-07-15 00:00:00+00:00, run_after=2026-07-16 00:00:00+00:00
[2026-07-16T11:15:38.643+0000] {processor.py:183} INFO - Processing /home/airflow/.local/lib/python3.12/site-packages/airflow/example_dags/example_task_group_decorator.py took 0.113 seconds
[2026-07-16T11:16:09.501+0000] {processor.py:161} INFO - Started process (PID=1553) to work on /home/airflow/.local/lib/python3.12/site-packages/airflow/example_dags/example_task_group_decorator.py
[2026-07-16T11:16:09.503+0000] {processor.py:830} INFO - Processing file /home/airflow/.local/lib/python3.12/site-packages/airflow/example_dags/example_task_group_decorator.py for tasks to queue
[2026-07-16T11:16:09.506+0000] {logging_mixin.py:188} INFO - [2026-07-16T11:16:09.505+0000] {dagbag.py:540} INFO - Filling up the DagBag from /home/airflow/.local/lib/python3.12/site-packages/airflow/example_dags/example_task_group_decorator.py
[2026-07-16T11:16:09.519+0000] {processor.py:840} INFO - DAG(s) 'example_task_group_decorator' retrieved from /home/airflow/.local/lib/python3.12/site-packages/airflow/example_dags/example_task_group_decorator.py
[2026-07-16T11:16:09.546+0000] {logging_mixin.py:188} INFO - [2026-07-16T11:16:09.546+0000] {dag.py:3096} INFO - Sync 1 DAGs
[2026-07-16T11:16:09.574+0000] {logging_mixin.py:188} INFO - [2026-07-16T11:16:09.574+0000] {dag.py:3954} INFO - Setting next_dagrun for example_task_group_decorator to 2026-07-15 00:00:00+00:00, run_after=2026-07-16 00:00:00+00:00
[2026-07-16T11:16:09.593+0000] {processor.py:183} INFO - Processing /home/airflow/.local/lib/python3.12/site-packages/airflow/example_dags/example_task_group_decorator.py took 0.097 seconds
[2026-07-16T11:16:40.420+0000] {processor.py:161} INFO - Started process (PID=1612) to work on /home/airflow/.local/lib/python3.12/site-packages/airflow/example_dags/example_task_group_decorator.py
[2026-07-16T11:16:40.422+0000] {processor.py:830} INFO - Processing file /home/airflow/.local/lib/python3.12/site-packages/airflow/example_dags/example_task_group_decorator.py for tasks to queue
[2026-07-16T11:16:40.424+0000] {logging_mixin.py:188} INFO - [2026-07-16T11:16:40.424+0000] {dagbag.py:540} INFO - Filling up the DagBag from /home/airflow/.local/lib/python3.12/site-packages/airflow/example_dags/example_task_group_decorator.py
[2026-07-16T11:16:40.437+0000] {processor.py:840} INFO - DAG(s) 'example_task_group_decorator' retrieved from /home/airflow/.local/lib/python3.12/site-packages/airflow/example_dags/example_task_group_decorator.py
[2026-07-16T11:16:40.457+0000] {logging_mixin.py:188} INFO - [2026-07-16T11:16:40.457+0000] {dag.py:3096} INFO - Sync 1 DAGs
[2026-07-16T11:16:40.477+0000] {logging_mixin.py:188} INFO - [2026-07-16T11:16:40.477+0000] {dag.py:3954} INFO - Setting next_dagrun for example_task_group_decorator to 2026-07-15 00:00:00+00:00, run_after=2026-07-16 00:00:00+00:00
[2026-07-16T11:16:40.495+0000] {processor.py:183} INFO - Processing /home/airflow/.local/lib/python3.12/site-packages/airflow/example_dags/example_task_group_decorator.py took 0.079 seconds
[2026-07-16T11:17:10.974+0000] {processor.py:161} INFO - Started process (PID=1671) to work on /home/airflow/.local/lib/python3.12/site-packages/airflow/example_dags/example_task_group_decorator.py
[2026-07-16T11:17:10.975+0000] {processor.py:830} INFO - Processing file /home/airflow/.local/lib/python3.12/site-packages/airflow/example_dags/example_task_group_decorator.py for tasks to queue
[2026-07-16T11:17:10.977+0000] {logging_mixin.py:188} INFO - [2026-07-16T11:17:10.977+0000] {dagbag.py:540} INFO - Filling up the DagBag from /home/airflow/.local/lib/python3.12/site-packages/airflow/example_dags/example_task_group_decorator.py
[2026-07-16T11:17:10.988+0000] {processor.py:840} INFO - DAG(s) 'example_task_group_decorator' retrieved from /home/airflow/.local/lib/python3.12/site-packages/airflow/example_dags/example_task_group_decorator.py
[2026-07-16T11:17:11.008+0000] {logging_mixin.py:188} INFO - [2026-07-16T11:17:11.008+0000] {dag.py:3096} INFO - Sync 1 DAGs
[2026-07-16T11:17:11.025+0000] {logging_mixin.py:188} INFO - [2026-07-16T11:17:11.025+0000] {dag.py:3954} INFO - Setting next_dagrun for example_task_group_decorator to 2026-07-15 00:00:00+00:00, run_after=2026-07-16 00:00:00+00:00
[2026-07-16T11:17:11.043+0000] {processor.py:183} INFO - Processing /home/airflow/.local/lib/python3.12/site-packages/airflow/example_dags/example_task_group_decorator.py took 0.074 seconds
[2026-07-16T11:17:41.203+0000] {processor.py:161} INFO - Started process (PID=1730) to work on /home/airflow/.local/lib/python3.12/site-packages/airflow/example_dags/example_task_group_decorator.py
[2026-07-16T11:17:41.205+0000] {processor.py:830} INFO - Processing file /home/airflow/.local/lib/python3.12/site-packages/airflow/example_dags/example_task_group_decorator.py for tasks to queue
[2026-07-16T11:17:41.208+0000] {logging_mixin.py:188} INFO - [2026-07-16T11:17:41.207+0000] {dagbag.py:540} INFO - Filling up the DagBag from /home/airflow/.local/lib/python3.12/site-packages/airflow/example_dags/example_task_group_decorator.py
[2026-07-16T11:17:41.218+0000] {processor.py:840} INFO - DAG(s) 'example_task_group_decorator' retrieved from /home/airflow/.local/lib/python3.12/site-packages/airflow/example_dags/example_task_group_decorator.py
[2026-07-16T11:17:41.238+0000] {logging_mixin.py:188} INFO - [2026-07-16T11:17:41.238+0000] {dag.py:3096} INFO - Sync 1 DAGs
[2026-07-16T11:17:41.255+0000] {logging_mixin.py:188} INFO - [2026-07-16T11:17:41.255+0000] {dag.py:3954} INFO - Setting next_dagrun for example_task_group_decorator to 2026-07-15 00:00:00+00:00, run_after=2026-07-16 00:00:00+00:00
[2026-07-16T11:17:41.274+0000] {processor.py:183} INFO - Processing /home/airflow/.local/lib/python3.12/site-packages/airflow/example_dags/example_task_group_decorator.py took 0.075 seconds
[2026-07-16T11:18:12.067+0000] {processor.py:161} INFO - Started process (PID=1789) to work on /home/airflow/.local/lib/python3.12/site-packages/airflow/example_dags/example_task_group_decorator.py
[2026-07-16T11:18:12.071+0000] {processor.py:830} INFO - Processing file /home/airflow/.local/lib/python3.12/site-packages/airflow/example_dags/example_task_group_decorator.py for tasks to queue
[2026-07-16T11:18:12.087+0000] {logging_mixin.py:188} INFO - [2026-07-16T11:18:12.086+0000] {dagbag.py:540} INFO - Filling up the DagBag from /home/airflow/.local/lib/python3.12/site-packages/airflow/example_dags/example_task_group_decorator.py
[2026-07-16T11:18:12.136+0000] {processor.py:840} INFO - DAG(s) 'example_task_group_decorator' retrieved from /home/airflow/.local/lib/python3.12/site-packages/airflow/example_dags/example_task_group_decorator.py
[2026-07-16T11:18:12.203+0000] {logging_mixin.py:188} INFO - [2026-07-16T11:18:12.203+0000] {dag.py:3096} INFO - Sync 1 DAGs
[2026-07-16T11:18:12.288+0000] {logging_mixin.py:188} INFO - [2026-07-16T11:18:12.288+0000] {dag.py:3954} INFO - Setting next_dagrun for example_task_group_decorator to 2026-07-15 00:00:00+00:00, run_after=2026-07-16 00:00:00+00:00
[2026-07-16T11:18:12.361+0000] {processor.py:183} INFO - Processing /home/airflow/.local/lib/python3.12/site-packages/airflow/example_dags/example_task_group_decorator.py took 0.307 seconds
