[2026-07-16T11:03:29.911+0000] {processor.py:161} INFO - Started process (PID=102) to work on /home/airflow/.local/lib/python3.12/site-packages/airflow/example_dags/example_task_group.py
[2026-07-16T11:03:29.912+0000] {processor.py:830} INFO - Processing file /home/airflow/.local/lib/python3.12/site-packages/airflow/example_dags/example_task_group.py for tasks to queue
[2026-07-16T11:03:29.916+0000] {logging_mixin.py:188} INFO - [2026-07-16T11:03:29.915+0000] {dagbag.py:540} INFO - Filling up the DagBag from /home/airflow/.local/lib/python3.12/site-packages/airflow/example_dags/example_task_group.py
[2026-07-16T11:03:29.927+0000] {processor.py:840} INFO - DAG(s) 'example_task_group' retrieved from /home/airflow/.local/lib/python3.12/site-packages/airflow/example_dags/example_task_group.py
[2026-07-16T11:03:29.945+0000] {logging_mixin.py:188} INFO - [2026-07-16T11:03:29.945+0000] {dag.py:3096} INFO - Sync 1 DAGs
[2026-07-16T11:03:29.977+0000] {logging_mixin.py:188} INFO - [2026-07-16T11:03:29.977+0000] {dag.py:3954} INFO - Setting next_dagrun for example_task_group to 2026-07-15 00:00:00+00:00, run_after=2026-07-16 00:00:00+00:00
[2026-07-16T11:03:30.001+0000] {processor.py:183} INFO - Processing /home/airflow/.local/lib/python3.12/site-packages/airflow/example_dags/example_task_group.py took 0.098 seconds
[2026-07-16T11:04:00.723+0000] {processor.py:161} INFO - Started process (PID=161) to work on /home/airflow/.local/lib/python3.12/site-packages/airflow/example_dags/example_task_group.py
[2026-07-16T11:04:00.724+0000] {processor.py:830} INFO - Processing file /home/airflow/.local/lib/python3.12/site-packages/airflow/example_dags/example_task_group.py for tasks to queue
[2026-07-16T11:04:00.727+0000] {logging_mixin.py:188} INFO - [2026-07-16T11:04:00.726+0000] {dagbag.py:540} INFO - Filling up the DagBag from /home/airflow/.local/lib/python3.12/site-packages/airflow/example_dags/example_task_group.py
[2026-07-16T11:04:00.733+0000] {processor.py:840} INFO - DAG(s) 'example_task_group' retrieved from /home/airflow/.local/lib/python3.12/site-packages/airflow/example_dags/example_task_group.py
[2026-07-16T11:04:00.810+0000] {logging_mixin.py:188} INFO - [2026-07-16T11:04:00.810+0000] {dag.py:3096} INFO - Sync 1 DAGs
[2026-07-16T11:04:00.826+0000] {logging_mixin.py:188} INFO - [2026-07-16T11:04:00.826+0000] {dag.py:3954} INFO - Setting next_dagrun for example_task_group to 2026-07-15 00:00:00+00:00, run_after=2026-07-16 00:00:00+00:00
[2026-07-16T11:04:00.845+0000] {processor.py:183} INFO - Processing /home/airflow/.local/lib/python3.12/site-packages/airflow/example_dags/example_task_group.py took 0.127 seconds
[2026-07-16T11:04:31.571+0000] {processor.py:161} INFO - Started process (PID=221) to work on /home/airflow/.local/lib/python3.12/site-packages/airflow/example_dags/example_task_group.py
[2026-07-16T11:04:31.572+0000] {processor.py:830} INFO - Processing file /home/airflow/.local/lib/python3.12/site-packages/airflow/example_dags/example_task_group.py for tasks to queue
[2026-07-16T11:04:31.575+0000] {logging_mixin.py:188} INFO - [2026-07-16T11:04:31.574+0000] {dagbag.py:540} INFO - Filling up the DagBag from /home/airflow/.local/lib/python3.12/site-packages/airflow/example_dags/example_task_group.py
[2026-07-16T11:04:31.581+0000] {processor.py:840} INFO - DAG(s) 'example_task_group' retrieved from /home/airflow/.local/lib/python3.12/site-packages/airflow/example_dags/example_task_group.py
[2026-07-16T11:04:31.602+0000] {logging_mixin.py:188} INFO - [2026-07-16T11:04:31.602+0000] {dag.py:3096} INFO - Sync 1 DAGs
[2026-07-16T11:04:31.622+0000] {logging_mixin.py:188} INFO - [2026-07-16T11:04:31.622+0000] {dag.py:3954} INFO - Setting next_dagrun for example_task_group to 2026-07-15 00:00:00+00:00, run_after=2026-07-16 00:00:00+00:00
[2026-07-16T11:04:31.641+0000] {processor.py:183} INFO - Processing /home/airflow/.local/lib/python3.12/site-packages/airflow/example_dags/example_task_group.py took 0.075 seconds
[2026-07-16T11:05:01.717+0000] {processor.py:161} INFO - Started process (PID=280) to work on /home/airflow/.local/lib/python3.12/site-packages/airflow/example_dags/example_task_group.py
[2026-07-16T11:05:01.718+0000] {processor.py:830} INFO - Processing file /home/airflow/.local/lib/python3.12/site-packages/airflow/example_dags/example_task_group.py for tasks to queue
[2026-07-16T11:05:01.721+0000] {logging_mixin.py:188} INFO - [2026-07-16T11:05:01.721+0000] {dagbag.py:540} INFO - Filling up the DagBag from /home/airflow/.local/lib/python3.12/site-packages/airflow/example_dags/example_task_group.py
[2026-07-16T11:05:01.729+0000] {processor.py:840} INFO - DAG(s) 'example_task_group' retrieved from /home/airflow/.local/lib/python3.12/site-packages/airflow/example_dags/example_task_group.py
[2026-07-16T11:05:01.748+0000] {logging_mixin.py:188} INFO - [2026-07-16T11:05:01.748+0000] {dag.py:3096} INFO - Sync 1 DAGs
[2026-07-16T11:05:01.768+0000] {logging_mixin.py:188} INFO - [2026-07-16T11:05:01.768+0000] {dag.py:3954} INFO - Setting next_dagrun for example_task_group to 2026-07-15 00:00:00+00:00, run_after=2026-07-16 00:00:00+00:00
[2026-07-16T11:05:01.788+0000] {processor.py:183} INFO - Processing /home/airflow/.local/lib/python3.12/site-packages/airflow/example_dags/example_task_group.py took 0.076 seconds
[2026-07-16T11:05:31.935+0000] {processor.py:161} INFO - Started process (PID=339) to work on /home/airflow/.local/lib/python3.12/site-packages/airflow/example_dags/example_task_group.py
[2026-07-16T11:05:31.937+0000] {processor.py:830} INFO - Processing file /home/airflow/.local/lib/python3.12/site-packages/airflow/example_dags/example_task_group.py for tasks to queue
[2026-07-16T11:05:31.939+0000] {logging_mixin.py:188} INFO - [2026-07-16T11:05:31.939+0000] {dagbag.py:540} INFO - Filling up the DagBag from /home/airflow/.local/lib/python3.12/site-packages/airflow/example_dags/example_task_group.py
[2026-07-16T11:05:31.946+0000] {processor.py:840} INFO - DAG(s) 'example_task_group' retrieved from /home/airflow/.local/lib/python3.12/site-packages/airflow/example_dags/example_task_group.py
[2026-07-16T11:05:31.964+0000] {logging_mixin.py:188} INFO - [2026-07-16T11:05:31.963+0000] {dag.py:3096} INFO - Sync 1 DAGs
[2026-07-16T11:05:31.984+0000] {logging_mixin.py:188} INFO - [2026-07-16T11:05:31.983+0000] {dag.py:3954} INFO - Setting next_dagrun for example_task_group to 2026-07-15 00:00:00+00:00, run_after=2026-07-16 00:00:00+00:00
[2026-07-16T11:05:32.003+0000] {processor.py:183} INFO - Processing /home/airflow/.local/lib/python3.12/site-packages/airflow/example_dags/example_task_group.py took 0.072 seconds
[2026-07-16T11:06:02.473+0000] {processor.py:161} INFO - Started process (PID=398) to work on /home/airflow/.local/lib/python3.12/site-packages/airflow/example_dags/example_task_group.py
[2026-07-16T11:06:02.475+0000] {processor.py:830} INFO - Processing file /home/airflow/.local/lib/python3.12/site-packages/airflow/example_dags/example_task_group.py for tasks to queue
[2026-07-16T11:06:02.477+0000] {logging_mixin.py:188} INFO - [2026-07-16T11:06:02.477+0000] {dagbag.py:540} INFO - Filling up the DagBag from /home/airflow/.local/lib/python3.12/site-packages/airflow/example_dags/example_task_group.py
[2026-07-16T11:06:02.484+0000] {processor.py:840} INFO - DAG(s) 'example_task_group' retrieved from /home/airflow/.local/lib/python3.12/site-packages/airflow/example_dags/example_task_group.py
[2026-07-16T11:06:02.506+0000] {logging_mixin.py:188} INFO - [2026-07-16T11:06:02.506+0000] {dag.py:3096} INFO - Sync 1 DAGs
[2026-07-16T11:06:02.529+0000] {logging_mixin.py:188} INFO - [2026-07-16T11:06:02.529+0000] {dag.py:3954} INFO - Setting next_dagrun for example_task_group to 2026-07-15 00:00:00+00:00, run_after=2026-07-16 00:00:00+00:00
[2026-07-16T11:06:02.548+0000] {processor.py:183} INFO - Processing /home/airflow/.local/lib/python3.12/site-packages/airflow/example_dags/example_task_group.py took 0.079 seconds
[2026-07-16T11:06:33.339+0000] {processor.py:161} INFO - Started process (PID=457) to work on /home/airflow/.local/lib/python3.12/site-packages/airflow/example_dags/example_task_group.py
[2026-07-16T11:06:33.340+0000] {processor.py:830} INFO - Processing file /home/airflow/.local/lib/python3.12/site-packages/airflow/example_dags/example_task_group.py for tasks to queue
[2026-07-16T11:06:33.343+0000] {logging_mixin.py:188} INFO - [2026-07-16T11:06:33.343+0000] {dagbag.py:540} INFO - Filling up the DagBag from /home/airflow/.local/lib/python3.12/site-packages/airflow/example_dags/example_task_group.py
[2026-07-16T11:06:33.350+0000] {processor.py:840} INFO - DAG(s) 'example_task_group' retrieved from /home/airflow/.local/lib/python3.12/site-packages/airflow/example_dags/example_task_group.py
[2026-07-16T11:06:33.367+0000] {logging_mixin.py:188} INFO - [2026-07-16T11:06:33.367+0000] {dag.py:3096} INFO - Sync 1 DAGs
[2026-07-16T11:06:33.387+0000] {logging_mixin.py:188} INFO - [2026-07-16T11:06:33.386+0000] {dag.py:3954} INFO - Setting next_dagrun for example_task_group to 2026-07-15 00:00:00+00:00, run_after=2026-07-16 00:00:00+00:00
[2026-07-16T11:06:33.419+0000] {processor.py:183} INFO - Processing /home/airflow/.local/lib/python3.12/site-packages/airflow/example_dags/example_task_group.py took 0.087 seconds
[2026-07-16T11:07:03.749+0000] {processor.py:161} INFO - Started process (PID=516) to work on /home/airflow/.local/lib/python3.12/site-packages/airflow/example_dags/example_task_group.py
[2026-07-16T11:07:03.751+0000] {processor.py:830} INFO - Processing file /home/airflow/.local/lib/python3.12/site-packages/airflow/example_dags/example_task_group.py for tasks to queue
[2026-07-16T11:07:03.754+0000] {logging_mixin.py:188} INFO - [2026-07-16T11:07:03.753+0000] {dagbag.py:540} INFO - Filling up the DagBag from /home/airflow/.local/lib/python3.12/site-packages/airflow/example_dags/example_task_group.py
[2026-07-16T11:07:03.761+0000] {processor.py:840} INFO - DAG(s) 'example_task_group' retrieved from /home/airflow/.local/lib/python3.12/site-packages/airflow/example_dags/example_task_group.py
[2026-07-16T11:07:03.780+0000] {logging_mixin.py:188} INFO - [2026-07-16T11:07:03.780+0000] {dag.py:3096} INFO - Sync 1 DAGs
[2026-07-16T11:07:03.800+0000] {logging_mixin.py:188} INFO - [2026-07-16T11:07:03.800+0000] {dag.py:3954} INFO - Setting next_dagrun for example_task_group to 2026-07-15 00:00:00+00:00, run_after=2026-07-16 00:00:00+00:00
[2026-07-16T11:07:03.820+0000] {processor.py:183} INFO - Processing /home/airflow/.local/lib/python3.12/site-packages/airflow/example_dags/example_task_group.py took 0.076 seconds
[2026-07-16T11:07:34.106+0000] {processor.py:161} INFO - Started process (PID=575) to work on /home/airflow/.local/lib/python3.12/site-packages/airflow/example_dags/example_task_group.py
[2026-07-16T11:07:34.108+0000] {processor.py:830} INFO - Processing file /home/airflow/.local/lib/python3.12/site-packages/airflow/example_dags/example_task_group.py for tasks to queue
[2026-07-16T11:07:34.111+0000] {logging_mixin.py:188} INFO - [2026-07-16T11:07:34.110+0000] {dagbag.py:540} INFO - Filling up the DagBag from /home/airflow/.local/lib/python3.12/site-packages/airflow/example_dags/example_task_group.py
[2026-07-16T11:07:34.117+0000] {processor.py:840} INFO - DAG(s) 'example_task_group' retrieved from /home/airflow/.local/lib/python3.12/site-packages/airflow/example_dags/example_task_group.py
[2026-07-16T11:07:34.135+0000] {logging_mixin.py:188} INFO - [2026-07-16T11:07:34.134+0000] {dag.py:3096} INFO - Sync 1 DAGs
[2026-07-16T11:07:34.154+0000] {logging_mixin.py:188} INFO - [2026-07-16T11:07:34.154+0000] {dag.py:3954} INFO - Setting next_dagrun for example_task_group to 2026-07-15 00:00:00+00:00, run_after=2026-07-16 00:00:00+00:00
[2026-07-16T11:07:34.173+0000] {processor.py:183} INFO - Processing /home/airflow/.local/lib/python3.12/site-packages/airflow/example_dags/example_task_group.py took 0.072 seconds
[2026-07-16T11:08:04.599+0000] {processor.py:161} INFO - Started process (PID=634) to work on /home/airflow/.local/lib/python3.12/site-packages/airflow/example_dags/example_task_group.py
[2026-07-16T11:08:04.601+0000] {processor.py:830} INFO - Processing file /home/airflow/.local/lib/python3.12/site-packages/airflow/example_dags/example_task_group.py for tasks to queue
[2026-07-16T11:08:04.604+0000] {logging_mixin.py:188} INFO - [2026-07-16T11:08:04.604+0000] {dagbag.py:540} INFO - Filling up the DagBag from /home/airflow/.local/lib/python3.12/site-packages/airflow/example_dags/example_task_group.py
[2026-07-16T11:08:04.611+0000] {processor.py:840} INFO - DAG(s) 'example_task_group' retrieved from /home/airflow/.local/lib/python3.12/site-packages/airflow/example_dags/example_task_group.py
[2026-07-16T11:08:04.630+0000] {logging_mixin.py:188} INFO - [2026-07-16T11:08:04.630+0000] {dag.py:3096} INFO - Sync 1 DAGs
[2026-07-16T11:08:04.649+0000] {logging_mixin.py:188} INFO - [2026-07-16T11:08:04.649+0000] {dag.py:3954} INFO - Setting next_dagrun for example_task_group to 2026-07-15 00:00:00+00:00, run_after=2026-07-16 00:00:00+00:00
[2026-07-16T11:08:04.668+0000] {processor.py:183} INFO - Processing /home/airflow/.local/lib/python3.12/site-packages/airflow/example_dags/example_task_group.py took 0.073 seconds
[2026-07-16T11:08:34.827+0000] {processor.py:161} INFO - Started process (PID=693) to work on /home/airflow/.local/lib/python3.12/site-packages/airflow/example_dags/example_task_group.py
[2026-07-16T11:08:34.829+0000] {processor.py:830} INFO - Processing file /home/airflow/.local/lib/python3.12/site-packages/airflow/example_dags/example_task_group.py for tasks to queue
[2026-07-16T11:08:34.832+0000] {logging_mixin.py:188} INFO - [2026-07-16T11:08:34.831+0000] {dagbag.py:540} INFO - Filling up the DagBag from /home/airflow/.local/lib/python3.12/site-packages/airflow/example_dags/example_task_group.py
[2026-07-16T11:08:34.839+0000] {processor.py:840} INFO - DAG(s) 'example_task_group' retrieved from /home/airflow/.local/lib/python3.12/site-packages/airflow/example_dags/example_task_group.py
[2026-07-16T11:08:34.859+0000] {logging_mixin.py:188} INFO - [2026-07-16T11:08:34.858+0000] {dag.py:3096} INFO - Sync 1 DAGs
[2026-07-16T11:08:34.879+0000] {logging_mixin.py:188} INFO - [2026-07-16T11:08:34.878+0000] {dag.py:3954} INFO - Setting next_dagrun for example_task_group to 2026-07-15 00:00:00+00:00, run_after=2026-07-16 00:00:00+00:00
[2026-07-16T11:08:34.896+0000] {processor.py:183} INFO - Processing /home/airflow/.local/lib/python3.12/site-packages/airflow/example_dags/example_task_group.py took 0.075 seconds
[2026-07-16T11:09:05.210+0000] {processor.py:161} INFO - Started process (PID=752) to work on /home/airflow/.local/lib/python3.12/site-packages/airflow/example_dags/example_task_group.py
[2026-07-16T11:09:05.211+0000] {processor.py:830} INFO - Processing file /home/airflow/.local/lib/python3.12/site-packages/airflow/example_dags/example_task_group.py for tasks to queue
[2026-07-16T11:09:05.214+0000] {logging_mixin.py:188} INFO - [2026-07-16T11:09:05.213+0000] {dagbag.py:540} INFO - Filling up the DagBag from /home/airflow/.local/lib/python3.12/site-packages/airflow/example_dags/example_task_group.py
[2026-07-16T11:09:05.221+0000] {processor.py:840} INFO - DAG(s) 'example_task_group' retrieved from /home/airflow/.local/lib/python3.12/site-packages/airflow/example_dags/example_task_group.py
[2026-07-16T11:09:05.240+0000] {logging_mixin.py:188} INFO - [2026-07-16T11:09:05.240+0000] {dag.py:3096} INFO - Sync 1 DAGs
[2026-07-16T11:09:05.259+0000] {logging_mixin.py:188} INFO - [2026-07-16T11:09:05.259+0000] {dag.py:3954} INFO - Setting next_dagrun for example_task_group to 2026-07-15 00:00:00+00:00, run_after=2026-07-16 00:00:00+00:00
[2026-07-16T11:09:05.278+0000] {processor.py:183} INFO - Processing /home/airflow/.local/lib/python3.12/site-packages/airflow/example_dags/example_task_group.py took 0.073 seconds
[2026-07-16T11:09:35.538+0000] {processor.py:161} INFO - Started process (PID=811) to work on /home/airflow/.local/lib/python3.12/site-packages/airflow/example_dags/example_task_group.py
[2026-07-16T11:09:35.539+0000] {processor.py:830} INFO - Processing file /home/airflow/.local/lib/python3.12/site-packages/airflow/example_dags/example_task_group.py for tasks to queue
[2026-07-16T11:09:35.542+0000] {logging_mixin.py:188} INFO - [2026-07-16T11:09:35.542+0000] {dagbag.py:540} INFO - Filling up the DagBag from /home/airflow/.local/lib/python3.12/site-packages/airflow/example_dags/example_task_group.py
[2026-07-16T11:09:35.550+0000] {processor.py:840} INFO - DAG(s) 'example_task_group' retrieved from /home/airflow/.local/lib/python3.12/site-packages/airflow/example_dags/example_task_group.py
[2026-07-16T11:09:35.570+0000] {logging_mixin.py:188} INFO - [2026-07-16T11:09:35.570+0000] {dag.py:3096} INFO - Sync 1 DAGs
[2026-07-16T11:09:35.591+0000] {logging_mixin.py:188} INFO - [2026-07-16T11:09:35.591+0000] {dag.py:3954} INFO - Setting next_dagrun for example_task_group to 2026-07-15 00:00:00+00:00, run_after=2026-07-16 00:00:00+00:00
[2026-07-16T11:09:35.609+0000] {processor.py:183} INFO - Processing /home/airflow/.local/lib/python3.12/site-packages/airflow/example_dags/example_task_group.py took 0.076 seconds
[2026-07-16T11:10:06.041+0000] {processor.py:161} INFO - Started process (PID=870) to work on /home/airflow/.local/lib/python3.12/site-packages/airflow/example_dags/example_task_group.py
[2026-07-16T11:10:06.043+0000] {processor.py:830} INFO - Processing file /home/airflow/.local/lib/python3.12/site-packages/airflow/example_dags/example_task_group.py for tasks to queue
[2026-07-16T11:10:06.045+0000] {logging_mixin.py:188} INFO - [2026-07-16T11:10:06.045+0000] {dagbag.py:540} INFO - Filling up the DagBag from /home/airflow/.local/lib/python3.12/site-packages/airflow/example_dags/example_task_group.py
[2026-07-16T11:10:06.051+0000] {processor.py:840} INFO - DAG(s) 'example_task_group' retrieved from /home/airflow/.local/lib/python3.12/site-packages/airflow/example_dags/example_task_group.py
[2026-07-16T11:10:06.070+0000] {logging_mixin.py:188} INFO - [2026-07-16T11:10:06.070+0000] {dag.py:3096} INFO - Sync 1 DAGs
[2026-07-16T11:10:06.091+0000] {logging_mixin.py:188} INFO - [2026-07-16T11:10:06.091+0000] {dag.py:3954} INFO - Setting next_dagrun for example_task_group to 2026-07-15 00:00:00+00:00, run_after=2026-07-16 00:00:00+00:00
[2026-07-16T11:10:06.108+0000] {processor.py:183} INFO - Processing /home/airflow/.local/lib/python3.12/site-packages/airflow/example_dags/example_task_group.py took 0.072 seconds
[2026-07-16T11:10:36.601+0000] {processor.py:161} INFO - Started process (PID=929) to work on /home/airflow/.local/lib/python3.12/site-packages/airflow/example_dags/example_task_group.py
[2026-07-16T11:10:36.603+0000] {processor.py:830} INFO - Processing file /home/airflow/.local/lib/python3.12/site-packages/airflow/example_dags/example_task_group.py for tasks to queue
[2026-07-16T11:10:36.606+0000] {logging_mixin.py:188} INFO - [2026-07-16T11:10:36.605+0000] {dagbag.py:540} INFO - Filling up the DagBag from /home/airflow/.local/lib/python3.12/site-packages/airflow/example_dags/example_task_group.py
[2026-07-16T11:10:36.613+0000] {processor.py:840} INFO - DAG(s) 'example_task_group' retrieved from /home/airflow/.local/lib/python3.12/site-packages/airflow/example_dags/example_task_group.py
[2026-07-16T11:10:36.632+0000] {logging_mixin.py:188} INFO - [2026-07-16T11:10:36.632+0000] {dag.py:3096} INFO - Sync 1 DAGs
[2026-07-16T11:10:36.651+0000] {logging_mixin.py:188} INFO - [2026-07-16T11:10:36.651+0000] {dag.py:3954} INFO - Setting next_dagrun for example_task_group to 2026-07-15 00:00:00+00:00, run_after=2026-07-16 00:00:00+00:00
[2026-07-16T11:10:36.796+0000] {processor.py:183} INFO - Processing /home/airflow/.local/lib/python3.12/site-packages/airflow/example_dags/example_task_group.py took 0.200 seconds
[2026-07-16T11:11:07.087+0000] {processor.py:161} INFO - Started process (PID=988) to work on /home/airflow/.local/lib/python3.12/site-packages/airflow/example_dags/example_task_group.py
[2026-07-16T11:11:07.089+0000] {processor.py:830} INFO - Processing file /home/airflow/.local/lib/python3.12/site-packages/airflow/example_dags/example_task_group.py for tasks to queue
[2026-07-16T11:11:07.091+0000] {logging_mixin.py:188} INFO - [2026-07-16T11:11:07.091+0000] {dagbag.py:540} INFO - Filling up the DagBag from /home/airflow/.local/lib/python3.12/site-packages/airflow/example_dags/example_task_group.py
[2026-07-16T11:11:07.099+0000] {processor.py:840} INFO - DAG(s) 'example_task_group' retrieved from /home/airflow/.local/lib/python3.12/site-packages/airflow/example_dags/example_task_group.py
[2026-07-16T11:11:07.118+0000] {logging_mixin.py:188} INFO - [2026-07-16T11:11:07.117+0000] {dag.py:3096} INFO - Sync 1 DAGs
[2026-07-16T11:11:07.138+0000] {logging_mixin.py:188} INFO - [2026-07-16T11:11:07.138+0000] {dag.py:3954} INFO - Setting next_dagrun for example_task_group to 2026-07-15 00:00:00+00:00, run_after=2026-07-16 00:00:00+00:00
[2026-07-16T11:11:07.163+0000] {processor.py:183} INFO - Processing /home/airflow/.local/lib/python3.12/site-packages/airflow/example_dags/example_task_group.py took 0.080 seconds
[2026-07-16T11:11:38.157+0000] {processor.py:161} INFO - Started process (PID=1047) to work on /home/airflow/.local/lib/python3.12/site-packages/airflow/example_dags/example_task_group.py
[2026-07-16T11:11:38.158+0000] {processor.py:830} INFO - Processing file /home/airflow/.local/lib/python3.12/site-packages/airflow/example_dags/example_task_group.py for tasks to queue
[2026-07-16T11:11:38.161+0000] {logging_mixin.py:188} INFO - [2026-07-16T11:11:38.160+0000] {dagbag.py:540} INFO - Filling up the DagBag from /home/airflow/.local/lib/python3.12/site-packages/airflow/example_dags/example_task_group.py
[2026-07-16T11:11:38.168+0000] {processor.py:840} INFO - DAG(s) 'example_task_group' retrieved from /home/airflow/.local/lib/python3.12/site-packages/airflow/example_dags/example_task_group.py
[2026-07-16T11:11:38.186+0000] {logging_mixin.py:188} INFO - [2026-07-16T11:11:38.185+0000] {dag.py:3096} INFO - Sync 1 DAGs
[2026-07-16T11:11:38.204+0000] {logging_mixin.py:188} INFO - [2026-07-16T11:11:38.204+0000] {dag.py:3954} INFO - Setting next_dagrun for example_task_group to 2026-07-15 00:00:00+00:00, run_after=2026-07-16 00:00:00+00:00
[2026-07-16T11:11:38.224+0000] {processor.py:183} INFO - Processing /home/airflow/.local/lib/python3.12/site-packages/airflow/example_dags/example_task_group.py took 0.073 seconds
[2026-07-16T11:12:09.163+0000] {processor.py:161} INFO - Started process (PID=1106) to work on /home/airflow/.local/lib/python3.12/site-packages/airflow/example_dags/example_task_group.py
[2026-07-16T11:12:09.165+0000] {processor.py:830} INFO - Processing file /home/airflow/.local/lib/python3.12/site-packages/airflow/example_dags/example_task_group.py for tasks to queue
[2026-07-16T11:12:09.167+0000] {logging_mixin.py:188} INFO - [2026-07-16T11:12:09.167+0000] {dagbag.py:540} INFO - Filling up the DagBag from /home/airflow/.local/lib/python3.12/site-packages/airflow/example_dags/example_task_group.py
[2026-07-16T11:12:09.174+0000] {processor.py:840} INFO - DAG(s) 'example_task_group' retrieved from /home/airflow/.local/lib/python3.12/site-packages/airflow/example_dags/example_task_group.py
[2026-07-16T11:12:09.205+0000] {logging_mixin.py:188} INFO - [2026-07-16T11:12:09.205+0000] {dag.py:3096} INFO - Sync 1 DAGs
[2026-07-16T11:12:09.237+0000] {logging_mixin.py:188} INFO - [2026-07-16T11:12:09.236+0000] {dag.py:3954} INFO - Setting next_dagrun for example_task_group to 2026-07-15 00:00:00+00:00, run_after=2026-07-16 00:00:00+00:00
[2026-07-16T11:12:09.260+0000] {processor.py:183} INFO - Processing /home/airflow/.local/lib/python3.12/site-packages/airflow/example_dags/example_task_group.py took 0.102 seconds
[2026-07-16T11:12:39.549+0000] {processor.py:161} INFO - Started process (PID=1165) to work on /home/airflow/.local/lib/python3.12/site-packages/airflow/example_dags/example_task_group.py
[2026-07-16T11:12:39.550+0000] {processor.py:830} INFO - Processing file /home/airflow/.local/lib/python3.12/site-packages/airflow/example_dags/example_task_group.py for tasks to queue
[2026-07-16T11:12:39.552+0000] {logging_mixin.py:188} INFO - [2026-07-16T11:12:39.552+0000] {dagbag.py:540} INFO - Filling up the DagBag from /home/airflow/.local/lib/python3.12/site-packages/airflow/example_dags/example_task_group.py
[2026-07-16T11:12:39.559+0000] {processor.py:840} INFO - DAG(s) 'example_task_group' retrieved from /home/airflow/.local/lib/python3.12/site-packages/airflow/example_dags/example_task_group.py
[2026-07-16T11:12:39.586+0000] {logging_mixin.py:188} INFO - [2026-07-16T11:12:39.586+0000] {dag.py:3096} INFO - Sync 1 DAGs
[2026-07-16T11:12:39.613+0000] {logging_mixin.py:188} INFO - [2026-07-16T11:12:39.613+0000] {dag.py:3954} INFO - Setting next_dagrun for example_task_group to 2026-07-15 00:00:00+00:00, run_after=2026-07-16 00:00:00+00:00
[2026-07-16T11:12:39.638+0000] {processor.py:183} INFO - Processing /home/airflow/.local/lib/python3.12/site-packages/airflow/example_dags/example_task_group.py took 0.094 seconds
[2026-07-16T11:13:09.710+0000] {processor.py:161} INFO - Started process (PID=1224) to work on /home/airflow/.local/lib/python3.12/site-packages/airflow/example_dags/example_task_group.py
[2026-07-16T11:13:09.711+0000] {processor.py:830} INFO - Processing file /home/airflow/.local/lib/python3.12/site-packages/airflow/example_dags/example_task_group.py for tasks to queue
[2026-07-16T11:13:09.713+0000] {logging_mixin.py:188} INFO - [2026-07-16T11:13:09.713+0000] {dagbag.py:540} INFO - Filling up the DagBag from /home/airflow/.local/lib/python3.12/site-packages/airflow/example_dags/example_task_group.py
[2026-07-16T11:13:09.720+0000] {processor.py:840} INFO - DAG(s) 'example_task_group' retrieved from /home/airflow/.local/lib/python3.12/site-packages/airflow/example_dags/example_task_group.py
[2026-07-16T11:13:09.738+0000] {logging_mixin.py:188} INFO - [2026-07-16T11:13:09.738+0000] {dag.py:3096} INFO - Sync 1 DAGs
[2026-07-16T11:13:09.757+0000] {logging_mixin.py:188} INFO - [2026-07-16T11:13:09.757+0000] {dag.py:3954} INFO - Setting next_dagrun for example_task_group to 2026-07-15 00:00:00+00:00, run_after=2026-07-16 00:00:00+00:00
[2026-07-16T11:13:09.776+0000] {processor.py:183} INFO - Processing /home/airflow/.local/lib/python3.12/site-packages/airflow/example_dags/example_task_group.py took 0.071 seconds
[2026-07-16T11:13:40.059+0000] {processor.py:161} INFO - Started process (PID=1283) to work on /home/airflow/.local/lib/python3.12/site-packages/airflow/example_dags/example_task_group.py
[2026-07-16T11:13:40.061+0000] {processor.py:830} INFO - Processing file /home/airflow/.local/lib/python3.12/site-packages/airflow/example_dags/example_task_group.py for tasks to queue
[2026-07-16T11:13:40.065+0000] {logging_mixin.py:188} INFO - [2026-07-16T11:13:40.065+0000] {dagbag.py:540} INFO - Filling up the DagBag from /home/airflow/.local/lib/python3.12/site-packages/airflow/example_dags/example_task_group.py
[2026-07-16T11:13:40.074+0000] {processor.py:840} INFO - DAG(s) 'example_task_group' retrieved from /home/airflow/.local/lib/python3.12/site-packages/airflow/example_dags/example_task_group.py
[2026-07-16T11:13:40.095+0000] {logging_mixin.py:188} INFO - [2026-07-16T11:13:40.095+0000] {dag.py:3096} INFO - Sync 1 DAGs
[2026-07-16T11:13:40.122+0000] {logging_mixin.py:188} INFO - [2026-07-16T11:13:40.122+0000] {dag.py:3954} INFO - Setting next_dagrun for example_task_group to 2026-07-15 00:00:00+00:00, run_after=2026-07-16 00:00:00+00:00
[2026-07-16T11:13:40.148+0000] {processor.py:183} INFO - Processing /home/airflow/.local/lib/python3.12/site-packages/airflow/example_dags/example_task_group.py took 0.100 seconds
[2026-07-16T11:14:10.262+0000] {processor.py:161} INFO - Started process (PID=1342) to work on /home/airflow/.local/lib/python3.12/site-packages/airflow/example_dags/example_task_group.py
[2026-07-16T11:14:10.263+0000] {processor.py:830} INFO - Processing file /home/airflow/.local/lib/python3.12/site-packages/airflow/example_dags/example_task_group.py for tasks to queue
[2026-07-16T11:14:10.265+0000] {logging_mixin.py:188} INFO - [2026-07-16T11:14:10.265+0000] {dagbag.py:540} INFO - Filling up the DagBag from /home/airflow/.local/lib/python3.12/site-packages/airflow/example_dags/example_task_group.py
[2026-07-16T11:14:10.272+0000] {processor.py:840} INFO - DAG(s) 'example_task_group' retrieved from /home/airflow/.local/lib/python3.12/site-packages/airflow/example_dags/example_task_group.py
[2026-07-16T11:14:10.289+0000] {logging_mixin.py:188} INFO - [2026-07-16T11:14:10.289+0000] {dag.py:3096} INFO - Sync 1 DAGs
[2026-07-16T11:14:10.307+0000] {logging_mixin.py:188} INFO - [2026-07-16T11:14:10.307+0000] {dag.py:3954} INFO - Setting next_dagrun for example_task_group to 2026-07-15 00:00:00+00:00, run_after=2026-07-16 00:00:00+00:00
[2026-07-16T11:14:10.325+0000] {processor.py:183} INFO - Processing /home/airflow/.local/lib/python3.12/site-packages/airflow/example_dags/example_task_group.py took 0.069 seconds
[2026-07-16T11:14:40.423+0000] {processor.py:161} INFO - Started process (PID=1401) to work on /home/airflow/.local/lib/python3.12/site-packages/airflow/example_dags/example_task_group.py
[2026-07-16T11:14:40.424+0000] {processor.py:830} INFO - Processing file /home/airflow/.local/lib/python3.12/site-packages/airflow/example_dags/example_task_group.py for tasks to queue
[2026-07-16T11:14:40.426+0000] {logging_mixin.py:188} INFO - [2026-07-16T11:14:40.426+0000] {dagbag.py:540} INFO - Filling up the DagBag from /home/airflow/.local/lib/python3.12/site-packages/airflow/example_dags/example_task_group.py
[2026-07-16T11:14:40.433+0000] {processor.py:840} INFO - DAG(s) 'example_task_group' retrieved from /home/airflow/.local/lib/python3.12/site-packages/airflow/example_dags/example_task_group.py
[2026-07-16T11:14:40.451+0000] {logging_mixin.py:188} INFO - [2026-07-16T11:14:40.451+0000] {dag.py:3096} INFO - Sync 1 DAGs
[2026-07-16T11:14:40.470+0000] {logging_mixin.py:188} INFO - [2026-07-16T11:14:40.470+0000] {dag.py:3954} INFO - Setting next_dagrun for example_task_group to 2026-07-15 00:00:00+00:00, run_after=2026-07-16 00:00:00+00:00
[2026-07-16T11:14:40.490+0000] {processor.py:183} INFO - Processing /home/airflow/.local/lib/python3.12/site-packages/airflow/example_dags/example_task_group.py took 0.072 seconds
[2026-07-16T11:15:11.189+0000] {processor.py:161} INFO - Started process (PID=1460) to work on /home/airflow/.local/lib/python3.12/site-packages/airflow/example_dags/example_task_group.py
[2026-07-16T11:15:11.191+0000] {processor.py:830} INFO - Processing file /home/airflow/.local/lib/python3.12/site-packages/airflow/example_dags/example_task_group.py for tasks to queue
[2026-07-16T11:15:11.195+0000] {logging_mixin.py:188} INFO - [2026-07-16T11:15:11.195+0000] {dagbag.py:540} INFO - Filling up the DagBag from /home/airflow/.local/lib/python3.12/site-packages/airflow/example_dags/example_task_group.py
[2026-07-16T11:15:11.209+0000] {processor.py:840} INFO - DAG(s) 'example_task_group' retrieved from /home/airflow/.local/lib/python3.12/site-packages/airflow/example_dags/example_task_group.py
[2026-07-16T11:15:11.236+0000] {logging_mixin.py:188} INFO - [2026-07-16T11:15:11.236+0000] {dag.py:3096} INFO - Sync 1 DAGs
[2026-07-16T11:15:11.268+0000] {logging_mixin.py:188} INFO - [2026-07-16T11:15:11.268+0000] {dag.py:3954} INFO - Setting next_dagrun for example_task_group to 2026-07-15 00:00:00+00:00, run_after=2026-07-16 00:00:00+00:00
[2026-07-16T11:15:11.297+0000] {processor.py:183} INFO - Processing /home/airflow/.local/lib/python3.12/site-packages/airflow/example_dags/example_task_group.py took 0.118 seconds
[2026-07-16T11:15:41.383+0000] {processor.py:161} INFO - Started process (PID=1519) to work on /home/airflow/.local/lib/python3.12/site-packages/airflow/example_dags/example_task_group.py
[2026-07-16T11:15:41.386+0000] {processor.py:830} INFO - Processing file /home/airflow/.local/lib/python3.12/site-packages/airflow/example_dags/example_task_group.py for tasks to queue
[2026-07-16T11:15:41.389+0000] {logging_mixin.py:188} INFO - [2026-07-16T11:15:41.389+0000] {dagbag.py:540} INFO - Filling up the DagBag from /home/airflow/.local/lib/python3.12/site-packages/airflow/example_dags/example_task_group.py
[2026-07-16T11:15:41.398+0000] {processor.py:840} INFO - DAG(s) 'example_task_group' retrieved from /home/airflow/.local/lib/python3.12/site-packages/airflow/example_dags/example_task_group.py
[2026-07-16T11:15:41.424+0000] {logging_mixin.py:188} INFO - [2026-07-16T11:15:41.424+0000] {dag.py:3096} INFO - Sync 1 DAGs
[2026-07-16T11:15:41.448+0000] {logging_mixin.py:188} INFO - [2026-07-16T11:15:41.448+0000] {dag.py:3954} INFO - Setting next_dagrun for example_task_group to 2026-07-15 00:00:00+00:00, run_after=2026-07-16 00:00:00+00:00
[2026-07-16T11:15:41.467+0000] {processor.py:183} INFO - Processing /home/airflow/.local/lib/python3.12/site-packages/airflow/example_dags/example_task_group.py took 0.092 seconds
[2026-07-16T11:16:12.202+0000] {processor.py:161} INFO - Started process (PID=1578) to work on /home/airflow/.local/lib/python3.12/site-packages/airflow/example_dags/example_task_group.py
[2026-07-16T11:16:12.204+0000] {processor.py:830} INFO - Processing file /home/airflow/.local/lib/python3.12/site-packages/airflow/example_dags/example_task_group.py for tasks to queue
[2026-07-16T11:16:12.206+0000] {logging_mixin.py:188} INFO - [2026-07-16T11:16:12.206+0000] {dagbag.py:540} INFO - Filling up the DagBag from /home/airflow/.local/lib/python3.12/site-packages/airflow/example_dags/example_task_group.py
[2026-07-16T11:16:12.212+0000] {processor.py:840} INFO - DAG(s) 'example_task_group' retrieved from /home/airflow/.local/lib/python3.12/site-packages/airflow/example_dags/example_task_group.py
[2026-07-16T11:16:12.235+0000] {logging_mixin.py:188} INFO - [2026-07-16T11:16:12.234+0000] {dag.py:3096} INFO - Sync 1 DAGs
[2026-07-16T11:16:12.263+0000] {logging_mixin.py:188} INFO - [2026-07-16T11:16:12.263+0000] {dag.py:3954} INFO - Setting next_dagrun for example_task_group to 2026-07-15 00:00:00+00:00, run_after=2026-07-16 00:00:00+00:00
[2026-07-16T11:16:12.285+0000] {processor.py:183} INFO - Processing /home/airflow/.local/lib/python3.12/site-packages/airflow/example_dags/example_task_group.py took 0.087 seconds
[2026-07-16T11:16:42.775+0000] {processor.py:161} INFO - Started process (PID=1637) to work on /home/airflow/.local/lib/python3.12/site-packages/airflow/example_dags/example_task_group.py
[2026-07-16T11:16:42.776+0000] {processor.py:830} INFO - Processing file /home/airflow/.local/lib/python3.12/site-packages/airflow/example_dags/example_task_group.py for tasks to queue
[2026-07-16T11:16:42.779+0000] {logging_mixin.py:188} INFO - [2026-07-16T11:16:42.779+0000] {dagbag.py:540} INFO - Filling up the DagBag from /home/airflow/.local/lib/python3.12/site-packages/airflow/example_dags/example_task_group.py
[2026-07-16T11:16:42.787+0000] {processor.py:840} INFO - DAG(s) 'example_task_group' retrieved from /home/airflow/.local/lib/python3.12/site-packages/airflow/example_dags/example_task_group.py
[2026-07-16T11:16:42.807+0000] {logging_mixin.py:188} INFO - [2026-07-16T11:16:42.806+0000] {dag.py:3096} INFO - Sync 1 DAGs
[2026-07-16T11:16:42.836+0000] {logging_mixin.py:188} INFO - [2026-07-16T11:16:42.836+0000] {dag.py:3954} INFO - Setting next_dagrun for example_task_group to 2026-07-15 00:00:00+00:00, run_after=2026-07-16 00:00:00+00:00
[2026-07-16T11:16:42.853+0000] {processor.py:183} INFO - Processing /home/airflow/.local/lib/python3.12/site-packages/airflow/example_dags/example_task_group.py took 0.086 seconds
[2026-07-16T11:17:13.616+0000] {processor.py:161} INFO - Started process (PID=1696) to work on /home/airflow/.local/lib/python3.12/site-packages/airflow/example_dags/example_task_group.py
[2026-07-16T11:17:13.618+0000] {processor.py:830} INFO - Processing file /home/airflow/.local/lib/python3.12/site-packages/airflow/example_dags/example_task_group.py for tasks to queue
[2026-07-16T11:17:13.620+0000] {logging_mixin.py:188} INFO - [2026-07-16T11:17:13.620+0000] {dagbag.py:540} INFO - Filling up the DagBag from /home/airflow/.local/lib/python3.12/site-packages/airflow/example_dags/example_task_group.py
[2026-07-16T11:17:13.626+0000] {processor.py:840} INFO - DAG(s) 'example_task_group' retrieved from /home/airflow/.local/lib/python3.12/site-packages/airflow/example_dags/example_task_group.py
[2026-07-16T11:17:13.644+0000] {logging_mixin.py:188} INFO - [2026-07-16T11:17:13.644+0000] {dag.py:3096} INFO - Sync 1 DAGs
[2026-07-16T11:17:13.663+0000] {logging_mixin.py:188} INFO - [2026-07-16T11:17:13.663+0000] {dag.py:3954} INFO - Setting next_dagrun for example_task_group to 2026-07-15 00:00:00+00:00, run_after=2026-07-16 00:00:00+00:00
[2026-07-16T11:17:13.680+0000] {processor.py:183} INFO - Processing /home/airflow/.local/lib/python3.12/site-packages/airflow/example_dags/example_task_group.py took 0.069 seconds
[2026-07-16T11:17:44.054+0000] {processor.py:161} INFO - Started process (PID=1755) to work on /home/airflow/.local/lib/python3.12/site-packages/airflow/example_dags/example_task_group.py
[2026-07-16T11:17:44.056+0000] {processor.py:830} INFO - Processing file /home/airflow/.local/lib/python3.12/site-packages/airflow/example_dags/example_task_group.py for tasks to queue
[2026-07-16T11:17:44.059+0000] {logging_mixin.py:188} INFO - [2026-07-16T11:17:44.058+0000] {dagbag.py:540} INFO - Filling up the DagBag from /home/airflow/.local/lib/python3.12/site-packages/airflow/example_dags/example_task_group.py
[2026-07-16T11:17:44.066+0000] {processor.py:840} INFO - DAG(s) 'example_task_group' retrieved from /home/airflow/.local/lib/python3.12/site-packages/airflow/example_dags/example_task_group.py
[2026-07-16T11:17:44.083+0000] {logging_mixin.py:188} INFO - [2026-07-16T11:17:44.083+0000] {dag.py:3096} INFO - Sync 1 DAGs
[2026-07-16T11:17:44.101+0000] {logging_mixin.py:188} INFO - [2026-07-16T11:17:44.101+0000] {dag.py:3954} INFO - Setting next_dagrun for example_task_group to 2026-07-15 00:00:00+00:00, run_after=2026-07-16 00:00:00+00:00
[2026-07-16T11:17:44.118+0000] {processor.py:183} INFO - Processing /home/airflow/.local/lib/python3.12/site-packages/airflow/example_dags/example_task_group.py took 0.069 seconds
[2026-07-16T11:18:15.266+0000] {processor.py:161} INFO - Started process (PID=1814) to work on /home/airflow/.local/lib/python3.12/site-packages/airflow/example_dags/example_task_group.py
[2026-07-16T11:18:15.268+0000] {processor.py:830} INFO - Processing file /home/airflow/.local/lib/python3.12/site-packages/airflow/example_dags/example_task_group.py for tasks to queue
[2026-07-16T11:18:15.273+0000] {logging_mixin.py:188} INFO - [2026-07-16T11:18:15.272+0000] {dagbag.py:540} INFO - Filling up the DagBag from /home/airflow/.local/lib/python3.12/site-packages/airflow/example_dags/example_task_group.py
[2026-07-16T11:18:15.284+0000] {processor.py:840} INFO - DAG(s) 'example_task_group' retrieved from /home/airflow/.local/lib/python3.12/site-packages/airflow/example_dags/example_task_group.py
[2026-07-16T11:18:15.321+0000] {logging_mixin.py:188} INFO - [2026-07-16T11:18:15.320+0000] {dag.py:3096} INFO - Sync 1 DAGs
[2026-07-16T11:18:15.364+0000] {logging_mixin.py:188} INFO - [2026-07-16T11:18:15.363+0000] {dag.py:3954} INFO - Setting next_dagrun for example_task_group to 2026-07-15 00:00:00+00:00, run_after=2026-07-16 00:00:00+00:00
[2026-07-16T11:18:15.391+0000] {processor.py:183} INFO - Processing /home/airflow/.local/lib/python3.12/site-packages/airflow/example_dags/example_task_group.py took 0.137 seconds
