[2026-07-16T11:03:27.934+0000] {processor.py:161} INFO - Started process (PID=81) to work on /home/airflow/.local/lib/python3.12/site-packages/airflow/example_dags/example_branch_operator.py
[2026-07-16T11:03:27.939+0000] {processor.py:830} INFO - Processing file /home/airflow/.local/lib/python3.12/site-packages/airflow/example_dags/example_branch_operator.py for tasks to queue
[2026-07-16T11:03:27.946+0000] {logging_mixin.py:188} INFO - [2026-07-16T11:03:27.946+0000] {dagbag.py:540} INFO - Filling up the DagBag from /home/airflow/.local/lib/python3.12/site-packages/airflow/example_dags/example_branch_operator.py
[2026-07-16T11:03:27.997+0000] {processor.py:840} INFO - DAG(s) 'example_branch_operator' retrieved from /home/airflow/.local/lib/python3.12/site-packages/airflow/example_dags/example_branch_operator.py
[2026-07-16T11:03:28.020+0000] {logging_mixin.py:188} INFO - [2026-07-16T11:03:28.019+0000] {dag.py:3096} INFO - Sync 1 DAGs
[2026-07-16T11:03:28.061+0000] {logging_mixin.py:188} INFO - [2026-07-16T11:03:28.061+0000] {dag.py:3954} INFO - Setting next_dagrun for example_branch_operator to 2026-07-15 00:00:00+00:00, run_after=2026-07-16 00:00:00+00:00
[2026-07-16T11:03:28.100+0000] {processor.py:183} INFO - Processing /home/airflow/.local/lib/python3.12/site-packages/airflow/example_dags/example_branch_operator.py took 0.191 seconds
[2026-07-16T11:03:58.225+0000] {processor.py:161} INFO - Started process (PID=140) to work on /home/airflow/.local/lib/python3.12/site-packages/airflow/example_dags/example_branch_operator.py
[2026-07-16T11:03:58.227+0000] {processor.py:830} INFO - Processing file /home/airflow/.local/lib/python3.12/site-packages/airflow/example_dags/example_branch_operator.py for tasks to queue
[2026-07-16T11:03:58.229+0000] {logging_mixin.py:188} INFO - [2026-07-16T11:03:58.229+0000] {dagbag.py:540} INFO - Filling up the DagBag from /home/airflow/.local/lib/python3.12/site-packages/airflow/example_dags/example_branch_operator.py
[2026-07-16T11:03:58.248+0000] {processor.py:840} INFO - DAG(s) 'example_branch_operator' retrieved from /home/airflow/.local/lib/python3.12/site-packages/airflow/example_dags/example_branch_operator.py
[2026-07-16T11:03:58.375+0000] {logging_mixin.py:188} INFO - [2026-07-16T11:03:58.374+0000] {dag.py:3096} INFO - Sync 1 DAGs
[2026-07-16T11:03:58.392+0000] {logging_mixin.py:188} INFO - [2026-07-16T11:03:58.392+0000] {dag.py:3954} INFO - Setting next_dagrun for example_branch_operator to 2026-07-15 00:00:00+00:00, run_after=2026-07-16 00:00:00+00:00
[2026-07-16T11:03:58.413+0000] {processor.py:183} INFO - Processing /home/airflow/.local/lib/python3.12/site-packages/airflow/example_dags/example_branch_operator.py took 0.193 seconds
[2026-07-16T11:04:29.287+0000] {processor.py:161} INFO - Started process (PID=200) to work on /home/airflow/.local/lib/python3.12/site-packages/airflow/example_dags/example_branch_operator.py
[2026-07-16T11:04:29.289+0000] {processor.py:830} INFO - Processing file /home/airflow/.local/lib/python3.12/site-packages/airflow/example_dags/example_branch_operator.py for tasks to queue
[2026-07-16T11:04:29.292+0000] {logging_mixin.py:188} INFO - [2026-07-16T11:04:29.291+0000] {dagbag.py:540} INFO - Filling up the DagBag from /home/airflow/.local/lib/python3.12/site-packages/airflow/example_dags/example_branch_operator.py
[2026-07-16T11:04:29.309+0000] {processor.py:840} INFO - DAG(s) 'example_branch_operator' retrieved from /home/airflow/.local/lib/python3.12/site-packages/airflow/example_dags/example_branch_operator.py
[2026-07-16T11:04:29.333+0000] {logging_mixin.py:188} INFO - [2026-07-16T11:04:29.333+0000] {dag.py:3096} INFO - Sync 1 DAGs
[2026-07-16T11:04:29.356+0000] {logging_mixin.py:188} INFO - [2026-07-16T11:04:29.356+0000] {dag.py:3954} INFO - Setting next_dagrun for example_branch_operator to 2026-07-15 00:00:00+00:00, run_after=2026-07-16 00:00:00+00:00
[2026-07-16T11:04:29.376+0000] {processor.py:183} INFO - Processing /home/airflow/.local/lib/python3.12/site-packages/airflow/example_dags/example_branch_operator.py took 0.094 seconds
[2026-07-16T11:04:59.500+0000] {processor.py:161} INFO - Started process (PID=260) to work on /home/airflow/.local/lib/python3.12/site-packages/airflow/example_dags/example_branch_operator.py
[2026-07-16T11:04:59.502+0000] {processor.py:830} INFO - Processing file /home/airflow/.local/lib/python3.12/site-packages/airflow/example_dags/example_branch_operator.py for tasks to queue
[2026-07-16T11:04:59.504+0000] {logging_mixin.py:188} INFO - [2026-07-16T11:04:59.504+0000] {dagbag.py:540} INFO - Filling up the DagBag from /home/airflow/.local/lib/python3.12/site-packages/airflow/example_dags/example_branch_operator.py
[2026-07-16T11:04:59.517+0000] {processor.py:840} INFO - DAG(s) 'example_branch_operator' retrieved from /home/airflow/.local/lib/python3.12/site-packages/airflow/example_dags/example_branch_operator.py
[2026-07-16T11:04:59.540+0000] {logging_mixin.py:188} INFO - [2026-07-16T11:04:59.540+0000] {dag.py:3096} INFO - Sync 1 DAGs
[2026-07-16T11:04:59.559+0000] {logging_mixin.py:188} INFO - [2026-07-16T11:04:59.559+0000] {dag.py:3954} INFO - Setting next_dagrun for example_branch_operator to 2026-07-15 00:00:00+00:00, run_after=2026-07-16 00:00:00+00:00
[2026-07-16T11:04:59.578+0000] {processor.py:183} INFO - Processing /home/airflow/.local/lib/python3.12/site-packages/airflow/example_dags/example_branch_operator.py took 0.082 seconds
[2026-07-16T11:05:29.789+0000] {processor.py:161} INFO - Started process (PID=318) to work on /home/airflow/.local/lib/python3.12/site-packages/airflow/example_dags/example_branch_operator.py
[2026-07-16T11:05:29.791+0000] {processor.py:830} INFO - Processing file /home/airflow/.local/lib/python3.12/site-packages/airflow/example_dags/example_branch_operator.py for tasks to queue
[2026-07-16T11:05:29.793+0000] {logging_mixin.py:188} INFO - [2026-07-16T11:05:29.793+0000] {dagbag.py:540} INFO - Filling up the DagBag from /home/airflow/.local/lib/python3.12/site-packages/airflow/example_dags/example_branch_operator.py
[2026-07-16T11:05:29.808+0000] {processor.py:840} INFO - DAG(s) 'example_branch_operator' retrieved from /home/airflow/.local/lib/python3.12/site-packages/airflow/example_dags/example_branch_operator.py
[2026-07-16T11:05:29.835+0000] {logging_mixin.py:188} INFO - [2026-07-16T11:05:29.834+0000] {dag.py:3096} INFO - Sync 1 DAGs
[2026-07-16T11:05:29.860+0000] {logging_mixin.py:188} INFO - [2026-07-16T11:05:29.859+0000] {dag.py:3954} INFO - Setting next_dagrun for example_branch_operator to 2026-07-15 00:00:00+00:00, run_after=2026-07-16 00:00:00+00:00
[2026-07-16T11:05:29.878+0000] {processor.py:183} INFO - Processing /home/airflow/.local/lib/python3.12/site-packages/airflow/example_dags/example_branch_operator.py took 0.093 seconds
[2026-07-16T11:06:00.867+0000] {processor.py:161} INFO - Started process (PID=377) to work on /home/airflow/.local/lib/python3.12/site-packages/airflow/example_dags/example_branch_operator.py
[2026-07-16T11:06:00.868+0000] {processor.py:830} INFO - Processing file /home/airflow/.local/lib/python3.12/site-packages/airflow/example_dags/example_branch_operator.py for tasks to queue
[2026-07-16T11:06:00.870+0000] {logging_mixin.py:188} INFO - [2026-07-16T11:06:00.870+0000] {dagbag.py:540} INFO - Filling up the DagBag from /home/airflow/.local/lib/python3.12/site-packages/airflow/example_dags/example_branch_operator.py
[2026-07-16T11:06:00.884+0000] {processor.py:840} INFO - DAG(s) 'example_branch_operator' retrieved from /home/airflow/.local/lib/python3.12/site-packages/airflow/example_dags/example_branch_operator.py
[2026-07-16T11:06:00.911+0000] {logging_mixin.py:188} INFO - [2026-07-16T11:06:00.911+0000] {dag.py:3096} INFO - Sync 1 DAGs
[2026-07-16T11:06:00.930+0000] {logging_mixin.py:188} INFO - [2026-07-16T11:06:00.930+0000] {dag.py:3954} INFO - Setting next_dagrun for example_branch_operator to 2026-07-15 00:00:00+00:00, run_after=2026-07-16 00:00:00+00:00
[2026-07-16T11:06:00.950+0000] {processor.py:183} INFO - Processing /home/airflow/.local/lib/python3.12/site-packages/airflow/example_dags/example_branch_operator.py took 0.088 seconds
[2026-07-16T11:06:31.226+0000] {processor.py:161} INFO - Started process (PID=436) to work on /home/airflow/.local/lib/python3.12/site-packages/airflow/example_dags/example_branch_operator.py
[2026-07-16T11:06:31.228+0000] {processor.py:830} INFO - Processing file /home/airflow/.local/lib/python3.12/site-packages/airflow/example_dags/example_branch_operator.py for tasks to queue
[2026-07-16T11:06:31.231+0000] {logging_mixin.py:188} INFO - [2026-07-16T11:06:31.231+0000] {dagbag.py:540} INFO - Filling up the DagBag from /home/airflow/.local/lib/python3.12/site-packages/airflow/example_dags/example_branch_operator.py
[2026-07-16T11:06:31.251+0000] {processor.py:840} INFO - DAG(s) 'example_branch_operator' retrieved from /home/airflow/.local/lib/python3.12/site-packages/airflow/example_dags/example_branch_operator.py
[2026-07-16T11:06:31.299+0000] {logging_mixin.py:188} INFO - [2026-07-16T11:06:31.299+0000] {dag.py:3096} INFO - Sync 1 DAGs
[2026-07-16T11:06:31.334+0000] {logging_mixin.py:188} INFO - [2026-07-16T11:06:31.333+0000] {dag.py:3954} INFO - Setting next_dagrun for example_branch_operator to 2026-07-15 00:00:00+00:00, run_after=2026-07-16 00:00:00+00:00
[2026-07-16T11:06:31.362+0000] {processor.py:183} INFO - Processing /home/airflow/.local/lib/python3.12/site-packages/airflow/example_dags/example_branch_operator.py took 0.144 seconds
[2026-07-16T11:07:01.574+0000] {processor.py:161} INFO - Started process (PID=495) to work on /home/airflow/.local/lib/python3.12/site-packages/airflow/example_dags/example_branch_operator.py
[2026-07-16T11:07:01.575+0000] {processor.py:830} INFO - Processing file /home/airflow/.local/lib/python3.12/site-packages/airflow/example_dags/example_branch_operator.py for tasks to queue
[2026-07-16T11:07:01.577+0000] {logging_mixin.py:188} INFO - [2026-07-16T11:07:01.577+0000] {dagbag.py:540} INFO - Filling up the DagBag from /home/airflow/.local/lib/python3.12/site-packages/airflow/example_dags/example_branch_operator.py
[2026-07-16T11:07:01.597+0000] {processor.py:840} INFO - DAG(s) 'example_branch_operator' retrieved from /home/airflow/.local/lib/python3.12/site-packages/airflow/example_dags/example_branch_operator.py
[2026-07-16T11:07:01.624+0000] {logging_mixin.py:188} INFO - [2026-07-16T11:07:01.623+0000] {dag.py:3096} INFO - Sync 1 DAGs
[2026-07-16T11:07:01.644+0000] {logging_mixin.py:188} INFO - [2026-07-16T11:07:01.644+0000] {dag.py:3954} INFO - Setting next_dagrun for example_branch_operator to 2026-07-15 00:00:00+00:00, run_after=2026-07-16 00:00:00+00:00
[2026-07-16T11:07:01.662+0000] {processor.py:183} INFO - Processing /home/airflow/.local/lib/python3.12/site-packages/airflow/example_dags/example_branch_operator.py took 0.093 seconds
[2026-07-16T11:07:31.861+0000] {processor.py:161} INFO - Started process (PID=554) to work on /home/airflow/.local/lib/python3.12/site-packages/airflow/example_dags/example_branch_operator.py
[2026-07-16T11:07:31.862+0000] {processor.py:830} INFO - Processing file /home/airflow/.local/lib/python3.12/site-packages/airflow/example_dags/example_branch_operator.py for tasks to queue
[2026-07-16T11:07:31.865+0000] {logging_mixin.py:188} INFO - [2026-07-16T11:07:31.865+0000] {dagbag.py:540} INFO - Filling up the DagBag from /home/airflow/.local/lib/python3.12/site-packages/airflow/example_dags/example_branch_operator.py
[2026-07-16T11:07:31.881+0000] {processor.py:840} INFO - DAG(s) 'example_branch_operator' retrieved from /home/airflow/.local/lib/python3.12/site-packages/airflow/example_dags/example_branch_operator.py
[2026-07-16T11:07:31.903+0000] {logging_mixin.py:188} INFO - [2026-07-16T11:07:31.903+0000] {dag.py:3096} INFO - Sync 1 DAGs
[2026-07-16T11:07:31.922+0000] {logging_mixin.py:188} INFO - [2026-07-16T11:07:31.922+0000] {dag.py:3954} INFO - Setting next_dagrun for example_branch_operator to 2026-07-15 00:00:00+00:00, run_after=2026-07-16 00:00:00+00:00
[2026-07-16T11:07:31.964+0000] {processor.py:183} INFO - Processing /home/airflow/.local/lib/python3.12/site-packages/airflow/example_dags/example_branch_operator.py took 0.108 seconds
[2026-07-16T11:08:02.307+0000] {processor.py:161} INFO - Started process (PID=613) to work on /home/airflow/.local/lib/python3.12/site-packages/airflow/example_dags/example_branch_operator.py
[2026-07-16T11:08:02.308+0000] {processor.py:830} INFO - Processing file /home/airflow/.local/lib/python3.12/site-packages/airflow/example_dags/example_branch_operator.py for tasks to queue
[2026-07-16T11:08:02.310+0000] {logging_mixin.py:188} INFO - [2026-07-16T11:08:02.310+0000] {dagbag.py:540} INFO - Filling up the DagBag from /home/airflow/.local/lib/python3.12/site-packages/airflow/example_dags/example_branch_operator.py
[2026-07-16T11:08:02.324+0000] {processor.py:840} INFO - DAG(s) 'example_branch_operator' retrieved from /home/airflow/.local/lib/python3.12/site-packages/airflow/example_dags/example_branch_operator.py
[2026-07-16T11:08:02.346+0000] {logging_mixin.py:188} INFO - [2026-07-16T11:08:02.346+0000] {dag.py:3096} INFO - Sync 1 DAGs
[2026-07-16T11:08:02.365+0000] {logging_mixin.py:188} INFO - [2026-07-16T11:08:02.365+0000] {dag.py:3954} INFO - Setting next_dagrun for example_branch_operator to 2026-07-15 00:00:00+00:00, run_after=2026-07-16 00:00:00+00:00
[2026-07-16T11:08:02.381+0000] {processor.py:183} INFO - Processing /home/airflow/.local/lib/python3.12/site-packages/airflow/example_dags/example_branch_operator.py took 0.079 seconds
[2026-07-16T11:08:32.814+0000] {processor.py:161} INFO - Started process (PID=672) to work on /home/airflow/.local/lib/python3.12/site-packages/airflow/example_dags/example_branch_operator.py
[2026-07-16T11:08:32.816+0000] {processor.py:830} INFO - Processing file /home/airflow/.local/lib/python3.12/site-packages/airflow/example_dags/example_branch_operator.py for tasks to queue
[2026-07-16T11:08:32.818+0000] {logging_mixin.py:188} INFO - [2026-07-16T11:08:32.818+0000] {dagbag.py:540} INFO - Filling up the DagBag from /home/airflow/.local/lib/python3.12/site-packages/airflow/example_dags/example_branch_operator.py
[2026-07-16T11:08:32.831+0000] {processor.py:840} INFO - DAG(s) 'example_branch_operator' retrieved from /home/airflow/.local/lib/python3.12/site-packages/airflow/example_dags/example_branch_operator.py
[2026-07-16T11:08:32.853+0000] {logging_mixin.py:188} INFO - [2026-07-16T11:08:32.853+0000] {dag.py:3096} INFO - Sync 1 DAGs
[2026-07-16T11:08:32.872+0000] {logging_mixin.py:188} INFO - [2026-07-16T11:08:32.872+0000] {dag.py:3954} INFO - Setting next_dagrun for example_branch_operator to 2026-07-15 00:00:00+00:00, run_after=2026-07-16 00:00:00+00:00
[2026-07-16T11:08:32.891+0000] {processor.py:183} INFO - Processing /home/airflow/.local/lib/python3.12/site-packages/airflow/example_dags/example_branch_operator.py took 0.081 seconds
[2026-07-16T11:09:03.724+0000] {processor.py:161} INFO - Started process (PID=731) to work on /home/airflow/.local/lib/python3.12/site-packages/airflow/example_dags/example_branch_operator.py
[2026-07-16T11:09:03.726+0000] {processor.py:830} INFO - Processing file /home/airflow/.local/lib/python3.12/site-packages/airflow/example_dags/example_branch_operator.py for tasks to queue
[2026-07-16T11:09:03.730+0000] {logging_mixin.py:188} INFO - [2026-07-16T11:09:03.730+0000] {dagbag.py:540} INFO - Filling up the DagBag from /home/airflow/.local/lib/python3.12/site-packages/airflow/example_dags/example_branch_operator.py
[2026-07-16T11:09:03.748+0000] {processor.py:840} INFO - DAG(s) 'example_branch_operator' retrieved from /home/airflow/.local/lib/python3.12/site-packages/airflow/example_dags/example_branch_operator.py
[2026-07-16T11:09:03.775+0000] {logging_mixin.py:188} INFO - [2026-07-16T11:09:03.774+0000] {dag.py:3096} INFO - Sync 1 DAGs
[2026-07-16T11:09:03.802+0000] {logging_mixin.py:188} INFO - [2026-07-16T11:09:03.801+0000] {dag.py:3954} INFO - Setting next_dagrun for example_branch_operator to 2026-07-15 00:00:00+00:00, run_after=2026-07-16 00:00:00+00:00
[2026-07-16T11:09:03.824+0000] {processor.py:183} INFO - Processing /home/airflow/.local/lib/python3.12/site-packages/airflow/example_dags/example_branch_operator.py took 0.106 seconds
[2026-07-16T11:09:34.392+0000] {processor.py:161} INFO - Started process (PID=790) to work on /home/airflow/.local/lib/python3.12/site-packages/airflow/example_dags/example_branch_operator.py
[2026-07-16T11:09:34.394+0000] {processor.py:830} INFO - Processing file /home/airflow/.local/lib/python3.12/site-packages/airflow/example_dags/example_branch_operator.py for tasks to queue
[2026-07-16T11:09:34.396+0000] {logging_mixin.py:188} INFO - [2026-07-16T11:09:34.396+0000] {dagbag.py:540} INFO - Filling up the DagBag from /home/airflow/.local/lib/python3.12/site-packages/airflow/example_dags/example_branch_operator.py
[2026-07-16T11:09:34.411+0000] {processor.py:840} INFO - DAG(s) 'example_branch_operator' retrieved from /home/airflow/.local/lib/python3.12/site-packages/airflow/example_dags/example_branch_operator.py
[2026-07-16T11:09:34.438+0000] {logging_mixin.py:188} INFO - [2026-07-16T11:09:34.438+0000] {dag.py:3096} INFO - Sync 1 DAGs
[2026-07-16T11:09:34.460+0000] {logging_mixin.py:188} INFO - [2026-07-16T11:09:34.460+0000] {dag.py:3954} INFO - Setting next_dagrun for example_branch_operator to 2026-07-15 00:00:00+00:00, run_after=2026-07-16 00:00:00+00:00
[2026-07-16T11:09:34.480+0000] {processor.py:183} INFO - Processing /home/airflow/.local/lib/python3.12/site-packages/airflow/example_dags/example_branch_operator.py took 0.094 seconds
[2026-07-16T11:10:04.571+0000] {processor.py:161} INFO - Started process (PID=848) to work on /home/airflow/.local/lib/python3.12/site-packages/airflow/example_dags/example_branch_operator.py
[2026-07-16T11:10:04.573+0000] {processor.py:830} INFO - Processing file /home/airflow/.local/lib/python3.12/site-packages/airflow/example_dags/example_branch_operator.py for tasks to queue
[2026-07-16T11:10:04.575+0000] {logging_mixin.py:188} INFO - [2026-07-16T11:10:04.575+0000] {dagbag.py:540} INFO - Filling up the DagBag from /home/airflow/.local/lib/python3.12/site-packages/airflow/example_dags/example_branch_operator.py
[2026-07-16T11:10:04.591+0000] {processor.py:840} INFO - DAG(s) 'example_branch_operator' retrieved from /home/airflow/.local/lib/python3.12/site-packages/airflow/example_dags/example_branch_operator.py
[2026-07-16T11:10:04.617+0000] {logging_mixin.py:188} INFO - [2026-07-16T11:10:04.617+0000] {dag.py:3096} INFO - Sync 1 DAGs
[2026-07-16T11:10:04.638+0000] {logging_mixin.py:188} INFO - [2026-07-16T11:10:04.638+0000] {dag.py:3954} INFO - Setting next_dagrun for example_branch_operator to 2026-07-15 00:00:00+00:00, run_after=2026-07-16 00:00:00+00:00
[2026-07-16T11:10:04.794+0000] {processor.py:183} INFO - Processing /home/airflow/.local/lib/python3.12/site-packages/airflow/example_dags/example_branch_operator.py took 0.228 seconds
[2026-07-16T11:10:34.916+0000] {processor.py:161} INFO - Started process (PID=908) to work on /home/airflow/.local/lib/python3.12/site-packages/airflow/example_dags/example_branch_operator.py
[2026-07-16T11:10:34.917+0000] {processor.py:830} INFO - Processing file /home/airflow/.local/lib/python3.12/site-packages/airflow/example_dags/example_branch_operator.py for tasks to queue
[2026-07-16T11:10:34.921+0000] {logging_mixin.py:188} INFO - [2026-07-16T11:10:34.920+0000] {dagbag.py:540} INFO - Filling up the DagBag from /home/airflow/.local/lib/python3.12/site-packages/airflow/example_dags/example_branch_operator.py
[2026-07-16T11:10:34.937+0000] {processor.py:840} INFO - DAG(s) 'example_branch_operator' retrieved from /home/airflow/.local/lib/python3.12/site-packages/airflow/example_dags/example_branch_operator.py
[2026-07-16T11:10:34.959+0000] {logging_mixin.py:188} INFO - [2026-07-16T11:10:34.959+0000] {dag.py:3096} INFO - Sync 1 DAGs
[2026-07-16T11:10:34.978+0000] {logging_mixin.py:188} INFO - [2026-07-16T11:10:34.978+0000] {dag.py:3954} INFO - Setting next_dagrun for example_branch_operator to 2026-07-15 00:00:00+00:00, run_after=2026-07-16 00:00:00+00:00
[2026-07-16T11:10:34.997+0000] {processor.py:183} INFO - Processing /home/airflow/.local/lib/python3.12/site-packages/airflow/example_dags/example_branch_operator.py took 0.086 seconds
[2026-07-16T11:11:05.402+0000] {processor.py:161} INFO - Started process (PID=966) to work on /home/airflow/.local/lib/python3.12/site-packages/airflow/example_dags/example_branch_operator.py
[2026-07-16T11:11:05.403+0000] {processor.py:830} INFO - Processing file /home/airflow/.local/lib/python3.12/site-packages/airflow/example_dags/example_branch_operator.py for tasks to queue
[2026-07-16T11:11:05.405+0000] {logging_mixin.py:188} INFO - [2026-07-16T11:11:05.405+0000] {dagbag.py:540} INFO - Filling up the DagBag from /home/airflow/.local/lib/python3.12/site-packages/airflow/example_dags/example_branch_operator.py
[2026-07-16T11:11:05.418+0000] {processor.py:840} INFO - DAG(s) 'example_branch_operator' retrieved from /home/airflow/.local/lib/python3.12/site-packages/airflow/example_dags/example_branch_operator.py
[2026-07-16T11:11:05.441+0000] {logging_mixin.py:188} INFO - [2026-07-16T11:11:05.441+0000] {dag.py:3096} INFO - Sync 1 DAGs
[2026-07-16T11:11:05.459+0000] {logging_mixin.py:188} INFO - [2026-07-16T11:11:05.459+0000] {dag.py:3954} INFO - Setting next_dagrun for example_branch_operator to 2026-07-15 00:00:00+00:00, run_after=2026-07-16 00:00:00+00:00
[2026-07-16T11:11:05.480+0000] {processor.py:183} INFO - Processing /home/airflow/.local/lib/python3.12/site-packages/airflow/example_dags/example_branch_operator.py took 0.082 seconds
[2026-07-16T11:11:35.626+0000] {processor.py:161} INFO - Started process (PID=1025) to work on /home/airflow/.local/lib/python3.12/site-packages/airflow/example_dags/example_branch_operator.py
[2026-07-16T11:11:35.627+0000] {processor.py:830} INFO - Processing file /home/airflow/.local/lib/python3.12/site-packages/airflow/example_dags/example_branch_operator.py for tasks to queue
[2026-07-16T11:11:35.630+0000] {logging_mixin.py:188} INFO - [2026-07-16T11:11:35.630+0000] {dagbag.py:540} INFO - Filling up the DagBag from /home/airflow/.local/lib/python3.12/site-packages/airflow/example_dags/example_branch_operator.py
[2026-07-16T11:11:35.645+0000] {processor.py:840} INFO - DAG(s) 'example_branch_operator' retrieved from /home/airflow/.local/lib/python3.12/site-packages/airflow/example_dags/example_branch_operator.py
[2026-07-16T11:11:35.669+0000] {logging_mixin.py:188} INFO - [2026-07-16T11:11:35.668+0000] {dag.py:3096} INFO - Sync 1 DAGs
[2026-07-16T11:11:35.688+0000] {logging_mixin.py:188} INFO - [2026-07-16T11:11:35.688+0000] {dag.py:3954} INFO - Setting next_dagrun for example_branch_operator to 2026-07-15 00:00:00+00:00, run_after=2026-07-16 00:00:00+00:00
[2026-07-16T11:11:35.708+0000] {processor.py:183} INFO - Processing /home/airflow/.local/lib/python3.12/site-packages/airflow/example_dags/example_branch_operator.py took 0.087 seconds
[2026-07-16T11:12:06.409+0000] {processor.py:161} INFO - Started process (PID=1084) to work on /home/airflow/.local/lib/python3.12/site-packages/airflow/example_dags/example_branch_operator.py
[2026-07-16T11:12:06.411+0000] {processor.py:830} INFO - Processing file /home/airflow/.local/lib/python3.12/site-packages/airflow/example_dags/example_branch_operator.py for tasks to queue
[2026-07-16T11:12:06.413+0000] {logging_mixin.py:188} INFO - [2026-07-16T11:12:06.413+0000] {dagbag.py:540} INFO - Filling up the DagBag from /home/airflow/.local/lib/python3.12/site-packages/airflow/example_dags/example_branch_operator.py
[2026-07-16T11:12:06.427+0000] {processor.py:840} INFO - DAG(s) 'example_branch_operator' retrieved from /home/airflow/.local/lib/python3.12/site-packages/airflow/example_dags/example_branch_operator.py
[2026-07-16T11:12:06.457+0000] {logging_mixin.py:188} INFO - [2026-07-16T11:12:06.457+0000] {dag.py:3096} INFO - Sync 1 DAGs
[2026-07-16T11:12:06.480+0000] {logging_mixin.py:188} INFO - [2026-07-16T11:12:06.480+0000] {dag.py:3954} INFO - Setting next_dagrun for example_branch_operator to 2026-07-15 00:00:00+00:00, run_after=2026-07-16 00:00:00+00:00
[2026-07-16T11:12:06.502+0000] {processor.py:183} INFO - Processing /home/airflow/.local/lib/python3.12/site-packages/airflow/example_dags/example_branch_operator.py took 0.098 seconds
[2026-07-16T11:12:36.842+0000] {processor.py:161} INFO - Started process (PID=1143) to work on /home/airflow/.local/lib/python3.12/site-packages/airflow/example_dags/example_branch_operator.py
[2026-07-16T11:12:36.844+0000] {processor.py:830} INFO - Processing file /home/airflow/.local/lib/python3.12/site-packages/airflow/example_dags/example_branch_operator.py for tasks to queue
[2026-07-16T11:12:36.849+0000] {logging_mixin.py:188} INFO - [2026-07-16T11:12:36.848+0000] {dagbag.py:540} INFO - Filling up the DagBag from /home/airflow/.local/lib/python3.12/site-packages/airflow/example_dags/example_branch_operator.py
[2026-07-16T11:12:36.876+0000] {processor.py:840} INFO - DAG(s) 'example_branch_operator' retrieved from /home/airflow/.local/lib/python3.12/site-packages/airflow/example_dags/example_branch_operator.py
[2026-07-16T11:12:36.916+0000] {logging_mixin.py:188} INFO - [2026-07-16T11:12:36.916+0000] {dag.py:3096} INFO - Sync 1 DAGs
[2026-07-16T11:12:36.939+0000] {logging_mixin.py:188} INFO - [2026-07-16T11:12:36.938+0000] {dag.py:3954} INFO - Setting next_dagrun for example_branch_operator to 2026-07-15 00:00:00+00:00, run_after=2026-07-16 00:00:00+00:00
[2026-07-16T11:12:36.972+0000] {processor.py:183} INFO - Processing /home/airflow/.local/lib/python3.12/site-packages/airflow/example_dags/example_branch_operator.py took 0.141 seconds
[2026-07-16T11:13:07.312+0000] {processor.py:161} INFO - Started process (PID=1202) to work on /home/airflow/.local/lib/python3.12/site-packages/airflow/example_dags/example_branch_operator.py
[2026-07-16T11:13:07.313+0000] {processor.py:830} INFO - Processing file /home/airflow/.local/lib/python3.12/site-packages/airflow/example_dags/example_branch_operator.py for tasks to queue
[2026-07-16T11:13:07.316+0000] {logging_mixin.py:188} INFO - [2026-07-16T11:13:07.316+0000] {dagbag.py:540} INFO - Filling up the DagBag from /home/airflow/.local/lib/python3.12/site-packages/airflow/example_dags/example_branch_operator.py
[2026-07-16T11:13:07.339+0000] {processor.py:840} INFO - DAG(s) 'example_branch_operator' retrieved from /home/airflow/.local/lib/python3.12/site-packages/airflow/example_dags/example_branch_operator.py
[2026-07-16T11:13:07.374+0000] {logging_mixin.py:188} INFO - [2026-07-16T11:13:07.373+0000] {dag.py:3096} INFO - Sync 1 DAGs
[2026-07-16T11:13:07.402+0000] {logging_mixin.py:188} INFO - [2026-07-16T11:13:07.402+0000] {dag.py:3954} INFO - Setting next_dagrun for example_branch_operator to 2026-07-15 00:00:00+00:00, run_after=2026-07-16 00:00:00+00:00
[2026-07-16T11:13:07.425+0000] {processor.py:183} INFO - Processing /home/airflow/.local/lib/python3.12/site-packages/airflow/example_dags/example_branch_operator.py took 0.119 seconds
[2026-07-16T11:13:37.563+0000] {processor.py:161} INFO - Started process (PID=1261) to work on /home/airflow/.local/lib/python3.12/site-packages/airflow/example_dags/example_branch_operator.py
[2026-07-16T11:13:37.564+0000] {processor.py:830} INFO - Processing file /home/airflow/.local/lib/python3.12/site-packages/airflow/example_dags/example_branch_operator.py for tasks to queue
[2026-07-16T11:13:37.567+0000] {logging_mixin.py:188} INFO - [2026-07-16T11:13:37.567+0000] {dagbag.py:540} INFO - Filling up the DagBag from /home/airflow/.local/lib/python3.12/site-packages/airflow/example_dags/example_branch_operator.py
[2026-07-16T11:13:37.583+0000] {processor.py:840} INFO - DAG(s) 'example_branch_operator' retrieved from /home/airflow/.local/lib/python3.12/site-packages/airflow/example_dags/example_branch_operator.py
[2026-07-16T11:13:37.611+0000] {logging_mixin.py:188} INFO - [2026-07-16T11:13:37.611+0000] {dag.py:3096} INFO - Sync 1 DAGs
[2026-07-16T11:13:37.632+0000] {logging_mixin.py:188} INFO - [2026-07-16T11:13:37.632+0000] {dag.py:3954} INFO - Setting next_dagrun for example_branch_operator to 2026-07-15 00:00:00+00:00, run_after=2026-07-16 00:00:00+00:00
[2026-07-16T11:13:37.652+0000] {processor.py:183} INFO - Processing /home/airflow/.local/lib/python3.12/site-packages/airflow/example_dags/example_branch_operator.py took 0.096 seconds
[2026-07-16T11:14:07.747+0000] {processor.py:161} INFO - Started process (PID=1320) to work on /home/airflow/.local/lib/python3.12/site-packages/airflow/example_dags/example_branch_operator.py
[2026-07-16T11:14:07.748+0000] {processor.py:830} INFO - Processing file /home/airflow/.local/lib/python3.12/site-packages/airflow/example_dags/example_branch_operator.py for tasks to queue
[2026-07-16T11:14:07.751+0000] {logging_mixin.py:188} INFO - [2026-07-16T11:14:07.750+0000] {dagbag.py:540} INFO - Filling up the DagBag from /home/airflow/.local/lib/python3.12/site-packages/airflow/example_dags/example_branch_operator.py
[2026-07-16T11:14:07.764+0000] {processor.py:840} INFO - DAG(s) 'example_branch_operator' retrieved from /home/airflow/.local/lib/python3.12/site-packages/airflow/example_dags/example_branch_operator.py
[2026-07-16T11:14:07.790+0000] {logging_mixin.py:188} INFO - [2026-07-16T11:14:07.790+0000] {dag.py:3096} INFO - Sync 1 DAGs
[2026-07-16T11:14:07.810+0000] {logging_mixin.py:188} INFO - [2026-07-16T11:14:07.810+0000] {dag.py:3954} INFO - Setting next_dagrun for example_branch_operator to 2026-07-15 00:00:00+00:00, run_after=2026-07-16 00:00:00+00:00
[2026-07-16T11:14:07.829+0000] {processor.py:183} INFO - Processing /home/airflow/.local/lib/python3.12/site-packages/airflow/example_dags/example_branch_operator.py took 0.087 seconds
[2026-07-16T11:14:37.971+0000] {processor.py:161} INFO - Started process (PID=1379) to work on /home/airflow/.local/lib/python3.12/site-packages/airflow/example_dags/example_branch_operator.py
[2026-07-16T11:14:37.973+0000] {processor.py:830} INFO - Processing file /home/airflow/.local/lib/python3.12/site-packages/airflow/example_dags/example_branch_operator.py for tasks to queue
[2026-07-16T11:14:37.975+0000] {logging_mixin.py:188} INFO - [2026-07-16T11:14:37.974+0000] {dagbag.py:540} INFO - Filling up the DagBag from /home/airflow/.local/lib/python3.12/site-packages/airflow/example_dags/example_branch_operator.py
[2026-07-16T11:14:37.989+0000] {processor.py:840} INFO - DAG(s) 'example_branch_operator' retrieved from /home/airflow/.local/lib/python3.12/site-packages/airflow/example_dags/example_branch_operator.py
[2026-07-16T11:14:38.012+0000] {logging_mixin.py:188} INFO - [2026-07-16T11:14:38.012+0000] {dag.py:3096} INFO - Sync 1 DAGs
[2026-07-16T11:14:38.038+0000] {logging_mixin.py:188} INFO - [2026-07-16T11:14:38.037+0000] {dag.py:3954} INFO - Setting next_dagrun for example_branch_operator to 2026-07-15 00:00:00+00:00, run_after=2026-07-16 00:00:00+00:00
[2026-07-16T11:14:38.066+0000] {processor.py:183} INFO - Processing /home/airflow/.local/lib/python3.12/site-packages/airflow/example_dags/example_branch_operator.py took 0.101 seconds
[2026-07-16T11:15:08.362+0000] {processor.py:161} INFO - Started process (PID=1438) to work on /home/airflow/.local/lib/python3.12/site-packages/airflow/example_dags/example_branch_operator.py
[2026-07-16T11:15:08.364+0000] {processor.py:830} INFO - Processing file /home/airflow/.local/lib/python3.12/site-packages/airflow/example_dags/example_branch_operator.py for tasks to queue
[2026-07-16T11:15:08.367+0000] {logging_mixin.py:188} INFO - [2026-07-16T11:15:08.367+0000] {dagbag.py:540} INFO - Filling up the DagBag from /home/airflow/.local/lib/python3.12/site-packages/airflow/example_dags/example_branch_operator.py
[2026-07-16T11:15:08.386+0000] {processor.py:840} INFO - DAG(s) 'example_branch_operator' retrieved from /home/airflow/.local/lib/python3.12/site-packages/airflow/example_dags/example_branch_operator.py
[2026-07-16T11:15:08.421+0000] {logging_mixin.py:188} INFO - [2026-07-16T11:15:08.421+0000] {dag.py:3096} INFO - Sync 1 DAGs
[2026-07-16T11:15:08.444+0000] {logging_mixin.py:188} INFO - [2026-07-16T11:15:08.444+0000] {dag.py:3954} INFO - Setting next_dagrun for example_branch_operator to 2026-07-15 00:00:00+00:00, run_after=2026-07-16 00:00:00+00:00
[2026-07-16T11:15:08.465+0000] {processor.py:183} INFO - Processing /home/airflow/.local/lib/python3.12/site-packages/airflow/example_dags/example_branch_operator.py took 0.110 seconds
[2026-07-16T11:15:38.688+0000] {processor.py:161} INFO - Started process (PID=1497) to work on /home/airflow/.local/lib/python3.12/site-packages/airflow/example_dags/example_branch_operator.py
[2026-07-16T11:15:38.690+0000] {processor.py:830} INFO - Processing file /home/airflow/.local/lib/python3.12/site-packages/airflow/example_dags/example_branch_operator.py for tasks to queue
[2026-07-16T11:15:38.693+0000] {logging_mixin.py:188} INFO - [2026-07-16T11:15:38.692+0000] {dagbag.py:540} INFO - Filling up the DagBag from /home/airflow/.local/lib/python3.12/site-packages/airflow/example_dags/example_branch_operator.py
[2026-07-16T11:15:38.711+0000] {processor.py:840} INFO - DAG(s) 'example_branch_operator' retrieved from /home/airflow/.local/lib/python3.12/site-packages/airflow/example_dags/example_branch_operator.py
[2026-07-16T11:15:38.750+0000] {logging_mixin.py:188} INFO - [2026-07-16T11:15:38.750+0000] {dag.py:3096} INFO - Sync 1 DAGs
[2026-07-16T11:15:38.773+0000] {logging_mixin.py:188} INFO - [2026-07-16T11:15:38.773+0000] {dag.py:3954} INFO - Setting next_dagrun for example_branch_operator to 2026-07-15 00:00:00+00:00, run_after=2026-07-16 00:00:00+00:00
[2026-07-16T11:15:38.808+0000] {processor.py:183} INFO - Processing /home/airflow/.local/lib/python3.12/site-packages/airflow/example_dags/example_branch_operator.py took 0.127 seconds
[2026-07-16T11:16:09.626+0000] {processor.py:161} INFO - Started process (PID=1556) to work on /home/airflow/.local/lib/python3.12/site-packages/airflow/example_dags/example_branch_operator.py
[2026-07-16T11:16:09.628+0000] {processor.py:830} INFO - Processing file /home/airflow/.local/lib/python3.12/site-packages/airflow/example_dags/example_branch_operator.py for tasks to queue
[2026-07-16T11:16:09.631+0000] {logging_mixin.py:188} INFO - [2026-07-16T11:16:09.630+0000] {dagbag.py:540} INFO - Filling up the DagBag from /home/airflow/.local/lib/python3.12/site-packages/airflow/example_dags/example_branch_operator.py
[2026-07-16T11:16:09.643+0000] {processor.py:840} INFO - DAG(s) 'example_branch_operator' retrieved from /home/airflow/.local/lib/python3.12/site-packages/airflow/example_dags/example_branch_operator.py
[2026-07-16T11:16:09.666+0000] {logging_mixin.py:188} INFO - [2026-07-16T11:16:09.666+0000] {dag.py:3096} INFO - Sync 1 DAGs
[2026-07-16T11:16:09.687+0000] {logging_mixin.py:188} INFO - [2026-07-16T11:16:09.687+0000] {dag.py:3954} INFO - Setting next_dagrun for example_branch_operator to 2026-07-15 00:00:00+00:00, run_after=2026-07-16 00:00:00+00:00
[2026-07-16T11:16:09.706+0000] {processor.py:183} INFO - Processing /home/airflow/.local/lib/python3.12/site-packages/airflow/example_dags/example_branch_operator.py took 0.084 seconds
[2026-07-16T11:16:40.598+0000] {processor.py:161} INFO - Started process (PID=1615) to work on /home/airflow/.local/lib/python3.12/site-packages/airflow/example_dags/example_branch_operator.py
[2026-07-16T11:16:40.600+0000] {processor.py:830} INFO - Processing file /home/airflow/.local/lib/python3.12/site-packages/airflow/example_dags/example_branch_operator.py for tasks to queue
[2026-07-16T11:16:40.602+0000] {logging_mixin.py:188} INFO - [2026-07-16T11:16:40.602+0000] {dagbag.py:540} INFO - Filling up the DagBag from /home/airflow/.local/lib/python3.12/site-packages/airflow/example_dags/example_branch_operator.py
[2026-07-16T11:16:40.615+0000] {processor.py:840} INFO - DAG(s) 'example_branch_operator' retrieved from /home/airflow/.local/lib/python3.12/site-packages/airflow/example_dags/example_branch_operator.py
[2026-07-16T11:16:40.640+0000] {logging_mixin.py:188} INFO - [2026-07-16T11:16:40.640+0000] {dag.py:3096} INFO - Sync 1 DAGs
[2026-07-16T11:16:40.659+0000] {logging_mixin.py:188} INFO - [2026-07-16T11:16:40.659+0000] {dag.py:3954} INFO - Setting next_dagrun for example_branch_operator to 2026-07-15 00:00:00+00:00, run_after=2026-07-16 00:00:00+00:00
[2026-07-16T11:16:40.677+0000] {processor.py:183} INFO - Processing /home/airflow/.local/lib/python3.12/site-packages/airflow/example_dags/example_branch_operator.py took 0.084 seconds
[2026-07-16T11:17:11.159+0000] {processor.py:161} INFO - Started process (PID=1674) to work on /home/airflow/.local/lib/python3.12/site-packages/airflow/example_dags/example_branch_operator.py
[2026-07-16T11:17:11.160+0000] {processor.py:830} INFO - Processing file /home/airflow/.local/lib/python3.12/site-packages/airflow/example_dags/example_branch_operator.py for tasks to queue
[2026-07-16T11:17:11.163+0000] {logging_mixin.py:188} INFO - [2026-07-16T11:17:11.162+0000] {dagbag.py:540} INFO - Filling up the DagBag from /home/airflow/.local/lib/python3.12/site-packages/airflow/example_dags/example_branch_operator.py
[2026-07-16T11:17:11.176+0000] {processor.py:840} INFO - DAG(s) 'example_branch_operator' retrieved from /home/airflow/.local/lib/python3.12/site-packages/airflow/example_dags/example_branch_operator.py
[2026-07-16T11:17:11.198+0000] {logging_mixin.py:188} INFO - [2026-07-16T11:17:11.198+0000] {dag.py:3096} INFO - Sync 1 DAGs
[2026-07-16T11:17:11.216+0000] {logging_mixin.py:188} INFO - [2026-07-16T11:17:11.215+0000] {dag.py:3954} INFO - Setting next_dagrun for example_branch_operator to 2026-07-15 00:00:00+00:00, run_after=2026-07-16 00:00:00+00:00
[2026-07-16T11:17:11.234+0000] {processor.py:183} INFO - Processing /home/airflow/.local/lib/python3.12/site-packages/airflow/example_dags/example_branch_operator.py took 0.080 seconds
[2026-07-16T11:17:41.412+0000] {processor.py:161} INFO - Started process (PID=1733) to work on /home/airflow/.local/lib/python3.12/site-packages/airflow/example_dags/example_branch_operator.py
[2026-07-16T11:17:41.414+0000] {processor.py:830} INFO - Processing file /home/airflow/.local/lib/python3.12/site-packages/airflow/example_dags/example_branch_operator.py for tasks to queue
[2026-07-16T11:17:41.417+0000] {logging_mixin.py:188} INFO - [2026-07-16T11:17:41.416+0000] {dagbag.py:540} INFO - Filling up the DagBag from /home/airflow/.local/lib/python3.12/site-packages/airflow/example_dags/example_branch_operator.py
[2026-07-16T11:17:41.430+0000] {processor.py:840} INFO - DAG(s) 'example_branch_operator' retrieved from /home/airflow/.local/lib/python3.12/site-packages/airflow/example_dags/example_branch_operator.py
[2026-07-16T11:17:41.451+0000] {logging_mixin.py:188} INFO - [2026-07-16T11:17:41.451+0000] {dag.py:3096} INFO - Sync 1 DAGs
[2026-07-16T11:17:41.469+0000] {logging_mixin.py:188} INFO - [2026-07-16T11:17:41.469+0000] {dag.py:3954} INFO - Setting next_dagrun for example_branch_operator to 2026-07-15 00:00:00+00:00, run_after=2026-07-16 00:00:00+00:00
[2026-07-16T11:17:41.489+0000] {processor.py:183} INFO - Processing /home/airflow/.local/lib/python3.12/site-packages/airflow/example_dags/example_branch_operator.py took 0.081 seconds
[2026-07-16T11:18:12.708+0000] {processor.py:161} INFO - Started process (PID=1792) to work on /home/airflow/.local/lib/python3.12/site-packages/airflow/example_dags/example_branch_operator.py
[2026-07-16T11:18:12.711+0000] {processor.py:830} INFO - Processing file /home/airflow/.local/lib/python3.12/site-packages/airflow/example_dags/example_branch_operator.py for tasks to queue
[2026-07-16T11:18:12.714+0000] {logging_mixin.py:188} INFO - [2026-07-16T11:18:12.714+0000] {dagbag.py:540} INFO - Filling up the DagBag from /home/airflow/.local/lib/python3.12/site-packages/airflow/example_dags/example_branch_operator.py
[2026-07-16T11:18:12.747+0000] {processor.py:840} INFO - DAG(s) 'example_branch_operator' retrieved from /home/airflow/.local/lib/python3.12/site-packages/airflow/example_dags/example_branch_operator.py
[2026-07-16T11:18:12.803+0000] {logging_mixin.py:188} INFO - [2026-07-16T11:18:12.802+0000] {dag.py:3096} INFO - Sync 1 DAGs
[2026-07-16T11:18:12.856+0000] {logging_mixin.py:188} INFO - [2026-07-16T11:18:12.855+0000] {dag.py:3954} INFO - Setting next_dagrun for example_branch_operator to 2026-07-15 00:00:00+00:00, run_after=2026-07-16 00:00:00+00:00
[2026-07-16T11:18:12.926+0000] {processor.py:183} INFO - Processing /home/airflow/.local/lib/python3.12/site-packages/airflow/example_dags/example_branch_operator.py took 0.227 seconds
