[2026-07-16T11:03:29.880+0000] {processor.py:161} INFO - Started process (PID=101) to work on /home/airflow/.local/lib/python3.12/site-packages/airflow/example_dags/example_sensors.py
[2026-07-16T11:03:29.881+0000] {processor.py:830} INFO - Processing file /home/airflow/.local/lib/python3.12/site-packages/airflow/example_dags/example_sensors.py for tasks to queue
[2026-07-16T11:03:29.885+0000] {logging_mixin.py:188} INFO - [2026-07-16T11:03:29.884+0000] {dagbag.py:540} INFO - Filling up the DagBag from /home/airflow/.local/lib/python3.12/site-packages/airflow/example_dags/example_sensors.py
[2026-07-16T11:03:29.898+0000] {processor.py:840} INFO - DAG(s) 'example_sensors' retrieved from /home/airflow/.local/lib/python3.12/site-packages/airflow/example_dags/example_sensors.py
[2026-07-16T11:03:29.916+0000] {logging_mixin.py:188} INFO - [2026-07-16T11:03:29.915+0000] {dag.py:3096} INFO - Sync 1 DAGs
[2026-07-16T11:03:29.936+0000] {logging_mixin.py:188} INFO - [2026-07-16T11:03:29.936+0000] {dag.py:3954} INFO - Setting next_dagrun for example_sensors to None, run_after=None
[2026-07-16T11:03:29.968+0000] {processor.py:183} INFO - Processing /home/airflow/.local/lib/python3.12/site-packages/airflow/example_dags/example_sensors.py took 0.096 seconds
[2026-07-16T11:04:00.565+0000] {processor.py:161} INFO - Started process (PID=160) to work on /home/airflow/.local/lib/python3.12/site-packages/airflow/example_dags/example_sensors.py
[2026-07-16T11:04:00.567+0000] {processor.py:830} INFO - Processing file /home/airflow/.local/lib/python3.12/site-packages/airflow/example_dags/example_sensors.py for tasks to queue
[2026-07-16T11:04:00.569+0000] {logging_mixin.py:188} INFO - [2026-07-16T11:04:00.569+0000] {dagbag.py:540} INFO - Filling up the DagBag from /home/airflow/.local/lib/python3.12/site-packages/airflow/example_dags/example_sensors.py
[2026-07-16T11:04:00.580+0000] {processor.py:840} INFO - DAG(s) 'example_sensors' retrieved from /home/airflow/.local/lib/python3.12/site-packages/airflow/example_dags/example_sensors.py
[2026-07-16T11:04:00.666+0000] {logging_mixin.py:188} INFO - [2026-07-16T11:04:00.666+0000] {dag.py:3096} INFO - Sync 1 DAGs
[2026-07-16T11:04:00.676+0000] {logging_mixin.py:188} INFO - [2026-07-16T11:04:00.675+0000] {dag.py:3954} INFO - Setting next_dagrun for example_sensors to None, run_after=None
[2026-07-16T11:04:00.693+0000] {processor.py:183} INFO - Processing /home/airflow/.local/lib/python3.12/site-packages/airflow/example_dags/example_sensors.py took 0.133 seconds
[2026-07-16T11:04:31.473+0000] {processor.py:161} INFO - Started process (PID=220) to work on /home/airflow/.local/lib/python3.12/site-packages/airflow/example_dags/example_sensors.py
[2026-07-16T11:04:31.475+0000] {processor.py:830} INFO - Processing file /home/airflow/.local/lib/python3.12/site-packages/airflow/example_dags/example_sensors.py for tasks to queue
[2026-07-16T11:04:31.477+0000] {logging_mixin.py:188} INFO - [2026-07-16T11:04:31.477+0000] {dagbag.py:540} INFO - Filling up the DagBag from /home/airflow/.local/lib/python3.12/site-packages/airflow/example_dags/example_sensors.py
[2026-07-16T11:04:31.484+0000] {processor.py:840} INFO - DAG(s) 'example_sensors' retrieved from /home/airflow/.local/lib/python3.12/site-packages/airflow/example_dags/example_sensors.py
[2026-07-16T11:04:31.506+0000] {logging_mixin.py:188} INFO - [2026-07-16T11:04:31.506+0000] {dag.py:3096} INFO - Sync 1 DAGs
[2026-07-16T11:04:31.518+0000] {logging_mixin.py:188} INFO - [2026-07-16T11:04:31.518+0000] {dag.py:3954} INFO - Setting next_dagrun for example_sensors to None, run_after=None
[2026-07-16T11:04:31.537+0000] {processor.py:183} INFO - Processing /home/airflow/.local/lib/python3.12/site-packages/airflow/example_dags/example_sensors.py took 0.069 seconds
[2026-07-16T11:05:01.618+0000] {processor.py:161} INFO - Started process (PID=279) to work on /home/airflow/.local/lib/python3.12/site-packages/airflow/example_dags/example_sensors.py
[2026-07-16T11:05:01.620+0000] {processor.py:830} INFO - Processing file /home/airflow/.local/lib/python3.12/site-packages/airflow/example_dags/example_sensors.py for tasks to queue
[2026-07-16T11:05:01.622+0000] {logging_mixin.py:188} INFO - [2026-07-16T11:05:01.622+0000] {dagbag.py:540} INFO - Filling up the DagBag from /home/airflow/.local/lib/python3.12/site-packages/airflow/example_dags/example_sensors.py
[2026-07-16T11:05:01.630+0000] {processor.py:840} INFO - DAG(s) 'example_sensors' retrieved from /home/airflow/.local/lib/python3.12/site-packages/airflow/example_dags/example_sensors.py
[2026-07-16T11:05:01.651+0000] {logging_mixin.py:188} INFO - [2026-07-16T11:05:01.651+0000] {dag.py:3096} INFO - Sync 1 DAGs
[2026-07-16T11:05:01.662+0000] {logging_mixin.py:188} INFO - [2026-07-16T11:05:01.662+0000] {dag.py:3954} INFO - Setting next_dagrun for example_sensors to None, run_after=None
[2026-07-16T11:05:01.681+0000] {processor.py:183} INFO - Processing /home/airflow/.local/lib/python3.12/site-packages/airflow/example_dags/example_sensors.py took 0.068 seconds
[2026-07-16T11:05:31.895+0000] {processor.py:161} INFO - Started process (PID=338) to work on /home/airflow/.local/lib/python3.12/site-packages/airflow/example_dags/example_sensors.py
[2026-07-16T11:05:31.896+0000] {processor.py:830} INFO - Processing file /home/airflow/.local/lib/python3.12/site-packages/airflow/example_dags/example_sensors.py for tasks to queue
[2026-07-16T11:05:31.899+0000] {logging_mixin.py:188} INFO - [2026-07-16T11:05:31.898+0000] {dagbag.py:540} INFO - Filling up the DagBag from /home/airflow/.local/lib/python3.12/site-packages/airflow/example_dags/example_sensors.py
[2026-07-16T11:05:31.906+0000] {processor.py:840} INFO - DAG(s) 'example_sensors' retrieved from /home/airflow/.local/lib/python3.12/site-packages/airflow/example_dags/example_sensors.py
[2026-07-16T11:05:31.930+0000] {logging_mixin.py:188} INFO - [2026-07-16T11:05:31.929+0000] {dag.py:3096} INFO - Sync 1 DAGs
[2026-07-16T11:05:31.941+0000] {logging_mixin.py:188} INFO - [2026-07-16T11:05:31.941+0000] {dag.py:3954} INFO - Setting next_dagrun for example_sensors to None, run_after=None
[2026-07-16T11:05:31.959+0000] {processor.py:183} INFO - Processing /home/airflow/.local/lib/python3.12/site-packages/airflow/example_dags/example_sensors.py took 0.068 seconds
[2026-07-16T11:06:02.367+0000] {processor.py:161} INFO - Started process (PID=397) to work on /home/airflow/.local/lib/python3.12/site-packages/airflow/example_dags/example_sensors.py
[2026-07-16T11:06:02.369+0000] {processor.py:830} INFO - Processing file /home/airflow/.local/lib/python3.12/site-packages/airflow/example_dags/example_sensors.py for tasks to queue
[2026-07-16T11:06:02.372+0000] {logging_mixin.py:188} INFO - [2026-07-16T11:06:02.372+0000] {dagbag.py:540} INFO - Filling up the DagBag from /home/airflow/.local/lib/python3.12/site-packages/airflow/example_dags/example_sensors.py
[2026-07-16T11:06:02.382+0000] {processor.py:840} INFO - DAG(s) 'example_sensors' retrieved from /home/airflow/.local/lib/python3.12/site-packages/airflow/example_dags/example_sensors.py
[2026-07-16T11:06:02.407+0000] {logging_mixin.py:188} INFO - [2026-07-16T11:06:02.407+0000] {dag.py:3096} INFO - Sync 1 DAGs
[2026-07-16T11:06:02.420+0000] {logging_mixin.py:188} INFO - [2026-07-16T11:06:02.420+0000] {dag.py:3954} INFO - Setting next_dagrun for example_sensors to None, run_after=None
[2026-07-16T11:06:02.441+0000] {processor.py:183} INFO - Processing /home/airflow/.local/lib/python3.12/site-packages/airflow/example_dags/example_sensors.py took 0.080 seconds
[2026-07-16T11:06:33.264+0000] {processor.py:161} INFO - Started process (PID=456) to work on /home/airflow/.local/lib/python3.12/site-packages/airflow/example_dags/example_sensors.py
[2026-07-16T11:06:33.265+0000] {processor.py:830} INFO - Processing file /home/airflow/.local/lib/python3.12/site-packages/airflow/example_dags/example_sensors.py for tasks to queue
[2026-07-16T11:06:33.268+0000] {logging_mixin.py:188} INFO - [2026-07-16T11:06:33.267+0000] {dagbag.py:540} INFO - Filling up the DagBag from /home/airflow/.local/lib/python3.12/site-packages/airflow/example_dags/example_sensors.py
[2026-07-16T11:06:33.276+0000] {processor.py:840} INFO - DAG(s) 'example_sensors' retrieved from /home/airflow/.local/lib/python3.12/site-packages/airflow/example_dags/example_sensors.py
[2026-07-16T11:06:33.298+0000] {logging_mixin.py:188} INFO - [2026-07-16T11:06:33.297+0000] {dag.py:3096} INFO - Sync 1 DAGs
[2026-07-16T11:06:33.309+0000] {logging_mixin.py:188} INFO - [2026-07-16T11:06:33.308+0000] {dag.py:3954} INFO - Setting next_dagrun for example_sensors to None, run_after=None
[2026-07-16T11:06:33.328+0000] {processor.py:183} INFO - Processing /home/airflow/.local/lib/python3.12/site-packages/airflow/example_dags/example_sensors.py took 0.069 seconds
[2026-07-16T11:07:03.676+0000] {processor.py:161} INFO - Started process (PID=515) to work on /home/airflow/.local/lib/python3.12/site-packages/airflow/example_dags/example_sensors.py
[2026-07-16T11:07:03.678+0000] {processor.py:830} INFO - Processing file /home/airflow/.local/lib/python3.12/site-packages/airflow/example_dags/example_sensors.py for tasks to queue
[2026-07-16T11:07:03.681+0000] {logging_mixin.py:188} INFO - [2026-07-16T11:07:03.681+0000] {dagbag.py:540} INFO - Filling up the DagBag from /home/airflow/.local/lib/python3.12/site-packages/airflow/example_dags/example_sensors.py
[2026-07-16T11:07:03.690+0000] {processor.py:840} INFO - DAG(s) 'example_sensors' retrieved from /home/airflow/.local/lib/python3.12/site-packages/airflow/example_dags/example_sensors.py
[2026-07-16T11:07:03.714+0000] {logging_mixin.py:188} INFO - [2026-07-16T11:07:03.714+0000] {dag.py:3096} INFO - Sync 1 DAGs
[2026-07-16T11:07:03.728+0000] {logging_mixin.py:188} INFO - [2026-07-16T11:07:03.727+0000] {dag.py:3954} INFO - Setting next_dagrun for example_sensors to None, run_after=None
[2026-07-16T11:07:03.747+0000] {processor.py:183} INFO - Processing /home/airflow/.local/lib/python3.12/site-packages/airflow/example_dags/example_sensors.py took 0.076 seconds
[2026-07-16T11:07:34.028+0000] {processor.py:161} INFO - Started process (PID=574) to work on /home/airflow/.local/lib/python3.12/site-packages/airflow/example_dags/example_sensors.py
[2026-07-16T11:07:34.029+0000] {processor.py:830} INFO - Processing file /home/airflow/.local/lib/python3.12/site-packages/airflow/example_dags/example_sensors.py for tasks to queue
[2026-07-16T11:07:34.032+0000] {logging_mixin.py:188} INFO - [2026-07-16T11:07:34.032+0000] {dagbag.py:540} INFO - Filling up the DagBag from /home/airflow/.local/lib/python3.12/site-packages/airflow/example_dags/example_sensors.py
[2026-07-16T11:07:34.040+0000] {processor.py:840} INFO - DAG(s) 'example_sensors' retrieved from /home/airflow/.local/lib/python3.12/site-packages/airflow/example_dags/example_sensors.py
[2026-07-16T11:07:34.061+0000] {logging_mixin.py:188} INFO - [2026-07-16T11:07:34.060+0000] {dag.py:3096} INFO - Sync 1 DAGs
[2026-07-16T11:07:34.071+0000] {logging_mixin.py:188} INFO - [2026-07-16T11:07:34.071+0000] {dag.py:3954} INFO - Setting next_dagrun for example_sensors to None, run_after=None
[2026-07-16T11:07:34.091+0000] {processor.py:183} INFO - Processing /home/airflow/.local/lib/python3.12/site-packages/airflow/example_dags/example_sensors.py took 0.068 seconds
[2026-07-16T11:08:04.534+0000] {processor.py:161} INFO - Started process (PID=633) to work on /home/airflow/.local/lib/python3.12/site-packages/airflow/example_dags/example_sensors.py
[2026-07-16T11:08:04.536+0000] {processor.py:830} INFO - Processing file /home/airflow/.local/lib/python3.12/site-packages/airflow/example_dags/example_sensors.py for tasks to queue
[2026-07-16T11:08:04.539+0000] {logging_mixin.py:188} INFO - [2026-07-16T11:08:04.538+0000] {dagbag.py:540} INFO - Filling up the DagBag from /home/airflow/.local/lib/python3.12/site-packages/airflow/example_dags/example_sensors.py
[2026-07-16T11:08:04.547+0000] {processor.py:840} INFO - DAG(s) 'example_sensors' retrieved from /home/airflow/.local/lib/python3.12/site-packages/airflow/example_dags/example_sensors.py
[2026-07-16T11:08:04.570+0000] {logging_mixin.py:188} INFO - [2026-07-16T11:08:04.570+0000] {dag.py:3096} INFO - Sync 1 DAGs
[2026-07-16T11:08:04.585+0000] {logging_mixin.py:188} INFO - [2026-07-16T11:08:04.585+0000] {dag.py:3954} INFO - Setting next_dagrun for example_sensors to None, run_after=None
[2026-07-16T11:08:04.604+0000] {processor.py:183} INFO - Processing /home/airflow/.local/lib/python3.12/site-packages/airflow/example_dags/example_sensors.py took 0.076 seconds
[2026-07-16T11:08:34.755+0000] {processor.py:161} INFO - Started process (PID=692) to work on /home/airflow/.local/lib/python3.12/site-packages/airflow/example_dags/example_sensors.py
[2026-07-16T11:08:34.757+0000] {processor.py:830} INFO - Processing file /home/airflow/.local/lib/python3.12/site-packages/airflow/example_dags/example_sensors.py for tasks to queue
[2026-07-16T11:08:34.759+0000] {logging_mixin.py:188} INFO - [2026-07-16T11:08:34.759+0000] {dagbag.py:540} INFO - Filling up the DagBag from /home/airflow/.local/lib/python3.12/site-packages/airflow/example_dags/example_sensors.py
[2026-07-16T11:08:34.767+0000] {processor.py:840} INFO - DAG(s) 'example_sensors' retrieved from /home/airflow/.local/lib/python3.12/site-packages/airflow/example_dags/example_sensors.py
[2026-07-16T11:08:34.787+0000] {logging_mixin.py:188} INFO - [2026-07-16T11:08:34.787+0000] {dag.py:3096} INFO - Sync 1 DAGs
[2026-07-16T11:08:34.798+0000] {logging_mixin.py:188} INFO - [2026-07-16T11:08:34.797+0000] {dag.py:3954} INFO - Setting next_dagrun for example_sensors to None, run_after=None
[2026-07-16T11:08:34.816+0000] {processor.py:183} INFO - Processing /home/airflow/.local/lib/python3.12/site-packages/airflow/example_dags/example_sensors.py took 0.065 seconds
[2026-07-16T11:09:05.116+0000] {processor.py:161} INFO - Started process (PID=751) to work on /home/airflow/.local/lib/python3.12/site-packages/airflow/example_dags/example_sensors.py
[2026-07-16T11:09:05.118+0000] {processor.py:830} INFO - Processing file /home/airflow/.local/lib/python3.12/site-packages/airflow/example_dags/example_sensors.py for tasks to queue
[2026-07-16T11:09:05.121+0000] {logging_mixin.py:188} INFO - [2026-07-16T11:09:05.120+0000] {dagbag.py:540} INFO - Filling up the DagBag from /home/airflow/.local/lib/python3.12/site-packages/airflow/example_dags/example_sensors.py
[2026-07-16T11:09:05.129+0000] {processor.py:840} INFO - DAG(s) 'example_sensors' retrieved from /home/airflow/.local/lib/python3.12/site-packages/airflow/example_dags/example_sensors.py
[2026-07-16T11:09:05.150+0000] {logging_mixin.py:188} INFO - [2026-07-16T11:09:05.149+0000] {dag.py:3096} INFO - Sync 1 DAGs
[2026-07-16T11:09:05.160+0000] {logging_mixin.py:188} INFO - [2026-07-16T11:09:05.160+0000] {dag.py:3954} INFO - Setting next_dagrun for example_sensors to None, run_after=None
[2026-07-16T11:09:05.179+0000] {processor.py:183} INFO - Processing /home/airflow/.local/lib/python3.12/site-packages/airflow/example_dags/example_sensors.py took 0.067 seconds
[2026-07-16T11:09:35.499+0000] {processor.py:161} INFO - Started process (PID=810) to work on /home/airflow/.local/lib/python3.12/site-packages/airflow/example_dags/example_sensors.py
[2026-07-16T11:09:35.500+0000] {processor.py:830} INFO - Processing file /home/airflow/.local/lib/python3.12/site-packages/airflow/example_dags/example_sensors.py for tasks to queue
[2026-07-16T11:09:35.503+0000] {logging_mixin.py:188} INFO - [2026-07-16T11:09:35.503+0000] {dagbag.py:540} INFO - Filling up the DagBag from /home/airflow/.local/lib/python3.12/site-packages/airflow/example_dags/example_sensors.py
[2026-07-16T11:09:35.511+0000] {processor.py:840} INFO - DAG(s) 'example_sensors' retrieved from /home/airflow/.local/lib/python3.12/site-packages/airflow/example_dags/example_sensors.py
[2026-07-16T11:09:35.534+0000] {logging_mixin.py:188} INFO - [2026-07-16T11:09:35.534+0000] {dag.py:3096} INFO - Sync 1 DAGs
[2026-07-16T11:09:35.545+0000] {logging_mixin.py:188} INFO - [2026-07-16T11:09:35.545+0000] {dag.py:3954} INFO - Setting next_dagrun for example_sensors to None, run_after=None
[2026-07-16T11:09:35.563+0000] {processor.py:183} INFO - Processing /home/airflow/.local/lib/python3.12/site-packages/airflow/example_dags/example_sensors.py took 0.068 seconds
[2026-07-16T11:10:05.954+0000] {processor.py:161} INFO - Started process (PID=869) to work on /home/airflow/.local/lib/python3.12/site-packages/airflow/example_dags/example_sensors.py
[2026-07-16T11:10:05.956+0000] {processor.py:830} INFO - Processing file /home/airflow/.local/lib/python3.12/site-packages/airflow/example_dags/example_sensors.py for tasks to queue
[2026-07-16T11:10:05.958+0000] {logging_mixin.py:188} INFO - [2026-07-16T11:10:05.958+0000] {dagbag.py:540} INFO - Filling up the DagBag from /home/airflow/.local/lib/python3.12/site-packages/airflow/example_dags/example_sensors.py
[2026-07-16T11:10:05.966+0000] {processor.py:840} INFO - DAG(s) 'example_sensors' retrieved from /home/airflow/.local/lib/python3.12/site-packages/airflow/example_dags/example_sensors.py
[2026-07-16T11:10:05.989+0000] {logging_mixin.py:188} INFO - [2026-07-16T11:10:05.988+0000] {dag.py:3096} INFO - Sync 1 DAGs
[2026-07-16T11:10:06.001+0000] {logging_mixin.py:188} INFO - [2026-07-16T11:10:06.001+0000] {dag.py:3954} INFO - Setting next_dagrun for example_sensors to None, run_after=None
[2026-07-16T11:10:06.021+0000] {processor.py:183} INFO - Processing /home/airflow/.local/lib/python3.12/site-packages/airflow/example_dags/example_sensors.py took 0.071 seconds
[2026-07-16T11:10:36.505+0000] {processor.py:161} INFO - Started process (PID=928) to work on /home/airflow/.local/lib/python3.12/site-packages/airflow/example_dags/example_sensors.py
[2026-07-16T11:10:36.506+0000] {processor.py:830} INFO - Processing file /home/airflow/.local/lib/python3.12/site-packages/airflow/example_dags/example_sensors.py for tasks to queue
[2026-07-16T11:10:36.508+0000] {logging_mixin.py:188} INFO - [2026-07-16T11:10:36.508+0000] {dagbag.py:540} INFO - Filling up the DagBag from /home/airflow/.local/lib/python3.12/site-packages/airflow/example_dags/example_sensors.py
[2026-07-16T11:10:36.515+0000] {processor.py:840} INFO - DAG(s) 'example_sensors' retrieved from /home/airflow/.local/lib/python3.12/site-packages/airflow/example_dags/example_sensors.py
[2026-07-16T11:10:36.535+0000] {logging_mixin.py:188} INFO - [2026-07-16T11:10:36.535+0000] {dag.py:3096} INFO - Sync 1 DAGs
[2026-07-16T11:10:36.546+0000] {logging_mixin.py:188} INFO - [2026-07-16T11:10:36.545+0000] {dag.py:3954} INFO - Setting next_dagrun for example_sensors to None, run_after=None
[2026-07-16T11:10:36.565+0000] {processor.py:183} INFO - Processing /home/airflow/.local/lib/python3.12/site-packages/airflow/example_dags/example_sensors.py took 0.065 seconds
[2026-07-16T11:11:07.071+0000] {processor.py:161} INFO - Started process (PID=987) to work on /home/airflow/.local/lib/python3.12/site-packages/airflow/example_dags/example_sensors.py
[2026-07-16T11:11:07.073+0000] {processor.py:830} INFO - Processing file /home/airflow/.local/lib/python3.12/site-packages/airflow/example_dags/example_sensors.py for tasks to queue
[2026-07-16T11:11:07.076+0000] {logging_mixin.py:188} INFO - [2026-07-16T11:11:07.076+0000] {dagbag.py:540} INFO - Filling up the DagBag from /home/airflow/.local/lib/python3.12/site-packages/airflow/example_dags/example_sensors.py
[2026-07-16T11:11:07.087+0000] {processor.py:840} INFO - DAG(s) 'example_sensors' retrieved from /home/airflow/.local/lib/python3.12/site-packages/airflow/example_dags/example_sensors.py
[2026-07-16T11:11:07.111+0000] {logging_mixin.py:188} INFO - [2026-07-16T11:11:07.110+0000] {dag.py:3096} INFO - Sync 1 DAGs
[2026-07-16T11:11:07.123+0000] {logging_mixin.py:188} INFO - [2026-07-16T11:11:07.123+0000] {dag.py:3954} INFO - Setting next_dagrun for example_sensors to None, run_after=None
[2026-07-16T11:11:07.146+0000] {processor.py:183} INFO - Processing /home/airflow/.local/lib/python3.12/site-packages/airflow/example_dags/example_sensors.py took 0.082 seconds
[2026-07-16T11:11:38.133+0000] {processor.py:161} INFO - Started process (PID=1046) to work on /home/airflow/.local/lib/python3.12/site-packages/airflow/example_dags/example_sensors.py
[2026-07-16T11:11:38.135+0000] {processor.py:830} INFO - Processing file /home/airflow/.local/lib/python3.12/site-packages/airflow/example_dags/example_sensors.py for tasks to queue
[2026-07-16T11:11:38.138+0000] {logging_mixin.py:188} INFO - [2026-07-16T11:11:38.137+0000] {dagbag.py:540} INFO - Filling up the DagBag from /home/airflow/.local/lib/python3.12/site-packages/airflow/example_dags/example_sensors.py
[2026-07-16T11:11:38.146+0000] {processor.py:840} INFO - DAG(s) 'example_sensors' retrieved from /home/airflow/.local/lib/python3.12/site-packages/airflow/example_dags/example_sensors.py
[2026-07-16T11:11:38.167+0000] {logging_mixin.py:188} INFO - [2026-07-16T11:11:38.167+0000] {dag.py:3096} INFO - Sync 1 DAGs
[2026-07-16T11:11:38.178+0000] {logging_mixin.py:188} INFO - [2026-07-16T11:11:38.178+0000] {dag.py:3954} INFO - Setting next_dagrun for example_sensors to None, run_after=None
[2026-07-16T11:11:38.196+0000] {processor.py:183} INFO - Processing /home/airflow/.local/lib/python3.12/site-packages/airflow/example_dags/example_sensors.py took 0.068 seconds
[2026-07-16T11:12:09.144+0000] {processor.py:161} INFO - Started process (PID=1105) to work on /home/airflow/.local/lib/python3.12/site-packages/airflow/example_dags/example_sensors.py
[2026-07-16T11:12:09.145+0000] {processor.py:830} INFO - Processing file /home/airflow/.local/lib/python3.12/site-packages/airflow/example_dags/example_sensors.py for tasks to queue
[2026-07-16T11:12:09.148+0000] {logging_mixin.py:188} INFO - [2026-07-16T11:12:09.148+0000] {dagbag.py:540} INFO - Filling up the DagBag from /home/airflow/.local/lib/python3.12/site-packages/airflow/example_dags/example_sensors.py
[2026-07-16T11:12:09.158+0000] {processor.py:840} INFO - DAG(s) 'example_sensors' retrieved from /home/airflow/.local/lib/python3.12/site-packages/airflow/example_dags/example_sensors.py
[2026-07-16T11:12:09.188+0000] {logging_mixin.py:188} INFO - [2026-07-16T11:12:09.187+0000] {dag.py:3096} INFO - Sync 1 DAGs
[2026-07-16T11:12:09.204+0000] {logging_mixin.py:188} INFO - [2026-07-16T11:12:09.204+0000] {dag.py:3954} INFO - Setting next_dagrun for example_sensors to None, run_after=None
[2026-07-16T11:12:09.236+0000] {processor.py:183} INFO - Processing /home/airflow/.local/lib/python3.12/site-packages/airflow/example_dags/example_sensors.py took 0.098 seconds
[2026-07-16T11:12:39.535+0000] {processor.py:161} INFO - Started process (PID=1164) to work on /home/airflow/.local/lib/python3.12/site-packages/airflow/example_dags/example_sensors.py
[2026-07-16T11:12:39.537+0000] {processor.py:830} INFO - Processing file /home/airflow/.local/lib/python3.12/site-packages/airflow/example_dags/example_sensors.py for tasks to queue
[2026-07-16T11:12:39.540+0000] {logging_mixin.py:188} INFO - [2026-07-16T11:12:39.539+0000] {dagbag.py:540} INFO - Filling up the DagBag from /home/airflow/.local/lib/python3.12/site-packages/airflow/example_dags/example_sensors.py
[2026-07-16T11:12:39.548+0000] {processor.py:840} INFO - DAG(s) 'example_sensors' retrieved from /home/airflow/.local/lib/python3.12/site-packages/airflow/example_dags/example_sensors.py
[2026-07-16T11:12:39.572+0000] {logging_mixin.py:188} INFO - [2026-07-16T11:12:39.572+0000] {dag.py:3096} INFO - Sync 1 DAGs
[2026-07-16T11:12:39.596+0000] {logging_mixin.py:188} INFO - [2026-07-16T11:12:39.596+0000] {dag.py:3954} INFO - Setting next_dagrun for example_sensors to None, run_after=None
[2026-07-16T11:12:39.619+0000] {processor.py:183} INFO - Processing /home/airflow/.local/lib/python3.12/site-packages/airflow/example_dags/example_sensors.py took 0.090 seconds
[2026-07-16T11:13:09.695+0000] {processor.py:161} INFO - Started process (PID=1223) to work on /home/airflow/.local/lib/python3.12/site-packages/airflow/example_dags/example_sensors.py
[2026-07-16T11:13:09.697+0000] {processor.py:830} INFO - Processing file /home/airflow/.local/lib/python3.12/site-packages/airflow/example_dags/example_sensors.py for tasks to queue
[2026-07-16T11:13:09.700+0000] {logging_mixin.py:188} INFO - [2026-07-16T11:13:09.699+0000] {dagbag.py:540} INFO - Filling up the DagBag from /home/airflow/.local/lib/python3.12/site-packages/airflow/example_dags/example_sensors.py
[2026-07-16T11:13:09.708+0000] {processor.py:840} INFO - DAG(s) 'example_sensors' retrieved from /home/airflow/.local/lib/python3.12/site-packages/airflow/example_dags/example_sensors.py
[2026-07-16T11:13:09.731+0000] {logging_mixin.py:188} INFO - [2026-07-16T11:13:09.730+0000] {dag.py:3096} INFO - Sync 1 DAGs
[2026-07-16T11:13:09.742+0000] {logging_mixin.py:188} INFO - [2026-07-16T11:13:09.742+0000] {dag.py:3954} INFO - Setting next_dagrun for example_sensors to None, run_after=None
[2026-07-16T11:13:09.762+0000] {processor.py:183} INFO - Processing /home/airflow/.local/lib/python3.12/site-packages/airflow/example_dags/example_sensors.py took 0.074 seconds
[2026-07-16T11:13:39.955+0000] {processor.py:161} INFO - Started process (PID=1282) to work on /home/airflow/.local/lib/python3.12/site-packages/airflow/example_dags/example_sensors.py
[2026-07-16T11:13:39.957+0000] {processor.py:830} INFO - Processing file /home/airflow/.local/lib/python3.12/site-packages/airflow/example_dags/example_sensors.py for tasks to queue
[2026-07-16T11:13:39.960+0000] {logging_mixin.py:188} INFO - [2026-07-16T11:13:39.960+0000] {dagbag.py:540} INFO - Filling up the DagBag from /home/airflow/.local/lib/python3.12/site-packages/airflow/example_dags/example_sensors.py
[2026-07-16T11:13:39.972+0000] {processor.py:840} INFO - DAG(s) 'example_sensors' retrieved from /home/airflow/.local/lib/python3.12/site-packages/airflow/example_dags/example_sensors.py
[2026-07-16T11:13:40.010+0000] {logging_mixin.py:188} INFO - [2026-07-16T11:13:40.010+0000] {dag.py:3096} INFO - Sync 1 DAGs
[2026-07-16T11:13:40.022+0000] {logging_mixin.py:188} INFO - [2026-07-16T11:13:40.021+0000] {dag.py:3954} INFO - Setting next_dagrun for example_sensors to None, run_after=None
[2026-07-16T11:13:40.044+0000] {processor.py:183} INFO - Processing /home/airflow/.local/lib/python3.12/site-packages/airflow/example_dags/example_sensors.py took 0.094 seconds
[2026-07-16T11:14:10.163+0000] {processor.py:161} INFO - Started process (PID=1341) to work on /home/airflow/.local/lib/python3.12/site-packages/airflow/example_dags/example_sensors.py
[2026-07-16T11:14:10.165+0000] {processor.py:830} INFO - Processing file /home/airflow/.local/lib/python3.12/site-packages/airflow/example_dags/example_sensors.py for tasks to queue
[2026-07-16T11:14:10.167+0000] {logging_mixin.py:188} INFO - [2026-07-16T11:14:10.166+0000] {dagbag.py:540} INFO - Filling up the DagBag from /home/airflow/.local/lib/python3.12/site-packages/airflow/example_dags/example_sensors.py
[2026-07-16T11:14:10.174+0000] {processor.py:840} INFO - DAG(s) 'example_sensors' retrieved from /home/airflow/.local/lib/python3.12/site-packages/airflow/example_dags/example_sensors.py
[2026-07-16T11:14:10.195+0000] {logging_mixin.py:188} INFO - [2026-07-16T11:14:10.194+0000] {dag.py:3096} INFO - Sync 1 DAGs
[2026-07-16T11:14:10.206+0000] {logging_mixin.py:188} INFO - [2026-07-16T11:14:10.206+0000] {dag.py:3954} INFO - Setting next_dagrun for example_sensors to None, run_after=None
[2026-07-16T11:14:10.227+0000] {processor.py:183} INFO - Processing /home/airflow/.local/lib/python3.12/site-packages/airflow/example_dags/example_sensors.py took 0.068 seconds
[2026-07-16T11:14:40.326+0000] {processor.py:161} INFO - Started process (PID=1400) to work on /home/airflow/.local/lib/python3.12/site-packages/airflow/example_dags/example_sensors.py
[2026-07-16T11:14:40.327+0000] {processor.py:830} INFO - Processing file /home/airflow/.local/lib/python3.12/site-packages/airflow/example_dags/example_sensors.py for tasks to queue
[2026-07-16T11:14:40.329+0000] {logging_mixin.py:188} INFO - [2026-07-16T11:14:40.329+0000] {dagbag.py:540} INFO - Filling up the DagBag from /home/airflow/.local/lib/python3.12/site-packages/airflow/example_dags/example_sensors.py
[2026-07-16T11:14:40.337+0000] {processor.py:840} INFO - DAG(s) 'example_sensors' retrieved from /home/airflow/.local/lib/python3.12/site-packages/airflow/example_dags/example_sensors.py
[2026-07-16T11:14:40.357+0000] {logging_mixin.py:188} INFO - [2026-07-16T11:14:40.357+0000] {dag.py:3096} INFO - Sync 1 DAGs
[2026-07-16T11:14:40.367+0000] {logging_mixin.py:188} INFO - [2026-07-16T11:14:40.367+0000] {dag.py:3954} INFO - Setting next_dagrun for example_sensors to None, run_after=None
[2026-07-16T11:14:40.386+0000] {processor.py:183} INFO - Processing /home/airflow/.local/lib/python3.12/site-packages/airflow/example_dags/example_sensors.py took 0.065 seconds
[2026-07-16T11:15:11.057+0000] {processor.py:161} INFO - Started process (PID=1459) to work on /home/airflow/.local/lib/python3.12/site-packages/airflow/example_dags/example_sensors.py
[2026-07-16T11:15:11.059+0000] {processor.py:830} INFO - Processing file /home/airflow/.local/lib/python3.12/site-packages/airflow/example_dags/example_sensors.py for tasks to queue
[2026-07-16T11:15:11.061+0000] {logging_mixin.py:188} INFO - [2026-07-16T11:15:11.061+0000] {dagbag.py:540} INFO - Filling up the DagBag from /home/airflow/.local/lib/python3.12/site-packages/airflow/example_dags/example_sensors.py
[2026-07-16T11:15:11.071+0000] {processor.py:840} INFO - DAG(s) 'example_sensors' retrieved from /home/airflow/.local/lib/python3.12/site-packages/airflow/example_dags/example_sensors.py
[2026-07-16T11:15:11.121+0000] {logging_mixin.py:188} INFO - [2026-07-16T11:15:11.121+0000] {dag.py:3096} INFO - Sync 1 DAGs
[2026-07-16T11:15:11.141+0000] {logging_mixin.py:188} INFO - [2026-07-16T11:15:11.140+0000] {dag.py:3954} INFO - Setting next_dagrun for example_sensors to None, run_after=None
[2026-07-16T11:15:11.176+0000] {processor.py:183} INFO - Processing /home/airflow/.local/lib/python3.12/site-packages/airflow/example_dags/example_sensors.py took 0.126 seconds
[2026-07-16T11:15:41.311+0000] {processor.py:161} INFO - Started process (PID=1518) to work on /home/airflow/.local/lib/python3.12/site-packages/airflow/example_dags/example_sensors.py
[2026-07-16T11:15:41.313+0000] {processor.py:830} INFO - Processing file /home/airflow/.local/lib/python3.12/site-packages/airflow/example_dags/example_sensors.py for tasks to queue
[2026-07-16T11:15:41.315+0000] {logging_mixin.py:188} INFO - [2026-07-16T11:15:41.315+0000] {dagbag.py:540} INFO - Filling up the DagBag from /home/airflow/.local/lib/python3.12/site-packages/airflow/example_dags/example_sensors.py
[2026-07-16T11:15:41.325+0000] {processor.py:840} INFO - DAG(s) 'example_sensors' retrieved from /home/airflow/.local/lib/python3.12/site-packages/airflow/example_dags/example_sensors.py
[2026-07-16T11:15:41.363+0000] {logging_mixin.py:188} INFO - [2026-07-16T11:15:41.362+0000] {dag.py:3096} INFO - Sync 1 DAGs
[2026-07-16T11:15:41.382+0000] {logging_mixin.py:188} INFO - [2026-07-16T11:15:41.381+0000] {dag.py:3954} INFO - Setting next_dagrun for example_sensors to None, run_after=None
[2026-07-16T11:15:41.408+0000] {processor.py:183} INFO - Processing /home/airflow/.local/lib/python3.12/site-packages/airflow/example_dags/example_sensors.py took 0.103 seconds
[2026-07-16T11:16:12.137+0000] {processor.py:161} INFO - Started process (PID=1577) to work on /home/airflow/.local/lib/python3.12/site-packages/airflow/example_dags/example_sensors.py
[2026-07-16T11:16:12.139+0000] {processor.py:830} INFO - Processing file /home/airflow/.local/lib/python3.12/site-packages/airflow/example_dags/example_sensors.py for tasks to queue
[2026-07-16T11:16:12.142+0000] {logging_mixin.py:188} INFO - [2026-07-16T11:16:12.142+0000] {dagbag.py:540} INFO - Filling up the DagBag from /home/airflow/.local/lib/python3.12/site-packages/airflow/example_dags/example_sensors.py
[2026-07-16T11:16:12.154+0000] {processor.py:840} INFO - DAG(s) 'example_sensors' retrieved from /home/airflow/.local/lib/python3.12/site-packages/airflow/example_dags/example_sensors.py
[2026-07-16T11:16:12.182+0000] {logging_mixin.py:188} INFO - [2026-07-16T11:16:12.182+0000] {dag.py:3096} INFO - Sync 1 DAGs
[2026-07-16T11:16:12.194+0000] {logging_mixin.py:188} INFO - [2026-07-16T11:16:12.194+0000] {dag.py:3954} INFO - Setting next_dagrun for example_sensors to None, run_after=None
[2026-07-16T11:16:12.211+0000] {processor.py:183} INFO - Processing /home/airflow/.local/lib/python3.12/site-packages/airflow/example_dags/example_sensors.py took 0.082 seconds
[2026-07-16T11:16:42.696+0000] {processor.py:161} INFO - Started process (PID=1636) to work on /home/airflow/.local/lib/python3.12/site-packages/airflow/example_dags/example_sensors.py
[2026-07-16T11:16:42.698+0000] {processor.py:830} INFO - Processing file /home/airflow/.local/lib/python3.12/site-packages/airflow/example_dags/example_sensors.py for tasks to queue
[2026-07-16T11:16:42.702+0000] {logging_mixin.py:188} INFO - [2026-07-16T11:16:42.702+0000] {dagbag.py:540} INFO - Filling up the DagBag from /home/airflow/.local/lib/python3.12/site-packages/airflow/example_dags/example_sensors.py
[2026-07-16T11:16:42.712+0000] {processor.py:840} INFO - DAG(s) 'example_sensors' retrieved from /home/airflow/.local/lib/python3.12/site-packages/airflow/example_dags/example_sensors.py
[2026-07-16T11:16:42.737+0000] {logging_mixin.py:188} INFO - [2026-07-16T11:16:42.737+0000] {dag.py:3096} INFO - Sync 1 DAGs
[2026-07-16T11:16:42.752+0000] {logging_mixin.py:188} INFO - [2026-07-16T11:16:42.752+0000] {dag.py:3954} INFO - Setting next_dagrun for example_sensors to None, run_after=None
[2026-07-16T11:16:42.774+0000] {processor.py:183} INFO - Processing /home/airflow/.local/lib/python3.12/site-packages/airflow/example_dags/example_sensors.py took 0.084 seconds
[2026-07-16T11:17:13.582+0000] {processor.py:161} INFO - Started process (PID=1695) to work on /home/airflow/.local/lib/python3.12/site-packages/airflow/example_dags/example_sensors.py
[2026-07-16T11:17:13.584+0000] {processor.py:830} INFO - Processing file /home/airflow/.local/lib/python3.12/site-packages/airflow/example_dags/example_sensors.py for tasks to queue
[2026-07-16T11:17:13.586+0000] {logging_mixin.py:188} INFO - [2026-07-16T11:17:13.586+0000] {dagbag.py:540} INFO - Filling up the DagBag from /home/airflow/.local/lib/python3.12/site-packages/airflow/example_dags/example_sensors.py
[2026-07-16T11:17:13.595+0000] {processor.py:840} INFO - DAG(s) 'example_sensors' retrieved from /home/airflow/.local/lib/python3.12/site-packages/airflow/example_dags/example_sensors.py
[2026-07-16T11:17:13.618+0000] {logging_mixin.py:188} INFO - [2026-07-16T11:17:13.617+0000] {dag.py:3096} INFO - Sync 1 DAGs
[2026-07-16T11:17:13.631+0000] {logging_mixin.py:188} INFO - [2026-07-16T11:17:13.630+0000] {dag.py:3954} INFO - Setting next_dagrun for example_sensors to None, run_after=None
[2026-07-16T11:17:13.648+0000] {processor.py:183} INFO - Processing /home/airflow/.local/lib/python3.12/site-packages/airflow/example_dags/example_sensors.py took 0.070 seconds
[2026-07-16T11:17:43.967+0000] {processor.py:161} INFO - Started process (PID=1754) to work on /home/airflow/.local/lib/python3.12/site-packages/airflow/example_dags/example_sensors.py
[2026-07-16T11:17:43.969+0000] {processor.py:830} INFO - Processing file /home/airflow/.local/lib/python3.12/site-packages/airflow/example_dags/example_sensors.py for tasks to queue
[2026-07-16T11:17:43.971+0000] {logging_mixin.py:188} INFO - [2026-07-16T11:17:43.971+0000] {dagbag.py:540} INFO - Filling up the DagBag from /home/airflow/.local/lib/python3.12/site-packages/airflow/example_dags/example_sensors.py
[2026-07-16T11:17:43.980+0000] {processor.py:840} INFO - DAG(s) 'example_sensors' retrieved from /home/airflow/.local/lib/python3.12/site-packages/airflow/example_dags/example_sensors.py
[2026-07-16T11:17:44.005+0000] {logging_mixin.py:188} INFO - [2026-07-16T11:17:44.005+0000] {dag.py:3096} INFO - Sync 1 DAGs
[2026-07-16T11:17:44.017+0000] {logging_mixin.py:188} INFO - [2026-07-16T11:17:44.017+0000] {dag.py:3954} INFO - Setting next_dagrun for example_sensors to None, run_after=None
[2026-07-16T11:17:44.037+0000] {processor.py:183} INFO - Processing /home/airflow/.local/lib/python3.12/site-packages/airflow/example_dags/example_sensors.py took 0.075 seconds
[2026-07-16T11:18:15.195+0000] {processor.py:161} INFO - Started process (PID=1813) to work on /home/airflow/.local/lib/python3.12/site-packages/airflow/example_dags/example_sensors.py
[2026-07-16T11:18:15.197+0000] {processor.py:830} INFO - Processing file /home/airflow/.local/lib/python3.12/site-packages/airflow/example_dags/example_sensors.py for tasks to queue
[2026-07-16T11:18:15.201+0000] {logging_mixin.py:188} INFO - [2026-07-16T11:18:15.201+0000] {dagbag.py:540} INFO - Filling up the DagBag from /home/airflow/.local/lib/python3.12/site-packages/airflow/example_dags/example_sensors.py
[2026-07-16T11:18:15.219+0000] {processor.py:840} INFO - DAG(s) 'example_sensors' retrieved from /home/airflow/.local/lib/python3.12/site-packages/airflow/example_dags/example_sensors.py
[2026-07-16T11:18:15.263+0000] {logging_mixin.py:188} INFO - [2026-07-16T11:18:15.263+0000] {dag.py:3096} INFO - Sync 1 DAGs
[2026-07-16T11:18:15.292+0000] {logging_mixin.py:188} INFO - [2026-07-16T11:18:15.291+0000] {dag.py:3954} INFO - Setting next_dagrun for example_sensors to None, run_after=None
[2026-07-16T11:18:15.329+0000] {processor.py:183} INFO - Processing /home/airflow/.local/lib/python3.12/site-packages/airflow/example_dags/example_sensors.py took 0.144 seconds
