[2026-07-16T11:03:29.548+0000] {processor.py:161} INFO - Started process (PID=97) to work on /home/airflow/.local/lib/python3.12/site-packages/airflow/example_dags/example_branch_labels.py
[2026-07-16T11:03:29.555+0000] {processor.py:830} INFO - Processing file /home/airflow/.local/lib/python3.12/site-packages/airflow/example_dags/example_branch_labels.py for tasks to queue
[2026-07-16T11:03:29.566+0000] {logging_mixin.py:188} INFO - [2026-07-16T11:03:29.565+0000] {dagbag.py:540} INFO - Filling up the DagBag from /home/airflow/.local/lib/python3.12/site-packages/airflow/example_dags/example_branch_labels.py
[2026-07-16T11:03:29.578+0000] {processor.py:840} INFO - DAG(s) 'example_branch_labels' retrieved from /home/airflow/.local/lib/python3.12/site-packages/airflow/example_dags/example_branch_labels.py
[2026-07-16T11:03:29.596+0000] {logging_mixin.py:188} INFO - [2026-07-16T11:03:29.596+0000] {dag.py:3096} INFO - Sync 1 DAGs
[2026-07-16T11:03:29.626+0000] {logging_mixin.py:188} INFO - [2026-07-16T11:03:29.626+0000] {dag.py:3954} INFO - Setting next_dagrun for example_branch_labels to 2026-07-15 00:00:00+00:00, run_after=2026-07-16 00:00:00+00:00
[2026-07-16T11:03:29.649+0000] {processor.py:183} INFO - Processing /home/airflow/.local/lib/python3.12/site-packages/airflow/example_dags/example_branch_labels.py took 0.112 seconds
[2026-07-16T11:03:59.994+0000] {processor.py:161} INFO - Started process (PID=156) to work on /home/airflow/.local/lib/python3.12/site-packages/airflow/example_dags/example_branch_labels.py
[2026-07-16T11:03:59.996+0000] {processor.py:830} INFO - Processing file /home/airflow/.local/lib/python3.12/site-packages/airflow/example_dags/example_branch_labels.py for tasks to queue
[2026-07-16T11:03:59.998+0000] {logging_mixin.py:188} INFO - [2026-07-16T11:03:59.998+0000] {dagbag.py:540} INFO - Filling up the DagBag from /home/airflow/.local/lib/python3.12/site-packages/airflow/example_dags/example_branch_labels.py
[2026-07-16T11:04:00.005+0000] {processor.py:840} INFO - DAG(s) 'example_branch_labels' retrieved from /home/airflow/.local/lib/python3.12/site-packages/airflow/example_dags/example_branch_labels.py
[2026-07-16T11:04:00.103+0000] {logging_mixin.py:188} INFO - [2026-07-16T11:04:00.103+0000] {dag.py:3096} INFO - Sync 1 DAGs
[2026-07-16T11:04:00.129+0000] {logging_mixin.py:188} INFO - [2026-07-16T11:04:00.129+0000] {dag.py:3954} INFO - Setting next_dagrun for example_branch_labels to 2026-07-15 00:00:00+00:00, run_after=2026-07-16 00:00:00+00:00
[2026-07-16T11:04:00.176+0000] {processor.py:183} INFO - Processing /home/airflow/.local/lib/python3.12/site-packages/airflow/example_dags/example_branch_labels.py took 0.187 seconds
[2026-07-16T11:04:31.105+0000] {processor.py:161} INFO - Started process (PID=216) to work on /home/airflow/.local/lib/python3.12/site-packages/airflow/example_dags/example_branch_labels.py
[2026-07-16T11:04:31.106+0000] {processor.py:830} INFO - Processing file /home/airflow/.local/lib/python3.12/site-packages/airflow/example_dags/example_branch_labels.py for tasks to queue
[2026-07-16T11:04:31.110+0000] {logging_mixin.py:188} INFO - [2026-07-16T11:04:31.109+0000] {dagbag.py:540} INFO - Filling up the DagBag from /home/airflow/.local/lib/python3.12/site-packages/airflow/example_dags/example_branch_labels.py
[2026-07-16T11:04:31.118+0000] {processor.py:840} INFO - DAG(s) 'example_branch_labels' retrieved from /home/airflow/.local/lib/python3.12/site-packages/airflow/example_dags/example_branch_labels.py
[2026-07-16T11:04:31.149+0000] {logging_mixin.py:188} INFO - [2026-07-16T11:04:31.149+0000] {dag.py:3096} INFO - Sync 1 DAGs
[2026-07-16T11:04:31.186+0000] {logging_mixin.py:188} INFO - [2026-07-16T11:04:31.186+0000] {dag.py:3954} INFO - Setting next_dagrun for example_branch_labels to 2026-07-15 00:00:00+00:00, run_after=2026-07-16 00:00:00+00:00
[2026-07-16T11:04:31.214+0000] {processor.py:183} INFO - Processing /home/airflow/.local/lib/python3.12/site-packages/airflow/example_dags/example_branch_labels.py took 0.116 seconds
[2026-07-16T11:05:01.286+0000] {processor.py:161} INFO - Started process (PID=275) to work on /home/airflow/.local/lib/python3.12/site-packages/airflow/example_dags/example_branch_labels.py
[2026-07-16T11:05:01.287+0000] {processor.py:830} INFO - Processing file /home/airflow/.local/lib/python3.12/site-packages/airflow/example_dags/example_branch_labels.py for tasks to queue
[2026-07-16T11:05:01.290+0000] {logging_mixin.py:188} INFO - [2026-07-16T11:05:01.290+0000] {dagbag.py:540} INFO - Filling up the DagBag from /home/airflow/.local/lib/python3.12/site-packages/airflow/example_dags/example_branch_labels.py
[2026-07-16T11:05:01.299+0000] {processor.py:840} INFO - DAG(s) 'example_branch_labels' retrieved from /home/airflow/.local/lib/python3.12/site-packages/airflow/example_dags/example_branch_labels.py
[2026-07-16T11:05:01.318+0000] {logging_mixin.py:188} INFO - [2026-07-16T11:05:01.318+0000] {dag.py:3096} INFO - Sync 1 DAGs
[2026-07-16T11:05:01.339+0000] {logging_mixin.py:188} INFO - [2026-07-16T11:05:01.339+0000] {dag.py:3954} INFO - Setting next_dagrun for example_branch_labels to 2026-07-15 00:00:00+00:00, run_after=2026-07-16 00:00:00+00:00
[2026-07-16T11:05:01.359+0000] {processor.py:183} INFO - Processing /home/airflow/.local/lib/python3.12/site-packages/airflow/example_dags/example_branch_labels.py took 0.080 seconds
[2026-07-16T11:05:31.694+0000] {processor.py:161} INFO - Started process (PID=334) to work on /home/airflow/.local/lib/python3.12/site-packages/airflow/example_dags/example_branch_labels.py
[2026-07-16T11:05:31.696+0000] {processor.py:830} INFO - Processing file /home/airflow/.local/lib/python3.12/site-packages/airflow/example_dags/example_branch_labels.py for tasks to queue
[2026-07-16T11:05:31.698+0000] {logging_mixin.py:188} INFO - [2026-07-16T11:05:31.698+0000] {dagbag.py:540} INFO - Filling up the DagBag from /home/airflow/.local/lib/python3.12/site-packages/airflow/example_dags/example_branch_labels.py
[2026-07-16T11:05:31.705+0000] {processor.py:840} INFO - DAG(s) 'example_branch_labels' retrieved from /home/airflow/.local/lib/python3.12/site-packages/airflow/example_dags/example_branch_labels.py
[2026-07-16T11:05:31.723+0000] {logging_mixin.py:188} INFO - [2026-07-16T11:05:31.722+0000] {dag.py:3096} INFO - Sync 1 DAGs
[2026-07-16T11:05:31.741+0000] {logging_mixin.py:188} INFO - [2026-07-16T11:05:31.741+0000] {dag.py:3954} INFO - Setting next_dagrun for example_branch_labels to 2026-07-15 00:00:00+00:00, run_after=2026-07-16 00:00:00+00:00
[2026-07-16T11:05:31.760+0000] {processor.py:183} INFO - Processing /home/airflow/.local/lib/python3.12/site-packages/airflow/example_dags/example_branch_labels.py took 0.071 seconds
[2026-07-16T11:06:01.973+0000] {processor.py:161} INFO - Started process (PID=393) to work on /home/airflow/.local/lib/python3.12/site-packages/airflow/example_dags/example_branch_labels.py
[2026-07-16T11:06:01.974+0000] {processor.py:830} INFO - Processing file /home/airflow/.local/lib/python3.12/site-packages/airflow/example_dags/example_branch_labels.py for tasks to queue
[2026-07-16T11:06:01.978+0000] {logging_mixin.py:188} INFO - [2026-07-16T11:06:01.977+0000] {dagbag.py:540} INFO - Filling up the DagBag from /home/airflow/.local/lib/python3.12/site-packages/airflow/example_dags/example_branch_labels.py
[2026-07-16T11:06:01.988+0000] {processor.py:840} INFO - DAG(s) 'example_branch_labels' retrieved from /home/airflow/.local/lib/python3.12/site-packages/airflow/example_dags/example_branch_labels.py
[2026-07-16T11:06:02.020+0000] {logging_mixin.py:188} INFO - [2026-07-16T11:06:02.019+0000] {dag.py:3096} INFO - Sync 1 DAGs
[2026-07-16T11:06:02.050+0000] {logging_mixin.py:188} INFO - [2026-07-16T11:06:02.049+0000] {dag.py:3954} INFO - Setting next_dagrun for example_branch_labels to 2026-07-15 00:00:00+00:00, run_after=2026-07-16 00:00:00+00:00
[2026-07-16T11:06:02.073+0000] {processor.py:183} INFO - Processing /home/airflow/.local/lib/python3.12/site-packages/airflow/example_dags/example_branch_labels.py took 0.106 seconds
[2026-07-16T11:06:32.130+0000] {processor.py:161} INFO - Started process (PID=452) to work on /home/airflow/.local/lib/python3.12/site-packages/airflow/example_dags/example_branch_labels.py
[2026-07-16T11:06:32.131+0000] {processor.py:830} INFO - Processing file /home/airflow/.local/lib/python3.12/site-packages/airflow/example_dags/example_branch_labels.py for tasks to queue
[2026-07-16T11:06:32.134+0000] {logging_mixin.py:188} INFO - [2026-07-16T11:06:32.134+0000] {dagbag.py:540} INFO - Filling up the DagBag from /home/airflow/.local/lib/python3.12/site-packages/airflow/example_dags/example_branch_labels.py
[2026-07-16T11:06:32.140+0000] {processor.py:840} INFO - DAG(s) 'example_branch_labels' retrieved from /home/airflow/.local/lib/python3.12/site-packages/airflow/example_dags/example_branch_labels.py
[2026-07-16T11:06:32.158+0000] {logging_mixin.py:188} INFO - [2026-07-16T11:06:32.158+0000] {dag.py:3096} INFO - Sync 1 DAGs
[2026-07-16T11:06:32.176+0000] {logging_mixin.py:188} INFO - [2026-07-16T11:06:32.176+0000] {dag.py:3954} INFO - Setting next_dagrun for example_branch_labels to 2026-07-15 00:00:00+00:00, run_after=2026-07-16 00:00:00+00:00
[2026-07-16T11:06:32.193+0000] {processor.py:183} INFO - Processing /home/airflow/.local/lib/python3.12/site-packages/airflow/example_dags/example_branch_labels.py took 0.068 seconds
[2026-07-16T11:07:02.412+0000] {processor.py:161} INFO - Started process (PID=511) to work on /home/airflow/.local/lib/python3.12/site-packages/airflow/example_dags/example_branch_labels.py
[2026-07-16T11:07:02.414+0000] {processor.py:830} INFO - Processing file /home/airflow/.local/lib/python3.12/site-packages/airflow/example_dags/example_branch_labels.py for tasks to queue
[2026-07-16T11:07:02.419+0000] {logging_mixin.py:188} INFO - [2026-07-16T11:07:02.419+0000] {dagbag.py:540} INFO - Filling up the DagBag from /home/airflow/.local/lib/python3.12/site-packages/airflow/example_dags/example_branch_labels.py
[2026-07-16T11:07:02.428+0000] {processor.py:840} INFO - DAG(s) 'example_branch_labels' retrieved from /home/airflow/.local/lib/python3.12/site-packages/airflow/example_dags/example_branch_labels.py
[2026-07-16T11:07:02.446+0000] {logging_mixin.py:188} INFO - [2026-07-16T11:07:02.445+0000] {dag.py:3096} INFO - Sync 1 DAGs
[2026-07-16T11:07:02.465+0000] {logging_mixin.py:188} INFO - [2026-07-16T11:07:02.464+0000] {dag.py:3954} INFO - Setting next_dagrun for example_branch_labels to 2026-07-15 00:00:00+00:00, run_after=2026-07-16 00:00:00+00:00
[2026-07-16T11:07:02.480+0000] {processor.py:183} INFO - Processing /home/airflow/.local/lib/python3.12/site-packages/airflow/example_dags/example_branch_labels.py took 0.073 seconds
[2026-07-16T11:07:32.835+0000] {processor.py:161} INFO - Started process (PID=570) to work on /home/airflow/.local/lib/python3.12/site-packages/airflow/example_dags/example_branch_labels.py
[2026-07-16T11:07:32.837+0000] {processor.py:830} INFO - Processing file /home/airflow/.local/lib/python3.12/site-packages/airflow/example_dags/example_branch_labels.py for tasks to queue
[2026-07-16T11:07:32.839+0000] {logging_mixin.py:188} INFO - [2026-07-16T11:07:32.838+0000] {dagbag.py:540} INFO - Filling up the DagBag from /home/airflow/.local/lib/python3.12/site-packages/airflow/example_dags/example_branch_labels.py
[2026-07-16T11:07:32.845+0000] {processor.py:840} INFO - DAG(s) 'example_branch_labels' retrieved from /home/airflow/.local/lib/python3.12/site-packages/airflow/example_dags/example_branch_labels.py
[2026-07-16T11:07:32.863+0000] {logging_mixin.py:188} INFO - [2026-07-16T11:07:32.862+0000] {dag.py:3096} INFO - Sync 1 DAGs
[2026-07-16T11:07:32.881+0000] {logging_mixin.py:188} INFO - [2026-07-16T11:07:32.881+0000] {dag.py:3954} INFO - Setting next_dagrun for example_branch_labels to 2026-07-15 00:00:00+00:00, run_after=2026-07-16 00:00:00+00:00
[2026-07-16T11:07:32.897+0000] {processor.py:183} INFO - Processing /home/airflow/.local/lib/python3.12/site-packages/airflow/example_dags/example_branch_labels.py took 0.067 seconds
[2026-07-16T11:08:03.324+0000] {processor.py:161} INFO - Started process (PID=629) to work on /home/airflow/.local/lib/python3.12/site-packages/airflow/example_dags/example_branch_labels.py
[2026-07-16T11:08:03.325+0000] {processor.py:830} INFO - Processing file /home/airflow/.local/lib/python3.12/site-packages/airflow/example_dags/example_branch_labels.py for tasks to queue
[2026-07-16T11:08:03.327+0000] {logging_mixin.py:188} INFO - [2026-07-16T11:08:03.327+0000] {dagbag.py:540} INFO - Filling up the DagBag from /home/airflow/.local/lib/python3.12/site-packages/airflow/example_dags/example_branch_labels.py
[2026-07-16T11:08:03.334+0000] {processor.py:840} INFO - DAG(s) 'example_branch_labels' retrieved from /home/airflow/.local/lib/python3.12/site-packages/airflow/example_dags/example_branch_labels.py
[2026-07-16T11:08:03.352+0000] {logging_mixin.py:188} INFO - [2026-07-16T11:08:03.352+0000] {dag.py:3096} INFO - Sync 1 DAGs
[2026-07-16T11:08:03.371+0000] {logging_mixin.py:188} INFO - [2026-07-16T11:08:03.370+0000] {dag.py:3954} INFO - Setting next_dagrun for example_branch_labels to 2026-07-15 00:00:00+00:00, run_after=2026-07-16 00:00:00+00:00
[2026-07-16T11:08:03.387+0000] {processor.py:183} INFO - Processing /home/airflow/.local/lib/python3.12/site-packages/airflow/example_dags/example_branch_labels.py took 0.068 seconds
[2026-07-16T11:08:33.622+0000] {processor.py:161} INFO - Started process (PID=688) to work on /home/airflow/.local/lib/python3.12/site-packages/airflow/example_dags/example_branch_labels.py
[2026-07-16T11:08:33.624+0000] {processor.py:830} INFO - Processing file /home/airflow/.local/lib/python3.12/site-packages/airflow/example_dags/example_branch_labels.py for tasks to queue
[2026-07-16T11:08:33.626+0000] {logging_mixin.py:188} INFO - [2026-07-16T11:08:33.626+0000] {dagbag.py:540} INFO - Filling up the DagBag from /home/airflow/.local/lib/python3.12/site-packages/airflow/example_dags/example_branch_labels.py
[2026-07-16T11:08:33.635+0000] {processor.py:840} INFO - DAG(s) 'example_branch_labels' retrieved from /home/airflow/.local/lib/python3.12/site-packages/airflow/example_dags/example_branch_labels.py
[2026-07-16T11:08:33.651+0000] {logging_mixin.py:188} INFO - [2026-07-16T11:08:33.651+0000] {dag.py:3096} INFO - Sync 1 DAGs
[2026-07-16T11:08:33.670+0000] {logging_mixin.py:188} INFO - [2026-07-16T11:08:33.670+0000] {dag.py:3954} INFO - Setting next_dagrun for example_branch_labels to 2026-07-15 00:00:00+00:00, run_after=2026-07-16 00:00:00+00:00
[2026-07-16T11:08:33.687+0000] {processor.py:183} INFO - Processing /home/airflow/.local/lib/python3.12/site-packages/airflow/example_dags/example_branch_labels.py took 0.069 seconds
[2026-07-16T11:09:04.796+0000] {processor.py:161} INFO - Started process (PID=747) to work on /home/airflow/.local/lib/python3.12/site-packages/airflow/example_dags/example_branch_labels.py
[2026-07-16T11:09:04.797+0000] {processor.py:830} INFO - Processing file /home/airflow/.local/lib/python3.12/site-packages/airflow/example_dags/example_branch_labels.py for tasks to queue
[2026-07-16T11:09:04.799+0000] {logging_mixin.py:188} INFO - [2026-07-16T11:09:04.799+0000] {dagbag.py:540} INFO - Filling up the DagBag from /home/airflow/.local/lib/python3.12/site-packages/airflow/example_dags/example_branch_labels.py
[2026-07-16T11:09:04.805+0000] {processor.py:840} INFO - DAG(s) 'example_branch_labels' retrieved from /home/airflow/.local/lib/python3.12/site-packages/airflow/example_dags/example_branch_labels.py
[2026-07-16T11:09:04.824+0000] {logging_mixin.py:188} INFO - [2026-07-16T11:09:04.824+0000] {dag.py:3096} INFO - Sync 1 DAGs
[2026-07-16T11:09:04.849+0000] {logging_mixin.py:188} INFO - [2026-07-16T11:09:04.848+0000] {dag.py:3954} INFO - Setting next_dagrun for example_branch_labels to 2026-07-15 00:00:00+00:00, run_after=2026-07-16 00:00:00+00:00
[2026-07-16T11:09:04.867+0000] {processor.py:183} INFO - Processing /home/airflow/.local/lib/python3.12/site-packages/airflow/example_dags/example_branch_labels.py took 0.075 seconds
[2026-07-16T11:09:35.294+0000] {processor.py:161} INFO - Started process (PID=806) to work on /home/airflow/.local/lib/python3.12/site-packages/airflow/example_dags/example_branch_labels.py
[2026-07-16T11:09:35.295+0000] {processor.py:830} INFO - Processing file /home/airflow/.local/lib/python3.12/site-packages/airflow/example_dags/example_branch_labels.py for tasks to queue
[2026-07-16T11:09:35.298+0000] {logging_mixin.py:188} INFO - [2026-07-16T11:09:35.297+0000] {dagbag.py:540} INFO - Filling up the DagBag from /home/airflow/.local/lib/python3.12/site-packages/airflow/example_dags/example_branch_labels.py
[2026-07-16T11:09:35.306+0000] {processor.py:840} INFO - DAG(s) 'example_branch_labels' retrieved from /home/airflow/.local/lib/python3.12/site-packages/airflow/example_dags/example_branch_labels.py
[2026-07-16T11:09:35.325+0000] {logging_mixin.py:188} INFO - [2026-07-16T11:09:35.324+0000] {dag.py:3096} INFO - Sync 1 DAGs
[2026-07-16T11:09:35.346+0000] {logging_mixin.py:188} INFO - [2026-07-16T11:09:35.346+0000] {dag.py:3954} INFO - Setting next_dagrun for example_branch_labels to 2026-07-15 00:00:00+00:00, run_after=2026-07-16 00:00:00+00:00
[2026-07-16T11:09:35.364+0000] {processor.py:183} INFO - Processing /home/airflow/.local/lib/python3.12/site-packages/airflow/example_dags/example_branch_labels.py took 0.076 seconds
[2026-07-16T11:10:05.749+0000] {processor.py:161} INFO - Started process (PID=865) to work on /home/airflow/.local/lib/python3.12/site-packages/airflow/example_dags/example_branch_labels.py
[2026-07-16T11:10:05.750+0000] {processor.py:830} INFO - Processing file /home/airflow/.local/lib/python3.12/site-packages/airflow/example_dags/example_branch_labels.py for tasks to queue
[2026-07-16T11:10:05.753+0000] {logging_mixin.py:188} INFO - [2026-07-16T11:10:05.752+0000] {dagbag.py:540} INFO - Filling up the DagBag from /home/airflow/.local/lib/python3.12/site-packages/airflow/example_dags/example_branch_labels.py
[2026-07-16T11:10:05.759+0000] {processor.py:840} INFO - DAG(s) 'example_branch_labels' retrieved from /home/airflow/.local/lib/python3.12/site-packages/airflow/example_dags/example_branch_labels.py
[2026-07-16T11:10:05.776+0000] {logging_mixin.py:188} INFO - [2026-07-16T11:10:05.776+0000] {dag.py:3096} INFO - Sync 1 DAGs
[2026-07-16T11:10:05.794+0000] {logging_mixin.py:188} INFO - [2026-07-16T11:10:05.793+0000] {dag.py:3954} INFO - Setting next_dagrun for example_branch_labels to 2026-07-15 00:00:00+00:00, run_after=2026-07-16 00:00:00+00:00
[2026-07-16T11:10:05.812+0000] {processor.py:183} INFO - Processing /home/airflow/.local/lib/python3.12/site-packages/airflow/example_dags/example_branch_labels.py took 0.067 seconds
[2026-07-16T11:10:35.902+0000] {processor.py:161} INFO - Started process (PID=924) to work on /home/airflow/.local/lib/python3.12/site-packages/airflow/example_dags/example_branch_labels.py
[2026-07-16T11:10:35.904+0000] {processor.py:830} INFO - Processing file /home/airflow/.local/lib/python3.12/site-packages/airflow/example_dags/example_branch_labels.py for tasks to queue
[2026-07-16T11:10:35.906+0000] {logging_mixin.py:188} INFO - [2026-07-16T11:10:35.906+0000] {dagbag.py:540} INFO - Filling up the DagBag from /home/airflow/.local/lib/python3.12/site-packages/airflow/example_dags/example_branch_labels.py
[2026-07-16T11:10:35.913+0000] {processor.py:840} INFO - DAG(s) 'example_branch_labels' retrieved from /home/airflow/.local/lib/python3.12/site-packages/airflow/example_dags/example_branch_labels.py
[2026-07-16T11:10:35.931+0000] {logging_mixin.py:188} INFO - [2026-07-16T11:10:35.931+0000] {dag.py:3096} INFO - Sync 1 DAGs
[2026-07-16T11:10:35.951+0000] {logging_mixin.py:188} INFO - [2026-07-16T11:10:35.951+0000] {dag.py:3954} INFO - Setting next_dagrun for example_branch_labels to 2026-07-15 00:00:00+00:00, run_after=2026-07-16 00:00:00+00:00
[2026-07-16T11:10:35.968+0000] {processor.py:183} INFO - Processing /home/airflow/.local/lib/python3.12/site-packages/airflow/example_dags/example_branch_labels.py took 0.070 seconds
[2026-07-16T11:11:06.849+0000] {processor.py:161} INFO - Started process (PID=983) to work on /home/airflow/.local/lib/python3.12/site-packages/airflow/example_dags/example_branch_labels.py
[2026-07-16T11:11:06.851+0000] {processor.py:830} INFO - Processing file /home/airflow/.local/lib/python3.12/site-packages/airflow/example_dags/example_branch_labels.py for tasks to queue
[2026-07-16T11:11:06.853+0000] {logging_mixin.py:188} INFO - [2026-07-16T11:11:06.853+0000] {dagbag.py:540} INFO - Filling up the DagBag from /home/airflow/.local/lib/python3.12/site-packages/airflow/example_dags/example_branch_labels.py
[2026-07-16T11:11:06.860+0000] {processor.py:840} INFO - DAG(s) 'example_branch_labels' retrieved from /home/airflow/.local/lib/python3.12/site-packages/airflow/example_dags/example_branch_labels.py
[2026-07-16T11:11:06.881+0000] {logging_mixin.py:188} INFO - [2026-07-16T11:11:06.881+0000] {dag.py:3096} INFO - Sync 1 DAGs
[2026-07-16T11:11:06.903+0000] {logging_mixin.py:188} INFO - [2026-07-16T11:11:06.903+0000] {dag.py:3954} INFO - Setting next_dagrun for example_branch_labels to 2026-07-15 00:00:00+00:00, run_after=2026-07-16 00:00:00+00:00
[2026-07-16T11:11:06.926+0000] {processor.py:183} INFO - Processing /home/airflow/.local/lib/python3.12/site-packages/airflow/example_dags/example_branch_labels.py took 0.082 seconds
[2026-07-16T11:11:37.945+0000] {processor.py:161} INFO - Started process (PID=1042) to work on /home/airflow/.local/lib/python3.12/site-packages/airflow/example_dags/example_branch_labels.py
[2026-07-16T11:11:37.946+0000] {processor.py:830} INFO - Processing file /home/airflow/.local/lib/python3.12/site-packages/airflow/example_dags/example_branch_labels.py for tasks to queue
[2026-07-16T11:11:37.948+0000] {logging_mixin.py:188} INFO - [2026-07-16T11:11:37.948+0000] {dagbag.py:540} INFO - Filling up the DagBag from /home/airflow/.local/lib/python3.12/site-packages/airflow/example_dags/example_branch_labels.py
[2026-07-16T11:11:37.955+0000] {processor.py:840} INFO - DAG(s) 'example_branch_labels' retrieved from /home/airflow/.local/lib/python3.12/site-packages/airflow/example_dags/example_branch_labels.py
[2026-07-16T11:11:37.973+0000] {logging_mixin.py:188} INFO - [2026-07-16T11:11:37.973+0000] {dag.py:3096} INFO - Sync 1 DAGs
[2026-07-16T11:11:37.991+0000] {logging_mixin.py:188} INFO - [2026-07-16T11:11:37.991+0000] {dag.py:3954} INFO - Setting next_dagrun for example_branch_labels to 2026-07-15 00:00:00+00:00, run_after=2026-07-16 00:00:00+00:00
[2026-07-16T11:11:38.009+0000] {processor.py:183} INFO - Processing /home/airflow/.local/lib/python3.12/site-packages/airflow/example_dags/example_branch_labels.py took 0.070 seconds
[2026-07-16T11:12:08.901+0000] {processor.py:161} INFO - Started process (PID=1101) to work on /home/airflow/.local/lib/python3.12/site-packages/airflow/example_dags/example_branch_labels.py
[2026-07-16T11:12:08.903+0000] {processor.py:830} INFO - Processing file /home/airflow/.local/lib/python3.12/site-packages/airflow/example_dags/example_branch_labels.py for tasks to queue
[2026-07-16T11:12:08.905+0000] {logging_mixin.py:188} INFO - [2026-07-16T11:12:08.905+0000] {dagbag.py:540} INFO - Filling up the DagBag from /home/airflow/.local/lib/python3.12/site-packages/airflow/example_dags/example_branch_labels.py
[2026-07-16T11:12:08.913+0000] {processor.py:840} INFO - DAG(s) 'example_branch_labels' retrieved from /home/airflow/.local/lib/python3.12/site-packages/airflow/example_dags/example_branch_labels.py
[2026-07-16T11:12:08.934+0000] {logging_mixin.py:188} INFO - [2026-07-16T11:12:08.933+0000] {dag.py:3096} INFO - Sync 1 DAGs
[2026-07-16T11:12:08.955+0000] {logging_mixin.py:188} INFO - [2026-07-16T11:12:08.954+0000] {dag.py:3954} INFO - Setting next_dagrun for example_branch_labels to 2026-07-15 00:00:00+00:00, run_after=2026-07-16 00:00:00+00:00
[2026-07-16T11:12:08.976+0000] {processor.py:183} INFO - Processing /home/airflow/.local/lib/python3.12/site-packages/airflow/example_dags/example_branch_labels.py took 0.080 seconds
[2026-07-16T11:12:39.266+0000] {processor.py:161} INFO - Started process (PID=1160) to work on /home/airflow/.local/lib/python3.12/site-packages/airflow/example_dags/example_branch_labels.py
[2026-07-16T11:12:39.268+0000] {processor.py:830} INFO - Processing file /home/airflow/.local/lib/python3.12/site-packages/airflow/example_dags/example_branch_labels.py for tasks to queue
[2026-07-16T11:12:39.271+0000] {logging_mixin.py:188} INFO - [2026-07-16T11:12:39.270+0000] {dagbag.py:540} INFO - Filling up the DagBag from /home/airflow/.local/lib/python3.12/site-packages/airflow/example_dags/example_branch_labels.py
[2026-07-16T11:12:39.280+0000] {processor.py:840} INFO - DAG(s) 'example_branch_labels' retrieved from /home/airflow/.local/lib/python3.12/site-packages/airflow/example_dags/example_branch_labels.py
[2026-07-16T11:12:39.301+0000] {logging_mixin.py:188} INFO - [2026-07-16T11:12:39.301+0000] {dag.py:3096} INFO - Sync 1 DAGs
[2026-07-16T11:12:39.322+0000] {logging_mixin.py:188} INFO - [2026-07-16T11:12:39.322+0000] {dag.py:3954} INFO - Setting next_dagrun for example_branch_labels to 2026-07-15 00:00:00+00:00, run_after=2026-07-16 00:00:00+00:00
[2026-07-16T11:12:39.347+0000] {processor.py:183} INFO - Processing /home/airflow/.local/lib/python3.12/site-packages/airflow/example_dags/example_branch_labels.py took 0.087 seconds
[2026-07-16T11:13:09.493+0000] {processor.py:161} INFO - Started process (PID=1219) to work on /home/airflow/.local/lib/python3.12/site-packages/airflow/example_dags/example_branch_labels.py
[2026-07-16T11:13:09.494+0000] {processor.py:830} INFO - Processing file /home/airflow/.local/lib/python3.12/site-packages/airflow/example_dags/example_branch_labels.py for tasks to queue
[2026-07-16T11:13:09.498+0000] {logging_mixin.py:188} INFO - [2026-07-16T11:13:09.497+0000] {dagbag.py:540} INFO - Filling up the DagBag from /home/airflow/.local/lib/python3.12/site-packages/airflow/example_dags/example_branch_labels.py
[2026-07-16T11:13:09.504+0000] {processor.py:840} INFO - DAG(s) 'example_branch_labels' retrieved from /home/airflow/.local/lib/python3.12/site-packages/airflow/example_dags/example_branch_labels.py
[2026-07-16T11:13:09.522+0000] {logging_mixin.py:188} INFO - [2026-07-16T11:13:09.522+0000] {dag.py:3096} INFO - Sync 1 DAGs
[2026-07-16T11:13:09.543+0000] {logging_mixin.py:188} INFO - [2026-07-16T11:13:09.542+0000] {dag.py:3954} INFO - Setting next_dagrun for example_branch_labels to 2026-07-15 00:00:00+00:00, run_after=2026-07-16 00:00:00+00:00
[2026-07-16T11:13:09.564+0000] {processor.py:183} INFO - Processing /home/airflow/.local/lib/python3.12/site-packages/airflow/example_dags/example_branch_labels.py took 0.076 seconds
[2026-07-16T11:13:39.711+0000] {processor.py:161} INFO - Started process (PID=1278) to work on /home/airflow/.local/lib/python3.12/site-packages/airflow/example_dags/example_branch_labels.py
[2026-07-16T11:13:39.713+0000] {processor.py:830} INFO - Processing file /home/airflow/.local/lib/python3.12/site-packages/airflow/example_dags/example_branch_labels.py for tasks to queue
[2026-07-16T11:13:39.716+0000] {logging_mixin.py:188} INFO - [2026-07-16T11:13:39.716+0000] {dagbag.py:540} INFO - Filling up the DagBag from /home/airflow/.local/lib/python3.12/site-packages/airflow/example_dags/example_branch_labels.py
[2026-07-16T11:13:39.724+0000] {processor.py:840} INFO - DAG(s) 'example_branch_labels' retrieved from /home/airflow/.local/lib/python3.12/site-packages/airflow/example_dags/example_branch_labels.py
[2026-07-16T11:13:39.744+0000] {logging_mixin.py:188} INFO - [2026-07-16T11:13:39.743+0000] {dag.py:3096} INFO - Sync 1 DAGs
[2026-07-16T11:13:39.766+0000] {logging_mixin.py:188} INFO - [2026-07-16T11:13:39.766+0000] {dag.py:3954} INFO - Setting next_dagrun for example_branch_labels to 2026-07-15 00:00:00+00:00, run_after=2026-07-16 00:00:00+00:00
[2026-07-16T11:13:39.785+0000] {processor.py:183} INFO - Processing /home/airflow/.local/lib/python3.12/site-packages/airflow/example_dags/example_branch_labels.py took 0.079 seconds
[2026-07-16T11:14:09.851+0000] {processor.py:161} INFO - Started process (PID=1337) to work on /home/airflow/.local/lib/python3.12/site-packages/airflow/example_dags/example_branch_labels.py
[2026-07-16T11:14:09.853+0000] {processor.py:830} INFO - Processing file /home/airflow/.local/lib/python3.12/site-packages/airflow/example_dags/example_branch_labels.py for tasks to queue
[2026-07-16T11:14:09.855+0000] {logging_mixin.py:188} INFO - [2026-07-16T11:14:09.855+0000] {dagbag.py:540} INFO - Filling up the DagBag from /home/airflow/.local/lib/python3.12/site-packages/airflow/example_dags/example_branch_labels.py
[2026-07-16T11:14:09.862+0000] {processor.py:840} INFO - DAG(s) 'example_branch_labels' retrieved from /home/airflow/.local/lib/python3.12/site-packages/airflow/example_dags/example_branch_labels.py
[2026-07-16T11:14:09.880+0000] {logging_mixin.py:188} INFO - [2026-07-16T11:14:09.879+0000] {dag.py:3096} INFO - Sync 1 DAGs
[2026-07-16T11:14:09.900+0000] {logging_mixin.py:188} INFO - [2026-07-16T11:14:09.900+0000] {dag.py:3954} INFO - Setting next_dagrun for example_branch_labels to 2026-07-15 00:00:00+00:00, run_after=2026-07-16 00:00:00+00:00
[2026-07-16T11:14:09.916+0000] {processor.py:183} INFO - Processing /home/airflow/.local/lib/python3.12/site-packages/airflow/example_dags/example_branch_labels.py took 0.069 seconds
[2026-07-16T11:14:40.013+0000] {processor.py:161} INFO - Started process (PID=1396) to work on /home/airflow/.local/lib/python3.12/site-packages/airflow/example_dags/example_branch_labels.py
[2026-07-16T11:14:40.014+0000] {processor.py:830} INFO - Processing file /home/airflow/.local/lib/python3.12/site-packages/airflow/example_dags/example_branch_labels.py for tasks to queue
[2026-07-16T11:14:40.016+0000] {logging_mixin.py:188} INFO - [2026-07-16T11:14:40.016+0000] {dagbag.py:540} INFO - Filling up the DagBag from /home/airflow/.local/lib/python3.12/site-packages/airflow/example_dags/example_branch_labels.py
[2026-07-16T11:14:40.023+0000] {processor.py:840} INFO - DAG(s) 'example_branch_labels' retrieved from /home/airflow/.local/lib/python3.12/site-packages/airflow/example_dags/example_branch_labels.py
[2026-07-16T11:14:40.040+0000] {logging_mixin.py:188} INFO - [2026-07-16T11:14:40.039+0000] {dag.py:3096} INFO - Sync 1 DAGs
[2026-07-16T11:14:40.059+0000] {logging_mixin.py:188} INFO - [2026-07-16T11:14:40.059+0000] {dag.py:3954} INFO - Setting next_dagrun for example_branch_labels to 2026-07-15 00:00:00+00:00, run_after=2026-07-16 00:00:00+00:00
[2026-07-16T11:14:40.078+0000] {processor.py:183} INFO - Processing /home/airflow/.local/lib/python3.12/site-packages/airflow/example_dags/example_branch_labels.py took 0.070 seconds
[2026-07-16T11:15:10.685+0000] {processor.py:161} INFO - Started process (PID=1455) to work on /home/airflow/.local/lib/python3.12/site-packages/airflow/example_dags/example_branch_labels.py
[2026-07-16T11:15:10.687+0000] {processor.py:830} INFO - Processing file /home/airflow/.local/lib/python3.12/site-packages/airflow/example_dags/example_branch_labels.py for tasks to queue
[2026-07-16T11:15:10.691+0000] {logging_mixin.py:188} INFO - [2026-07-16T11:15:10.690+0000] {dagbag.py:540} INFO - Filling up the DagBag from /home/airflow/.local/lib/python3.12/site-packages/airflow/example_dags/example_branch_labels.py
[2026-07-16T11:15:10.707+0000] {processor.py:840} INFO - DAG(s) 'example_branch_labels' retrieved from /home/airflow/.local/lib/python3.12/site-packages/airflow/example_dags/example_branch_labels.py
[2026-07-16T11:15:10.747+0000] {logging_mixin.py:188} INFO - [2026-07-16T11:15:10.747+0000] {dag.py:3096} INFO - Sync 1 DAGs
[2026-07-16T11:15:10.800+0000] {logging_mixin.py:188} INFO - [2026-07-16T11:15:10.799+0000] {dag.py:3954} INFO - Setting next_dagrun for example_branch_labels to 2026-07-15 00:00:00+00:00, run_after=2026-07-16 00:00:00+00:00
[2026-07-16T11:15:10.841+0000] {processor.py:183} INFO - Processing /home/airflow/.local/lib/python3.12/site-packages/airflow/example_dags/example_branch_labels.py took 0.167 seconds
[2026-07-16T11:15:41.039+0000] {processor.py:161} INFO - Started process (PID=1514) to work on /home/airflow/.local/lib/python3.12/site-packages/airflow/example_dags/example_branch_labels.py
[2026-07-16T11:15:41.042+0000] {processor.py:830} INFO - Processing file /home/airflow/.local/lib/python3.12/site-packages/airflow/example_dags/example_branch_labels.py for tasks to queue
[2026-07-16T11:15:41.045+0000] {logging_mixin.py:188} INFO - [2026-07-16T11:15:41.045+0000] {dagbag.py:540} INFO - Filling up the DagBag from /home/airflow/.local/lib/python3.12/site-packages/airflow/example_dags/example_branch_labels.py
[2026-07-16T11:15:41.055+0000] {processor.py:840} INFO - DAG(s) 'example_branch_labels' retrieved from /home/airflow/.local/lib/python3.12/site-packages/airflow/example_dags/example_branch_labels.py
[2026-07-16T11:15:41.084+0000] {logging_mixin.py:188} INFO - [2026-07-16T11:15:41.084+0000] {dag.py:3096} INFO - Sync 1 DAGs
[2026-07-16T11:15:41.111+0000] {logging_mixin.py:188} INFO - [2026-07-16T11:15:41.111+0000] {dag.py:3954} INFO - Setting next_dagrun for example_branch_labels to 2026-07-15 00:00:00+00:00, run_after=2026-07-16 00:00:00+00:00
[2026-07-16T11:15:41.139+0000] {processor.py:183} INFO - Processing /home/airflow/.local/lib/python3.12/site-packages/airflow/example_dags/example_branch_labels.py took 0.108 seconds
[2026-07-16T11:16:11.827+0000] {processor.py:161} INFO - Started process (PID=1573) to work on /home/airflow/.local/lib/python3.12/site-packages/airflow/example_dags/example_branch_labels.py
[2026-07-16T11:16:11.830+0000] {processor.py:830} INFO - Processing file /home/airflow/.local/lib/python3.12/site-packages/airflow/example_dags/example_branch_labels.py for tasks to queue
[2026-07-16T11:16:11.835+0000] {logging_mixin.py:188} INFO - [2026-07-16T11:16:11.834+0000] {dagbag.py:540} INFO - Filling up the DagBag from /home/airflow/.local/lib/python3.12/site-packages/airflow/example_dags/example_branch_labels.py
[2026-07-16T11:16:11.852+0000] {processor.py:840} INFO - DAG(s) 'example_branch_labels' retrieved from /home/airflow/.local/lib/python3.12/site-packages/airflow/example_dags/example_branch_labels.py
[2026-07-16T11:16:11.921+0000] {logging_mixin.py:188} INFO - [2026-07-16T11:16:11.920+0000] {dag.py:3096} INFO - Sync 1 DAGs
[2026-07-16T11:16:11.950+0000] {logging_mixin.py:188} INFO - [2026-07-16T11:16:11.950+0000] {dag.py:3954} INFO - Setting next_dagrun for example_branch_labels to 2026-07-15 00:00:00+00:00, run_after=2026-07-16 00:00:00+00:00
[2026-07-16T11:16:11.970+0000] {processor.py:183} INFO - Processing /home/airflow/.local/lib/python3.12/site-packages/airflow/example_dags/example_branch_labels.py took 0.155 seconds
[2026-07-16T11:16:42.480+0000] {processor.py:161} INFO - Started process (PID=1632) to work on /home/airflow/.local/lib/python3.12/site-packages/airflow/example_dags/example_branch_labels.py
[2026-07-16T11:16:42.482+0000] {processor.py:830} INFO - Processing file /home/airflow/.local/lib/python3.12/site-packages/airflow/example_dags/example_branch_labels.py for tasks to queue
[2026-07-16T11:16:42.484+0000] {logging_mixin.py:188} INFO - [2026-07-16T11:16:42.484+0000] {dagbag.py:540} INFO - Filling up the DagBag from /home/airflow/.local/lib/python3.12/site-packages/airflow/example_dags/example_branch_labels.py
[2026-07-16T11:16:42.491+0000] {processor.py:840} INFO - DAG(s) 'example_branch_labels' retrieved from /home/airflow/.local/lib/python3.12/site-packages/airflow/example_dags/example_branch_labels.py
[2026-07-16T11:16:42.510+0000] {logging_mixin.py:188} INFO - [2026-07-16T11:16:42.510+0000] {dag.py:3096} INFO - Sync 1 DAGs
[2026-07-16T11:16:42.532+0000] {logging_mixin.py:188} INFO - [2026-07-16T11:16:42.532+0000] {dag.py:3954} INFO - Setting next_dagrun for example_branch_labels to 2026-07-15 00:00:00+00:00, run_after=2026-07-16 00:00:00+00:00
[2026-07-16T11:16:42.549+0000] {processor.py:183} INFO - Processing /home/airflow/.local/lib/python3.12/site-packages/airflow/example_dags/example_branch_labels.py took 0.074 seconds
[2026-07-16T11:17:13.384+0000] {processor.py:161} INFO - Started process (PID=1691) to work on /home/airflow/.local/lib/python3.12/site-packages/airflow/example_dags/example_branch_labels.py
[2026-07-16T11:17:13.385+0000] {processor.py:830} INFO - Processing file /home/airflow/.local/lib/python3.12/site-packages/airflow/example_dags/example_branch_labels.py for tasks to queue
[2026-07-16T11:17:13.388+0000] {logging_mixin.py:188} INFO - [2026-07-16T11:17:13.388+0000] {dagbag.py:540} INFO - Filling up the DagBag from /home/airflow/.local/lib/python3.12/site-packages/airflow/example_dags/example_branch_labels.py
[2026-07-16T11:17:13.396+0000] {processor.py:840} INFO - DAG(s) 'example_branch_labels' retrieved from /home/airflow/.local/lib/python3.12/site-packages/airflow/example_dags/example_branch_labels.py
[2026-07-16T11:17:13.415+0000] {logging_mixin.py:188} INFO - [2026-07-16T11:17:13.414+0000] {dag.py:3096} INFO - Sync 1 DAGs
[2026-07-16T11:17:13.437+0000] {logging_mixin.py:188} INFO - [2026-07-16T11:17:13.437+0000] {dag.py:3954} INFO - Setting next_dagrun for example_branch_labels to 2026-07-15 00:00:00+00:00, run_after=2026-07-16 00:00:00+00:00
[2026-07-16T11:17:13.459+0000] {processor.py:183} INFO - Processing /home/airflow/.local/lib/python3.12/site-packages/airflow/example_dags/example_branch_labels.py took 0.080 seconds
[2026-07-16T11:17:43.734+0000] {processor.py:161} INFO - Started process (PID=1750) to work on /home/airflow/.local/lib/python3.12/site-packages/airflow/example_dags/example_branch_labels.py
[2026-07-16T11:17:43.735+0000] {processor.py:830} INFO - Processing file /home/airflow/.local/lib/python3.12/site-packages/airflow/example_dags/example_branch_labels.py for tasks to queue
[2026-07-16T11:17:43.738+0000] {logging_mixin.py:188} INFO - [2026-07-16T11:17:43.738+0000] {dagbag.py:540} INFO - Filling up the DagBag from /home/airflow/.local/lib/python3.12/site-packages/airflow/example_dags/example_branch_labels.py
[2026-07-16T11:17:43.744+0000] {processor.py:840} INFO - DAG(s) 'example_branch_labels' retrieved from /home/airflow/.local/lib/python3.12/site-packages/airflow/example_dags/example_branch_labels.py
[2026-07-16T11:17:43.762+0000] {logging_mixin.py:188} INFO - [2026-07-16T11:17:43.762+0000] {dag.py:3096} INFO - Sync 1 DAGs
[2026-07-16T11:17:43.781+0000] {logging_mixin.py:188} INFO - [2026-07-16T11:17:43.781+0000] {dag.py:3954} INFO - Setting next_dagrun for example_branch_labels to 2026-07-15 00:00:00+00:00, run_after=2026-07-16 00:00:00+00:00
[2026-07-16T11:17:43.800+0000] {processor.py:183} INFO - Processing /home/airflow/.local/lib/python3.12/site-packages/airflow/example_dags/example_branch_labels.py took 0.071 seconds
[2026-07-16T11:18:14.857+0000] {processor.py:161} INFO - Started process (PID=1809) to work on /home/airflow/.local/lib/python3.12/site-packages/airflow/example_dags/example_branch_labels.py
[2026-07-16T11:18:14.859+0000] {processor.py:830} INFO - Processing file /home/airflow/.local/lib/python3.12/site-packages/airflow/example_dags/example_branch_labels.py for tasks to queue
[2026-07-16T11:18:14.863+0000] {logging_mixin.py:188} INFO - [2026-07-16T11:18:14.862+0000] {dagbag.py:540} INFO - Filling up the DagBag from /home/airflow/.local/lib/python3.12/site-packages/airflow/example_dags/example_branch_labels.py
[2026-07-16T11:18:14.876+0000] {processor.py:840} INFO - DAG(s) 'example_branch_labels' retrieved from /home/airflow/.local/lib/python3.12/site-packages/airflow/example_dags/example_branch_labels.py
[2026-07-16T11:18:14.900+0000] {logging_mixin.py:188} INFO - [2026-07-16T11:18:14.900+0000] {dag.py:3096} INFO - Sync 1 DAGs
[2026-07-16T11:18:14.935+0000] {logging_mixin.py:188} INFO - [2026-07-16T11:18:14.935+0000] {dag.py:3954} INFO - Setting next_dagrun for example_branch_labels to 2026-07-15 00:00:00+00:00, run_after=2026-07-16 00:00:00+00:00
[2026-07-16T11:18:14.969+0000] {processor.py:183} INFO - Processing /home/airflow/.local/lib/python3.12/site-packages/airflow/example_dags/example_branch_labels.py took 0.121 seconds
