[2026-07-16T11:03:28.754+0000] {processor.py:161} INFO - Started process (PID=89) to work on /home/airflow/.local/lib/python3.12/site-packages/airflow/example_dags/example_branch_datetime_operator.py
[2026-07-16T11:03:28.756+0000] {processor.py:830} INFO - Processing file /home/airflow/.local/lib/python3.12/site-packages/airflow/example_dags/example_branch_datetime_operator.py for tasks to queue
[2026-07-16T11:03:28.759+0000] {logging_mixin.py:188} INFO - [2026-07-16T11:03:28.759+0000] {dagbag.py:540} INFO - Filling up the DagBag from /home/airflow/.local/lib/python3.12/site-packages/airflow/example_dags/example_branch_datetime_operator.py
[2026-07-16T11:03:28.775+0000] {processor.py:840} INFO - DAG(s) 'example_branch_datetime_operator', 'example_branch_datetime_operator_2', 'example_branch_datetime_operator_3' retrieved from /home/airflow/.local/lib/python3.12/site-packages/airflow/example_dags/example_branch_datetime_operator.py
[2026-07-16T11:03:28.793+0000] {logging_mixin.py:188} INFO - [2026-07-16T11:03:28.793+0000] {dag.py:3096} INFO - Sync 3 DAGs
[2026-07-16T11:03:28.833+0000] {logging_mixin.py:188} INFO - [2026-07-16T11:03:28.833+0000] {dag.py:3954} INFO - Setting next_dagrun for example_branch_datetime_operator to 2026-07-15 00:00:00+00:00, run_after=2026-07-16 00:00:00+00:00
[2026-07-16T11:03:28.843+0000] {logging_mixin.py:188} INFO - [2026-07-16T11:03:28.843+0000] {dag.py:3954} INFO - Setting next_dagrun for example_branch_datetime_operator_2 to 2026-07-15 00:00:00+00:00, run_after=2026-07-16 00:00:00+00:00
[2026-07-16T11:03:28.847+0000] {logging_mixin.py:188} INFO - [2026-07-16T11:03:28.846+0000] {dag.py:3954} INFO - Setting next_dagrun for example_branch_datetime_operator_3 to 2026-07-15 00:00:00+00:00, run_after=2026-07-16 00:00:00+00:00
[2026-07-16T11:03:28.884+0000] {processor.py:183} INFO - Processing /home/airflow/.local/lib/python3.12/site-packages/airflow/example_dags/example_branch_datetime_operator.py took 0.144 seconds
[2026-07-16T11:03:59.011+0000] {processor.py:161} INFO - Started process (PID=148) to work on /home/airflow/.local/lib/python3.12/site-packages/airflow/example_dags/example_branch_datetime_operator.py
[2026-07-16T11:03:59.013+0000] {processor.py:830} INFO - Processing file /home/airflow/.local/lib/python3.12/site-packages/airflow/example_dags/example_branch_datetime_operator.py for tasks to queue
[2026-07-16T11:03:59.017+0000] {logging_mixin.py:188} INFO - [2026-07-16T11:03:59.016+0000] {dagbag.py:540} INFO - Filling up the DagBag from /home/airflow/.local/lib/python3.12/site-packages/airflow/example_dags/example_branch_datetime_operator.py
[2026-07-16T11:03:59.029+0000] {processor.py:840} INFO - DAG(s) 'example_branch_datetime_operator_3', 'example_branch_datetime_operator_2', 'example_branch_datetime_operator' retrieved from /home/airflow/.local/lib/python3.12/site-packages/airflow/example_dags/example_branch_datetime_operator.py
[2026-07-16T11:03:59.139+0000] {logging_mixin.py:188} INFO - [2026-07-16T11:03:59.139+0000] {dag.py:3096} INFO - Sync 3 DAGs
[2026-07-16T11:03:59.156+0000] {logging_mixin.py:188} INFO - [2026-07-16T11:03:59.156+0000] {dag.py:3954} INFO - Setting next_dagrun for example_branch_datetime_operator to 2026-07-15 00:00:00+00:00, run_after=2026-07-16 00:00:00+00:00
[2026-07-16T11:03:59.160+0000] {logging_mixin.py:188} INFO - [2026-07-16T11:03:59.160+0000] {dag.py:3954} INFO - Setting next_dagrun for example_branch_datetime_operator_2 to 2026-07-15 00:00:00+00:00, run_after=2026-07-16 00:00:00+00:00
[2026-07-16T11:03:59.163+0000] {logging_mixin.py:188} INFO - [2026-07-16T11:03:59.163+0000] {dag.py:3954} INFO - Setting next_dagrun for example_branch_datetime_operator_3 to 2026-07-15 00:00:00+00:00, run_after=2026-07-16 00:00:00+00:00
[2026-07-16T11:03:59.180+0000] {processor.py:183} INFO - Processing /home/airflow/.local/lib/python3.12/site-packages/airflow/example_dags/example_branch_datetime_operator.py took 0.174 seconds
[2026-07-16T11:04:29.678+0000] {processor.py:161} INFO - Started process (PID=208) to work on /home/airflow/.local/lib/python3.12/site-packages/airflow/example_dags/example_branch_datetime_operator.py
[2026-07-16T11:04:29.680+0000] {processor.py:830} INFO - Processing file /home/airflow/.local/lib/python3.12/site-packages/airflow/example_dags/example_branch_datetime_operator.py for tasks to queue
[2026-07-16T11:04:29.682+0000] {logging_mixin.py:188} INFO - [2026-07-16T11:04:29.682+0000] {dagbag.py:540} INFO - Filling up the DagBag from /home/airflow/.local/lib/python3.12/site-packages/airflow/example_dags/example_branch_datetime_operator.py
[2026-07-16T11:04:29.693+0000] {processor.py:840} INFO - DAG(s) 'example_branch_datetime_operator_2', 'example_branch_datetime_operator', 'example_branch_datetime_operator_3' retrieved from /home/airflow/.local/lib/python3.12/site-packages/airflow/example_dags/example_branch_datetime_operator.py
[2026-07-16T11:04:29.718+0000] {logging_mixin.py:188} INFO - [2026-07-16T11:04:29.718+0000] {dag.py:3096} INFO - Sync 3 DAGs
[2026-07-16T11:04:29.745+0000] {logging_mixin.py:188} INFO - [2026-07-16T11:04:29.745+0000] {dag.py:3954} INFO - Setting next_dagrun for example_branch_datetime_operator to 2026-07-15 00:00:00+00:00, run_after=2026-07-16 00:00:00+00:00
[2026-07-16T11:04:29.752+0000] {logging_mixin.py:188} INFO - [2026-07-16T11:04:29.752+0000] {dag.py:3954} INFO - Setting next_dagrun for example_branch_datetime_operator_2 to 2026-07-15 00:00:00+00:00, run_after=2026-07-16 00:00:00+00:00
[2026-07-16T11:04:29.755+0000] {logging_mixin.py:188} INFO - [2026-07-16T11:04:29.755+0000] {dag.py:3954} INFO - Setting next_dagrun for example_branch_datetime_operator_3 to 2026-07-15 00:00:00+00:00, run_after=2026-07-16 00:00:00+00:00
[2026-07-16T11:04:29.773+0000] {processor.py:183} INFO - Processing /home/airflow/.local/lib/python3.12/site-packages/airflow/example_dags/example_branch_datetime_operator.py took 0.099 seconds
[2026-07-16T11:04:59.806+0000] {processor.py:161} INFO - Started process (PID=267) to work on /home/airflow/.local/lib/python3.12/site-packages/airflow/example_dags/example_branch_datetime_operator.py
[2026-07-16T11:04:59.807+0000] {processor.py:830} INFO - Processing file /home/airflow/.local/lib/python3.12/site-packages/airflow/example_dags/example_branch_datetime_operator.py for tasks to queue
[2026-07-16T11:04:59.809+0000] {logging_mixin.py:188} INFO - [2026-07-16T11:04:59.809+0000] {dagbag.py:540} INFO - Filling up the DagBag from /home/airflow/.local/lib/python3.12/site-packages/airflow/example_dags/example_branch_datetime_operator.py
[2026-07-16T11:04:59.818+0000] {processor.py:840} INFO - DAG(s) 'example_branch_datetime_operator', 'example_branch_datetime_operator_3', 'example_branch_datetime_operator_2' retrieved from /home/airflow/.local/lib/python3.12/site-packages/airflow/example_dags/example_branch_datetime_operator.py
[2026-07-16T11:04:59.841+0000] {logging_mixin.py:188} INFO - [2026-07-16T11:04:59.841+0000] {dag.py:3096} INFO - Sync 3 DAGs
[2026-07-16T11:04:59.861+0000] {logging_mixin.py:188} INFO - [2026-07-16T11:04:59.861+0000] {dag.py:3954} INFO - Setting next_dagrun for example_branch_datetime_operator to 2026-07-15 00:00:00+00:00, run_after=2026-07-16 00:00:00+00:00
[2026-07-16T11:04:59.866+0000] {logging_mixin.py:188} INFO - [2026-07-16T11:04:59.866+0000] {dag.py:3954} INFO - Setting next_dagrun for example_branch_datetime_operator_2 to 2026-07-15 00:00:00+00:00, run_after=2026-07-16 00:00:00+00:00
[2026-07-16T11:04:59.869+0000] {logging_mixin.py:188} INFO - [2026-07-16T11:04:59.869+0000] {dag.py:3954} INFO - Setting next_dagrun for example_branch_datetime_operator_3 to 2026-07-15 00:00:00+00:00, run_after=2026-07-16 00:00:00+00:00
[2026-07-16T11:04:59.884+0000] {processor.py:183} INFO - Processing /home/airflow/.local/lib/python3.12/site-packages/airflow/example_dags/example_branch_datetime_operator.py took 0.084 seconds
[2026-07-16T11:05:30.232+0000] {processor.py:161} INFO - Started process (PID=326) to work on /home/airflow/.local/lib/python3.12/site-packages/airflow/example_dags/example_branch_datetime_operator.py
[2026-07-16T11:05:30.234+0000] {processor.py:830} INFO - Processing file /home/airflow/.local/lib/python3.12/site-packages/airflow/example_dags/example_branch_datetime_operator.py for tasks to queue
[2026-07-16T11:05:30.237+0000] {logging_mixin.py:188} INFO - [2026-07-16T11:05:30.236+0000] {dagbag.py:540} INFO - Filling up the DagBag from /home/airflow/.local/lib/python3.12/site-packages/airflow/example_dags/example_branch_datetime_operator.py
[2026-07-16T11:05:30.248+0000] {processor.py:840} INFO - DAG(s) 'example_branch_datetime_operator_2', 'example_branch_datetime_operator_3', 'example_branch_datetime_operator' retrieved from /home/airflow/.local/lib/python3.12/site-packages/airflow/example_dags/example_branch_datetime_operator.py
[2026-07-16T11:05:30.272+0000] {logging_mixin.py:188} INFO - [2026-07-16T11:05:30.272+0000] {dag.py:3096} INFO - Sync 3 DAGs
[2026-07-16T11:05:30.299+0000] {logging_mixin.py:188} INFO - [2026-07-16T11:05:30.299+0000] {dag.py:3954} INFO - Setting next_dagrun for example_branch_datetime_operator to 2026-07-15 00:00:00+00:00, run_after=2026-07-16 00:00:00+00:00
[2026-07-16T11:05:30.304+0000] {logging_mixin.py:188} INFO - [2026-07-16T11:05:30.304+0000] {dag.py:3954} INFO - Setting next_dagrun for example_branch_datetime_operator_2 to 2026-07-15 00:00:00+00:00, run_after=2026-07-16 00:00:00+00:00
[2026-07-16T11:05:30.307+0000] {logging_mixin.py:188} INFO - [2026-07-16T11:05:30.307+0000] {dag.py:3954} INFO - Setting next_dagrun for example_branch_datetime_operator_3 to 2026-07-15 00:00:00+00:00, run_after=2026-07-16 00:00:00+00:00
[2026-07-16T11:05:30.324+0000] {processor.py:183} INFO - Processing /home/airflow/.local/lib/python3.12/site-packages/airflow/example_dags/example_branch_datetime_operator.py took 0.098 seconds
[2026-07-16T11:06:01.333+0000] {processor.py:161} INFO - Started process (PID=385) to work on /home/airflow/.local/lib/python3.12/site-packages/airflow/example_dags/example_branch_datetime_operator.py
[2026-07-16T11:06:01.335+0000] {processor.py:830} INFO - Processing file /home/airflow/.local/lib/python3.12/site-packages/airflow/example_dags/example_branch_datetime_operator.py for tasks to queue
[2026-07-16T11:06:01.339+0000] {logging_mixin.py:188} INFO - [2026-07-16T11:06:01.339+0000] {dagbag.py:540} INFO - Filling up the DagBag from /home/airflow/.local/lib/python3.12/site-packages/airflow/example_dags/example_branch_datetime_operator.py
[2026-07-16T11:06:01.354+0000] {processor.py:840} INFO - DAG(s) 'example_branch_datetime_operator_2', 'example_branch_datetime_operator', 'example_branch_datetime_operator_3' retrieved from /home/airflow/.local/lib/python3.12/site-packages/airflow/example_dags/example_branch_datetime_operator.py
[2026-07-16T11:06:01.385+0000] {logging_mixin.py:188} INFO - [2026-07-16T11:06:01.385+0000] {dag.py:3096} INFO - Sync 3 DAGs
[2026-07-16T11:06:01.408+0000] {logging_mixin.py:188} INFO - [2026-07-16T11:06:01.408+0000] {dag.py:3954} INFO - Setting next_dagrun for example_branch_datetime_operator to 2026-07-15 00:00:00+00:00, run_after=2026-07-16 00:00:00+00:00
[2026-07-16T11:06:01.415+0000] {logging_mixin.py:188} INFO - [2026-07-16T11:06:01.415+0000] {dag.py:3954} INFO - Setting next_dagrun for example_branch_datetime_operator_2 to 2026-07-15 00:00:00+00:00, run_after=2026-07-16 00:00:00+00:00
[2026-07-16T11:06:01.418+0000] {logging_mixin.py:188} INFO - [2026-07-16T11:06:01.418+0000] {dag.py:3954} INFO - Setting next_dagrun for example_branch_datetime_operator_3 to 2026-07-15 00:00:00+00:00, run_after=2026-07-16 00:00:00+00:00
[2026-07-16T11:06:01.435+0000] {processor.py:183} INFO - Processing /home/airflow/.local/lib/python3.12/site-packages/airflow/example_dags/example_branch_datetime_operator.py took 0.112 seconds
[2026-07-16T11:06:31.710+0000] {processor.py:161} INFO - Started process (PID=444) to work on /home/airflow/.local/lib/python3.12/site-packages/airflow/example_dags/example_branch_datetime_operator.py
[2026-07-16T11:06:31.712+0000] {processor.py:830} INFO - Processing file /home/airflow/.local/lib/python3.12/site-packages/airflow/example_dags/example_branch_datetime_operator.py for tasks to queue
[2026-07-16T11:06:31.715+0000] {logging_mixin.py:188} INFO - [2026-07-16T11:06:31.714+0000] {dagbag.py:540} INFO - Filling up the DagBag from /home/airflow/.local/lib/python3.12/site-packages/airflow/example_dags/example_branch_datetime_operator.py
[2026-07-16T11:06:31.725+0000] {processor.py:840} INFO - DAG(s) 'example_branch_datetime_operator_2', 'example_branch_datetime_operator_3', 'example_branch_datetime_operator' retrieved from /home/airflow/.local/lib/python3.12/site-packages/airflow/example_dags/example_branch_datetime_operator.py
[2026-07-16T11:06:31.752+0000] {logging_mixin.py:188} INFO - [2026-07-16T11:06:31.752+0000] {dag.py:3096} INFO - Sync 3 DAGs
[2026-07-16T11:06:31.773+0000] {logging_mixin.py:188} INFO - [2026-07-16T11:06:31.773+0000] {dag.py:3954} INFO - Setting next_dagrun for example_branch_datetime_operator to 2026-07-15 00:00:00+00:00, run_after=2026-07-16 00:00:00+00:00
[2026-07-16T11:06:31.779+0000] {logging_mixin.py:188} INFO - [2026-07-16T11:06:31.779+0000] {dag.py:3954} INFO - Setting next_dagrun for example_branch_datetime_operator_2 to 2026-07-15 00:00:00+00:00, run_after=2026-07-16 00:00:00+00:00
[2026-07-16T11:06:31.782+0000] {logging_mixin.py:188} INFO - [2026-07-16T11:06:31.781+0000] {dag.py:3954} INFO - Setting next_dagrun for example_branch_datetime_operator_3 to 2026-07-15 00:00:00+00:00, run_after=2026-07-16 00:00:00+00:00
[2026-07-16T11:06:31.798+0000] {processor.py:183} INFO - Processing /home/airflow/.local/lib/python3.12/site-packages/airflow/example_dags/example_branch_datetime_operator.py took 0.095 seconds
[2026-07-16T11:07:02.012+0000] {processor.py:161} INFO - Started process (PID=503) to work on /home/airflow/.local/lib/python3.12/site-packages/airflow/example_dags/example_branch_datetime_operator.py
[2026-07-16T11:07:02.014+0000] {processor.py:830} INFO - Processing file /home/airflow/.local/lib/python3.12/site-packages/airflow/example_dags/example_branch_datetime_operator.py for tasks to queue
[2026-07-16T11:07:02.016+0000] {logging_mixin.py:188} INFO - [2026-07-16T11:07:02.016+0000] {dagbag.py:540} INFO - Filling up the DagBag from /home/airflow/.local/lib/python3.12/site-packages/airflow/example_dags/example_branch_datetime_operator.py
[2026-07-16T11:07:02.025+0000] {processor.py:840} INFO - DAG(s) 'example_branch_datetime_operator', 'example_branch_datetime_operator_3', 'example_branch_datetime_operator_2' retrieved from /home/airflow/.local/lib/python3.12/site-packages/airflow/example_dags/example_branch_datetime_operator.py
[2026-07-16T11:07:02.051+0000] {logging_mixin.py:188} INFO - [2026-07-16T11:07:02.050+0000] {dag.py:3096} INFO - Sync 3 DAGs
[2026-07-16T11:07:02.073+0000] {logging_mixin.py:188} INFO - [2026-07-16T11:07:02.073+0000] {dag.py:3954} INFO - Setting next_dagrun for example_branch_datetime_operator to 2026-07-15 00:00:00+00:00, run_after=2026-07-16 00:00:00+00:00
[2026-07-16T11:07:02.079+0000] {logging_mixin.py:188} INFO - [2026-07-16T11:07:02.079+0000] {dag.py:3954} INFO - Setting next_dagrun for example_branch_datetime_operator_2 to 2026-07-15 00:00:00+00:00, run_after=2026-07-16 00:00:00+00:00
[2026-07-16T11:07:02.082+0000] {logging_mixin.py:188} INFO - [2026-07-16T11:07:02.082+0000] {dag.py:3954} INFO - Setting next_dagrun for example_branch_datetime_operator_3 to 2026-07-15 00:00:00+00:00, run_after=2026-07-16 00:00:00+00:00
[2026-07-16T11:07:02.099+0000] {processor.py:183} INFO - Processing /home/airflow/.local/lib/python3.12/site-packages/airflow/example_dags/example_branch_datetime_operator.py took 0.091 seconds
[2026-07-16T11:07:32.428+0000] {processor.py:161} INFO - Started process (PID=562) to work on /home/airflow/.local/lib/python3.12/site-packages/airflow/example_dags/example_branch_datetime_operator.py
[2026-07-16T11:07:32.430+0000] {processor.py:830} INFO - Processing file /home/airflow/.local/lib/python3.12/site-packages/airflow/example_dags/example_branch_datetime_operator.py for tasks to queue
[2026-07-16T11:07:32.433+0000] {logging_mixin.py:188} INFO - [2026-07-16T11:07:32.433+0000] {dagbag.py:540} INFO - Filling up the DagBag from /home/airflow/.local/lib/python3.12/site-packages/airflow/example_dags/example_branch_datetime_operator.py
[2026-07-16T11:07:32.442+0000] {processor.py:840} INFO - DAG(s) 'example_branch_datetime_operator_2', 'example_branch_datetime_operator_3', 'example_branch_datetime_operator' retrieved from /home/airflow/.local/lib/python3.12/site-packages/airflow/example_dags/example_branch_datetime_operator.py
[2026-07-16T11:07:32.467+0000] {logging_mixin.py:188} INFO - [2026-07-16T11:07:32.467+0000] {dag.py:3096} INFO - Sync 3 DAGs
[2026-07-16T11:07:32.488+0000] {logging_mixin.py:188} INFO - [2026-07-16T11:07:32.488+0000] {dag.py:3954} INFO - Setting next_dagrun for example_branch_datetime_operator to 2026-07-15 00:00:00+00:00, run_after=2026-07-16 00:00:00+00:00
[2026-07-16T11:07:32.494+0000] {logging_mixin.py:188} INFO - [2026-07-16T11:07:32.493+0000] {dag.py:3954} INFO - Setting next_dagrun for example_branch_datetime_operator_2 to 2026-07-15 00:00:00+00:00, run_after=2026-07-16 00:00:00+00:00
[2026-07-16T11:07:32.497+0000] {logging_mixin.py:188} INFO - [2026-07-16T11:07:32.496+0000] {dag.py:3954} INFO - Setting next_dagrun for example_branch_datetime_operator_3 to 2026-07-15 00:00:00+00:00, run_after=2026-07-16 00:00:00+00:00
[2026-07-16T11:07:32.515+0000] {processor.py:183} INFO - Processing /home/airflow/.local/lib/python3.12/site-packages/airflow/example_dags/example_branch_datetime_operator.py took 0.092 seconds
[2026-07-16T11:08:02.832+0000] {processor.py:161} INFO - Started process (PID=621) to work on /home/airflow/.local/lib/python3.12/site-packages/airflow/example_dags/example_branch_datetime_operator.py
[2026-07-16T11:08:02.834+0000] {processor.py:830} INFO - Processing file /home/airflow/.local/lib/python3.12/site-packages/airflow/example_dags/example_branch_datetime_operator.py for tasks to queue
[2026-07-16T11:08:02.836+0000] {logging_mixin.py:188} INFO - [2026-07-16T11:08:02.836+0000] {dagbag.py:540} INFO - Filling up the DagBag from /home/airflow/.local/lib/python3.12/site-packages/airflow/example_dags/example_branch_datetime_operator.py
[2026-07-16T11:08:02.844+0000] {processor.py:840} INFO - DAG(s) 'example_branch_datetime_operator', 'example_branch_datetime_operator_3', 'example_branch_datetime_operator_2' retrieved from /home/airflow/.local/lib/python3.12/site-packages/airflow/example_dags/example_branch_datetime_operator.py
[2026-07-16T11:08:02.866+0000] {logging_mixin.py:188} INFO - [2026-07-16T11:08:02.866+0000] {dag.py:3096} INFO - Sync 3 DAGs
[2026-07-16T11:08:02.884+0000] {logging_mixin.py:188} INFO - [2026-07-16T11:08:02.884+0000] {dag.py:3954} INFO - Setting next_dagrun for example_branch_datetime_operator to 2026-07-15 00:00:00+00:00, run_after=2026-07-16 00:00:00+00:00
[2026-07-16T11:08:02.889+0000] {logging_mixin.py:188} INFO - [2026-07-16T11:08:02.889+0000] {dag.py:3954} INFO - Setting next_dagrun for example_branch_datetime_operator_2 to 2026-07-15 00:00:00+00:00, run_after=2026-07-16 00:00:00+00:00
[2026-07-16T11:08:02.892+0000] {logging_mixin.py:188} INFO - [2026-07-16T11:08:02.892+0000] {dag.py:3954} INFO - Setting next_dagrun for example_branch_datetime_operator_3 to 2026-07-15 00:00:00+00:00, run_after=2026-07-16 00:00:00+00:00
[2026-07-16T11:08:02.909+0000] {processor.py:183} INFO - Processing /home/airflow/.local/lib/python3.12/site-packages/airflow/example_dags/example_branch_datetime_operator.py took 0.081 seconds
[2026-07-16T11:08:33.180+0000] {processor.py:161} INFO - Started process (PID=680) to work on /home/airflow/.local/lib/python3.12/site-packages/airflow/example_dags/example_branch_datetime_operator.py
[2026-07-16T11:08:33.182+0000] {processor.py:830} INFO - Processing file /home/airflow/.local/lib/python3.12/site-packages/airflow/example_dags/example_branch_datetime_operator.py for tasks to queue
[2026-07-16T11:08:33.184+0000] {logging_mixin.py:188} INFO - [2026-07-16T11:08:33.184+0000] {dagbag.py:540} INFO - Filling up the DagBag from /home/airflow/.local/lib/python3.12/site-packages/airflow/example_dags/example_branch_datetime_operator.py
[2026-07-16T11:08:33.195+0000] {processor.py:840} INFO - DAG(s) 'example_branch_datetime_operator_2', 'example_branch_datetime_operator', 'example_branch_datetime_operator_3' retrieved from /home/airflow/.local/lib/python3.12/site-packages/airflow/example_dags/example_branch_datetime_operator.py
[2026-07-16T11:08:33.219+0000] {logging_mixin.py:188} INFO - [2026-07-16T11:08:33.219+0000] {dag.py:3096} INFO - Sync 3 DAGs
[2026-07-16T11:08:33.240+0000] {logging_mixin.py:188} INFO - [2026-07-16T11:08:33.240+0000] {dag.py:3954} INFO - Setting next_dagrun for example_branch_datetime_operator to 2026-07-15 00:00:00+00:00, run_after=2026-07-16 00:00:00+00:00
[2026-07-16T11:08:33.245+0000] {logging_mixin.py:188} INFO - [2026-07-16T11:08:33.245+0000] {dag.py:3954} INFO - Setting next_dagrun for example_branch_datetime_operator_2 to 2026-07-15 00:00:00+00:00, run_after=2026-07-16 00:00:00+00:00
[2026-07-16T11:08:33.248+0000] {logging_mixin.py:188} INFO - [2026-07-16T11:08:33.248+0000] {dag.py:3954} INFO - Setting next_dagrun for example_branch_datetime_operator_3 to 2026-07-15 00:00:00+00:00, run_after=2026-07-16 00:00:00+00:00
[2026-07-16T11:08:33.266+0000] {processor.py:183} INFO - Processing /home/airflow/.local/lib/python3.12/site-packages/airflow/example_dags/example_branch_datetime_operator.py took 0.090 seconds
[2026-07-16T11:09:04.398+0000] {processor.py:161} INFO - Started process (PID=739) to work on /home/airflow/.local/lib/python3.12/site-packages/airflow/example_dags/example_branch_datetime_operator.py
[2026-07-16T11:09:04.400+0000] {processor.py:830} INFO - Processing file /home/airflow/.local/lib/python3.12/site-packages/airflow/example_dags/example_branch_datetime_operator.py for tasks to queue
[2026-07-16T11:09:04.402+0000] {logging_mixin.py:188} INFO - [2026-07-16T11:09:04.402+0000] {dagbag.py:540} INFO - Filling up the DagBag from /home/airflow/.local/lib/python3.12/site-packages/airflow/example_dags/example_branch_datetime_operator.py
[2026-07-16T11:09:04.411+0000] {processor.py:840} INFO - DAG(s) 'example_branch_datetime_operator_3', 'example_branch_datetime_operator', 'example_branch_datetime_operator_2' retrieved from /home/airflow/.local/lib/python3.12/site-packages/airflow/example_dags/example_branch_datetime_operator.py
[2026-07-16T11:09:04.434+0000] {logging_mixin.py:188} INFO - [2026-07-16T11:09:04.434+0000] {dag.py:3096} INFO - Sync 3 DAGs
[2026-07-16T11:09:04.453+0000] {logging_mixin.py:188} INFO - [2026-07-16T11:09:04.453+0000] {dag.py:3954} INFO - Setting next_dagrun for example_branch_datetime_operator to 2026-07-15 00:00:00+00:00, run_after=2026-07-16 00:00:00+00:00
[2026-07-16T11:09:04.458+0000] {logging_mixin.py:188} INFO - [2026-07-16T11:09:04.458+0000] {dag.py:3954} INFO - Setting next_dagrun for example_branch_datetime_operator_2 to 2026-07-15 00:00:00+00:00, run_after=2026-07-16 00:00:00+00:00
[2026-07-16T11:09:04.461+0000] {logging_mixin.py:188} INFO - [2026-07-16T11:09:04.461+0000] {dag.py:3954} INFO - Setting next_dagrun for example_branch_datetime_operator_3 to 2026-07-15 00:00:00+00:00, run_after=2026-07-16 00:00:00+00:00
[2026-07-16T11:09:04.478+0000] {processor.py:183} INFO - Processing /home/airflow/.local/lib/python3.12/site-packages/airflow/example_dags/example_branch_datetime_operator.py took 0.086 seconds
[2026-07-16T11:09:34.893+0000] {processor.py:161} INFO - Started process (PID=798) to work on /home/airflow/.local/lib/python3.12/site-packages/airflow/example_dags/example_branch_datetime_operator.py
[2026-07-16T11:09:34.894+0000] {processor.py:830} INFO - Processing file /home/airflow/.local/lib/python3.12/site-packages/airflow/example_dags/example_branch_datetime_operator.py for tasks to queue
[2026-07-16T11:09:34.897+0000] {logging_mixin.py:188} INFO - [2026-07-16T11:09:34.896+0000] {dagbag.py:540} INFO - Filling up the DagBag from /home/airflow/.local/lib/python3.12/site-packages/airflow/example_dags/example_branch_datetime_operator.py
[2026-07-16T11:09:34.906+0000] {processor.py:840} INFO - DAG(s) 'example_branch_datetime_operator_3', 'example_branch_datetime_operator_2', 'example_branch_datetime_operator' retrieved from /home/airflow/.local/lib/python3.12/site-packages/airflow/example_dags/example_branch_datetime_operator.py
[2026-07-16T11:09:34.929+0000] {logging_mixin.py:188} INFO - [2026-07-16T11:09:34.929+0000] {dag.py:3096} INFO - Sync 3 DAGs
[2026-07-16T11:09:34.950+0000] {logging_mixin.py:188} INFO - [2026-07-16T11:09:34.950+0000] {dag.py:3954} INFO - Setting next_dagrun for example_branch_datetime_operator to 2026-07-15 00:00:00+00:00, run_after=2026-07-16 00:00:00+00:00
[2026-07-16T11:09:34.957+0000] {logging_mixin.py:188} INFO - [2026-07-16T11:09:34.956+0000] {dag.py:3954} INFO - Setting next_dagrun for example_branch_datetime_operator_2 to 2026-07-15 00:00:00+00:00, run_after=2026-07-16 00:00:00+00:00
[2026-07-16T11:09:34.960+0000] {logging_mixin.py:188} INFO - [2026-07-16T11:09:34.959+0000] {dag.py:3954} INFO - Setting next_dagrun for example_branch_datetime_operator_3 to 2026-07-15 00:00:00+00:00, run_after=2026-07-16 00:00:00+00:00
[2026-07-16T11:09:34.975+0000] {processor.py:183} INFO - Processing /home/airflow/.local/lib/python3.12/site-packages/airflow/example_dags/example_branch_datetime_operator.py took 0.088 seconds
[2026-07-16T11:10:05.220+0000] {processor.py:161} INFO - Started process (PID=857) to work on /home/airflow/.local/lib/python3.12/site-packages/airflow/example_dags/example_branch_datetime_operator.py
[2026-07-16T11:10:05.222+0000] {processor.py:830} INFO - Processing file /home/airflow/.local/lib/python3.12/site-packages/airflow/example_dags/example_branch_datetime_operator.py for tasks to queue
[2026-07-16T11:10:05.225+0000] {logging_mixin.py:188} INFO - [2026-07-16T11:10:05.225+0000] {dagbag.py:540} INFO - Filling up the DagBag from /home/airflow/.local/lib/python3.12/site-packages/airflow/example_dags/example_branch_datetime_operator.py
[2026-07-16T11:10:05.233+0000] {processor.py:840} INFO - DAG(s) 'example_branch_datetime_operator_3', 'example_branch_datetime_operator', 'example_branch_datetime_operator_2' retrieved from /home/airflow/.local/lib/python3.12/site-packages/airflow/example_dags/example_branch_datetime_operator.py
[2026-07-16T11:10:05.257+0000] {logging_mixin.py:188} INFO - [2026-07-16T11:10:05.257+0000] {dag.py:3096} INFO - Sync 3 DAGs
[2026-07-16T11:10:05.276+0000] {logging_mixin.py:188} INFO - [2026-07-16T11:10:05.276+0000] {dag.py:3954} INFO - Setting next_dagrun for example_branch_datetime_operator to 2026-07-15 00:00:00+00:00, run_after=2026-07-16 00:00:00+00:00
[2026-07-16T11:10:05.282+0000] {logging_mixin.py:188} INFO - [2026-07-16T11:10:05.281+0000] {dag.py:3954} INFO - Setting next_dagrun for example_branch_datetime_operator_2 to 2026-07-15 00:00:00+00:00, run_after=2026-07-16 00:00:00+00:00
[2026-07-16T11:10:05.285+0000] {logging_mixin.py:188} INFO - [2026-07-16T11:10:05.284+0000] {dag.py:3954} INFO - Setting next_dagrun for example_branch_datetime_operator_3 to 2026-07-15 00:00:00+00:00, run_after=2026-07-16 00:00:00+00:00
[2026-07-16T11:10:05.300+0000] {processor.py:183} INFO - Processing /home/airflow/.local/lib/python3.12/site-packages/airflow/example_dags/example_branch_datetime_operator.py took 0.085 seconds
[2026-07-16T11:10:35.478+0000] {processor.py:161} INFO - Started process (PID=916) to work on /home/airflow/.local/lib/python3.12/site-packages/airflow/example_dags/example_branch_datetime_operator.py
[2026-07-16T11:10:35.480+0000] {processor.py:830} INFO - Processing file /home/airflow/.local/lib/python3.12/site-packages/airflow/example_dags/example_branch_datetime_operator.py for tasks to queue
[2026-07-16T11:10:35.482+0000] {logging_mixin.py:188} INFO - [2026-07-16T11:10:35.482+0000] {dagbag.py:540} INFO - Filling up the DagBag from /home/airflow/.local/lib/python3.12/site-packages/airflow/example_dags/example_branch_datetime_operator.py
[2026-07-16T11:10:35.492+0000] {processor.py:840} INFO - DAG(s) 'example_branch_datetime_operator_3', 'example_branch_datetime_operator', 'example_branch_datetime_operator_2' retrieved from /home/airflow/.local/lib/python3.12/site-packages/airflow/example_dags/example_branch_datetime_operator.py
[2026-07-16T11:10:35.515+0000] {logging_mixin.py:188} INFO - [2026-07-16T11:10:35.515+0000] {dag.py:3096} INFO - Sync 3 DAGs
[2026-07-16T11:10:35.534+0000] {logging_mixin.py:188} INFO - [2026-07-16T11:10:35.534+0000] {dag.py:3954} INFO - Setting next_dagrun for example_branch_datetime_operator to 2026-07-15 00:00:00+00:00, run_after=2026-07-16 00:00:00+00:00
[2026-07-16T11:10:35.539+0000] {logging_mixin.py:188} INFO - [2026-07-16T11:10:35.539+0000] {dag.py:3954} INFO - Setting next_dagrun for example_branch_datetime_operator_2 to 2026-07-15 00:00:00+00:00, run_after=2026-07-16 00:00:00+00:00
[2026-07-16T11:10:35.543+0000] {logging_mixin.py:188} INFO - [2026-07-16T11:10:35.543+0000] {dag.py:3954} INFO - Setting next_dagrun for example_branch_datetime_operator_3 to 2026-07-15 00:00:00+00:00, run_after=2026-07-16 00:00:00+00:00
[2026-07-16T11:10:35.561+0000] {processor.py:183} INFO - Processing /home/airflow/.local/lib/python3.12/site-packages/airflow/example_dags/example_branch_datetime_operator.py took 0.087 seconds
[2026-07-16T11:11:06.228+0000] {processor.py:161} INFO - Started process (PID=975) to work on /home/airflow/.local/lib/python3.12/site-packages/airflow/example_dags/example_branch_datetime_operator.py
[2026-07-16T11:11:06.230+0000] {processor.py:830} INFO - Processing file /home/airflow/.local/lib/python3.12/site-packages/airflow/example_dags/example_branch_datetime_operator.py for tasks to queue
[2026-07-16T11:11:06.233+0000] {logging_mixin.py:188} INFO - [2026-07-16T11:11:06.232+0000] {dagbag.py:540} INFO - Filling up the DagBag from /home/airflow/.local/lib/python3.12/site-packages/airflow/example_dags/example_branch_datetime_operator.py
[2026-07-16T11:11:06.241+0000] {processor.py:840} INFO - DAG(s) 'example_branch_datetime_operator_3', 'example_branch_datetime_operator', 'example_branch_datetime_operator_2' retrieved from /home/airflow/.local/lib/python3.12/site-packages/airflow/example_dags/example_branch_datetime_operator.py
[2026-07-16T11:11:06.262+0000] {logging_mixin.py:188} INFO - [2026-07-16T11:11:06.262+0000] {dag.py:3096} INFO - Sync 3 DAGs
[2026-07-16T11:11:06.280+0000] {logging_mixin.py:188} INFO - [2026-07-16T11:11:06.280+0000] {dag.py:3954} INFO - Setting next_dagrun for example_branch_datetime_operator to 2026-07-15 00:00:00+00:00, run_after=2026-07-16 00:00:00+00:00
[2026-07-16T11:11:06.285+0000] {logging_mixin.py:188} INFO - [2026-07-16T11:11:06.285+0000] {dag.py:3954} INFO - Setting next_dagrun for example_branch_datetime_operator_2 to 2026-07-15 00:00:00+00:00, run_after=2026-07-16 00:00:00+00:00
[2026-07-16T11:11:06.288+0000] {logging_mixin.py:188} INFO - [2026-07-16T11:11:06.288+0000] {dag.py:3954} INFO - Setting next_dagrun for example_branch_datetime_operator_3 to 2026-07-15 00:00:00+00:00, run_after=2026-07-16 00:00:00+00:00
[2026-07-16T11:11:06.305+0000] {processor.py:183} INFO - Processing /home/airflow/.local/lib/python3.12/site-packages/airflow/example_dags/example_branch_datetime_operator.py took 0.081 seconds
[2026-07-16T11:11:36.553+0000] {processor.py:161} INFO - Started process (PID=1034) to work on /home/airflow/.local/lib/python3.12/site-packages/airflow/example_dags/example_branch_datetime_operator.py
[2026-07-16T11:11:36.555+0000] {processor.py:830} INFO - Processing file /home/airflow/.local/lib/python3.12/site-packages/airflow/example_dags/example_branch_datetime_operator.py for tasks to queue
[2026-07-16T11:11:36.557+0000] {logging_mixin.py:188} INFO - [2026-07-16T11:11:36.557+0000] {dagbag.py:540} INFO - Filling up the DagBag from /home/airflow/.local/lib/python3.12/site-packages/airflow/example_dags/example_branch_datetime_operator.py
[2026-07-16T11:11:36.566+0000] {processor.py:840} INFO - DAG(s) 'example_branch_datetime_operator_2', 'example_branch_datetime_operator_3', 'example_branch_datetime_operator' retrieved from /home/airflow/.local/lib/python3.12/site-packages/airflow/example_dags/example_branch_datetime_operator.py
[2026-07-16T11:11:36.588+0000] {logging_mixin.py:188} INFO - [2026-07-16T11:11:36.588+0000] {dag.py:3096} INFO - Sync 3 DAGs
[2026-07-16T11:11:36.607+0000] {logging_mixin.py:188} INFO - [2026-07-16T11:11:36.607+0000] {dag.py:3954} INFO - Setting next_dagrun for example_branch_datetime_operator to 2026-07-15 00:00:00+00:00, run_after=2026-07-16 00:00:00+00:00
[2026-07-16T11:11:36.611+0000] {logging_mixin.py:188} INFO - [2026-07-16T11:11:36.611+0000] {dag.py:3954} INFO - Setting next_dagrun for example_branch_datetime_operator_2 to 2026-07-15 00:00:00+00:00, run_after=2026-07-16 00:00:00+00:00
[2026-07-16T11:11:36.614+0000] {logging_mixin.py:188} INFO - [2026-07-16T11:11:36.614+0000] {dag.py:3954} INFO - Setting next_dagrun for example_branch_datetime_operator_3 to 2026-07-15 00:00:00+00:00, run_after=2026-07-16 00:00:00+00:00
[2026-07-16T11:11:36.631+0000] {processor.py:183} INFO - Processing /home/airflow/.local/lib/python3.12/site-packages/airflow/example_dags/example_branch_datetime_operator.py took 0.082 seconds
[2026-07-16T11:12:07.298+0000] {processor.py:161} INFO - Started process (PID=1093) to work on /home/airflow/.local/lib/python3.12/site-packages/airflow/example_dags/example_branch_datetime_operator.py
[2026-07-16T11:12:07.300+0000] {processor.py:830} INFO - Processing file /home/airflow/.local/lib/python3.12/site-packages/airflow/example_dags/example_branch_datetime_operator.py for tasks to queue
[2026-07-16T11:12:07.302+0000] {logging_mixin.py:188} INFO - [2026-07-16T11:12:07.302+0000] {dagbag.py:540} INFO - Filling up the DagBag from /home/airflow/.local/lib/python3.12/site-packages/airflow/example_dags/example_branch_datetime_operator.py
[2026-07-16T11:12:07.311+0000] {processor.py:840} INFO - DAG(s) 'example_branch_datetime_operator_2', 'example_branch_datetime_operator', 'example_branch_datetime_operator_3' retrieved from /home/airflow/.local/lib/python3.12/site-packages/airflow/example_dags/example_branch_datetime_operator.py
[2026-07-16T11:12:07.342+0000] {logging_mixin.py:188} INFO - [2026-07-16T11:12:07.342+0000] {dag.py:3096} INFO - Sync 3 DAGs
[2026-07-16T11:12:07.387+0000] {logging_mixin.py:188} INFO - [2026-07-16T11:12:07.386+0000] {dag.py:3954} INFO - Setting next_dagrun for example_branch_datetime_operator to 2026-07-15 00:00:00+00:00, run_after=2026-07-16 00:00:00+00:00
[2026-07-16T11:12:07.395+0000] {logging_mixin.py:188} INFO - [2026-07-16T11:12:07.394+0000] {dag.py:3954} INFO - Setting next_dagrun for example_branch_datetime_operator_2 to 2026-07-15 00:00:00+00:00, run_after=2026-07-16 00:00:00+00:00
[2026-07-16T11:12:07.398+0000] {logging_mixin.py:188} INFO - [2026-07-16T11:12:07.397+0000] {dag.py:3954} INFO - Setting next_dagrun for example_branch_datetime_operator_3 to 2026-07-15 00:00:00+00:00, run_after=2026-07-16 00:00:00+00:00
[2026-07-16T11:12:07.416+0000] {processor.py:183} INFO - Processing /home/airflow/.local/lib/python3.12/site-packages/airflow/example_dags/example_branch_datetime_operator.py took 0.124 seconds
[2026-07-16T11:12:37.458+0000] {processor.py:161} INFO - Started process (PID=1151) to work on /home/airflow/.local/lib/python3.12/site-packages/airflow/example_dags/example_branch_datetime_operator.py
[2026-07-16T11:12:37.460+0000] {processor.py:830} INFO - Processing file /home/airflow/.local/lib/python3.12/site-packages/airflow/example_dags/example_branch_datetime_operator.py for tasks to queue
[2026-07-16T11:12:37.462+0000] {logging_mixin.py:188} INFO - [2026-07-16T11:12:37.462+0000] {dagbag.py:540} INFO - Filling up the DagBag from /home/airflow/.local/lib/python3.12/site-packages/airflow/example_dags/example_branch_datetime_operator.py
[2026-07-16T11:12:37.472+0000] {processor.py:840} INFO - DAG(s) 'example_branch_datetime_operator_3', 'example_branch_datetime_operator_2', 'example_branch_datetime_operator' retrieved from /home/airflow/.local/lib/python3.12/site-packages/airflow/example_dags/example_branch_datetime_operator.py
[2026-07-16T11:12:37.505+0000] {logging_mixin.py:188} INFO - [2026-07-16T11:12:37.504+0000] {dag.py:3096} INFO - Sync 3 DAGs
[2026-07-16T11:12:37.542+0000] {logging_mixin.py:188} INFO - [2026-07-16T11:12:37.541+0000] {dag.py:3954} INFO - Setting next_dagrun for example_branch_datetime_operator to 2026-07-15 00:00:00+00:00, run_after=2026-07-16 00:00:00+00:00
[2026-07-16T11:12:37.553+0000] {logging_mixin.py:188} INFO - [2026-07-16T11:12:37.552+0000] {dag.py:3954} INFO - Setting next_dagrun for example_branch_datetime_operator_2 to 2026-07-15 00:00:00+00:00, run_after=2026-07-16 00:00:00+00:00
[2026-07-16T11:12:37.562+0000] {logging_mixin.py:188} INFO - [2026-07-16T11:12:37.562+0000] {dag.py:3954} INFO - Setting next_dagrun for example_branch_datetime_operator_3 to 2026-07-15 00:00:00+00:00, run_after=2026-07-16 00:00:00+00:00
[2026-07-16T11:12:37.586+0000] {processor.py:183} INFO - Processing /home/airflow/.local/lib/python3.12/site-packages/airflow/example_dags/example_branch_datetime_operator.py took 0.134 seconds
[2026-07-16T11:13:07.850+0000] {processor.py:161} INFO - Started process (PID=1210) to work on /home/airflow/.local/lib/python3.12/site-packages/airflow/example_dags/example_branch_datetime_operator.py
[2026-07-16T11:13:07.852+0000] {processor.py:830} INFO - Processing file /home/airflow/.local/lib/python3.12/site-packages/airflow/example_dags/example_branch_datetime_operator.py for tasks to queue
[2026-07-16T11:13:07.854+0000] {logging_mixin.py:188} INFO - [2026-07-16T11:13:07.854+0000] {dagbag.py:540} INFO - Filling up the DagBag from /home/airflow/.local/lib/python3.12/site-packages/airflow/example_dags/example_branch_datetime_operator.py
[2026-07-16T11:13:07.864+0000] {processor.py:840} INFO - DAG(s) 'example_branch_datetime_operator', 'example_branch_datetime_operator_3', 'example_branch_datetime_operator_2' retrieved from /home/airflow/.local/lib/python3.12/site-packages/airflow/example_dags/example_branch_datetime_operator.py
[2026-07-16T11:13:07.903+0000] {logging_mixin.py:188} INFO - [2026-07-16T11:13:07.902+0000] {dag.py:3096} INFO - Sync 3 DAGs
[2026-07-16T11:13:07.931+0000] {logging_mixin.py:188} INFO - [2026-07-16T11:13:07.930+0000] {dag.py:3954} INFO - Setting next_dagrun for example_branch_datetime_operator to 2026-07-15 00:00:00+00:00, run_after=2026-07-16 00:00:00+00:00
[2026-07-16T11:13:07.936+0000] {logging_mixin.py:188} INFO - [2026-07-16T11:13:07.936+0000] {dag.py:3954} INFO - Setting next_dagrun for example_branch_datetime_operator_2 to 2026-07-15 00:00:00+00:00, run_after=2026-07-16 00:00:00+00:00
[2026-07-16T11:13:07.939+0000] {logging_mixin.py:188} INFO - [2026-07-16T11:13:07.939+0000] {dag.py:3954} INFO - Setting next_dagrun for example_branch_datetime_operator_3 to 2026-07-15 00:00:00+00:00, run_after=2026-07-16 00:00:00+00:00
[2026-07-16T11:13:07.960+0000] {processor.py:183} INFO - Processing /home/airflow/.local/lib/python3.12/site-packages/airflow/example_dags/example_branch_datetime_operator.py took 0.117 seconds
[2026-07-16T11:13:38.061+0000] {processor.py:161} INFO - Started process (PID=1269) to work on /home/airflow/.local/lib/python3.12/site-packages/airflow/example_dags/example_branch_datetime_operator.py
[2026-07-16T11:13:38.062+0000] {processor.py:830} INFO - Processing file /home/airflow/.local/lib/python3.12/site-packages/airflow/example_dags/example_branch_datetime_operator.py for tasks to queue
[2026-07-16T11:13:38.065+0000] {logging_mixin.py:188} INFO - [2026-07-16T11:13:38.064+0000] {dagbag.py:540} INFO - Filling up the DagBag from /home/airflow/.local/lib/python3.12/site-packages/airflow/example_dags/example_branch_datetime_operator.py
[2026-07-16T11:13:38.074+0000] {processor.py:840} INFO - DAG(s) 'example_branch_datetime_operator_2', 'example_branch_datetime_operator', 'example_branch_datetime_operator_3' retrieved from /home/airflow/.local/lib/python3.12/site-packages/airflow/example_dags/example_branch_datetime_operator.py
[2026-07-16T11:13:38.101+0000] {logging_mixin.py:188} INFO - [2026-07-16T11:13:38.100+0000] {dag.py:3096} INFO - Sync 3 DAGs
[2026-07-16T11:13:38.127+0000] {logging_mixin.py:188} INFO - [2026-07-16T11:13:38.127+0000] {dag.py:3954} INFO - Setting next_dagrun for example_branch_datetime_operator to 2026-07-15 00:00:00+00:00, run_after=2026-07-16 00:00:00+00:00
[2026-07-16T11:13:38.132+0000] {logging_mixin.py:188} INFO - [2026-07-16T11:13:38.132+0000] {dag.py:3954} INFO - Setting next_dagrun for example_branch_datetime_operator_2 to 2026-07-15 00:00:00+00:00, run_after=2026-07-16 00:00:00+00:00
[2026-07-16T11:13:38.135+0000] {logging_mixin.py:188} INFO - [2026-07-16T11:13:38.135+0000] {dag.py:3954} INFO - Setting next_dagrun for example_branch_datetime_operator_3 to 2026-07-15 00:00:00+00:00, run_after=2026-07-16 00:00:00+00:00
[2026-07-16T11:13:38.153+0000] {processor.py:183} INFO - Processing /home/airflow/.local/lib/python3.12/site-packages/airflow/example_dags/example_branch_datetime_operator.py took 0.097 seconds
[2026-07-16T11:14:08.354+0000] {processor.py:161} INFO - Started process (PID=1328) to work on /home/airflow/.local/lib/python3.12/site-packages/airflow/example_dags/example_branch_datetime_operator.py
[2026-07-16T11:14:08.355+0000] {processor.py:830} INFO - Processing file /home/airflow/.local/lib/python3.12/site-packages/airflow/example_dags/example_branch_datetime_operator.py for tasks to queue
[2026-07-16T11:14:08.358+0000] {logging_mixin.py:188} INFO - [2026-07-16T11:14:08.357+0000] {dagbag.py:540} INFO - Filling up the DagBag from /home/airflow/.local/lib/python3.12/site-packages/airflow/example_dags/example_branch_datetime_operator.py
[2026-07-16T11:14:08.367+0000] {processor.py:840} INFO - DAG(s) 'example_branch_datetime_operator', 'example_branch_datetime_operator_2', 'example_branch_datetime_operator_3' retrieved from /home/airflow/.local/lib/python3.12/site-packages/airflow/example_dags/example_branch_datetime_operator.py
[2026-07-16T11:14:08.390+0000] {logging_mixin.py:188} INFO - [2026-07-16T11:14:08.390+0000] {dag.py:3096} INFO - Sync 3 DAGs
[2026-07-16T11:14:08.412+0000] {logging_mixin.py:188} INFO - [2026-07-16T11:14:08.411+0000] {dag.py:3954} INFO - Setting next_dagrun for example_branch_datetime_operator to 2026-07-15 00:00:00+00:00, run_after=2026-07-16 00:00:00+00:00
[2026-07-16T11:14:08.416+0000] {logging_mixin.py:188} INFO - [2026-07-16T11:14:08.416+0000] {dag.py:3954} INFO - Setting next_dagrun for example_branch_datetime_operator_2 to 2026-07-15 00:00:00+00:00, run_after=2026-07-16 00:00:00+00:00
[2026-07-16T11:14:08.419+0000] {logging_mixin.py:188} INFO - [2026-07-16T11:14:08.419+0000] {dag.py:3954} INFO - Setting next_dagrun for example_branch_datetime_operator_3 to 2026-07-15 00:00:00+00:00, run_after=2026-07-16 00:00:00+00:00
[2026-07-16T11:14:08.436+0000] {processor.py:183} INFO - Processing /home/airflow/.local/lib/python3.12/site-packages/airflow/example_dags/example_branch_datetime_operator.py took 0.088 seconds
[2026-07-16T11:14:38.492+0000] {processor.py:161} INFO - Started process (PID=1387) to work on /home/airflow/.local/lib/python3.12/site-packages/airflow/example_dags/example_branch_datetime_operator.py
[2026-07-16T11:14:38.493+0000] {processor.py:830} INFO - Processing file /home/airflow/.local/lib/python3.12/site-packages/airflow/example_dags/example_branch_datetime_operator.py for tasks to queue
[2026-07-16T11:14:38.496+0000] {logging_mixin.py:188} INFO - [2026-07-16T11:14:38.495+0000] {dagbag.py:540} INFO - Filling up the DagBag from /home/airflow/.local/lib/python3.12/site-packages/airflow/example_dags/example_branch_datetime_operator.py
[2026-07-16T11:14:38.505+0000] {processor.py:840} INFO - DAG(s) 'example_branch_datetime_operator_2', 'example_branch_datetime_operator', 'example_branch_datetime_operator_3' retrieved from /home/airflow/.local/lib/python3.12/site-packages/airflow/example_dags/example_branch_datetime_operator.py
[2026-07-16T11:14:38.533+0000] {logging_mixin.py:188} INFO - [2026-07-16T11:14:38.533+0000] {dag.py:3096} INFO - Sync 3 DAGs
[2026-07-16T11:14:38.555+0000] {logging_mixin.py:188} INFO - [2026-07-16T11:14:38.555+0000] {dag.py:3954} INFO - Setting next_dagrun for example_branch_datetime_operator to 2026-07-15 00:00:00+00:00, run_after=2026-07-16 00:00:00+00:00
[2026-07-16T11:14:38.560+0000] {logging_mixin.py:188} INFO - [2026-07-16T11:14:38.559+0000] {dag.py:3954} INFO - Setting next_dagrun for example_branch_datetime_operator_2 to 2026-07-15 00:00:00+00:00, run_after=2026-07-16 00:00:00+00:00
[2026-07-16T11:14:38.563+0000] {logging_mixin.py:188} INFO - [2026-07-16T11:14:38.562+0000] {dag.py:3954} INFO - Setting next_dagrun for example_branch_datetime_operator_3 to 2026-07-15 00:00:00+00:00, run_after=2026-07-16 00:00:00+00:00
[2026-07-16T11:14:38.588+0000] {processor.py:183} INFO - Processing /home/airflow/.local/lib/python3.12/site-packages/airflow/example_dags/example_branch_datetime_operator.py took 0.101 seconds
[2026-07-16T11:15:08.925+0000] {processor.py:161} INFO - Started process (PID=1446) to work on /home/airflow/.local/lib/python3.12/site-packages/airflow/example_dags/example_branch_datetime_operator.py
[2026-07-16T11:15:08.926+0000] {processor.py:830} INFO - Processing file /home/airflow/.local/lib/python3.12/site-packages/airflow/example_dags/example_branch_datetime_operator.py for tasks to queue
[2026-07-16T11:15:08.930+0000] {logging_mixin.py:188} INFO - [2026-07-16T11:15:08.930+0000] {dagbag.py:540} INFO - Filling up the DagBag from /home/airflow/.local/lib/python3.12/site-packages/airflow/example_dags/example_branch_datetime_operator.py
[2026-07-16T11:15:08.941+0000] {processor.py:840} INFO - DAG(s) 'example_branch_datetime_operator_3', 'example_branch_datetime_operator', 'example_branch_datetime_operator_2' retrieved from /home/airflow/.local/lib/python3.12/site-packages/airflow/example_dags/example_branch_datetime_operator.py
[2026-07-16T11:15:08.975+0000] {logging_mixin.py:188} INFO - [2026-07-16T11:15:08.975+0000] {dag.py:3096} INFO - Sync 3 DAGs
[2026-07-16T11:15:09.008+0000] {logging_mixin.py:188} INFO - [2026-07-16T11:15:09.008+0000] {dag.py:3954} INFO - Setting next_dagrun for example_branch_datetime_operator to 2026-07-15 00:00:00+00:00, run_after=2026-07-16 00:00:00+00:00
[2026-07-16T11:15:09.014+0000] {logging_mixin.py:188} INFO - [2026-07-16T11:15:09.014+0000] {dag.py:3954} INFO - Setting next_dagrun for example_branch_datetime_operator_2 to 2026-07-15 00:00:00+00:00, run_after=2026-07-16 00:00:00+00:00
[2026-07-16T11:15:09.018+0000] {logging_mixin.py:188} INFO - [2026-07-16T11:15:09.017+0000] {dag.py:3954} INFO - Setting next_dagrun for example_branch_datetime_operator_3 to 2026-07-15 00:00:00+00:00, run_after=2026-07-16 00:00:00+00:00
[2026-07-16T11:15:09.041+0000] {processor.py:183} INFO - Processing /home/airflow/.local/lib/python3.12/site-packages/airflow/example_dags/example_branch_datetime_operator.py took 0.122 seconds
[2026-07-16T11:15:39.285+0000] {processor.py:161} INFO - Started process (PID=1505) to work on /home/airflow/.local/lib/python3.12/site-packages/airflow/example_dags/example_branch_datetime_operator.py
[2026-07-16T11:15:39.287+0000] {processor.py:830} INFO - Processing file /home/airflow/.local/lib/python3.12/site-packages/airflow/example_dags/example_branch_datetime_operator.py for tasks to queue
[2026-07-16T11:15:39.292+0000] {logging_mixin.py:188} INFO - [2026-07-16T11:15:39.291+0000] {dagbag.py:540} INFO - Filling up the DagBag from /home/airflow/.local/lib/python3.12/site-packages/airflow/example_dags/example_branch_datetime_operator.py
[2026-07-16T11:15:39.305+0000] {processor.py:840} INFO - DAG(s) 'example_branch_datetime_operator_2', 'example_branch_datetime_operator_3', 'example_branch_datetime_operator' retrieved from /home/airflow/.local/lib/python3.12/site-packages/airflow/example_dags/example_branch_datetime_operator.py
[2026-07-16T11:15:39.360+0000] {logging_mixin.py:188} INFO - [2026-07-16T11:15:39.359+0000] {dag.py:3096} INFO - Sync 3 DAGs
[2026-07-16T11:15:39.392+0000] {logging_mixin.py:188} INFO - [2026-07-16T11:15:39.392+0000] {dag.py:3954} INFO - Setting next_dagrun for example_branch_datetime_operator to 2026-07-15 00:00:00+00:00, run_after=2026-07-16 00:00:00+00:00
[2026-07-16T11:15:39.398+0000] {logging_mixin.py:188} INFO - [2026-07-16T11:15:39.398+0000] {dag.py:3954} INFO - Setting next_dagrun for example_branch_datetime_operator_2 to 2026-07-15 00:00:00+00:00, run_after=2026-07-16 00:00:00+00:00
[2026-07-16T11:15:39.402+0000] {logging_mixin.py:188} INFO - [2026-07-16T11:15:39.401+0000] {dag.py:3954} INFO - Setting next_dagrun for example_branch_datetime_operator_3 to 2026-07-15 00:00:00+00:00, run_after=2026-07-16 00:00:00+00:00
[2026-07-16T11:15:39.423+0000] {processor.py:183} INFO - Processing /home/airflow/.local/lib/python3.12/site-packages/airflow/example_dags/example_branch_datetime_operator.py took 0.148 seconds
[2026-07-16T11:16:10.117+0000] {processor.py:161} INFO - Started process (PID=1564) to work on /home/airflow/.local/lib/python3.12/site-packages/airflow/example_dags/example_branch_datetime_operator.py
[2026-07-16T11:16:10.118+0000] {processor.py:830} INFO - Processing file /home/airflow/.local/lib/python3.12/site-packages/airflow/example_dags/example_branch_datetime_operator.py for tasks to queue
[2026-07-16T11:16:10.121+0000] {logging_mixin.py:188} INFO - [2026-07-16T11:16:10.120+0000] {dagbag.py:540} INFO - Filling up the DagBag from /home/airflow/.local/lib/python3.12/site-packages/airflow/example_dags/example_branch_datetime_operator.py
[2026-07-16T11:16:10.129+0000] {processor.py:840} INFO - DAG(s) 'example_branch_datetime_operator', 'example_branch_datetime_operator_2', 'example_branch_datetime_operator_3' retrieved from /home/airflow/.local/lib/python3.12/site-packages/airflow/example_dags/example_branch_datetime_operator.py
[2026-07-16T11:16:10.151+0000] {logging_mixin.py:188} INFO - [2026-07-16T11:16:10.151+0000] {dag.py:3096} INFO - Sync 3 DAGs
[2026-07-16T11:16:10.170+0000] {logging_mixin.py:188} INFO - [2026-07-16T11:16:10.170+0000] {dag.py:3954} INFO - Setting next_dagrun for example_branch_datetime_operator to 2026-07-15 00:00:00+00:00, run_after=2026-07-16 00:00:00+00:00
[2026-07-16T11:16:10.175+0000] {logging_mixin.py:188} INFO - [2026-07-16T11:16:10.175+0000] {dag.py:3954} INFO - Setting next_dagrun for example_branch_datetime_operator_2 to 2026-07-15 00:00:00+00:00, run_after=2026-07-16 00:00:00+00:00
[2026-07-16T11:16:10.178+0000] {logging_mixin.py:188} INFO - [2026-07-16T11:16:10.178+0000] {dag.py:3954} INFO - Setting next_dagrun for example_branch_datetime_operator_3 to 2026-07-15 00:00:00+00:00, run_after=2026-07-16 00:00:00+00:00
[2026-07-16T11:16:10.195+0000] {processor.py:183} INFO - Processing /home/airflow/.local/lib/python3.12/site-packages/airflow/example_dags/example_branch_datetime_operator.py took 0.083 seconds
[2026-07-16T11:16:40.998+0000] {processor.py:161} INFO - Started process (PID=1623) to work on /home/airflow/.local/lib/python3.12/site-packages/airflow/example_dags/example_branch_datetime_operator.py
[2026-07-16T11:16:41.000+0000] {processor.py:830} INFO - Processing file /home/airflow/.local/lib/python3.12/site-packages/airflow/example_dags/example_branch_datetime_operator.py for tasks to queue
[2026-07-16T11:16:41.002+0000] {logging_mixin.py:188} INFO - [2026-07-16T11:16:41.002+0000] {dagbag.py:540} INFO - Filling up the DagBag from /home/airflow/.local/lib/python3.12/site-packages/airflow/example_dags/example_branch_datetime_operator.py
[2026-07-16T11:16:41.012+0000] {processor.py:840} INFO - DAG(s) 'example_branch_datetime_operator', 'example_branch_datetime_operator_3', 'example_branch_datetime_operator_2' retrieved from /home/airflow/.local/lib/python3.12/site-packages/airflow/example_dags/example_branch_datetime_operator.py
[2026-07-16T11:16:41.039+0000] {logging_mixin.py:188} INFO - [2026-07-16T11:16:41.039+0000] {dag.py:3096} INFO - Sync 3 DAGs
[2026-07-16T11:16:41.064+0000] {logging_mixin.py:188} INFO - [2026-07-16T11:16:41.064+0000] {dag.py:3954} INFO - Setting next_dagrun for example_branch_datetime_operator to 2026-07-15 00:00:00+00:00, run_after=2026-07-16 00:00:00+00:00
[2026-07-16T11:16:41.069+0000] {logging_mixin.py:188} INFO - [2026-07-16T11:16:41.069+0000] {dag.py:3954} INFO - Setting next_dagrun for example_branch_datetime_operator_2 to 2026-07-15 00:00:00+00:00, run_after=2026-07-16 00:00:00+00:00
[2026-07-16T11:16:41.072+0000] {logging_mixin.py:188} INFO - [2026-07-16T11:16:41.072+0000] {dag.py:3954} INFO - Setting next_dagrun for example_branch_datetime_operator_3 to 2026-07-15 00:00:00+00:00, run_after=2026-07-16 00:00:00+00:00
[2026-07-16T11:16:41.089+0000] {processor.py:183} INFO - Processing /home/airflow/.local/lib/python3.12/site-packages/airflow/example_dags/example_branch_datetime_operator.py took 0.095 seconds
[2026-07-16T11:17:11.820+0000] {processor.py:161} INFO - Started process (PID=1682) to work on /home/airflow/.local/lib/python3.12/site-packages/airflow/example_dags/example_branch_datetime_operator.py
[2026-07-16T11:17:11.822+0000] {processor.py:830} INFO - Processing file /home/airflow/.local/lib/python3.12/site-packages/airflow/example_dags/example_branch_datetime_operator.py for tasks to queue
[2026-07-16T11:17:11.826+0000] {logging_mixin.py:188} INFO - [2026-07-16T11:17:11.825+0000] {dagbag.py:540} INFO - Filling up the DagBag from /home/airflow/.local/lib/python3.12/site-packages/airflow/example_dags/example_branch_datetime_operator.py
[2026-07-16T11:17:11.841+0000] {processor.py:840} INFO - DAG(s) 'example_branch_datetime_operator_3', 'example_branch_datetime_operator', 'example_branch_datetime_operator_2' retrieved from /home/airflow/.local/lib/python3.12/site-packages/airflow/example_dags/example_branch_datetime_operator.py
[2026-07-16T11:17:11.878+0000] {logging_mixin.py:188} INFO - [2026-07-16T11:17:11.878+0000] {dag.py:3096} INFO - Sync 3 DAGs
[2026-07-16T11:17:11.900+0000] {logging_mixin.py:188} INFO - [2026-07-16T11:17:11.900+0000] {dag.py:3954} INFO - Setting next_dagrun for example_branch_datetime_operator to 2026-07-15 00:00:00+00:00, run_after=2026-07-16 00:00:00+00:00
[2026-07-16T11:17:11.905+0000] {logging_mixin.py:188} INFO - [2026-07-16T11:17:11.905+0000] {dag.py:3954} INFO - Setting next_dagrun for example_branch_datetime_operator_2 to 2026-07-15 00:00:00+00:00, run_after=2026-07-16 00:00:00+00:00
[2026-07-16T11:17:11.908+0000] {logging_mixin.py:188} INFO - [2026-07-16T11:17:11.907+0000] {dag.py:3954} INFO - Setting next_dagrun for example_branch_datetime_operator_3 to 2026-07-15 00:00:00+00:00, run_after=2026-07-16 00:00:00+00:00
[2026-07-16T11:17:11.926+0000] {processor.py:183} INFO - Processing /home/airflow/.local/lib/python3.12/site-packages/airflow/example_dags/example_branch_datetime_operator.py took 0.114 seconds
[2026-07-16T11:17:42.000+0000] {processor.py:161} INFO - Started process (PID=1741) to work on /home/airflow/.local/lib/python3.12/site-packages/airflow/example_dags/example_branch_datetime_operator.py
[2026-07-16T11:17:42.002+0000] {processor.py:830} INFO - Processing file /home/airflow/.local/lib/python3.12/site-packages/airflow/example_dags/example_branch_datetime_operator.py for tasks to queue
[2026-07-16T11:17:42.005+0000] {logging_mixin.py:188} INFO - [2026-07-16T11:17:42.004+0000] {dagbag.py:540} INFO - Filling up the DagBag from /home/airflow/.local/lib/python3.12/site-packages/airflow/example_dags/example_branch_datetime_operator.py
[2026-07-16T11:17:42.015+0000] {processor.py:840} INFO - DAG(s) 'example_branch_datetime_operator_2', 'example_branch_datetime_operator_3', 'example_branch_datetime_operator' retrieved from /home/airflow/.local/lib/python3.12/site-packages/airflow/example_dags/example_branch_datetime_operator.py
[2026-07-16T11:17:42.039+0000] {logging_mixin.py:188} INFO - [2026-07-16T11:17:42.039+0000] {dag.py:3096} INFO - Sync 3 DAGs
[2026-07-16T11:17:42.065+0000] {logging_mixin.py:188} INFO - [2026-07-16T11:17:42.065+0000] {dag.py:3954} INFO - Setting next_dagrun for example_branch_datetime_operator to 2026-07-15 00:00:00+00:00, run_after=2026-07-16 00:00:00+00:00
[2026-07-16T11:17:42.071+0000] {logging_mixin.py:188} INFO - [2026-07-16T11:17:42.071+0000] {dag.py:3954} INFO - Setting next_dagrun for example_branch_datetime_operator_2 to 2026-07-15 00:00:00+00:00, run_after=2026-07-16 00:00:00+00:00
[2026-07-16T11:17:42.074+0000] {logging_mixin.py:188} INFO - [2026-07-16T11:17:42.074+0000] {dag.py:3954} INFO - Setting next_dagrun for example_branch_datetime_operator_3 to 2026-07-15 00:00:00+00:00, run_after=2026-07-16 00:00:00+00:00
[2026-07-16T11:17:42.095+0000] {processor.py:183} INFO - Processing /home/airflow/.local/lib/python3.12/site-packages/airflow/example_dags/example_branch_datetime_operator.py took 0.101 seconds
[2026-07-16T11:18:13.842+0000] {processor.py:161} INFO - Started process (PID=1801) to work on /home/airflow/.local/lib/python3.12/site-packages/airflow/example_dags/example_branch_datetime_operator.py
[2026-07-16T11:18:13.845+0000] {processor.py:830} INFO - Processing file /home/airflow/.local/lib/python3.12/site-packages/airflow/example_dags/example_branch_datetime_operator.py for tasks to queue
[2026-07-16T11:18:13.858+0000] {logging_mixin.py:188} INFO - [2026-07-16T11:18:13.857+0000] {dagbag.py:540} INFO - Filling up the DagBag from /home/airflow/.local/lib/python3.12/site-packages/airflow/example_dags/example_branch_datetime_operator.py
[2026-07-16T11:18:13.894+0000] {processor.py:840} INFO - DAG(s) 'example_branch_datetime_operator_2', 'example_branch_datetime_operator', 'example_branch_datetime_operator_3' retrieved from /home/airflow/.local/lib/python3.12/site-packages/airflow/example_dags/example_branch_datetime_operator.py
[2026-07-16T11:18:14.020+0000] {logging_mixin.py:188} INFO - [2026-07-16T11:18:14.020+0000] {dag.py:3096} INFO - Sync 3 DAGs
[2026-07-16T11:18:14.083+0000] {logging_mixin.py:188} INFO - [2026-07-16T11:18:14.083+0000] {dag.py:3954} INFO - Setting next_dagrun for example_branch_datetime_operator to 2026-07-15 00:00:00+00:00, run_after=2026-07-16 00:00:00+00:00
[2026-07-16T11:18:14.093+0000] {logging_mixin.py:188} INFO - [2026-07-16T11:18:14.092+0000] {dag.py:3954} INFO - Setting next_dagrun for example_branch_datetime_operator_2 to 2026-07-15 00:00:00+00:00, run_after=2026-07-16 00:00:00+00:00
[2026-07-16T11:18:14.100+0000] {logging_mixin.py:188} INFO - [2026-07-16T11:18:14.099+0000] {dag.py:3954} INFO - Setting next_dagrun for example_branch_datetime_operator_3 to 2026-07-15 00:00:00+00:00, run_after=2026-07-16 00:00:00+00:00
[2026-07-16T11:18:14.134+0000] {processor.py:183} INFO - Processing /home/airflow/.local/lib/python3.12/site-packages/airflow/example_dags/example_branch_datetime_operator.py took 0.304 seconds
