[2026-07-16T11:03:29.776+0000] {processor.py:161} INFO - Started process (PID=100) to work on /home/airflow/.local/lib/python3.12/site-packages/airflow/example_dags/example_xcomargs.py
[2026-07-16T11:03:29.778+0000] {processor.py:830} INFO - Processing file /home/airflow/.local/lib/python3.12/site-packages/airflow/example_dags/example_xcomargs.py for tasks to queue
[2026-07-16T11:03:29.781+0000] {logging_mixin.py:188} INFO - [2026-07-16T11:03:29.780+0000] {dagbag.py:540} INFO - Filling up the DagBag from /home/airflow/.local/lib/python3.12/site-packages/airflow/example_dags/example_xcomargs.py
[2026-07-16T11:03:29.792+0000] {processor.py:840} INFO - DAG(s) 'example_xcom_args', 'example_xcom_args_with_operators' retrieved from /home/airflow/.local/lib/python3.12/site-packages/airflow/example_dags/example_xcomargs.py
[2026-07-16T11:03:29.811+0000] {logging_mixin.py:188} INFO - [2026-07-16T11:03:29.810+0000] {dag.py:3096} INFO - Sync 2 DAGs
[2026-07-16T11:03:29.832+0000] {logging_mixin.py:188} INFO - [2026-07-16T11:03:29.831+0000] {dag.py:3954} INFO - Setting next_dagrun for example_xcom_args to None, run_after=None
[2026-07-16T11:03:29.838+0000] {logging_mixin.py:188} INFO - [2026-07-16T11:03:29.838+0000] {dag.py:3954} INFO - Setting next_dagrun for example_xcom_args_with_operators to None, run_after=None
[2026-07-16T11:03:29.868+0000] {processor.py:183} INFO - Processing /home/airflow/.local/lib/python3.12/site-packages/airflow/example_dags/example_xcomargs.py took 0.097 seconds
[2026-07-16T11:04:00.409+0000] {processor.py:161} INFO - Started process (PID=159) to work on /home/airflow/.local/lib/python3.12/site-packages/airflow/example_dags/example_xcomargs.py
[2026-07-16T11:04:00.410+0000] {processor.py:830} INFO - Processing file /home/airflow/.local/lib/python3.12/site-packages/airflow/example_dags/example_xcomargs.py for tasks to queue
[2026-07-16T11:04:00.413+0000] {logging_mixin.py:188} INFO - [2026-07-16T11:04:00.412+0000] {dagbag.py:540} INFO - Filling up the DagBag from /home/airflow/.local/lib/python3.12/site-packages/airflow/example_dags/example_xcomargs.py
[2026-07-16T11:04:00.420+0000] {processor.py:840} INFO - DAG(s) 'example_xcom_args_with_operators', 'example_xcom_args' retrieved from /home/airflow/.local/lib/python3.12/site-packages/airflow/example_dags/example_xcomargs.py
[2026-07-16T11:04:00.500+0000] {logging_mixin.py:188} INFO - [2026-07-16T11:04:00.500+0000] {dag.py:3096} INFO - Sync 2 DAGs
[2026-07-16T11:04:00.510+0000] {logging_mixin.py:188} INFO - [2026-07-16T11:04:00.509+0000] {dag.py:3954} INFO - Setting next_dagrun for example_xcom_args to None, run_after=None
[2026-07-16T11:04:00.513+0000] {logging_mixin.py:188} INFO - [2026-07-16T11:04:00.512+0000] {dag.py:3954} INFO - Setting next_dagrun for example_xcom_args_with_operators to None, run_after=None
[2026-07-16T11:04:00.530+0000] {processor.py:183} INFO - Processing /home/airflow/.local/lib/python3.12/site-packages/airflow/example_dags/example_xcomargs.py took 0.126 seconds
[2026-07-16T11:04:31.376+0000] {processor.py:161} INFO - Started process (PID=219) to work on /home/airflow/.local/lib/python3.12/site-packages/airflow/example_dags/example_xcomargs.py
[2026-07-16T11:04:31.378+0000] {processor.py:830} INFO - Processing file /home/airflow/.local/lib/python3.12/site-packages/airflow/example_dags/example_xcomargs.py for tasks to queue
[2026-07-16T11:04:31.380+0000] {logging_mixin.py:188} INFO - [2026-07-16T11:04:31.380+0000] {dagbag.py:540} INFO - Filling up the DagBag from /home/airflow/.local/lib/python3.12/site-packages/airflow/example_dags/example_xcomargs.py
[2026-07-16T11:04:31.389+0000] {processor.py:840} INFO - DAG(s) 'example_xcom_args', 'example_xcom_args_with_operators' retrieved from /home/airflow/.local/lib/python3.12/site-packages/airflow/example_dags/example_xcomargs.py
[2026-07-16T11:04:31.408+0000] {logging_mixin.py:188} INFO - [2026-07-16T11:04:31.408+0000] {dag.py:3096} INFO - Sync 2 DAGs
[2026-07-16T11:04:31.420+0000] {logging_mixin.py:188} INFO - [2026-07-16T11:04:31.420+0000] {dag.py:3954} INFO - Setting next_dagrun for example_xcom_args to None, run_after=None
[2026-07-16T11:04:31.424+0000] {logging_mixin.py:188} INFO - [2026-07-16T11:04:31.424+0000] {dag.py:3954} INFO - Setting next_dagrun for example_xcom_args_with_operators to None, run_after=None
[2026-07-16T11:04:31.440+0000] {processor.py:183} INFO - Processing /home/airflow/.local/lib/python3.12/site-packages/airflow/example_dags/example_xcomargs.py took 0.068 seconds
[2026-07-16T11:05:01.517+0000] {processor.py:161} INFO - Started process (PID=278) to work on /home/airflow/.local/lib/python3.12/site-packages/airflow/example_dags/example_xcomargs.py
[2026-07-16T11:05:01.518+0000] {processor.py:830} INFO - Processing file /home/airflow/.local/lib/python3.12/site-packages/airflow/example_dags/example_xcomargs.py for tasks to queue
[2026-07-16T11:05:01.520+0000] {logging_mixin.py:188} INFO - [2026-07-16T11:05:01.520+0000] {dagbag.py:540} INFO - Filling up the DagBag from /home/airflow/.local/lib/python3.12/site-packages/airflow/example_dags/example_xcomargs.py
[2026-07-16T11:05:01.528+0000] {processor.py:840} INFO - DAG(s) 'example_xcom_args_with_operators', 'example_xcom_args' retrieved from /home/airflow/.local/lib/python3.12/site-packages/airflow/example_dags/example_xcomargs.py
[2026-07-16T11:05:01.548+0000] {logging_mixin.py:188} INFO - [2026-07-16T11:05:01.548+0000] {dag.py:3096} INFO - Sync 2 DAGs
[2026-07-16T11:05:01.562+0000] {logging_mixin.py:188} INFO - [2026-07-16T11:05:01.561+0000] {dag.py:3954} INFO - Setting next_dagrun for example_xcom_args to None, run_after=None
[2026-07-16T11:05:01.566+0000] {logging_mixin.py:188} INFO - [2026-07-16T11:05:01.566+0000] {dag.py:3954} INFO - Setting next_dagrun for example_xcom_args_with_operators to None, run_after=None
[2026-07-16T11:05:01.583+0000] {processor.py:183} INFO - Processing /home/airflow/.local/lib/python3.12/site-packages/airflow/example_dags/example_xcomargs.py took 0.071 seconds
[2026-07-16T11:05:31.842+0000] {processor.py:161} INFO - Started process (PID=337) to work on /home/airflow/.local/lib/python3.12/site-packages/airflow/example_dags/example_xcomargs.py
[2026-07-16T11:05:31.844+0000] {processor.py:830} INFO - Processing file /home/airflow/.local/lib/python3.12/site-packages/airflow/example_dags/example_xcomargs.py for tasks to queue
[2026-07-16T11:05:31.846+0000] {logging_mixin.py:188} INFO - [2026-07-16T11:05:31.846+0000] {dagbag.py:540} INFO - Filling up the DagBag from /home/airflow/.local/lib/python3.12/site-packages/airflow/example_dags/example_xcomargs.py
[2026-07-16T11:05:31.854+0000] {processor.py:840} INFO - DAG(s) 'example_xcom_args_with_operators', 'example_xcom_args' retrieved from /home/airflow/.local/lib/python3.12/site-packages/airflow/example_dags/example_xcomargs.py
[2026-07-16T11:05:31.876+0000] {logging_mixin.py:188} INFO - [2026-07-16T11:05:31.876+0000] {dag.py:3096} INFO - Sync 2 DAGs
[2026-07-16T11:05:31.888+0000] {logging_mixin.py:188} INFO - [2026-07-16T11:05:31.888+0000] {dag.py:3954} INFO - Setting next_dagrun for example_xcom_args to None, run_after=None
[2026-07-16T11:05:31.892+0000] {logging_mixin.py:188} INFO - [2026-07-16T11:05:31.892+0000] {dag.py:3954} INFO - Setting next_dagrun for example_xcom_args_with_operators to None, run_after=None
[2026-07-16T11:05:31.908+0000] {processor.py:183} INFO - Processing /home/airflow/.local/lib/python3.12/site-packages/airflow/example_dags/example_xcomargs.py took 0.071 seconds
[2026-07-16T11:06:02.251+0000] {processor.py:161} INFO - Started process (PID=396) to work on /home/airflow/.local/lib/python3.12/site-packages/airflow/example_dags/example_xcomargs.py
[2026-07-16T11:06:02.252+0000] {processor.py:830} INFO - Processing file /home/airflow/.local/lib/python3.12/site-packages/airflow/example_dags/example_xcomargs.py for tasks to queue
[2026-07-16T11:06:02.255+0000] {logging_mixin.py:188} INFO - [2026-07-16T11:06:02.255+0000] {dagbag.py:540} INFO - Filling up the DagBag from /home/airflow/.local/lib/python3.12/site-packages/airflow/example_dags/example_xcomargs.py
[2026-07-16T11:06:02.263+0000] {processor.py:840} INFO - DAG(s) 'example_xcom_args_with_operators', 'example_xcom_args' retrieved from /home/airflow/.local/lib/python3.12/site-packages/airflow/example_dags/example_xcomargs.py
[2026-07-16T11:06:02.289+0000] {logging_mixin.py:188} INFO - [2026-07-16T11:06:02.289+0000] {dag.py:3096} INFO - Sync 2 DAGs
[2026-07-16T11:06:02.303+0000] {logging_mixin.py:188} INFO - [2026-07-16T11:06:02.303+0000] {dag.py:3954} INFO - Setting next_dagrun for example_xcom_args to None, run_after=None
[2026-07-16T11:06:02.308+0000] {logging_mixin.py:188} INFO - [2026-07-16T11:06:02.308+0000] {dag.py:3954} INFO - Setting next_dagrun for example_xcom_args_with_operators to None, run_after=None
[2026-07-16T11:06:02.327+0000] {processor.py:183} INFO - Processing /home/airflow/.local/lib/python3.12/site-packages/airflow/example_dags/example_xcomargs.py took 0.082 seconds
[2026-07-16T11:06:33.248+0000] {processor.py:161} INFO - Started process (PID=455) to work on /home/airflow/.local/lib/python3.12/site-packages/airflow/example_dags/example_xcomargs.py
[2026-07-16T11:06:33.249+0000] {processor.py:830} INFO - Processing file /home/airflow/.local/lib/python3.12/site-packages/airflow/example_dags/example_xcomargs.py for tasks to queue
[2026-07-16T11:06:33.252+0000] {logging_mixin.py:188} INFO - [2026-07-16T11:06:33.251+0000] {dagbag.py:540} INFO - Filling up the DagBag from /home/airflow/.local/lib/python3.12/site-packages/airflow/example_dags/example_xcomargs.py
[2026-07-16T11:06:33.260+0000] {processor.py:840} INFO - DAG(s) 'example_xcom_args', 'example_xcom_args_with_operators' retrieved from /home/airflow/.local/lib/python3.12/site-packages/airflow/example_dags/example_xcomargs.py
[2026-07-16T11:06:33.279+0000] {logging_mixin.py:188} INFO - [2026-07-16T11:06:33.279+0000] {dag.py:3096} INFO - Sync 2 DAGs
[2026-07-16T11:06:33.291+0000] {logging_mixin.py:188} INFO - [2026-07-16T11:06:33.291+0000] {dag.py:3954} INFO - Setting next_dagrun for example_xcom_args to None, run_after=None
[2026-07-16T11:06:33.295+0000] {logging_mixin.py:188} INFO - [2026-07-16T11:06:33.295+0000] {dag.py:3954} INFO - Setting next_dagrun for example_xcom_args_with_operators to None, run_after=None
[2026-07-16T11:06:33.311+0000] {processor.py:183} INFO - Processing /home/airflow/.local/lib/python3.12/site-packages/airflow/example_dags/example_xcomargs.py took 0.069 seconds
[2026-07-16T11:07:03.644+0000] {processor.py:161} INFO - Started process (PID=514) to work on /home/airflow/.local/lib/python3.12/site-packages/airflow/example_dags/example_xcomargs.py
[2026-07-16T11:07:03.645+0000] {processor.py:830} INFO - Processing file /home/airflow/.local/lib/python3.12/site-packages/airflow/example_dags/example_xcomargs.py for tasks to queue
[2026-07-16T11:07:03.648+0000] {logging_mixin.py:188} INFO - [2026-07-16T11:07:03.648+0000] {dagbag.py:540} INFO - Filling up the DagBag from /home/airflow/.local/lib/python3.12/site-packages/airflow/example_dags/example_xcomargs.py
[2026-07-16T11:07:03.657+0000] {processor.py:840} INFO - DAG(s) 'example_xcom_args_with_operators', 'example_xcom_args' retrieved from /home/airflow/.local/lib/python3.12/site-packages/airflow/example_dags/example_xcomargs.py
[2026-07-16T11:07:03.681+0000] {logging_mixin.py:188} INFO - [2026-07-16T11:07:03.681+0000] {dag.py:3096} INFO - Sync 2 DAGs
[2026-07-16T11:07:03.695+0000] {logging_mixin.py:188} INFO - [2026-07-16T11:07:03.695+0000] {dag.py:3954} INFO - Setting next_dagrun for example_xcom_args to None, run_after=None
[2026-07-16T11:07:03.699+0000] {logging_mixin.py:188} INFO - [2026-07-16T11:07:03.699+0000] {dag.py:3954} INFO - Setting next_dagrun for example_xcom_args_with_operators to None, run_after=None
[2026-07-16T11:07:03.717+0000] {processor.py:183} INFO - Processing /home/airflow/.local/lib/python3.12/site-packages/airflow/example_dags/example_xcomargs.py took 0.078 seconds
[2026-07-16T11:07:34.016+0000] {processor.py:161} INFO - Started process (PID=573) to work on /home/airflow/.local/lib/python3.12/site-packages/airflow/example_dags/example_xcomargs.py
[2026-07-16T11:07:34.017+0000] {processor.py:830} INFO - Processing file /home/airflow/.local/lib/python3.12/site-packages/airflow/example_dags/example_xcomargs.py for tasks to queue
[2026-07-16T11:07:34.019+0000] {logging_mixin.py:188} INFO - [2026-07-16T11:07:34.019+0000] {dagbag.py:540} INFO - Filling up the DagBag from /home/airflow/.local/lib/python3.12/site-packages/airflow/example_dags/example_xcomargs.py
[2026-07-16T11:07:34.027+0000] {processor.py:840} INFO - DAG(s) 'example_xcom_args_with_operators', 'example_xcom_args' retrieved from /home/airflow/.local/lib/python3.12/site-packages/airflow/example_dags/example_xcomargs.py
[2026-07-16T11:07:34.046+0000] {logging_mixin.py:188} INFO - [2026-07-16T11:07:34.046+0000] {dag.py:3096} INFO - Sync 2 DAGs
[2026-07-16T11:07:34.057+0000] {logging_mixin.py:188} INFO - [2026-07-16T11:07:34.057+0000] {dag.py:3954} INFO - Setting next_dagrun for example_xcom_args to None, run_after=None
[2026-07-16T11:07:34.061+0000] {logging_mixin.py:188} INFO - [2026-07-16T11:07:34.061+0000] {dag.py:3954} INFO - Setting next_dagrun for example_xcom_args_with_operators to None, run_after=None
[2026-07-16T11:07:34.076+0000] {processor.py:183} INFO - Processing /home/airflow/.local/lib/python3.12/site-packages/airflow/example_dags/example_xcomargs.py took 0.066 seconds
[2026-07-16T11:08:04.505+0000] {processor.py:161} INFO - Started process (PID=632) to work on /home/airflow/.local/lib/python3.12/site-packages/airflow/example_dags/example_xcomargs.py
[2026-07-16T11:08:04.506+0000] {processor.py:830} INFO - Processing file /home/airflow/.local/lib/python3.12/site-packages/airflow/example_dags/example_xcomargs.py for tasks to queue
[2026-07-16T11:08:04.509+0000] {logging_mixin.py:188} INFO - [2026-07-16T11:08:04.509+0000] {dagbag.py:540} INFO - Filling up the DagBag from /home/airflow/.local/lib/python3.12/site-packages/airflow/example_dags/example_xcomargs.py
[2026-07-16T11:08:04.518+0000] {processor.py:840} INFO - DAG(s) 'example_xcom_args_with_operators', 'example_xcom_args' retrieved from /home/airflow/.local/lib/python3.12/site-packages/airflow/example_dags/example_xcomargs.py
[2026-07-16T11:08:04.538+0000] {logging_mixin.py:188} INFO - [2026-07-16T11:08:04.537+0000] {dag.py:3096} INFO - Sync 2 DAGs
[2026-07-16T11:08:04.549+0000] {logging_mixin.py:188} INFO - [2026-07-16T11:08:04.548+0000] {dag.py:3954} INFO - Setting next_dagrun for example_xcom_args to None, run_after=None
[2026-07-16T11:08:04.553+0000] {logging_mixin.py:188} INFO - [2026-07-16T11:08:04.553+0000] {dag.py:3954} INFO - Setting next_dagrun for example_xcom_args_with_operators to None, run_after=None
[2026-07-16T11:08:04.569+0000] {processor.py:183} INFO - Processing /home/airflow/.local/lib/python3.12/site-packages/airflow/example_dags/example_xcomargs.py took 0.069 seconds
[2026-07-16T11:08:34.731+0000] {processor.py:161} INFO - Started process (PID=691) to work on /home/airflow/.local/lib/python3.12/site-packages/airflow/example_dags/example_xcomargs.py
[2026-07-16T11:08:34.733+0000] {processor.py:830} INFO - Processing file /home/airflow/.local/lib/python3.12/site-packages/airflow/example_dags/example_xcomargs.py for tasks to queue
[2026-07-16T11:08:34.735+0000] {logging_mixin.py:188} INFO - [2026-07-16T11:08:34.735+0000] {dagbag.py:540} INFO - Filling up the DagBag from /home/airflow/.local/lib/python3.12/site-packages/airflow/example_dags/example_xcomargs.py
[2026-07-16T11:08:34.744+0000] {processor.py:840} INFO - DAG(s) 'example_xcom_args_with_operators', 'example_xcom_args' retrieved from /home/airflow/.local/lib/python3.12/site-packages/airflow/example_dags/example_xcomargs.py
[2026-07-16T11:08:34.764+0000] {logging_mixin.py:188} INFO - [2026-07-16T11:08:34.763+0000] {dag.py:3096} INFO - Sync 2 DAGs
[2026-07-16T11:08:34.775+0000] {logging_mixin.py:188} INFO - [2026-07-16T11:08:34.774+0000] {dag.py:3954} INFO - Setting next_dagrun for example_xcom_args to None, run_after=None
[2026-07-16T11:08:34.779+0000] {logging_mixin.py:188} INFO - [2026-07-16T11:08:34.779+0000] {dag.py:3954} INFO - Setting next_dagrun for example_xcom_args_with_operators to None, run_after=None
[2026-07-16T11:08:34.796+0000] {processor.py:183} INFO - Processing /home/airflow/.local/lib/python3.12/site-packages/airflow/example_dags/example_xcomargs.py took 0.070 seconds
[2026-07-16T11:09:05.012+0000] {processor.py:161} INFO - Started process (PID=750) to work on /home/airflow/.local/lib/python3.12/site-packages/airflow/example_dags/example_xcomargs.py
[2026-07-16T11:09:05.013+0000] {processor.py:830} INFO - Processing file /home/airflow/.local/lib/python3.12/site-packages/airflow/example_dags/example_xcomargs.py for tasks to queue
[2026-07-16T11:09:05.015+0000] {logging_mixin.py:188} INFO - [2026-07-16T11:09:05.015+0000] {dagbag.py:540} INFO - Filling up the DagBag from /home/airflow/.local/lib/python3.12/site-packages/airflow/example_dags/example_xcomargs.py
[2026-07-16T11:09:05.023+0000] {processor.py:840} INFO - DAG(s) 'example_xcom_args_with_operators', 'example_xcom_args' retrieved from /home/airflow/.local/lib/python3.12/site-packages/airflow/example_dags/example_xcomargs.py
[2026-07-16T11:09:05.042+0000] {logging_mixin.py:188} INFO - [2026-07-16T11:09:05.041+0000] {dag.py:3096} INFO - Sync 2 DAGs
[2026-07-16T11:09:05.052+0000] {logging_mixin.py:188} INFO - [2026-07-16T11:09:05.052+0000] {dag.py:3954} INFO - Setting next_dagrun for example_xcom_args to None, run_after=None
[2026-07-16T11:09:05.056+0000] {logging_mixin.py:188} INFO - [2026-07-16T11:09:05.056+0000] {dag.py:3954} INFO - Setting next_dagrun for example_xcom_args_with_operators to None, run_after=None
[2026-07-16T11:09:05.076+0000] {processor.py:183} INFO - Processing /home/airflow/.local/lib/python3.12/site-packages/airflow/example_dags/example_xcomargs.py took 0.068 seconds
[2026-07-16T11:09:35.445+0000] {processor.py:161} INFO - Started process (PID=809) to work on /home/airflow/.local/lib/python3.12/site-packages/airflow/example_dags/example_xcomargs.py
[2026-07-16T11:09:35.447+0000] {processor.py:830} INFO - Processing file /home/airflow/.local/lib/python3.12/site-packages/airflow/example_dags/example_xcomargs.py for tasks to queue
[2026-07-16T11:09:35.450+0000] {logging_mixin.py:188} INFO - [2026-07-16T11:09:35.450+0000] {dagbag.py:540} INFO - Filling up the DagBag from /home/airflow/.local/lib/python3.12/site-packages/airflow/example_dags/example_xcomargs.py
[2026-07-16T11:09:35.458+0000] {processor.py:840} INFO - DAG(s) 'example_xcom_args', 'example_xcom_args_with_operators' retrieved from /home/airflow/.local/lib/python3.12/site-packages/airflow/example_dags/example_xcomargs.py
[2026-07-16T11:09:35.478+0000] {logging_mixin.py:188} INFO - [2026-07-16T11:09:35.478+0000] {dag.py:3096} INFO - Sync 2 DAGs
[2026-07-16T11:09:35.490+0000] {logging_mixin.py:188} INFO - [2026-07-16T11:09:35.490+0000] {dag.py:3954} INFO - Setting next_dagrun for example_xcom_args to None, run_after=None
[2026-07-16T11:09:35.494+0000] {logging_mixin.py:188} INFO - [2026-07-16T11:09:35.494+0000] {dag.py:3954} INFO - Setting next_dagrun for example_xcom_args_with_operators to None, run_after=None
[2026-07-16T11:09:35.509+0000] {processor.py:183} INFO - Processing /home/airflow/.local/lib/python3.12/site-packages/airflow/example_dags/example_xcomargs.py took 0.069 seconds
[2026-07-16T11:10:05.941+0000] {processor.py:161} INFO - Started process (PID=868) to work on /home/airflow/.local/lib/python3.12/site-packages/airflow/example_dags/example_xcomargs.py
[2026-07-16T11:10:05.942+0000] {processor.py:830} INFO - Processing file /home/airflow/.local/lib/python3.12/site-packages/airflow/example_dags/example_xcomargs.py for tasks to queue
[2026-07-16T11:10:05.945+0000] {logging_mixin.py:188} INFO - [2026-07-16T11:10:05.945+0000] {dagbag.py:540} INFO - Filling up the DagBag from /home/airflow/.local/lib/python3.12/site-packages/airflow/example_dags/example_xcomargs.py
[2026-07-16T11:10:05.953+0000] {processor.py:840} INFO - DAG(s) 'example_xcom_args_with_operators', 'example_xcom_args' retrieved from /home/airflow/.local/lib/python3.12/site-packages/airflow/example_dags/example_xcomargs.py
[2026-07-16T11:10:05.974+0000] {logging_mixin.py:188} INFO - [2026-07-16T11:10:05.973+0000] {dag.py:3096} INFO - Sync 2 DAGs
[2026-07-16T11:10:05.987+0000] {logging_mixin.py:188} INFO - [2026-07-16T11:10:05.987+0000] {dag.py:3954} INFO - Setting next_dagrun for example_xcom_args to None, run_after=None
[2026-07-16T11:10:05.992+0000] {logging_mixin.py:188} INFO - [2026-07-16T11:10:05.992+0000] {dag.py:3954} INFO - Setting next_dagrun for example_xcom_args_with_operators to None, run_after=None
[2026-07-16T11:10:06.010+0000] {processor.py:183} INFO - Processing /home/airflow/.local/lib/python3.12/site-packages/airflow/example_dags/example_xcomargs.py took 0.076 seconds
[2026-07-16T11:10:36.504+0000] {processor.py:161} INFO - Started process (PID=927) to work on /home/airflow/.local/lib/python3.12/site-packages/airflow/example_dags/example_xcomargs.py
[2026-07-16T11:10:36.506+0000] {processor.py:830} INFO - Processing file /home/airflow/.local/lib/python3.12/site-packages/airflow/example_dags/example_xcomargs.py for tasks to queue
[2026-07-16T11:10:36.508+0000] {logging_mixin.py:188} INFO - [2026-07-16T11:10:36.508+0000] {dagbag.py:540} INFO - Filling up the DagBag from /home/airflow/.local/lib/python3.12/site-packages/airflow/example_dags/example_xcomargs.py
[2026-07-16T11:10:36.515+0000] {processor.py:840} INFO - DAG(s) 'example_xcom_args', 'example_xcom_args_with_operators' retrieved from /home/airflow/.local/lib/python3.12/site-packages/airflow/example_dags/example_xcomargs.py
[2026-07-16T11:10:36.535+0000] {logging_mixin.py:188} INFO - [2026-07-16T11:10:36.535+0000] {dag.py:3096} INFO - Sync 2 DAGs
[2026-07-16T11:10:36.547+0000] {logging_mixin.py:188} INFO - [2026-07-16T11:10:36.547+0000] {dag.py:3954} INFO - Setting next_dagrun for example_xcom_args to None, run_after=None
[2026-07-16T11:10:36.551+0000] {logging_mixin.py:188} INFO - [2026-07-16T11:10:36.551+0000] {dag.py:3954} INFO - Setting next_dagrun for example_xcom_args_with_operators to None, run_after=None
[2026-07-16T11:10:36.568+0000] {processor.py:183} INFO - Processing /home/airflow/.local/lib/python3.12/site-packages/airflow/example_dags/example_xcomargs.py took 0.068 seconds
[2026-07-16T11:11:06.980+0000] {processor.py:161} INFO - Started process (PID=986) to work on /home/airflow/.local/lib/python3.12/site-packages/airflow/example_dags/example_xcomargs.py
[2026-07-16T11:11:06.982+0000] {processor.py:830} INFO - Processing file /home/airflow/.local/lib/python3.12/site-packages/airflow/example_dags/example_xcomargs.py for tasks to queue
[2026-07-16T11:11:06.984+0000] {logging_mixin.py:188} INFO - [2026-07-16T11:11:06.984+0000] {dagbag.py:540} INFO - Filling up the DagBag from /home/airflow/.local/lib/python3.12/site-packages/airflow/example_dags/example_xcomargs.py
[2026-07-16T11:11:06.992+0000] {processor.py:840} INFO - DAG(s) 'example_xcom_args', 'example_xcom_args_with_operators' retrieved from /home/airflow/.local/lib/python3.12/site-packages/airflow/example_dags/example_xcomargs.py
[2026-07-16T11:11:07.015+0000] {logging_mixin.py:188} INFO - [2026-07-16T11:11:07.015+0000] {dag.py:3096} INFO - Sync 2 DAGs
[2026-07-16T11:11:07.026+0000] {logging_mixin.py:188} INFO - [2026-07-16T11:11:07.026+0000] {dag.py:3954} INFO - Setting next_dagrun for example_xcom_args to None, run_after=None
[2026-07-16T11:11:07.030+0000] {logging_mixin.py:188} INFO - [2026-07-16T11:11:07.030+0000] {dag.py:3954} INFO - Setting next_dagrun for example_xcom_args_with_operators to None, run_after=None
[2026-07-16T11:11:07.053+0000] {processor.py:183} INFO - Processing /home/airflow/.local/lib/python3.12/site-packages/airflow/example_dags/example_xcomargs.py took 0.078 seconds
[2026-07-16T11:11:38.053+0000] {processor.py:161} INFO - Started process (PID=1045) to work on /home/airflow/.local/lib/python3.12/site-packages/airflow/example_dags/example_xcomargs.py
[2026-07-16T11:11:38.054+0000] {processor.py:830} INFO - Processing file /home/airflow/.local/lib/python3.12/site-packages/airflow/example_dags/example_xcomargs.py for tasks to queue
[2026-07-16T11:11:38.057+0000] {logging_mixin.py:188} INFO - [2026-07-16T11:11:38.056+0000] {dagbag.py:540} INFO - Filling up the DagBag from /home/airflow/.local/lib/python3.12/site-packages/airflow/example_dags/example_xcomargs.py
[2026-07-16T11:11:38.066+0000] {processor.py:840} INFO - DAG(s) 'example_xcom_args', 'example_xcom_args_with_operators' retrieved from /home/airflow/.local/lib/python3.12/site-packages/airflow/example_dags/example_xcomargs.py
[2026-07-16T11:11:38.089+0000] {logging_mixin.py:188} INFO - [2026-07-16T11:11:38.088+0000] {dag.py:3096} INFO - Sync 2 DAGs
[2026-07-16T11:11:38.101+0000] {logging_mixin.py:188} INFO - [2026-07-16T11:11:38.101+0000] {dag.py:3954} INFO - Setting next_dagrun for example_xcom_args to None, run_after=None
[2026-07-16T11:11:38.105+0000] {logging_mixin.py:188} INFO - [2026-07-16T11:11:38.105+0000] {dag.py:3954} INFO - Setting next_dagrun for example_xcom_args_with_operators to None, run_after=None
[2026-07-16T11:11:38.127+0000] {processor.py:183} INFO - Processing /home/airflow/.local/lib/python3.12/site-packages/airflow/example_dags/example_xcomargs.py took 0.079 seconds
[2026-07-16T11:12:09.048+0000] {processor.py:161} INFO - Started process (PID=1104) to work on /home/airflow/.local/lib/python3.12/site-packages/airflow/example_dags/example_xcomargs.py
[2026-07-16T11:12:09.051+0000] {processor.py:830} INFO - Processing file /home/airflow/.local/lib/python3.12/site-packages/airflow/example_dags/example_xcomargs.py for tasks to queue
[2026-07-16T11:12:09.054+0000] {logging_mixin.py:188} INFO - [2026-07-16T11:12:09.053+0000] {dagbag.py:540} INFO - Filling up the DagBag from /home/airflow/.local/lib/python3.12/site-packages/airflow/example_dags/example_xcomargs.py
[2026-07-16T11:12:09.062+0000] {processor.py:840} INFO - DAG(s) 'example_xcom_args', 'example_xcom_args_with_operators' retrieved from /home/airflow/.local/lib/python3.12/site-packages/airflow/example_dags/example_xcomargs.py
[2026-07-16T11:12:09.082+0000] {logging_mixin.py:188} INFO - [2026-07-16T11:12:09.082+0000] {dag.py:3096} INFO - Sync 2 DAGs
[2026-07-16T11:12:09.097+0000] {logging_mixin.py:188} INFO - [2026-07-16T11:12:09.097+0000] {dag.py:3954} INFO - Setting next_dagrun for example_xcom_args to None, run_after=None
[2026-07-16T11:12:09.103+0000] {logging_mixin.py:188} INFO - [2026-07-16T11:12:09.103+0000] {dag.py:3954} INFO - Setting next_dagrun for example_xcom_args_with_operators to None, run_after=None
[2026-07-16T11:12:09.130+0000] {processor.py:183} INFO - Processing /home/airflow/.local/lib/python3.12/site-packages/airflow/example_dags/example_xcomargs.py took 0.088 seconds
[2026-07-16T11:12:39.422+0000] {processor.py:161} INFO - Started process (PID=1163) to work on /home/airflow/.local/lib/python3.12/site-packages/airflow/example_dags/example_xcomargs.py
[2026-07-16T11:12:39.423+0000] {processor.py:830} INFO - Processing file /home/airflow/.local/lib/python3.12/site-packages/airflow/example_dags/example_xcomargs.py for tasks to queue
[2026-07-16T11:12:39.426+0000] {logging_mixin.py:188} INFO - [2026-07-16T11:12:39.425+0000] {dagbag.py:540} INFO - Filling up the DagBag from /home/airflow/.local/lib/python3.12/site-packages/airflow/example_dags/example_xcomargs.py
[2026-07-16T11:12:39.433+0000] {processor.py:840} INFO - DAG(s) 'example_xcom_args', 'example_xcom_args_with_operators' retrieved from /home/airflow/.local/lib/python3.12/site-packages/airflow/example_dags/example_xcomargs.py
[2026-07-16T11:12:39.455+0000] {logging_mixin.py:188} INFO - [2026-07-16T11:12:39.455+0000] {dag.py:3096} INFO - Sync 2 DAGs
[2026-07-16T11:12:39.471+0000] {logging_mixin.py:188} INFO - [2026-07-16T11:12:39.471+0000] {dag.py:3954} INFO - Setting next_dagrun for example_xcom_args to None, run_after=None
[2026-07-16T11:12:39.477+0000] {logging_mixin.py:188} INFO - [2026-07-16T11:12:39.477+0000] {dag.py:3954} INFO - Setting next_dagrun for example_xcom_args_with_operators to None, run_after=None
[2026-07-16T11:12:39.517+0000] {processor.py:183} INFO - Processing /home/airflow/.local/lib/python3.12/site-packages/airflow/example_dags/example_xcomargs.py took 0.100 seconds
[2026-07-16T11:13:09.613+0000] {processor.py:161} INFO - Started process (PID=1222) to work on /home/airflow/.local/lib/python3.12/site-packages/airflow/example_dags/example_xcomargs.py
[2026-07-16T11:13:09.615+0000] {processor.py:830} INFO - Processing file /home/airflow/.local/lib/python3.12/site-packages/airflow/example_dags/example_xcomargs.py for tasks to queue
[2026-07-16T11:13:09.617+0000] {logging_mixin.py:188} INFO - [2026-07-16T11:13:09.617+0000] {dagbag.py:540} INFO - Filling up the DagBag from /home/airflow/.local/lib/python3.12/site-packages/airflow/example_dags/example_xcomargs.py
[2026-07-16T11:13:09.625+0000] {processor.py:840} INFO - DAG(s) 'example_xcom_args', 'example_xcom_args_with_operators' retrieved from /home/airflow/.local/lib/python3.12/site-packages/airflow/example_dags/example_xcomargs.py
[2026-07-16T11:13:09.646+0000] {logging_mixin.py:188} INFO - [2026-07-16T11:13:09.646+0000] {dag.py:3096} INFO - Sync 2 DAGs
[2026-07-16T11:13:09.657+0000] {logging_mixin.py:188} INFO - [2026-07-16T11:13:09.657+0000] {dag.py:3954} INFO - Setting next_dagrun for example_xcom_args to None, run_after=None
[2026-07-16T11:13:09.662+0000] {logging_mixin.py:188} INFO - [2026-07-16T11:13:09.661+0000] {dag.py:3954} INFO - Setting next_dagrun for example_xcom_args_with_operators to None, run_after=None
[2026-07-16T11:13:09.679+0000] {processor.py:183} INFO - Processing /home/airflow/.local/lib/python3.12/site-packages/airflow/example_dags/example_xcomargs.py took 0.071 seconds
[2026-07-16T11:13:39.927+0000] {processor.py:161} INFO - Started process (PID=1281) to work on /home/airflow/.local/lib/python3.12/site-packages/airflow/example_dags/example_xcomargs.py
[2026-07-16T11:13:39.929+0000] {processor.py:830} INFO - Processing file /home/airflow/.local/lib/python3.12/site-packages/airflow/example_dags/example_xcomargs.py for tasks to queue
[2026-07-16T11:13:39.932+0000] {logging_mixin.py:188} INFO - [2026-07-16T11:13:39.932+0000] {dagbag.py:540} INFO - Filling up the DagBag from /home/airflow/.local/lib/python3.12/site-packages/airflow/example_dags/example_xcomargs.py
[2026-07-16T11:13:39.947+0000] {processor.py:840} INFO - DAG(s) 'example_xcom_args_with_operators', 'example_xcom_args' retrieved from /home/airflow/.local/lib/python3.12/site-packages/airflow/example_dags/example_xcomargs.py
[2026-07-16T11:13:39.975+0000] {logging_mixin.py:188} INFO - [2026-07-16T11:13:39.975+0000] {dag.py:3096} INFO - Sync 2 DAGs
[2026-07-16T11:13:39.997+0000] {logging_mixin.py:188} INFO - [2026-07-16T11:13:39.996+0000] {dag.py:3954} INFO - Setting next_dagrun for example_xcom_args to None, run_after=None
[2026-07-16T11:13:40.002+0000] {logging_mixin.py:188} INFO - [2026-07-16T11:13:40.002+0000] {dag.py:3954} INFO - Setting next_dagrun for example_xcom_args_with_operators to None, run_after=None
[2026-07-16T11:13:40.024+0000] {processor.py:183} INFO - Processing /home/airflow/.local/lib/python3.12/site-packages/airflow/example_dags/example_xcomargs.py took 0.105 seconds
[2026-07-16T11:14:10.162+0000] {processor.py:161} INFO - Started process (PID=1340) to work on /home/airflow/.local/lib/python3.12/site-packages/airflow/example_dags/example_xcomargs.py
[2026-07-16T11:14:10.163+0000] {processor.py:830} INFO - Processing file /home/airflow/.local/lib/python3.12/site-packages/airflow/example_dags/example_xcomargs.py for tasks to queue
[2026-07-16T11:14:10.165+0000] {logging_mixin.py:188} INFO - [2026-07-16T11:14:10.165+0000] {dagbag.py:540} INFO - Filling up the DagBag from /home/airflow/.local/lib/python3.12/site-packages/airflow/example_dags/example_xcomargs.py
[2026-07-16T11:14:10.173+0000] {processor.py:840} INFO - DAG(s) 'example_xcom_args', 'example_xcom_args_with_operators' retrieved from /home/airflow/.local/lib/python3.12/site-packages/airflow/example_dags/example_xcomargs.py
[2026-07-16T11:14:10.192+0000] {logging_mixin.py:188} INFO - [2026-07-16T11:14:10.192+0000] {dag.py:3096} INFO - Sync 2 DAGs
[2026-07-16T11:14:10.204+0000] {logging_mixin.py:188} INFO - [2026-07-16T11:14:10.203+0000] {dag.py:3954} INFO - Setting next_dagrun for example_xcom_args to None, run_after=None
[2026-07-16T11:14:10.208+0000] {logging_mixin.py:188} INFO - [2026-07-16T11:14:10.207+0000] {dag.py:3954} INFO - Setting next_dagrun for example_xcom_args_with_operators to None, run_after=None
[2026-07-16T11:14:10.225+0000] {processor.py:183} INFO - Processing /home/airflow/.local/lib/python3.12/site-packages/airflow/example_dags/example_xcomargs.py took 0.068 seconds
[2026-07-16T11:14:40.323+0000] {processor.py:161} INFO - Started process (PID=1399) to work on /home/airflow/.local/lib/python3.12/site-packages/airflow/example_dags/example_xcomargs.py
[2026-07-16T11:14:40.325+0000] {processor.py:830} INFO - Processing file /home/airflow/.local/lib/python3.12/site-packages/airflow/example_dags/example_xcomargs.py for tasks to queue
[2026-07-16T11:14:40.327+0000] {logging_mixin.py:188} INFO - [2026-07-16T11:14:40.327+0000] {dagbag.py:540} INFO - Filling up the DagBag from /home/airflow/.local/lib/python3.12/site-packages/airflow/example_dags/example_xcomargs.py
[2026-07-16T11:14:40.335+0000] {processor.py:840} INFO - DAG(s) 'example_xcom_args', 'example_xcom_args_with_operators' retrieved from /home/airflow/.local/lib/python3.12/site-packages/airflow/example_dags/example_xcomargs.py
[2026-07-16T11:14:40.356+0000] {logging_mixin.py:188} INFO - [2026-07-16T11:14:40.355+0000] {dag.py:3096} INFO - Sync 2 DAGs
[2026-07-16T11:14:40.368+0000] {logging_mixin.py:188} INFO - [2026-07-16T11:14:40.368+0000] {dag.py:3954} INFO - Setting next_dagrun for example_xcom_args to None, run_after=None
[2026-07-16T11:14:40.372+0000] {logging_mixin.py:188} INFO - [2026-07-16T11:14:40.372+0000] {dag.py:3954} INFO - Setting next_dagrun for example_xcom_args_with_operators to None, run_after=None
[2026-07-16T11:14:40.388+0000] {processor.py:183} INFO - Processing /home/airflow/.local/lib/python3.12/site-packages/airflow/example_dags/example_xcomargs.py took 0.069 seconds
[2026-07-16T11:15:11.032+0000] {processor.py:161} INFO - Started process (PID=1458) to work on /home/airflow/.local/lib/python3.12/site-packages/airflow/example_dags/example_xcomargs.py
[2026-07-16T11:15:11.034+0000] {processor.py:830} INFO - Processing file /home/airflow/.local/lib/python3.12/site-packages/airflow/example_dags/example_xcomargs.py for tasks to queue
[2026-07-16T11:15:11.037+0000] {logging_mixin.py:188} INFO - [2026-07-16T11:15:11.037+0000] {dagbag.py:540} INFO - Filling up the DagBag from /home/airflow/.local/lib/python3.12/site-packages/airflow/example_dags/example_xcomargs.py
[2026-07-16T11:15:11.051+0000] {processor.py:840} INFO - DAG(s) 'example_xcom_args', 'example_xcom_args_with_operators' retrieved from /home/airflow/.local/lib/python3.12/site-packages/airflow/example_dags/example_xcomargs.py
[2026-07-16T11:15:11.081+0000] {logging_mixin.py:188} INFO - [2026-07-16T11:15:11.080+0000] {dag.py:3096} INFO - Sync 2 DAGs
[2026-07-16T11:15:11.107+0000] {logging_mixin.py:188} INFO - [2026-07-16T11:15:11.107+0000] {dag.py:3954} INFO - Setting next_dagrun for example_xcom_args to None, run_after=None
[2026-07-16T11:15:11.114+0000] {logging_mixin.py:188} INFO - [2026-07-16T11:15:11.113+0000] {dag.py:3954} INFO - Setting next_dagrun for example_xcom_args_with_operators to None, run_after=None
[2026-07-16T11:15:11.142+0000] {processor.py:183} INFO - Processing /home/airflow/.local/lib/python3.12/site-packages/airflow/example_dags/example_xcomargs.py took 0.119 seconds
[2026-07-16T11:15:41.258+0000] {processor.py:161} INFO - Started process (PID=1517) to work on /home/airflow/.local/lib/python3.12/site-packages/airflow/example_dags/example_xcomargs.py
[2026-07-16T11:15:41.260+0000] {processor.py:830} INFO - Processing file /home/airflow/.local/lib/python3.12/site-packages/airflow/example_dags/example_xcomargs.py for tasks to queue
[2026-07-16T11:15:41.262+0000] {logging_mixin.py:188} INFO - [2026-07-16T11:15:41.262+0000] {dagbag.py:540} INFO - Filling up the DagBag from /home/airflow/.local/lib/python3.12/site-packages/airflow/example_dags/example_xcomargs.py
[2026-07-16T11:15:41.272+0000] {processor.py:840} INFO - DAG(s) 'example_xcom_args', 'example_xcom_args_with_operators' retrieved from /home/airflow/.local/lib/python3.12/site-packages/airflow/example_dags/example_xcomargs.py
[2026-07-16T11:15:41.300+0000] {logging_mixin.py:188} INFO - [2026-07-16T11:15:41.299+0000] {dag.py:3096} INFO - Sync 2 DAGs
[2026-07-16T11:15:41.313+0000] {logging_mixin.py:188} INFO - [2026-07-16T11:15:41.313+0000] {dag.py:3954} INFO - Setting next_dagrun for example_xcom_args to None, run_after=None
[2026-07-16T11:15:41.319+0000] {logging_mixin.py:188} INFO - [2026-07-16T11:15:41.318+0000] {dag.py:3954} INFO - Setting next_dagrun for example_xcom_args_with_operators to None, run_after=None
[2026-07-16T11:15:41.341+0000] {processor.py:183} INFO - Processing /home/airflow/.local/lib/python3.12/site-packages/airflow/example_dags/example_xcomargs.py took 0.090 seconds
[2026-07-16T11:16:12.085+0000] {processor.py:161} INFO - Started process (PID=1576) to work on /home/airflow/.local/lib/python3.12/site-packages/airflow/example_dags/example_xcomargs.py
[2026-07-16T11:16:12.087+0000] {processor.py:830} INFO - Processing file /home/airflow/.local/lib/python3.12/site-packages/airflow/example_dags/example_xcomargs.py for tasks to queue
[2026-07-16T11:16:12.090+0000] {logging_mixin.py:188} INFO - [2026-07-16T11:16:12.090+0000] {dagbag.py:540} INFO - Filling up the DagBag from /home/airflow/.local/lib/python3.12/site-packages/airflow/example_dags/example_xcomargs.py
[2026-07-16T11:16:12.099+0000] {processor.py:840} INFO - DAG(s) 'example_xcom_args', 'example_xcom_args_with_operators' retrieved from /home/airflow/.local/lib/python3.12/site-packages/airflow/example_dags/example_xcomargs.py
[2026-07-16T11:16:12.125+0000] {logging_mixin.py:188} INFO - [2026-07-16T11:16:12.125+0000] {dag.py:3096} INFO - Sync 2 DAGs
[2026-07-16T11:16:12.141+0000] {logging_mixin.py:188} INFO - [2026-07-16T11:16:12.141+0000] {dag.py:3954} INFO - Setting next_dagrun for example_xcom_args to None, run_after=None
[2026-07-16T11:16:12.147+0000] {logging_mixin.py:188} INFO - [2026-07-16T11:16:12.146+0000] {dag.py:3954} INFO - Setting next_dagrun for example_xcom_args_with_operators to None, run_after=None
[2026-07-16T11:16:12.171+0000] {processor.py:183} INFO - Processing /home/airflow/.local/lib/python3.12/site-packages/airflow/example_dags/example_xcomargs.py took 0.092 seconds
[2026-07-16T11:16:42.670+0000] {processor.py:161} INFO - Started process (PID=1635) to work on /home/airflow/.local/lib/python3.12/site-packages/airflow/example_dags/example_xcomargs.py
[2026-07-16T11:16:42.671+0000] {processor.py:830} INFO - Processing file /home/airflow/.local/lib/python3.12/site-packages/airflow/example_dags/example_xcomargs.py for tasks to queue
[2026-07-16T11:16:42.674+0000] {logging_mixin.py:188} INFO - [2026-07-16T11:16:42.674+0000] {dagbag.py:540} INFO - Filling up the DagBag from /home/airflow/.local/lib/python3.12/site-packages/airflow/example_dags/example_xcomargs.py
[2026-07-16T11:16:42.683+0000] {processor.py:840} INFO - DAG(s) 'example_xcom_args_with_operators', 'example_xcom_args' retrieved from /home/airflow/.local/lib/python3.12/site-packages/airflow/example_dags/example_xcomargs.py
[2026-07-16T11:16:42.705+0000] {logging_mixin.py:188} INFO - [2026-07-16T11:16:42.704+0000] {dag.py:3096} INFO - Sync 2 DAGs
[2026-07-16T11:16:42.717+0000] {logging_mixin.py:188} INFO - [2026-07-16T11:16:42.717+0000] {dag.py:3954} INFO - Setting next_dagrun for example_xcom_args to None, run_after=None
[2026-07-16T11:16:42.722+0000] {logging_mixin.py:188} INFO - [2026-07-16T11:16:42.721+0000] {dag.py:3954} INFO - Setting next_dagrun for example_xcom_args_with_operators to None, run_after=None
[2026-07-16T11:16:42.740+0000] {processor.py:183} INFO - Processing /home/airflow/.local/lib/python3.12/site-packages/airflow/example_dags/example_xcomargs.py took 0.078 seconds
[2026-07-16T11:17:13.523+0000] {processor.py:161} INFO - Started process (PID=1694) to work on /home/airflow/.local/lib/python3.12/site-packages/airflow/example_dags/example_xcomargs.py
[2026-07-16T11:17:13.524+0000] {processor.py:830} INFO - Processing file /home/airflow/.local/lib/python3.12/site-packages/airflow/example_dags/example_xcomargs.py for tasks to queue
[2026-07-16T11:17:13.527+0000] {logging_mixin.py:188} INFO - [2026-07-16T11:17:13.527+0000] {dagbag.py:540} INFO - Filling up the DagBag from /home/airflow/.local/lib/python3.12/site-packages/airflow/example_dags/example_xcomargs.py
[2026-07-16T11:17:13.535+0000] {processor.py:840} INFO - DAG(s) 'example_xcom_args', 'example_xcom_args_with_operators' retrieved from /home/airflow/.local/lib/python3.12/site-packages/airflow/example_dags/example_xcomargs.py
[2026-07-16T11:17:13.554+0000] {logging_mixin.py:188} INFO - [2026-07-16T11:17:13.554+0000] {dag.py:3096} INFO - Sync 2 DAGs
[2026-07-16T11:17:13.567+0000] {logging_mixin.py:188} INFO - [2026-07-16T11:17:13.566+0000] {dag.py:3954} INFO - Setting next_dagrun for example_xcom_args to None, run_after=None
[2026-07-16T11:17:13.571+0000] {logging_mixin.py:188} INFO - [2026-07-16T11:17:13.571+0000] {dag.py:3954} INFO - Setting next_dagrun for example_xcom_args_with_operators to None, run_after=None
[2026-07-16T11:17:13.588+0000] {processor.py:183} INFO - Processing /home/airflow/.local/lib/python3.12/site-packages/airflow/example_dags/example_xcomargs.py took 0.070 seconds
[2026-07-16T11:17:43.948+0000] {processor.py:161} INFO - Started process (PID=1753) to work on /home/airflow/.local/lib/python3.12/site-packages/airflow/example_dags/example_xcomargs.py
[2026-07-16T11:17:43.950+0000] {processor.py:830} INFO - Processing file /home/airflow/.local/lib/python3.12/site-packages/airflow/example_dags/example_xcomargs.py for tasks to queue
[2026-07-16T11:17:43.953+0000] {logging_mixin.py:188} INFO - [2026-07-16T11:17:43.952+0000] {dagbag.py:540} INFO - Filling up the DagBag from /home/airflow/.local/lib/python3.12/site-packages/airflow/example_dags/example_xcomargs.py
[2026-07-16T11:17:43.962+0000] {processor.py:840} INFO - DAG(s) 'example_xcom_args', 'example_xcom_args_with_operators' retrieved from /home/airflow/.local/lib/python3.12/site-packages/airflow/example_dags/example_xcomargs.py
[2026-07-16T11:17:43.986+0000] {logging_mixin.py:188} INFO - [2026-07-16T11:17:43.985+0000] {dag.py:3096} INFO - Sync 2 DAGs
[2026-07-16T11:17:43.999+0000] {logging_mixin.py:188} INFO - [2026-07-16T11:17:43.998+0000] {dag.py:3954} INFO - Setting next_dagrun for example_xcom_args to None, run_after=None
[2026-07-16T11:17:44.003+0000] {logging_mixin.py:188} INFO - [2026-07-16T11:17:44.003+0000] {dag.py:3954} INFO - Setting next_dagrun for example_xcom_args_with_operators to None, run_after=None
[2026-07-16T11:17:44.021+0000] {processor.py:183} INFO - Processing /home/airflow/.local/lib/python3.12/site-packages/airflow/example_dags/example_xcomargs.py took 0.080 seconds
[2026-07-16T11:18:15.065+0000] {processor.py:161} INFO - Started process (PID=1812) to work on /home/airflow/.local/lib/python3.12/site-packages/airflow/example_dags/example_xcomargs.py
[2026-07-16T11:18:15.068+0000] {processor.py:830} INFO - Processing file /home/airflow/.local/lib/python3.12/site-packages/airflow/example_dags/example_xcomargs.py for tasks to queue
[2026-07-16T11:18:15.072+0000] {logging_mixin.py:188} INFO - [2026-07-16T11:18:15.071+0000] {dagbag.py:540} INFO - Filling up the DagBag from /home/airflow/.local/lib/python3.12/site-packages/airflow/example_dags/example_xcomargs.py
[2026-07-16T11:18:15.090+0000] {processor.py:840} INFO - DAG(s) 'example_xcom_args', 'example_xcom_args_with_operators' retrieved from /home/airflow/.local/lib/python3.12/site-packages/airflow/example_dags/example_xcomargs.py
[2026-07-16T11:18:15.136+0000] {logging_mixin.py:188} INFO - [2026-07-16T11:18:15.136+0000] {dag.py:3096} INFO - Sync 2 DAGs
[2026-07-16T11:18:15.170+0000] {logging_mixin.py:188} INFO - [2026-07-16T11:18:15.169+0000] {dag.py:3954} INFO - Setting next_dagrun for example_xcom_args to None, run_after=None
[2026-07-16T11:18:15.177+0000] {logging_mixin.py:188} INFO - [2026-07-16T11:18:15.177+0000] {dag.py:3954} INFO - Setting next_dagrun for example_xcom_args_with_operators to None, run_after=None
[2026-07-16T11:18:15.211+0000] {processor.py:183} INFO - Processing /home/airflow/.local/lib/python3.12/site-packages/airflow/example_dags/example_xcomargs.py took 0.153 seconds
