[2026-07-16T11:03:28.643+0000] {processor.py:161} INFO - Started process (PID=88) to work on /home/airflow/.local/lib/python3.12/site-packages/airflow/example_dags/example_sla_dag.py
[2026-07-16T11:03:28.646+0000] {processor.py:830} INFO - Processing file /home/airflow/.local/lib/python3.12/site-packages/airflow/example_dags/example_sla_dag.py for tasks to queue
[2026-07-16T11:03:28.653+0000] {logging_mixin.py:188} INFO - [2026-07-16T11:03:28.652+0000] {dagbag.py:540} INFO - Filling up the DagBag from /home/airflow/.local/lib/python3.12/site-packages/airflow/example_dags/example_sla_dag.py
[2026-07-16T11:03:28.666+0000] {processor.py:840} INFO - DAG(s) 'example_sla_dag' retrieved from /home/airflow/.local/lib/python3.12/site-packages/airflow/example_dags/example_sla_dag.py
[2026-07-16T11:03:28.685+0000] {logging_mixin.py:188} INFO - [2026-07-16T11:03:28.685+0000] {dag.py:3096} INFO - Sync 1 DAGs
[2026-07-16T11:03:28.727+0000] {logging_mixin.py:188} INFO - [2026-07-16T11:03:28.726+0000] {dag.py:3954} INFO - Setting next_dagrun for example_sla_dag to 2026-07-16 11:00:00+00:00, run_after=2026-07-16 11:02:00+00:00
[2026-07-16T11:03:28.755+0000] {processor.py:183} INFO - Processing /home/airflow/.local/lib/python3.12/site-packages/airflow/example_dags/example_sla_dag.py took 0.123 seconds
[2026-07-16T11:03:58.834+0000] {processor.py:161} INFO - Started process (PID=147) to work on /home/airflow/.local/lib/python3.12/site-packages/airflow/example_dags/example_sla_dag.py
[2026-07-16T11:03:58.836+0000] {processor.py:830} INFO - Processing file /home/airflow/.local/lib/python3.12/site-packages/airflow/example_dags/example_sla_dag.py for tasks to queue
[2026-07-16T11:03:58.839+0000] {logging_mixin.py:188} INFO - [2026-07-16T11:03:58.838+0000] {dagbag.py:540} INFO - Filling up the DagBag from /home/airflow/.local/lib/python3.12/site-packages/airflow/example_dags/example_sla_dag.py
[2026-07-16T11:03:58.849+0000] {processor.py:840} INFO - DAG(s) 'example_sla_dag' retrieved from /home/airflow/.local/lib/python3.12/site-packages/airflow/example_dags/example_sla_dag.py
[2026-07-16T11:03:58.951+0000] {logging_mixin.py:188} INFO - [2026-07-16T11:03:58.951+0000] {dag.py:3096} INFO - Sync 1 DAGs
[2026-07-16T11:03:58.978+0000] {logging_mixin.py:188} INFO - [2026-07-16T11:03:58.977+0000] {dag.py:3954} INFO - Setting next_dagrun for example_sla_dag to 2026-07-16 11:00:00+00:00, run_after=2026-07-16 11:02:00+00:00
[2026-07-16T11:03:59.005+0000] {processor.py:183} INFO - Processing /home/airflow/.local/lib/python3.12/site-packages/airflow/example_dags/example_sla_dag.py took 0.176 seconds
[2026-07-16T11:04:29.612+0000] {processor.py:161} INFO - Started process (PID=207) to work on /home/airflow/.local/lib/python3.12/site-packages/airflow/example_dags/example_sla_dag.py
[2026-07-16T11:04:29.614+0000] {processor.py:830} INFO - Processing file /home/airflow/.local/lib/python3.12/site-packages/airflow/example_dags/example_sla_dag.py for tasks to queue
[2026-07-16T11:04:29.617+0000] {logging_mixin.py:188} INFO - [2026-07-16T11:04:29.616+0000] {dagbag.py:540} INFO - Filling up the DagBag from /home/airflow/.local/lib/python3.12/site-packages/airflow/example_dags/example_sla_dag.py
[2026-07-16T11:04:29.625+0000] {processor.py:840} INFO - DAG(s) 'example_sla_dag' retrieved from /home/airflow/.local/lib/python3.12/site-packages/airflow/example_dags/example_sla_dag.py
[2026-07-16T11:04:29.642+0000] {logging_mixin.py:188} INFO - [2026-07-16T11:04:29.642+0000] {dag.py:3096} INFO - Sync 1 DAGs
[2026-07-16T11:04:29.663+0000] {logging_mixin.py:188} INFO - [2026-07-16T11:04:29.663+0000] {dag.py:3954} INFO - Setting next_dagrun for example_sla_dag to 2026-07-16 11:02:00+00:00, run_after=2026-07-16 11:04:00+00:00
[2026-07-16T11:04:29.680+0000] {processor.py:183} INFO - Processing /home/airflow/.local/lib/python3.12/site-packages/airflow/example_dags/example_sla_dag.py took 0.073 seconds
[2026-07-16T11:04:59.790+0000] {processor.py:161} INFO - Started process (PID=266) to work on /home/airflow/.local/lib/python3.12/site-packages/airflow/example_dags/example_sla_dag.py
[2026-07-16T11:04:59.791+0000] {processor.py:830} INFO - Processing file /home/airflow/.local/lib/python3.12/site-packages/airflow/example_dags/example_sla_dag.py for tasks to queue
[2026-07-16T11:04:59.794+0000] {logging_mixin.py:188} INFO - [2026-07-16T11:04:59.794+0000] {dagbag.py:540} INFO - Filling up the DagBag from /home/airflow/.local/lib/python3.12/site-packages/airflow/example_dags/example_sla_dag.py
[2026-07-16T11:04:59.802+0000] {processor.py:840} INFO - DAG(s) 'example_sla_dag' retrieved from /home/airflow/.local/lib/python3.12/site-packages/airflow/example_dags/example_sla_dag.py
[2026-07-16T11:04:59.817+0000] {logging_mixin.py:188} INFO - [2026-07-16T11:04:59.817+0000] {dag.py:3096} INFO - Sync 1 DAGs
[2026-07-16T11:04:59.837+0000] {logging_mixin.py:188} INFO - [2026-07-16T11:04:59.837+0000] {dag.py:3954} INFO - Setting next_dagrun for example_sla_dag to 2026-07-16 11:02:00+00:00, run_after=2026-07-16 11:04:00+00:00
[2026-07-16T11:04:59.854+0000] {processor.py:183} INFO - Processing /home/airflow/.local/lib/python3.12/site-packages/airflow/example_dags/example_sla_dag.py took 0.069 seconds
[2026-07-16T11:05:30.195+0000] {processor.py:161} INFO - Started process (PID=325) to work on /home/airflow/.local/lib/python3.12/site-packages/airflow/example_dags/example_sla_dag.py
[2026-07-16T11:05:30.197+0000] {processor.py:830} INFO - Processing file /home/airflow/.local/lib/python3.12/site-packages/airflow/example_dags/example_sla_dag.py for tasks to queue
[2026-07-16T11:05:30.199+0000] {logging_mixin.py:188} INFO - [2026-07-16T11:05:30.199+0000] {dagbag.py:540} INFO - Filling up the DagBag from /home/airflow/.local/lib/python3.12/site-packages/airflow/example_dags/example_sla_dag.py
[2026-07-16T11:05:30.210+0000] {processor.py:840} INFO - DAG(s) 'example_sla_dag' retrieved from /home/airflow/.local/lib/python3.12/site-packages/airflow/example_dags/example_sla_dag.py
[2026-07-16T11:05:30.232+0000] {logging_mixin.py:188} INFO - [2026-07-16T11:05:30.232+0000] {dag.py:3096} INFO - Sync 1 DAGs
[2026-07-16T11:05:30.255+0000] {logging_mixin.py:188} INFO - [2026-07-16T11:05:30.254+0000] {dag.py:3954} INFO - Setting next_dagrun for example_sla_dag to 2026-07-16 11:02:00+00:00, run_after=2026-07-16 11:04:00+00:00
[2026-07-16T11:05:30.272+0000] {processor.py:183} INFO - Processing /home/airflow/.local/lib/python3.12/site-packages/airflow/example_dags/example_sla_dag.py took 0.081 seconds
[2026-07-16T11:06:01.301+0000] {processor.py:161} INFO - Started process (PID=384) to work on /home/airflow/.local/lib/python3.12/site-packages/airflow/example_dags/example_sla_dag.py
[2026-07-16T11:06:01.304+0000] {processor.py:830} INFO - Processing file /home/airflow/.local/lib/python3.12/site-packages/airflow/example_dags/example_sla_dag.py for tasks to queue
[2026-07-16T11:06:01.309+0000] {logging_mixin.py:188} INFO - [2026-07-16T11:06:01.308+0000] {dagbag.py:540} INFO - Filling up the DagBag from /home/airflow/.local/lib/python3.12/site-packages/airflow/example_dags/example_sla_dag.py
[2026-07-16T11:06:01.322+0000] {processor.py:840} INFO - DAG(s) 'example_sla_dag' retrieved from /home/airflow/.local/lib/python3.12/site-packages/airflow/example_dags/example_sla_dag.py
[2026-07-16T11:06:01.350+0000] {logging_mixin.py:188} INFO - [2026-07-16T11:06:01.350+0000] {dag.py:3096} INFO - Sync 1 DAGs
[2026-07-16T11:06:01.376+0000] {logging_mixin.py:188} INFO - [2026-07-16T11:06:01.376+0000] {dag.py:3954} INFO - Setting next_dagrun for example_sla_dag to 2026-07-16 11:04:00+00:00, run_after=2026-07-16 11:06:00+00:00
[2026-07-16T11:06:01.399+0000] {processor.py:183} INFO - Processing /home/airflow/.local/lib/python3.12/site-packages/airflow/example_dags/example_sla_dag.py took 0.108 seconds
[2026-07-16T11:06:31.666+0000] {processor.py:161} INFO - Started process (PID=443) to work on /home/airflow/.local/lib/python3.12/site-packages/airflow/example_dags/example_sla_dag.py
[2026-07-16T11:06:31.668+0000] {processor.py:830} INFO - Processing file /home/airflow/.local/lib/python3.12/site-packages/airflow/example_dags/example_sla_dag.py for tasks to queue
[2026-07-16T11:06:31.670+0000] {logging_mixin.py:188} INFO - [2026-07-16T11:06:31.670+0000] {dagbag.py:540} INFO - Filling up the DagBag from /home/airflow/.local/lib/python3.12/site-packages/airflow/example_dags/example_sla_dag.py
[2026-07-16T11:06:31.678+0000] {processor.py:840} INFO - DAG(s) 'example_sla_dag' retrieved from /home/airflow/.local/lib/python3.12/site-packages/airflow/example_dags/example_sla_dag.py
[2026-07-16T11:06:31.696+0000] {logging_mixin.py:188} INFO - [2026-07-16T11:06:31.696+0000] {dag.py:3096} INFO - Sync 1 DAGs
[2026-07-16T11:06:31.715+0000] {logging_mixin.py:188} INFO - [2026-07-16T11:06:31.715+0000] {dag.py:3954} INFO - Setting next_dagrun for example_sla_dag to 2026-07-16 11:04:00+00:00, run_after=2026-07-16 11:06:00+00:00
[2026-07-16T11:06:31.733+0000] {processor.py:183} INFO - Processing /home/airflow/.local/lib/python3.12/site-packages/airflow/example_dags/example_sla_dag.py took 0.071 seconds
[2026-07-16T11:07:01.993+0000] {processor.py:161} INFO - Started process (PID=502) to work on /home/airflow/.local/lib/python3.12/site-packages/airflow/example_dags/example_sla_dag.py
[2026-07-16T11:07:01.995+0000] {processor.py:830} INFO - Processing file /home/airflow/.local/lib/python3.12/site-packages/airflow/example_dags/example_sla_dag.py for tasks to queue
[2026-07-16T11:07:01.997+0000] {logging_mixin.py:188} INFO - [2026-07-16T11:07:01.997+0000] {dagbag.py:540} INFO - Filling up the DagBag from /home/airflow/.local/lib/python3.12/site-packages/airflow/example_dags/example_sla_dag.py
[2026-07-16T11:07:02.005+0000] {processor.py:840} INFO - DAG(s) 'example_sla_dag' retrieved from /home/airflow/.local/lib/python3.12/site-packages/airflow/example_dags/example_sla_dag.py
[2026-07-16T11:07:02.022+0000] {logging_mixin.py:188} INFO - [2026-07-16T11:07:02.022+0000] {dag.py:3096} INFO - Sync 1 DAGs
[2026-07-16T11:07:02.042+0000] {logging_mixin.py:188} INFO - [2026-07-16T11:07:02.042+0000] {dag.py:3954} INFO - Setting next_dagrun for example_sla_dag to 2026-07-16 11:04:00+00:00, run_after=2026-07-16 11:06:00+00:00
[2026-07-16T11:07:02.063+0000] {processor.py:183} INFO - Processing /home/airflow/.local/lib/python3.12/site-packages/airflow/example_dags/example_sla_dag.py took 0.075 seconds
[2026-07-16T11:07:32.426+0000] {processor.py:161} INFO - Started process (PID=561) to work on /home/airflow/.local/lib/python3.12/site-packages/airflow/example_dags/example_sla_dag.py
[2026-07-16T11:07:32.427+0000] {processor.py:830} INFO - Processing file /home/airflow/.local/lib/python3.12/site-packages/airflow/example_dags/example_sla_dag.py for tasks to queue
[2026-07-16T11:07:32.430+0000] {logging_mixin.py:188} INFO - [2026-07-16T11:07:32.430+0000] {dagbag.py:540} INFO - Filling up the DagBag from /home/airflow/.local/lib/python3.12/site-packages/airflow/example_dags/example_sla_dag.py
[2026-07-16T11:07:32.439+0000] {processor.py:840} INFO - DAG(s) 'example_sla_dag' retrieved from /home/airflow/.local/lib/python3.12/site-packages/airflow/example_dags/example_sla_dag.py
[2026-07-16T11:07:32.458+0000] {logging_mixin.py:188} INFO - [2026-07-16T11:07:32.458+0000] {dag.py:3096} INFO - Sync 1 DAGs
[2026-07-16T11:07:32.479+0000] {logging_mixin.py:188} INFO - [2026-07-16T11:07:32.479+0000] {dag.py:3954} INFO - Setting next_dagrun for example_sla_dag to 2026-07-16 11:04:00+00:00, run_after=2026-07-16 11:06:00+00:00
[2026-07-16T11:07:32.498+0000] {processor.py:183} INFO - Processing /home/airflow/.local/lib/python3.12/site-packages/airflow/example_dags/example_sla_dag.py took 0.078 seconds
[2026-07-16T11:08:02.731+0000] {processor.py:161} INFO - Started process (PID=620) to work on /home/airflow/.local/lib/python3.12/site-packages/airflow/example_dags/example_sla_dag.py
[2026-07-16T11:08:02.732+0000] {processor.py:830} INFO - Processing file /home/airflow/.local/lib/python3.12/site-packages/airflow/example_dags/example_sla_dag.py for tasks to queue
[2026-07-16T11:08:02.735+0000] {logging_mixin.py:188} INFO - [2026-07-16T11:08:02.734+0000] {dagbag.py:540} INFO - Filling up the DagBag from /home/airflow/.local/lib/python3.12/site-packages/airflow/example_dags/example_sla_dag.py
[2026-07-16T11:08:02.742+0000] {processor.py:840} INFO - DAG(s) 'example_sla_dag' retrieved from /home/airflow/.local/lib/python3.12/site-packages/airflow/example_dags/example_sla_dag.py
[2026-07-16T11:08:02.758+0000] {logging_mixin.py:188} INFO - [2026-07-16T11:08:02.757+0000] {dag.py:3096} INFO - Sync 1 DAGs
[2026-07-16T11:08:02.777+0000] {logging_mixin.py:188} INFO - [2026-07-16T11:08:02.777+0000] {dag.py:3954} INFO - Setting next_dagrun for example_sla_dag to 2026-07-16 11:06:00+00:00, run_after=2026-07-16 11:08:00+00:00
[2026-07-16T11:08:02.795+0000] {processor.py:183} INFO - Processing /home/airflow/.local/lib/python3.12/site-packages/airflow/example_dags/example_sla_dag.py took 0.068 seconds
[2026-07-16T11:08:33.115+0000] {processor.py:161} INFO - Started process (PID=679) to work on /home/airflow/.local/lib/python3.12/site-packages/airflow/example_dags/example_sla_dag.py
[2026-07-16T11:08:33.117+0000] {processor.py:830} INFO - Processing file /home/airflow/.local/lib/python3.12/site-packages/airflow/example_dags/example_sla_dag.py for tasks to queue
[2026-07-16T11:08:33.119+0000] {logging_mixin.py:188} INFO - [2026-07-16T11:08:33.118+0000] {dagbag.py:540} INFO - Filling up the DagBag from /home/airflow/.local/lib/python3.12/site-packages/airflow/example_dags/example_sla_dag.py
[2026-07-16T11:08:33.126+0000] {processor.py:840} INFO - DAG(s) 'example_sla_dag' retrieved from /home/airflow/.local/lib/python3.12/site-packages/airflow/example_dags/example_sla_dag.py
[2026-07-16T11:08:33.142+0000] {logging_mixin.py:188} INFO - [2026-07-16T11:08:33.142+0000] {dag.py:3096} INFO - Sync 1 DAGs
[2026-07-16T11:08:33.162+0000] {logging_mixin.py:188} INFO - [2026-07-16T11:08:33.162+0000] {dag.py:3954} INFO - Setting next_dagrun for example_sla_dag to 2026-07-16 11:06:00+00:00, run_after=2026-07-16 11:08:00+00:00
[2026-07-16T11:08:33.181+0000] {processor.py:183} INFO - Processing /home/airflow/.local/lib/python3.12/site-packages/airflow/example_dags/example_sla_dag.py took 0.071 seconds
[2026-07-16T11:09:04.253+0000] {processor.py:161} INFO - Started process (PID=738) to work on /home/airflow/.local/lib/python3.12/site-packages/airflow/example_dags/example_sla_dag.py
[2026-07-16T11:09:04.254+0000] {processor.py:830} INFO - Processing file /home/airflow/.local/lib/python3.12/site-packages/airflow/example_dags/example_sla_dag.py for tasks to queue
[2026-07-16T11:09:04.256+0000] {logging_mixin.py:188} INFO - [2026-07-16T11:09:04.256+0000] {dagbag.py:540} INFO - Filling up the DagBag from /home/airflow/.local/lib/python3.12/site-packages/airflow/example_dags/example_sla_dag.py
[2026-07-16T11:09:04.263+0000] {processor.py:840} INFO - DAG(s) 'example_sla_dag' retrieved from /home/airflow/.local/lib/python3.12/site-packages/airflow/example_dags/example_sla_dag.py
[2026-07-16T11:09:04.280+0000] {logging_mixin.py:188} INFO - [2026-07-16T11:09:04.280+0000] {dag.py:3096} INFO - Sync 1 DAGs
[2026-07-16T11:09:04.314+0000] {logging_mixin.py:188} INFO - [2026-07-16T11:09:04.313+0000] {dag.py:3954} INFO - Setting next_dagrun for example_sla_dag to 2026-07-16 11:06:00+00:00, run_after=2026-07-16 11:08:00+00:00
[2026-07-16T11:09:04.351+0000] {processor.py:183} INFO - Processing /home/airflow/.local/lib/python3.12/site-packages/airflow/example_dags/example_sla_dag.py took 0.104 seconds
[2026-07-16T11:09:34.852+0000] {processor.py:161} INFO - Started process (PID=797) to work on /home/airflow/.local/lib/python3.12/site-packages/airflow/example_dags/example_sla_dag.py
[2026-07-16T11:09:34.853+0000] {processor.py:830} INFO - Processing file /home/airflow/.local/lib/python3.12/site-packages/airflow/example_dags/example_sla_dag.py for tasks to queue
[2026-07-16T11:09:34.856+0000] {logging_mixin.py:188} INFO - [2026-07-16T11:09:34.855+0000] {dagbag.py:540} INFO - Filling up the DagBag from /home/airflow/.local/lib/python3.12/site-packages/airflow/example_dags/example_sla_dag.py
[2026-07-16T11:09:34.863+0000] {processor.py:840} INFO - DAG(s) 'example_sla_dag' retrieved from /home/airflow/.local/lib/python3.12/site-packages/airflow/example_dags/example_sla_dag.py
[2026-07-16T11:09:34.884+0000] {logging_mixin.py:188} INFO - [2026-07-16T11:09:34.884+0000] {dag.py:3096} INFO - Sync 1 DAGs
[2026-07-16T11:09:34.906+0000] {logging_mixin.py:188} INFO - [2026-07-16T11:09:34.906+0000] {dag.py:3954} INFO - Setting next_dagrun for example_sla_dag to 2026-07-16 11:06:00+00:00, run_after=2026-07-16 11:08:00+00:00
[2026-07-16T11:09:34.924+0000] {processor.py:183} INFO - Processing /home/airflow/.local/lib/python3.12/site-packages/airflow/example_dags/example_sla_dag.py took 0.078 seconds
[2026-07-16T11:10:05.163+0000] {processor.py:161} INFO - Started process (PID=856) to work on /home/airflow/.local/lib/python3.12/site-packages/airflow/example_dags/example_sla_dag.py
[2026-07-16T11:10:05.165+0000] {processor.py:830} INFO - Processing file /home/airflow/.local/lib/python3.12/site-packages/airflow/example_dags/example_sla_dag.py for tasks to queue
[2026-07-16T11:10:05.167+0000] {logging_mixin.py:188} INFO - [2026-07-16T11:10:05.167+0000] {dagbag.py:540} INFO - Filling up the DagBag from /home/airflow/.local/lib/python3.12/site-packages/airflow/example_dags/example_sla_dag.py
[2026-07-16T11:10:05.174+0000] {processor.py:840} INFO - DAG(s) 'example_sla_dag' retrieved from /home/airflow/.local/lib/python3.12/site-packages/airflow/example_dags/example_sla_dag.py
[2026-07-16T11:10:05.190+0000] {logging_mixin.py:188} INFO - [2026-07-16T11:10:05.190+0000] {dag.py:3096} INFO - Sync 1 DAGs
[2026-07-16T11:10:05.213+0000] {logging_mixin.py:188} INFO - [2026-07-16T11:10:05.213+0000] {dag.py:3954} INFO - Setting next_dagrun for example_sla_dag to 2026-07-16 11:08:00+00:00, run_after=2026-07-16 11:10:00+00:00
[2026-07-16T11:10:05.231+0000] {processor.py:183} INFO - Processing /home/airflow/.local/lib/python3.12/site-packages/airflow/example_dags/example_sla_dag.py took 0.073 seconds
[2026-07-16T11:10:35.415+0000] {processor.py:161} INFO - Started process (PID=915) to work on /home/airflow/.local/lib/python3.12/site-packages/airflow/example_dags/example_sla_dag.py
[2026-07-16T11:10:35.417+0000] {processor.py:830} INFO - Processing file /home/airflow/.local/lib/python3.12/site-packages/airflow/example_dags/example_sla_dag.py for tasks to queue
[2026-07-16T11:10:35.419+0000] {logging_mixin.py:188} INFO - [2026-07-16T11:10:35.419+0000] {dagbag.py:540} INFO - Filling up the DagBag from /home/airflow/.local/lib/python3.12/site-packages/airflow/example_dags/example_sla_dag.py
[2026-07-16T11:10:35.427+0000] {processor.py:840} INFO - DAG(s) 'example_sla_dag' retrieved from /home/airflow/.local/lib/python3.12/site-packages/airflow/example_dags/example_sla_dag.py
[2026-07-16T11:10:35.443+0000] {logging_mixin.py:188} INFO - [2026-07-16T11:10:35.443+0000] {dag.py:3096} INFO - Sync 1 DAGs
[2026-07-16T11:10:35.464+0000] {logging_mixin.py:188} INFO - [2026-07-16T11:10:35.464+0000] {dag.py:3954} INFO - Setting next_dagrun for example_sla_dag to 2026-07-16 11:08:00+00:00, run_after=2026-07-16 11:10:00+00:00
[2026-07-16T11:10:35.482+0000] {processor.py:183} INFO - Processing /home/airflow/.local/lib/python3.12/site-packages/airflow/example_dags/example_sla_dag.py took 0.071 seconds
[2026-07-16T11:11:06.126+0000] {processor.py:161} INFO - Started process (PID=974) to work on /home/airflow/.local/lib/python3.12/site-packages/airflow/example_dags/example_sla_dag.py
[2026-07-16T11:11:06.127+0000] {processor.py:830} INFO - Processing file /home/airflow/.local/lib/python3.12/site-packages/airflow/example_dags/example_sla_dag.py for tasks to queue
[2026-07-16T11:11:06.129+0000] {logging_mixin.py:188} INFO - [2026-07-16T11:11:06.128+0000] {dagbag.py:540} INFO - Filling up the DagBag from /home/airflow/.local/lib/python3.12/site-packages/airflow/example_dags/example_sla_dag.py
[2026-07-16T11:11:06.136+0000] {processor.py:840} INFO - DAG(s) 'example_sla_dag' retrieved from /home/airflow/.local/lib/python3.12/site-packages/airflow/example_dags/example_sla_dag.py
[2026-07-16T11:11:06.155+0000] {logging_mixin.py:188} INFO - [2026-07-16T11:11:06.155+0000] {dag.py:3096} INFO - Sync 1 DAGs
[2026-07-16T11:11:06.178+0000] {logging_mixin.py:188} INFO - [2026-07-16T11:11:06.178+0000] {dag.py:3954} INFO - Setting next_dagrun for example_sla_dag to 2026-07-16 11:08:00+00:00, run_after=2026-07-16 11:10:00+00:00
[2026-07-16T11:11:06.197+0000] {processor.py:183} INFO - Processing /home/airflow/.local/lib/python3.12/site-packages/airflow/example_dags/example_sla_dag.py took 0.076 seconds
[2026-07-16T11:11:36.444+0000] {processor.py:161} INFO - Started process (PID=1033) to work on /home/airflow/.local/lib/python3.12/site-packages/airflow/example_dags/example_sla_dag.py
[2026-07-16T11:11:36.446+0000] {processor.py:830} INFO - Processing file /home/airflow/.local/lib/python3.12/site-packages/airflow/example_dags/example_sla_dag.py for tasks to queue
[2026-07-16T11:11:36.448+0000] {logging_mixin.py:188} INFO - [2026-07-16T11:11:36.448+0000] {dagbag.py:540} INFO - Filling up the DagBag from /home/airflow/.local/lib/python3.12/site-packages/airflow/example_dags/example_sla_dag.py
[2026-07-16T11:11:36.456+0000] {processor.py:840} INFO - DAG(s) 'example_sla_dag' retrieved from /home/airflow/.local/lib/python3.12/site-packages/airflow/example_dags/example_sla_dag.py
[2026-07-16T11:11:36.474+0000] {logging_mixin.py:188} INFO - [2026-07-16T11:11:36.474+0000] {dag.py:3096} INFO - Sync 1 DAGs
[2026-07-16T11:11:36.497+0000] {logging_mixin.py:188} INFO - [2026-07-16T11:11:36.497+0000] {dag.py:3954} INFO - Setting next_dagrun for example_sla_dag to 2026-07-16 11:08:00+00:00, run_after=2026-07-16 11:10:00+00:00
[2026-07-16T11:11:36.516+0000] {processor.py:183} INFO - Processing /home/airflow/.local/lib/python3.12/site-packages/airflow/example_dags/example_sla_dag.py took 0.077 seconds
[2026-07-16T11:12:07.186+0000] {processor.py:161} INFO - Started process (PID=1092) to work on /home/airflow/.local/lib/python3.12/site-packages/airflow/example_dags/example_sla_dag.py
[2026-07-16T11:12:07.188+0000] {processor.py:830} INFO - Processing file /home/airflow/.local/lib/python3.12/site-packages/airflow/example_dags/example_sla_dag.py for tasks to queue
[2026-07-16T11:12:07.191+0000] {logging_mixin.py:188} INFO - [2026-07-16T11:12:07.190+0000] {dagbag.py:540} INFO - Filling up the DagBag from /home/airflow/.local/lib/python3.12/site-packages/airflow/example_dags/example_sla_dag.py
[2026-07-16T11:12:07.199+0000] {processor.py:840} INFO - DAG(s) 'example_sla_dag' retrieved from /home/airflow/.local/lib/python3.12/site-packages/airflow/example_dags/example_sla_dag.py
[2026-07-16T11:12:07.217+0000] {logging_mixin.py:188} INFO - [2026-07-16T11:12:07.216+0000] {dag.py:3096} INFO - Sync 1 DAGs
[2026-07-16T11:12:07.243+0000] {logging_mixin.py:188} INFO - [2026-07-16T11:12:07.243+0000] {dag.py:3954} INFO - Setting next_dagrun for example_sla_dag to 2026-07-16 11:10:00+00:00, run_after=2026-07-16 11:12:00+00:00
[2026-07-16T11:12:07.270+0000] {processor.py:183} INFO - Processing /home/airflow/.local/lib/python3.12/site-packages/airflow/example_dags/example_sla_dag.py took 0.091 seconds
[2026-07-16T11:12:37.420+0000] {processor.py:161} INFO - Started process (PID=1150) to work on /home/airflow/.local/lib/python3.12/site-packages/airflow/example_dags/example_sla_dag.py
[2026-07-16T11:12:37.422+0000] {processor.py:830} INFO - Processing file /home/airflow/.local/lib/python3.12/site-packages/airflow/example_dags/example_sla_dag.py for tasks to queue
[2026-07-16T11:12:37.427+0000] {logging_mixin.py:188} INFO - [2026-07-16T11:12:37.427+0000] {dagbag.py:540} INFO - Filling up the DagBag from /home/airflow/.local/lib/python3.12/site-packages/airflow/example_dags/example_sla_dag.py
[2026-07-16T11:12:37.441+0000] {processor.py:840} INFO - DAG(s) 'example_sla_dag' retrieved from /home/airflow/.local/lib/python3.12/site-packages/airflow/example_dags/example_sla_dag.py
[2026-07-16T11:12:37.464+0000] {logging_mixin.py:188} INFO - [2026-07-16T11:12:37.464+0000] {dag.py:3096} INFO - Sync 1 DAGs
[2026-07-16T11:12:37.489+0000] {logging_mixin.py:188} INFO - [2026-07-16T11:12:37.489+0000] {dag.py:3954} INFO - Setting next_dagrun for example_sla_dag to 2026-07-16 11:10:00+00:00, run_after=2026-07-16 11:12:00+00:00
[2026-07-16T11:12:37.518+0000] {processor.py:183} INFO - Processing /home/airflow/.local/lib/python3.12/site-packages/airflow/example_dags/example_sla_dag.py took 0.105 seconds
[2026-07-16T11:13:07.824+0000] {processor.py:161} INFO - Started process (PID=1209) to work on /home/airflow/.local/lib/python3.12/site-packages/airflow/example_dags/example_sla_dag.py
[2026-07-16T11:13:07.826+0000] {processor.py:830} INFO - Processing file /home/airflow/.local/lib/python3.12/site-packages/airflow/example_dags/example_sla_dag.py for tasks to queue
[2026-07-16T11:13:07.829+0000] {logging_mixin.py:188} INFO - [2026-07-16T11:13:07.829+0000] {dagbag.py:540} INFO - Filling up the DagBag from /home/airflow/.local/lib/python3.12/site-packages/airflow/example_dags/example_sla_dag.py
[2026-07-16T11:13:07.838+0000] {processor.py:840} INFO - DAG(s) 'example_sla_dag' retrieved from /home/airflow/.local/lib/python3.12/site-packages/airflow/example_dags/example_sla_dag.py
[2026-07-16T11:13:07.856+0000] {logging_mixin.py:188} INFO - [2026-07-16T11:13:07.856+0000] {dag.py:3096} INFO - Sync 1 DAGs
[2026-07-16T11:13:07.884+0000] {logging_mixin.py:188} INFO - [2026-07-16T11:13:07.884+0000] {dag.py:3954} INFO - Setting next_dagrun for example_sla_dag to 2026-07-16 11:10:00+00:00, run_after=2026-07-16 11:12:00+00:00
[2026-07-16T11:13:07.911+0000] {processor.py:183} INFO - Processing /home/airflow/.local/lib/python3.12/site-packages/airflow/example_dags/example_sla_dag.py took 0.094 seconds
[2026-07-16T11:13:37.958+0000] {processor.py:161} INFO - Started process (PID=1268) to work on /home/airflow/.local/lib/python3.12/site-packages/airflow/example_dags/example_sla_dag.py
[2026-07-16T11:13:37.959+0000] {processor.py:830} INFO - Processing file /home/airflow/.local/lib/python3.12/site-packages/airflow/example_dags/example_sla_dag.py for tasks to queue
[2026-07-16T11:13:37.962+0000] {logging_mixin.py:188} INFO - [2026-07-16T11:13:37.962+0000] {dagbag.py:540} INFO - Filling up the DagBag from /home/airflow/.local/lib/python3.12/site-packages/airflow/example_dags/example_sla_dag.py
[2026-07-16T11:13:37.969+0000] {processor.py:840} INFO - DAG(s) 'example_sla_dag' retrieved from /home/airflow/.local/lib/python3.12/site-packages/airflow/example_dags/example_sla_dag.py
[2026-07-16T11:13:37.986+0000] {logging_mixin.py:188} INFO - [2026-07-16T11:13:37.986+0000] {dag.py:3096} INFO - Sync 1 DAGs
[2026-07-16T11:13:38.007+0000] {logging_mixin.py:188} INFO - [2026-07-16T11:13:38.007+0000] {dag.py:3954} INFO - Setting next_dagrun for example_sla_dag to 2026-07-16 11:10:00+00:00, run_after=2026-07-16 11:12:00+00:00
[2026-07-16T11:13:38.026+0000] {processor.py:183} INFO - Processing /home/airflow/.local/lib/python3.12/site-packages/airflow/example_dags/example_sla_dag.py took 0.073 seconds
[2026-07-16T11:14:08.254+0000] {processor.py:161} INFO - Started process (PID=1327) to work on /home/airflow/.local/lib/python3.12/site-packages/airflow/example_dags/example_sla_dag.py
[2026-07-16T11:14:08.256+0000] {processor.py:830} INFO - Processing file /home/airflow/.local/lib/python3.12/site-packages/airflow/example_dags/example_sla_dag.py for tasks to queue
[2026-07-16T11:14:08.258+0000] {logging_mixin.py:188} INFO - [2026-07-16T11:14:08.258+0000] {dagbag.py:540} INFO - Filling up the DagBag from /home/airflow/.local/lib/python3.12/site-packages/airflow/example_dags/example_sla_dag.py
[2026-07-16T11:14:08.266+0000] {processor.py:840} INFO - DAG(s) 'example_sla_dag' retrieved from /home/airflow/.local/lib/python3.12/site-packages/airflow/example_dags/example_sla_dag.py
[2026-07-16T11:14:08.282+0000] {logging_mixin.py:188} INFO - [2026-07-16T11:14:08.282+0000] {dag.py:3096} INFO - Sync 1 DAGs
[2026-07-16T11:14:08.300+0000] {logging_mixin.py:188} INFO - [2026-07-16T11:14:08.300+0000] {dag.py:3954} INFO - Setting next_dagrun for example_sla_dag to 2026-07-16 11:12:00+00:00, run_after=2026-07-16 11:14:00+00:00
[2026-07-16T11:14:08.317+0000] {processor.py:183} INFO - Processing /home/airflow/.local/lib/python3.12/site-packages/airflow/example_dags/example_sla_dag.py took 0.068 seconds
[2026-07-16T11:14:38.373+0000] {processor.py:161} INFO - Started process (PID=1386) to work on /home/airflow/.local/lib/python3.12/site-packages/airflow/example_dags/example_sla_dag.py
[2026-07-16T11:14:38.375+0000] {processor.py:830} INFO - Processing file /home/airflow/.local/lib/python3.12/site-packages/airflow/example_dags/example_sla_dag.py for tasks to queue
[2026-07-16T11:14:38.377+0000] {logging_mixin.py:188} INFO - [2026-07-16T11:14:38.377+0000] {dagbag.py:540} INFO - Filling up the DagBag from /home/airflow/.local/lib/python3.12/site-packages/airflow/example_dags/example_sla_dag.py
[2026-07-16T11:14:38.385+0000] {processor.py:840} INFO - DAG(s) 'example_sla_dag' retrieved from /home/airflow/.local/lib/python3.12/site-packages/airflow/example_dags/example_sla_dag.py
[2026-07-16T11:14:38.404+0000] {logging_mixin.py:188} INFO - [2026-07-16T11:14:38.404+0000] {dag.py:3096} INFO - Sync 1 DAGs
[2026-07-16T11:14:38.431+0000] {logging_mixin.py:188} INFO - [2026-07-16T11:14:38.431+0000] {dag.py:3954} INFO - Setting next_dagrun for example_sla_dag to 2026-07-16 11:12:00+00:00, run_after=2026-07-16 11:14:00+00:00
[2026-07-16T11:14:38.454+0000] {processor.py:183} INFO - Processing /home/airflow/.local/lib/python3.12/site-packages/airflow/example_dags/example_sla_dag.py took 0.086 seconds
[2026-07-16T11:15:08.819+0000] {processor.py:161} INFO - Started process (PID=1445) to work on /home/airflow/.local/lib/python3.12/site-packages/airflow/example_dags/example_sla_dag.py
[2026-07-16T11:15:08.821+0000] {processor.py:830} INFO - Processing file /home/airflow/.local/lib/python3.12/site-packages/airflow/example_dags/example_sla_dag.py for tasks to queue
[2026-07-16T11:15:08.824+0000] {logging_mixin.py:188} INFO - [2026-07-16T11:15:08.824+0000] {dagbag.py:540} INFO - Filling up the DagBag from /home/airflow/.local/lib/python3.12/site-packages/airflow/example_dags/example_sla_dag.py
[2026-07-16T11:15:08.845+0000] {processor.py:840} INFO - DAG(s) 'example_sla_dag' retrieved from /home/airflow/.local/lib/python3.12/site-packages/airflow/example_dags/example_sla_dag.py
[2026-07-16T11:15:08.886+0000] {logging_mixin.py:188} INFO - [2026-07-16T11:15:08.886+0000] {dag.py:3096} INFO - Sync 1 DAGs
[2026-07-16T11:15:08.921+0000] {logging_mixin.py:188} INFO - [2026-07-16T11:15:08.921+0000] {dag.py:3954} INFO - Setting next_dagrun for example_sla_dag to 2026-07-16 11:12:00+00:00, run_after=2026-07-16 11:14:00+00:00
[2026-07-16T11:15:08.947+0000] {processor.py:183} INFO - Processing /home/airflow/.local/lib/python3.12/site-packages/airflow/example_dags/example_sla_dag.py took 0.136 seconds
[2026-07-16T11:15:39.233+0000] {processor.py:161} INFO - Started process (PID=1504) to work on /home/airflow/.local/lib/python3.12/site-packages/airflow/example_dags/example_sla_dag.py
[2026-07-16T11:15:39.235+0000] {processor.py:830} INFO - Processing file /home/airflow/.local/lib/python3.12/site-packages/airflow/example_dags/example_sla_dag.py for tasks to queue
[2026-07-16T11:15:39.239+0000] {logging_mixin.py:188} INFO - [2026-07-16T11:15:39.239+0000] {dagbag.py:540} INFO - Filling up the DagBag from /home/airflow/.local/lib/python3.12/site-packages/airflow/example_dags/example_sla_dag.py
[2026-07-16T11:15:39.253+0000] {processor.py:840} INFO - DAG(s) 'example_sla_dag' retrieved from /home/airflow/.local/lib/python3.12/site-packages/airflow/example_dags/example_sla_dag.py
[2026-07-16T11:15:39.283+0000] {logging_mixin.py:188} INFO - [2026-07-16T11:15:39.282+0000] {dag.py:3096} INFO - Sync 1 DAGs
[2026-07-16T11:15:39.318+0000] {logging_mixin.py:188} INFO - [2026-07-16T11:15:39.318+0000] {dag.py:3954} INFO - Setting next_dagrun for example_sla_dag to 2026-07-16 11:12:00+00:00, run_after=2026-07-16 11:14:00+00:00
[2026-07-16T11:15:39.361+0000] {processor.py:183} INFO - Processing /home/airflow/.local/lib/python3.12/site-packages/airflow/example_dags/example_sla_dag.py took 0.138 seconds
[2026-07-16T11:16:10.018+0000] {processor.py:161} INFO - Started process (PID=1563) to work on /home/airflow/.local/lib/python3.12/site-packages/airflow/example_dags/example_sla_dag.py
[2026-07-16T11:16:10.020+0000] {processor.py:830} INFO - Processing file /home/airflow/.local/lib/python3.12/site-packages/airflow/example_dags/example_sla_dag.py for tasks to queue
[2026-07-16T11:16:10.022+0000] {logging_mixin.py:188} INFO - [2026-07-16T11:16:10.022+0000] {dagbag.py:540} INFO - Filling up the DagBag from /home/airflow/.local/lib/python3.12/site-packages/airflow/example_dags/example_sla_dag.py
[2026-07-16T11:16:10.030+0000] {processor.py:840} INFO - DAG(s) 'example_sla_dag' retrieved from /home/airflow/.local/lib/python3.12/site-packages/airflow/example_dags/example_sla_dag.py
[2026-07-16T11:16:10.045+0000] {logging_mixin.py:188} INFO - [2026-07-16T11:16:10.045+0000] {dag.py:3096} INFO - Sync 1 DAGs
[2026-07-16T11:16:10.064+0000] {logging_mixin.py:188} INFO - [2026-07-16T11:16:10.064+0000] {dag.py:3954} INFO - Setting next_dagrun for example_sla_dag to 2026-07-16 11:14:00+00:00, run_after=2026-07-16 11:16:00+00:00
[2026-07-16T11:16:10.079+0000] {processor.py:183} INFO - Processing /home/airflow/.local/lib/python3.12/site-packages/airflow/example_dags/example_sla_dag.py took 0.066 seconds
[2026-07-16T11:16:40.951+0000] {processor.py:161} INFO - Started process (PID=1622) to work on /home/airflow/.local/lib/python3.12/site-packages/airflow/example_dags/example_sla_dag.py
[2026-07-16T11:16:40.953+0000] {processor.py:830} INFO - Processing file /home/airflow/.local/lib/python3.12/site-packages/airflow/example_dags/example_sla_dag.py for tasks to queue
[2026-07-16T11:16:40.955+0000] {logging_mixin.py:188} INFO - [2026-07-16T11:16:40.955+0000] {dagbag.py:540} INFO - Filling up the DagBag from /home/airflow/.local/lib/python3.12/site-packages/airflow/example_dags/example_sla_dag.py
[2026-07-16T11:16:40.963+0000] {processor.py:840} INFO - DAG(s) 'example_sla_dag' retrieved from /home/airflow/.local/lib/python3.12/site-packages/airflow/example_dags/example_sla_dag.py
[2026-07-16T11:16:40.980+0000] {logging_mixin.py:188} INFO - [2026-07-16T11:16:40.979+0000] {dag.py:3096} INFO - Sync 1 DAGs
[2026-07-16T11:16:41.001+0000] {logging_mixin.py:188} INFO - [2026-07-16T11:16:41.000+0000] {dag.py:3954} INFO - Setting next_dagrun for example_sla_dag to 2026-07-16 11:14:00+00:00, run_after=2026-07-16 11:16:00+00:00
[2026-07-16T11:16:41.018+0000] {processor.py:183} INFO - Processing /home/airflow/.local/lib/python3.12/site-packages/airflow/example_dags/example_sla_dag.py took 0.072 seconds
[2026-07-16T11:17:11.664+0000] {processor.py:161} INFO - Started process (PID=1681) to work on /home/airflow/.local/lib/python3.12/site-packages/airflow/example_dags/example_sla_dag.py
[2026-07-16T11:17:11.665+0000] {processor.py:830} INFO - Processing file /home/airflow/.local/lib/python3.12/site-packages/airflow/example_dags/example_sla_dag.py for tasks to queue
[2026-07-16T11:17:11.668+0000] {logging_mixin.py:188} INFO - [2026-07-16T11:17:11.667+0000] {dagbag.py:540} INFO - Filling up the DagBag from /home/airflow/.local/lib/python3.12/site-packages/airflow/example_dags/example_sla_dag.py
[2026-07-16T11:17:11.676+0000] {processor.py:840} INFO - DAG(s) 'example_sla_dag' retrieved from /home/airflow/.local/lib/python3.12/site-packages/airflow/example_dags/example_sla_dag.py
[2026-07-16T11:17:11.692+0000] {logging_mixin.py:188} INFO - [2026-07-16T11:17:11.692+0000] {dag.py:3096} INFO - Sync 1 DAGs
[2026-07-16T11:17:11.734+0000] {logging_mixin.py:188} INFO - [2026-07-16T11:17:11.733+0000] {dag.py:3954} INFO - Setting next_dagrun for example_sla_dag to 2026-07-16 11:14:00+00:00, run_after=2026-07-16 11:16:00+00:00
[2026-07-16T11:17:11.767+0000] {processor.py:183} INFO - Processing /home/airflow/.local/lib/python3.12/site-packages/airflow/example_dags/example_sla_dag.py took 0.107 seconds
[2026-07-16T11:17:41.875+0000] {processor.py:161} INFO - Started process (PID=1740) to work on /home/airflow/.local/lib/python3.12/site-packages/airflow/example_dags/example_sla_dag.py
[2026-07-16T11:17:41.877+0000] {processor.py:830} INFO - Processing file /home/airflow/.local/lib/python3.12/site-packages/airflow/example_dags/example_sla_dag.py for tasks to queue
[2026-07-16T11:17:41.880+0000] {logging_mixin.py:188} INFO - [2026-07-16T11:17:41.880+0000] {dagbag.py:540} INFO - Filling up the DagBag from /home/airflow/.local/lib/python3.12/site-packages/airflow/example_dags/example_sla_dag.py
[2026-07-16T11:17:41.891+0000] {processor.py:840} INFO - DAG(s) 'example_sla_dag' retrieved from /home/airflow/.local/lib/python3.12/site-packages/airflow/example_dags/example_sla_dag.py
[2026-07-16T11:17:41.913+0000] {logging_mixin.py:188} INFO - [2026-07-16T11:17:41.912+0000] {dag.py:3096} INFO - Sync 1 DAGs
[2026-07-16T11:17:41.935+0000] {logging_mixin.py:188} INFO - [2026-07-16T11:17:41.935+0000] {dag.py:3954} INFO - Setting next_dagrun for example_sla_dag to 2026-07-16 11:14:00+00:00, run_after=2026-07-16 11:16:00+00:00
[2026-07-16T11:17:41.954+0000] {processor.py:183} INFO - Processing /home/airflow/.local/lib/python3.12/site-packages/airflow/example_dags/example_sla_dag.py took 0.092 seconds
[2026-07-16T11:18:13.638+0000] {processor.py:161} INFO - Started process (PID=1799) to work on /home/airflow/.local/lib/python3.12/site-packages/airflow/example_dags/example_sla_dag.py
[2026-07-16T11:18:13.640+0000] {processor.py:830} INFO - Processing file /home/airflow/.local/lib/python3.12/site-packages/airflow/example_dags/example_sla_dag.py for tasks to queue
[2026-07-16T11:18:13.647+0000] {logging_mixin.py:188} INFO - [2026-07-16T11:18:13.647+0000] {dagbag.py:540} INFO - Filling up the DagBag from /home/airflow/.local/lib/python3.12/site-packages/airflow/example_dags/example_sla_dag.py
[2026-07-16T11:18:13.669+0000] {processor.py:840} INFO - DAG(s) 'example_sla_dag' retrieved from /home/airflow/.local/lib/python3.12/site-packages/airflow/example_dags/example_sla_dag.py
[2026-07-16T11:18:13.704+0000] {logging_mixin.py:188} INFO - [2026-07-16T11:18:13.704+0000] {dag.py:3096} INFO - Sync 1 DAGs
[2026-07-16T11:18:13.751+0000] {logging_mixin.py:188} INFO - [2026-07-16T11:18:13.751+0000] {dag.py:3954} INFO - Setting next_dagrun for example_sla_dag to 2026-07-16 11:16:00+00:00, run_after=2026-07-16 11:18:00+00:00
[2026-07-16T11:18:13.788+0000] {processor.py:183} INFO - Processing /home/airflow/.local/lib/python3.12/site-packages/airflow/example_dags/example_sla_dag.py took 0.174 seconds
