[2026-07-16T11:03:29.503+0000] {processor.py:161} INFO - Started process (PID=96) to work on /home/airflow/.local/lib/python3.12/site-packages/airflow/example_dags/example_setup_teardown.py
[2026-07-16T11:03:29.505+0000] {processor.py:830} INFO - Processing file /home/airflow/.local/lib/python3.12/site-packages/airflow/example_dags/example_setup_teardown.py for tasks to queue
[2026-07-16T11:03:29.508+0000] {logging_mixin.py:188} INFO - [2026-07-16T11:03:29.507+0000] {dagbag.py:540} INFO - Filling up the DagBag from /home/airflow/.local/lib/python3.12/site-packages/airflow/example_dags/example_setup_teardown.py
[2026-07-16T11:03:29.521+0000] {processor.py:840} INFO - DAG(s) 'example_setup_teardown' retrieved from /home/airflow/.local/lib/python3.12/site-packages/airflow/example_dags/example_setup_teardown.py
[2026-07-16T11:03:29.548+0000] {logging_mixin.py:188} INFO - [2026-07-16T11:03:29.548+0000] {dag.py:3096} INFO - Sync 1 DAGs
[2026-07-16T11:03:29.574+0000] {logging_mixin.py:188} INFO - [2026-07-16T11:03:29.574+0000] {dag.py:3954} INFO - Setting next_dagrun for example_setup_teardown to 2026-07-15 00:00:00+00:00, run_after=2026-07-16 00:00:00+00:00
[2026-07-16T11:03:29.601+0000] {processor.py:183} INFO - Processing /home/airflow/.local/lib/python3.12/site-packages/airflow/example_dags/example_setup_teardown.py took 0.122 seconds
[2026-07-16T11:03:59.994+0000] {processor.py:161} INFO - Started process (PID=155) to work on /home/airflow/.local/lib/python3.12/site-packages/airflow/example_dags/example_setup_teardown.py
[2026-07-16T11:03:59.996+0000] {processor.py:830} INFO - Processing file /home/airflow/.local/lib/python3.12/site-packages/airflow/example_dags/example_setup_teardown.py for tasks to queue
[2026-07-16T11:03:59.998+0000] {logging_mixin.py:188} INFO - [2026-07-16T11:03:59.998+0000] {dagbag.py:540} INFO - Filling up the DagBag from /home/airflow/.local/lib/python3.12/site-packages/airflow/example_dags/example_setup_teardown.py
[2026-07-16T11:04:00.006+0000] {processor.py:840} INFO - DAG(s) 'example_setup_teardown' retrieved from /home/airflow/.local/lib/python3.12/site-packages/airflow/example_dags/example_setup_teardown.py
[2026-07-16T11:04:00.104+0000] {logging_mixin.py:188} INFO - [2026-07-16T11:04:00.104+0000] {dag.py:3096} INFO - Sync 1 DAGs
[2026-07-16T11:04:00.135+0000] {logging_mixin.py:188} INFO - [2026-07-16T11:04:00.134+0000] {dag.py:3954} INFO - Setting next_dagrun for example_setup_teardown to 2026-07-15 00:00:00+00:00, run_after=2026-07-16 00:00:00+00:00
[2026-07-16T11:04:00.179+0000] {processor.py:183} INFO - Processing /home/airflow/.local/lib/python3.12/site-packages/airflow/example_dags/example_setup_teardown.py took 0.190 seconds
[2026-07-16T11:04:31.106+0000] {processor.py:161} INFO - Started process (PID=215) to work on /home/airflow/.local/lib/python3.12/site-packages/airflow/example_dags/example_setup_teardown.py
[2026-07-16T11:04:31.108+0000] {processor.py:830} INFO - Processing file /home/airflow/.local/lib/python3.12/site-packages/airflow/example_dags/example_setup_teardown.py for tasks to queue
[2026-07-16T11:04:31.112+0000] {logging_mixin.py:188} INFO - [2026-07-16T11:04:31.111+0000] {dagbag.py:540} INFO - Filling up the DagBag from /home/airflow/.local/lib/python3.12/site-packages/airflow/example_dags/example_setup_teardown.py
[2026-07-16T11:04:31.122+0000] {processor.py:840} INFO - DAG(s) 'example_setup_teardown' retrieved from /home/airflow/.local/lib/python3.12/site-packages/airflow/example_dags/example_setup_teardown.py
[2026-07-16T11:04:31.151+0000] {logging_mixin.py:188} INFO - [2026-07-16T11:04:31.150+0000] {dag.py:3096} INFO - Sync 1 DAGs
[2026-07-16T11:04:31.186+0000] {logging_mixin.py:188} INFO - [2026-07-16T11:04:31.185+0000] {dag.py:3954} INFO - Setting next_dagrun for example_setup_teardown to 2026-07-15 00:00:00+00:00, run_after=2026-07-16 00:00:00+00:00
[2026-07-16T11:04:31.214+0000] {processor.py:183} INFO - Processing /home/airflow/.local/lib/python3.12/site-packages/airflow/example_dags/example_setup_teardown.py took 0.117 seconds
[2026-07-16T11:05:01.284+0000] {processor.py:161} INFO - Started process (PID=274) to work on /home/airflow/.local/lib/python3.12/site-packages/airflow/example_dags/example_setup_teardown.py
[2026-07-16T11:05:01.286+0000] {processor.py:830} INFO - Processing file /home/airflow/.local/lib/python3.12/site-packages/airflow/example_dags/example_setup_teardown.py for tasks to queue
[2026-07-16T11:05:01.289+0000] {logging_mixin.py:188} INFO - [2026-07-16T11:05:01.289+0000] {dagbag.py:540} INFO - Filling up the DagBag from /home/airflow/.local/lib/python3.12/site-packages/airflow/example_dags/example_setup_teardown.py
[2026-07-16T11:05:01.298+0000] {processor.py:840} INFO - DAG(s) 'example_setup_teardown' retrieved from /home/airflow/.local/lib/python3.12/site-packages/airflow/example_dags/example_setup_teardown.py
[2026-07-16T11:05:01.318+0000] {logging_mixin.py:188} INFO - [2026-07-16T11:05:01.318+0000] {dag.py:3096} INFO - Sync 1 DAGs
[2026-07-16T11:05:01.339+0000] {logging_mixin.py:188} INFO - [2026-07-16T11:05:01.339+0000] {dag.py:3954} INFO - Setting next_dagrun for example_setup_teardown to 2026-07-15 00:00:00+00:00, run_after=2026-07-16 00:00:00+00:00
[2026-07-16T11:05:01.360+0000] {processor.py:183} INFO - Processing /home/airflow/.local/lib/python3.12/site-packages/airflow/example_dags/example_setup_teardown.py took 0.084 seconds
[2026-07-16T11:05:31.608+0000] {processor.py:161} INFO - Started process (PID=333) to work on /home/airflow/.local/lib/python3.12/site-packages/airflow/example_dags/example_setup_teardown.py
[2026-07-16T11:05:31.610+0000] {processor.py:830} INFO - Processing file /home/airflow/.local/lib/python3.12/site-packages/airflow/example_dags/example_setup_teardown.py for tasks to queue
[2026-07-16T11:05:31.613+0000] {logging_mixin.py:188} INFO - [2026-07-16T11:05:31.612+0000] {dagbag.py:540} INFO - Filling up the DagBag from /home/airflow/.local/lib/python3.12/site-packages/airflow/example_dags/example_setup_teardown.py
[2026-07-16T11:05:31.620+0000] {processor.py:840} INFO - DAG(s) 'example_setup_teardown' retrieved from /home/airflow/.local/lib/python3.12/site-packages/airflow/example_dags/example_setup_teardown.py
[2026-07-16T11:05:31.641+0000] {logging_mixin.py:188} INFO - [2026-07-16T11:05:31.641+0000] {dag.py:3096} INFO - Sync 1 DAGs
[2026-07-16T11:05:31.659+0000] {logging_mixin.py:188} INFO - [2026-07-16T11:05:31.659+0000] {dag.py:3954} INFO - Setting next_dagrun for example_setup_teardown to 2026-07-15 00:00:00+00:00, run_after=2026-07-16 00:00:00+00:00
[2026-07-16T11:05:31.678+0000] {processor.py:183} INFO - Processing /home/airflow/.local/lib/python3.12/site-packages/airflow/example_dags/example_setup_teardown.py took 0.076 seconds
[2026-07-16T11:06:01.972+0000] {processor.py:161} INFO - Started process (PID=392) to work on /home/airflow/.local/lib/python3.12/site-packages/airflow/example_dags/example_setup_teardown.py
[2026-07-16T11:06:01.974+0000] {processor.py:830} INFO - Processing file /home/airflow/.local/lib/python3.12/site-packages/airflow/example_dags/example_setup_teardown.py for tasks to queue
[2026-07-16T11:06:01.977+0000] {logging_mixin.py:188} INFO - [2026-07-16T11:06:01.976+0000] {dagbag.py:540} INFO - Filling up the DagBag from /home/airflow/.local/lib/python3.12/site-packages/airflow/example_dags/example_setup_teardown.py
[2026-07-16T11:06:01.985+0000] {processor.py:840} INFO - DAG(s) 'example_setup_teardown' retrieved from /home/airflow/.local/lib/python3.12/site-packages/airflow/example_dags/example_setup_teardown.py
[2026-07-16T11:06:02.011+0000] {logging_mixin.py:188} INFO - [2026-07-16T11:06:02.011+0000] {dag.py:3096} INFO - Sync 1 DAGs
[2026-07-16T11:06:02.041+0000] {logging_mixin.py:188} INFO - [2026-07-16T11:06:02.040+0000] {dag.py:3954} INFO - Setting next_dagrun for example_setup_teardown to 2026-07-15 00:00:00+00:00, run_after=2026-07-16 00:00:00+00:00
[2026-07-16T11:06:02.064+0000] {processor.py:183} INFO - Processing /home/airflow/.local/lib/python3.12/site-packages/airflow/example_dags/example_setup_teardown.py took 0.098 seconds
[2026-07-16T11:06:32.130+0000] {processor.py:161} INFO - Started process (PID=451) to work on /home/airflow/.local/lib/python3.12/site-packages/airflow/example_dags/example_setup_teardown.py
[2026-07-16T11:06:32.132+0000] {processor.py:830} INFO - Processing file /home/airflow/.local/lib/python3.12/site-packages/airflow/example_dags/example_setup_teardown.py for tasks to queue
[2026-07-16T11:06:32.134+0000] {logging_mixin.py:188} INFO - [2026-07-16T11:06:32.134+0000] {dagbag.py:540} INFO - Filling up the DagBag from /home/airflow/.local/lib/python3.12/site-packages/airflow/example_dags/example_setup_teardown.py
[2026-07-16T11:06:32.140+0000] {processor.py:840} INFO - DAG(s) 'example_setup_teardown' retrieved from /home/airflow/.local/lib/python3.12/site-packages/airflow/example_dags/example_setup_teardown.py
[2026-07-16T11:06:32.158+0000] {logging_mixin.py:188} INFO - [2026-07-16T11:06:32.158+0000] {dag.py:3096} INFO - Sync 1 DAGs
[2026-07-16T11:06:32.177+0000] {logging_mixin.py:188} INFO - [2026-07-16T11:06:32.176+0000] {dag.py:3954} INFO - Setting next_dagrun for example_setup_teardown to 2026-07-15 00:00:00+00:00, run_after=2026-07-16 00:00:00+00:00
[2026-07-16T11:06:32.195+0000] {processor.py:183} INFO - Processing /home/airflow/.local/lib/python3.12/site-packages/airflow/example_dags/example_setup_teardown.py took 0.070 seconds
[2026-07-16T11:07:02.371+0000] {processor.py:161} INFO - Started process (PID=510) to work on /home/airflow/.local/lib/python3.12/site-packages/airflow/example_dags/example_setup_teardown.py
[2026-07-16T11:07:02.372+0000] {processor.py:830} INFO - Processing file /home/airflow/.local/lib/python3.12/site-packages/airflow/example_dags/example_setup_teardown.py for tasks to queue
[2026-07-16T11:07:02.375+0000] {logging_mixin.py:188} INFO - [2026-07-16T11:07:02.375+0000] {dagbag.py:540} INFO - Filling up the DagBag from /home/airflow/.local/lib/python3.12/site-packages/airflow/example_dags/example_setup_teardown.py
[2026-07-16T11:07:02.381+0000] {processor.py:840} INFO - DAG(s) 'example_setup_teardown' retrieved from /home/airflow/.local/lib/python3.12/site-packages/airflow/example_dags/example_setup_teardown.py
[2026-07-16T11:07:02.400+0000] {logging_mixin.py:188} INFO - [2026-07-16T11:07:02.399+0000] {dag.py:3096} INFO - Sync 1 DAGs
[2026-07-16T11:07:02.423+0000] {logging_mixin.py:188} INFO - [2026-07-16T11:07:02.423+0000] {dag.py:3954} INFO - Setting next_dagrun for example_setup_teardown to 2026-07-15 00:00:00+00:00, run_after=2026-07-16 00:00:00+00:00
[2026-07-16T11:07:02.442+0000] {processor.py:183} INFO - Processing /home/airflow/.local/lib/python3.12/site-packages/airflow/example_dags/example_setup_teardown.py took 0.076 seconds
[2026-07-16T11:07:32.807+0000] {processor.py:161} INFO - Started process (PID=569) to work on /home/airflow/.local/lib/python3.12/site-packages/airflow/example_dags/example_setup_teardown.py
[2026-07-16T11:07:32.809+0000] {processor.py:830} INFO - Processing file /home/airflow/.local/lib/python3.12/site-packages/airflow/example_dags/example_setup_teardown.py for tasks to queue
[2026-07-16T11:07:32.812+0000] {logging_mixin.py:188} INFO - [2026-07-16T11:07:32.811+0000] {dagbag.py:540} INFO - Filling up the DagBag from /home/airflow/.local/lib/python3.12/site-packages/airflow/example_dags/example_setup_teardown.py
[2026-07-16T11:07:32.819+0000] {processor.py:840} INFO - DAG(s) 'example_setup_teardown' retrieved from /home/airflow/.local/lib/python3.12/site-packages/airflow/example_dags/example_setup_teardown.py
[2026-07-16T11:07:32.838+0000] {logging_mixin.py:188} INFO - [2026-07-16T11:07:32.838+0000] {dag.py:3096} INFO - Sync 1 DAGs
[2026-07-16T11:07:32.858+0000] {logging_mixin.py:188} INFO - [2026-07-16T11:07:32.858+0000] {dag.py:3954} INFO - Setting next_dagrun for example_setup_teardown to 2026-07-15 00:00:00+00:00, run_after=2026-07-16 00:00:00+00:00
[2026-07-16T11:07:32.876+0000] {processor.py:183} INFO - Processing /home/airflow/.local/lib/python3.12/site-packages/airflow/example_dags/example_setup_teardown.py took 0.074 seconds
[2026-07-16T11:08:03.314+0000] {processor.py:161} INFO - Started process (PID=628) to work on /home/airflow/.local/lib/python3.12/site-packages/airflow/example_dags/example_setup_teardown.py
[2026-07-16T11:08:03.316+0000] {processor.py:830} INFO - Processing file /home/airflow/.local/lib/python3.12/site-packages/airflow/example_dags/example_setup_teardown.py for tasks to queue
[2026-07-16T11:08:03.318+0000] {logging_mixin.py:188} INFO - [2026-07-16T11:08:03.318+0000] {dagbag.py:540} INFO - Filling up the DagBag from /home/airflow/.local/lib/python3.12/site-packages/airflow/example_dags/example_setup_teardown.py
[2026-07-16T11:08:03.324+0000] {processor.py:840} INFO - DAG(s) 'example_setup_teardown' retrieved from /home/airflow/.local/lib/python3.12/site-packages/airflow/example_dags/example_setup_teardown.py
[2026-07-16T11:08:03.341+0000] {logging_mixin.py:188} INFO - [2026-07-16T11:08:03.341+0000] {dag.py:3096} INFO - Sync 1 DAGs
[2026-07-16T11:08:03.360+0000] {logging_mixin.py:188} INFO - [2026-07-16T11:08:03.360+0000] {dag.py:3954} INFO - Setting next_dagrun for example_setup_teardown to 2026-07-15 00:00:00+00:00, run_after=2026-07-16 00:00:00+00:00
[2026-07-16T11:08:03.376+0000] {processor.py:183} INFO - Processing /home/airflow/.local/lib/python3.12/site-packages/airflow/example_dags/example_setup_teardown.py took 0.066 seconds
[2026-07-16T11:08:33.622+0000] {processor.py:161} INFO - Started process (PID=687) to work on /home/airflow/.local/lib/python3.12/site-packages/airflow/example_dags/example_setup_teardown.py
[2026-07-16T11:08:33.624+0000] {processor.py:830} INFO - Processing file /home/airflow/.local/lib/python3.12/site-packages/airflow/example_dags/example_setup_teardown.py for tasks to queue
[2026-07-16T11:08:33.626+0000] {logging_mixin.py:188} INFO - [2026-07-16T11:08:33.626+0000] {dagbag.py:540} INFO - Filling up the DagBag from /home/airflow/.local/lib/python3.12/site-packages/airflow/example_dags/example_setup_teardown.py
[2026-07-16T11:08:33.633+0000] {processor.py:840} INFO - DAG(s) 'example_setup_teardown' retrieved from /home/airflow/.local/lib/python3.12/site-packages/airflow/example_dags/example_setup_teardown.py
[2026-07-16T11:08:33.651+0000] {logging_mixin.py:188} INFO - [2026-07-16T11:08:33.651+0000] {dag.py:3096} INFO - Sync 1 DAGs
[2026-07-16T11:08:33.670+0000] {logging_mixin.py:188} INFO - [2026-07-16T11:08:33.669+0000] {dag.py:3954} INFO - Setting next_dagrun for example_setup_teardown to 2026-07-15 00:00:00+00:00, run_after=2026-07-16 00:00:00+00:00
[2026-07-16T11:08:33.688+0000] {processor.py:183} INFO - Processing /home/airflow/.local/lib/python3.12/site-packages/airflow/example_dags/example_setup_teardown.py took 0.070 seconds
[2026-07-16T11:09:04.795+0000] {processor.py:161} INFO - Started process (PID=746) to work on /home/airflow/.local/lib/python3.12/site-packages/airflow/example_dags/example_setup_teardown.py
[2026-07-16T11:09:04.796+0000] {processor.py:830} INFO - Processing file /home/airflow/.local/lib/python3.12/site-packages/airflow/example_dags/example_setup_teardown.py for tasks to queue
[2026-07-16T11:09:04.799+0000] {logging_mixin.py:188} INFO - [2026-07-16T11:09:04.798+0000] {dagbag.py:540} INFO - Filling up the DagBag from /home/airflow/.local/lib/python3.12/site-packages/airflow/example_dags/example_setup_teardown.py
[2026-07-16T11:09:04.804+0000] {processor.py:840} INFO - DAG(s) 'example_setup_teardown' retrieved from /home/airflow/.local/lib/python3.12/site-packages/airflow/example_dags/example_setup_teardown.py
[2026-07-16T11:09:04.821+0000] {logging_mixin.py:188} INFO - [2026-07-16T11:09:04.821+0000] {dag.py:3096} INFO - Sync 1 DAGs
[2026-07-16T11:09:04.844+0000] {logging_mixin.py:188} INFO - [2026-07-16T11:09:04.844+0000] {dag.py:3954} INFO - Setting next_dagrun for example_setup_teardown to 2026-07-15 00:00:00+00:00, run_after=2026-07-16 00:00:00+00:00
[2026-07-16T11:09:04.862+0000] {processor.py:183} INFO - Processing /home/airflow/.local/lib/python3.12/site-packages/airflow/example_dags/example_setup_teardown.py took 0.072 seconds
[2026-07-16T11:09:35.225+0000] {processor.py:161} INFO - Started process (PID=805) to work on /home/airflow/.local/lib/python3.12/site-packages/airflow/example_dags/example_setup_teardown.py
[2026-07-16T11:09:35.226+0000] {processor.py:830} INFO - Processing file /home/airflow/.local/lib/python3.12/site-packages/airflow/example_dags/example_setup_teardown.py for tasks to queue
[2026-07-16T11:09:35.229+0000] {logging_mixin.py:188} INFO - [2026-07-16T11:09:35.228+0000] {dagbag.py:540} INFO - Filling up the DagBag from /home/airflow/.local/lib/python3.12/site-packages/airflow/example_dags/example_setup_teardown.py
[2026-07-16T11:09:35.235+0000] {processor.py:840} INFO - DAG(s) 'example_setup_teardown' retrieved from /home/airflow/.local/lib/python3.12/site-packages/airflow/example_dags/example_setup_teardown.py
[2026-07-16T11:09:35.252+0000] {logging_mixin.py:188} INFO - [2026-07-16T11:09:35.252+0000] {dag.py:3096} INFO - Sync 1 DAGs
[2026-07-16T11:09:35.271+0000] {logging_mixin.py:188} INFO - [2026-07-16T11:09:35.271+0000] {dag.py:3954} INFO - Setting next_dagrun for example_setup_teardown to 2026-07-15 00:00:00+00:00, run_after=2026-07-16 00:00:00+00:00
[2026-07-16T11:09:35.290+0000] {processor.py:183} INFO - Processing /home/airflow/.local/lib/python3.12/site-packages/airflow/example_dags/example_setup_teardown.py took 0.071 seconds
[2026-07-16T11:10:05.657+0000] {processor.py:161} INFO - Started process (PID=864) to work on /home/airflow/.local/lib/python3.12/site-packages/airflow/example_dags/example_setup_teardown.py
[2026-07-16T11:10:05.659+0000] {processor.py:830} INFO - Processing file /home/airflow/.local/lib/python3.12/site-packages/airflow/example_dags/example_setup_teardown.py for tasks to queue
[2026-07-16T11:10:05.661+0000] {logging_mixin.py:188} INFO - [2026-07-16T11:10:05.661+0000] {dagbag.py:540} INFO - Filling up the DagBag from /home/airflow/.local/lib/python3.12/site-packages/airflow/example_dags/example_setup_teardown.py
[2026-07-16T11:10:05.667+0000] {processor.py:840} INFO - DAG(s) 'example_setup_teardown' retrieved from /home/airflow/.local/lib/python3.12/site-packages/airflow/example_dags/example_setup_teardown.py
[2026-07-16T11:10:05.684+0000] {logging_mixin.py:188} INFO - [2026-07-16T11:10:05.684+0000] {dag.py:3096} INFO - Sync 1 DAGs
[2026-07-16T11:10:05.701+0000] {logging_mixin.py:188} INFO - [2026-07-16T11:10:05.701+0000] {dag.py:3954} INFO - Setting next_dagrun for example_setup_teardown to 2026-07-15 00:00:00+00:00, run_after=2026-07-16 00:00:00+00:00
[2026-07-16T11:10:05.719+0000] {processor.py:183} INFO - Processing /home/airflow/.local/lib/python3.12/site-packages/airflow/example_dags/example_setup_teardown.py took 0.066 seconds
[2026-07-16T11:10:35.902+0000] {processor.py:161} INFO - Started process (PID=923) to work on /home/airflow/.local/lib/python3.12/site-packages/airflow/example_dags/example_setup_teardown.py
[2026-07-16T11:10:35.904+0000] {processor.py:830} INFO - Processing file /home/airflow/.local/lib/python3.12/site-packages/airflow/example_dags/example_setup_teardown.py for tasks to queue
[2026-07-16T11:10:35.906+0000] {logging_mixin.py:188} INFO - [2026-07-16T11:10:35.906+0000] {dagbag.py:540} INFO - Filling up the DagBag from /home/airflow/.local/lib/python3.12/site-packages/airflow/example_dags/example_setup_teardown.py
[2026-07-16T11:10:35.913+0000] {processor.py:840} INFO - DAG(s) 'example_setup_teardown' retrieved from /home/airflow/.local/lib/python3.12/site-packages/airflow/example_dags/example_setup_teardown.py
[2026-07-16T11:10:35.930+0000] {logging_mixin.py:188} INFO - [2026-07-16T11:10:35.929+0000] {dag.py:3096} INFO - Sync 1 DAGs
[2026-07-16T11:10:35.948+0000] {logging_mixin.py:188} INFO - [2026-07-16T11:10:35.947+0000] {dag.py:3954} INFO - Setting next_dagrun for example_setup_teardown to 2026-07-15 00:00:00+00:00, run_after=2026-07-16 00:00:00+00:00
[2026-07-16T11:10:35.966+0000] {processor.py:183} INFO - Processing /home/airflow/.local/lib/python3.12/site-packages/airflow/example_dags/example_setup_teardown.py took 0.069 seconds
[2026-07-16T11:11:06.740+0000] {processor.py:161} INFO - Started process (PID=982) to work on /home/airflow/.local/lib/python3.12/site-packages/airflow/example_dags/example_setup_teardown.py
[2026-07-16T11:11:06.742+0000] {processor.py:830} INFO - Processing file /home/airflow/.local/lib/python3.12/site-packages/airflow/example_dags/example_setup_teardown.py for tasks to queue
[2026-07-16T11:11:06.744+0000] {logging_mixin.py:188} INFO - [2026-07-16T11:11:06.744+0000] {dagbag.py:540} INFO - Filling up the DagBag from /home/airflow/.local/lib/python3.12/site-packages/airflow/example_dags/example_setup_teardown.py
[2026-07-16T11:11:06.750+0000] {processor.py:840} INFO - DAG(s) 'example_setup_teardown' retrieved from /home/airflow/.local/lib/python3.12/site-packages/airflow/example_dags/example_setup_teardown.py
[2026-07-16T11:11:06.768+0000] {logging_mixin.py:188} INFO - [2026-07-16T11:11:06.768+0000] {dag.py:3096} INFO - Sync 1 DAGs
[2026-07-16T11:11:06.787+0000] {logging_mixin.py:188} INFO - [2026-07-16T11:11:06.787+0000] {dag.py:3954} INFO - Setting next_dagrun for example_setup_teardown to 2026-07-15 00:00:00+00:00, run_after=2026-07-16 00:00:00+00:00
[2026-07-16T11:11:06.812+0000] {processor.py:183} INFO - Processing /home/airflow/.local/lib/python3.12/site-packages/airflow/example_dags/example_setup_teardown.py took 0.077 seconds
[2026-07-16T11:11:36.856+0000] {processor.py:161} INFO - Started process (PID=1041) to work on /home/airflow/.local/lib/python3.12/site-packages/airflow/example_dags/example_setup_teardown.py
[2026-07-16T11:11:36.858+0000] {processor.py:830} INFO - Processing file /home/airflow/.local/lib/python3.12/site-packages/airflow/example_dags/example_setup_teardown.py for tasks to queue
[2026-07-16T11:11:36.861+0000] {logging_mixin.py:188} INFO - [2026-07-16T11:11:36.861+0000] {dagbag.py:540} INFO - Filling up the DagBag from /home/airflow/.local/lib/python3.12/site-packages/airflow/example_dags/example_setup_teardown.py
[2026-07-16T11:11:36.867+0000] {processor.py:840} INFO - DAG(s) 'example_setup_teardown' retrieved from /home/airflow/.local/lib/python3.12/site-packages/airflow/example_dags/example_setup_teardown.py
[2026-07-16T11:11:36.884+0000] {logging_mixin.py:188} INFO - [2026-07-16T11:11:36.884+0000] {dag.py:3096} INFO - Sync 1 DAGs
[2026-07-16T11:11:36.901+0000] {logging_mixin.py:188} INFO - [2026-07-16T11:11:36.901+0000] {dag.py:3954} INFO - Setting next_dagrun for example_setup_teardown to 2026-07-15 00:00:00+00:00, run_after=2026-07-16 00:00:00+00:00
[2026-07-16T11:11:36.919+0000] {processor.py:183} INFO - Processing /home/airflow/.local/lib/python3.12/site-packages/airflow/example_dags/example_setup_teardown.py took 0.067 seconds
[2026-07-16T11:12:07.831+0000] {processor.py:161} INFO - Started process (PID=1100) to work on /home/airflow/.local/lib/python3.12/site-packages/airflow/example_dags/example_setup_teardown.py
[2026-07-16T11:12:07.832+0000] {processor.py:830} INFO - Processing file /home/airflow/.local/lib/python3.12/site-packages/airflow/example_dags/example_setup_teardown.py for tasks to queue
[2026-07-16T11:12:07.835+0000] {logging_mixin.py:188} INFO - [2026-07-16T11:12:07.835+0000] {dagbag.py:540} INFO - Filling up the DagBag from /home/airflow/.local/lib/python3.12/site-packages/airflow/example_dags/example_setup_teardown.py
[2026-07-16T11:12:07.841+0000] {processor.py:840} INFO - DAG(s) 'example_setup_teardown' retrieved from /home/airflow/.local/lib/python3.12/site-packages/airflow/example_dags/example_setup_teardown.py
[2026-07-16T11:12:07.859+0000] {logging_mixin.py:188} INFO - [2026-07-16T11:12:07.859+0000] {dag.py:3096} INFO - Sync 1 DAGs
[2026-07-16T11:12:07.880+0000] {logging_mixin.py:188} INFO - [2026-07-16T11:12:07.880+0000] {dag.py:3954} INFO - Setting next_dagrun for example_setup_teardown to 2026-07-15 00:00:00+00:00, run_after=2026-07-16 00:00:00+00:00
[2026-07-16T11:12:07.897+0000] {processor.py:183} INFO - Processing /home/airflow/.local/lib/python3.12/site-packages/airflow/example_dags/example_setup_teardown.py took 0.072 seconds
[2026-07-16T11:12:38.252+0000] {processor.py:161} INFO - Started process (PID=1159) to work on /home/airflow/.local/lib/python3.12/site-packages/airflow/example_dags/example_setup_teardown.py
[2026-07-16T11:12:38.254+0000] {processor.py:830} INFO - Processing file /home/airflow/.local/lib/python3.12/site-packages/airflow/example_dags/example_setup_teardown.py for tasks to queue
[2026-07-16T11:12:38.256+0000] {logging_mixin.py:188} INFO - [2026-07-16T11:12:38.256+0000] {dagbag.py:540} INFO - Filling up the DagBag from /home/airflow/.local/lib/python3.12/site-packages/airflow/example_dags/example_setup_teardown.py
[2026-07-16T11:12:38.264+0000] {processor.py:840} INFO - DAG(s) 'example_setup_teardown' retrieved from /home/airflow/.local/lib/python3.12/site-packages/airflow/example_dags/example_setup_teardown.py
[2026-07-16T11:12:38.282+0000] {logging_mixin.py:188} INFO - [2026-07-16T11:12:38.282+0000] {dag.py:3096} INFO - Sync 1 DAGs
[2026-07-16T11:12:38.301+0000] {logging_mixin.py:188} INFO - [2026-07-16T11:12:38.301+0000] {dag.py:3954} INFO - Setting next_dagrun for example_setup_teardown to 2026-07-15 00:00:00+00:00, run_after=2026-07-16 00:00:00+00:00
[2026-07-16T11:12:38.322+0000] {processor.py:183} INFO - Processing /home/airflow/.local/lib/python3.12/site-packages/airflow/example_dags/example_setup_teardown.py took 0.075 seconds
[2026-07-16T11:13:08.484+0000] {processor.py:161} INFO - Started process (PID=1218) to work on /home/airflow/.local/lib/python3.12/site-packages/airflow/example_dags/example_setup_teardown.py
[2026-07-16T11:13:08.485+0000] {processor.py:830} INFO - Processing file /home/airflow/.local/lib/python3.12/site-packages/airflow/example_dags/example_setup_teardown.py for tasks to queue
[2026-07-16T11:13:08.487+0000] {logging_mixin.py:188} INFO - [2026-07-16T11:13:08.487+0000] {dagbag.py:540} INFO - Filling up the DagBag from /home/airflow/.local/lib/python3.12/site-packages/airflow/example_dags/example_setup_teardown.py
[2026-07-16T11:13:08.494+0000] {processor.py:840} INFO - DAG(s) 'example_setup_teardown' retrieved from /home/airflow/.local/lib/python3.12/site-packages/airflow/example_dags/example_setup_teardown.py
[2026-07-16T11:13:08.514+0000] {logging_mixin.py:188} INFO - [2026-07-16T11:13:08.514+0000] {dag.py:3096} INFO - Sync 1 DAGs
[2026-07-16T11:13:08.542+0000] {logging_mixin.py:188} INFO - [2026-07-16T11:13:08.542+0000] {dag.py:3954} INFO - Setting next_dagrun for example_setup_teardown to 2026-07-15 00:00:00+00:00, run_after=2026-07-16 00:00:00+00:00
[2026-07-16T11:13:08.564+0000] {processor.py:183} INFO - Processing /home/airflow/.local/lib/python3.12/site-packages/airflow/example_dags/example_setup_teardown.py took 0.086 seconds
[2026-07-16T11:13:39.649+0000] {processor.py:161} INFO - Started process (PID=1277) to work on /home/airflow/.local/lib/python3.12/site-packages/airflow/example_dags/example_setup_teardown.py
[2026-07-16T11:13:39.651+0000] {processor.py:830} INFO - Processing file /home/airflow/.local/lib/python3.12/site-packages/airflow/example_dags/example_setup_teardown.py for tasks to queue
[2026-07-16T11:13:39.655+0000] {logging_mixin.py:188} INFO - [2026-07-16T11:13:39.654+0000] {dagbag.py:540} INFO - Filling up the DagBag from /home/airflow/.local/lib/python3.12/site-packages/airflow/example_dags/example_setup_teardown.py
[2026-07-16T11:13:39.662+0000] {processor.py:840} INFO - DAG(s) 'example_setup_teardown' retrieved from /home/airflow/.local/lib/python3.12/site-packages/airflow/example_dags/example_setup_teardown.py
[2026-07-16T11:13:39.691+0000] {logging_mixin.py:188} INFO - [2026-07-16T11:13:39.690+0000] {dag.py:3096} INFO - Sync 1 DAGs
[2026-07-16T11:13:39.718+0000] {logging_mixin.py:188} INFO - [2026-07-16T11:13:39.718+0000] {dag.py:3954} INFO - Setting next_dagrun for example_setup_teardown to 2026-07-15 00:00:00+00:00, run_after=2026-07-16 00:00:00+00:00
[2026-07-16T11:13:39.739+0000] {processor.py:183} INFO - Processing /home/airflow/.local/lib/python3.12/site-packages/airflow/example_dags/example_setup_teardown.py took 0.096 seconds
[2026-07-16T11:14:09.851+0000] {processor.py:161} INFO - Started process (PID=1336) to work on /home/airflow/.local/lib/python3.12/site-packages/airflow/example_dags/example_setup_teardown.py
[2026-07-16T11:14:09.853+0000] {processor.py:830} INFO - Processing file /home/airflow/.local/lib/python3.12/site-packages/airflow/example_dags/example_setup_teardown.py for tasks to queue
[2026-07-16T11:14:09.855+0000] {logging_mixin.py:188} INFO - [2026-07-16T11:14:09.855+0000] {dagbag.py:540} INFO - Filling up the DagBag from /home/airflow/.local/lib/python3.12/site-packages/airflow/example_dags/example_setup_teardown.py
[2026-07-16T11:14:09.861+0000] {processor.py:840} INFO - DAG(s) 'example_setup_teardown' retrieved from /home/airflow/.local/lib/python3.12/site-packages/airflow/example_dags/example_setup_teardown.py
[2026-07-16T11:14:09.879+0000] {logging_mixin.py:188} INFO - [2026-07-16T11:14:09.879+0000] {dag.py:3096} INFO - Sync 1 DAGs
[2026-07-16T11:14:09.899+0000] {logging_mixin.py:188} INFO - [2026-07-16T11:14:09.899+0000] {dag.py:3954} INFO - Setting next_dagrun for example_setup_teardown to 2026-07-15 00:00:00+00:00, run_after=2026-07-16 00:00:00+00:00
[2026-07-16T11:14:09.918+0000] {processor.py:183} INFO - Processing /home/airflow/.local/lib/python3.12/site-packages/airflow/example_dags/example_setup_teardown.py took 0.071 seconds
[2026-07-16T11:14:40.012+0000] {processor.py:161} INFO - Started process (PID=1395) to work on /home/airflow/.local/lib/python3.12/site-packages/airflow/example_dags/example_setup_teardown.py
[2026-07-16T11:14:40.014+0000] {processor.py:830} INFO - Processing file /home/airflow/.local/lib/python3.12/site-packages/airflow/example_dags/example_setup_teardown.py for tasks to queue
[2026-07-16T11:14:40.016+0000] {logging_mixin.py:188} INFO - [2026-07-16T11:14:40.016+0000] {dagbag.py:540} INFO - Filling up the DagBag from /home/airflow/.local/lib/python3.12/site-packages/airflow/example_dags/example_setup_teardown.py
[2026-07-16T11:14:40.022+0000] {processor.py:840} INFO - DAG(s) 'example_setup_teardown' retrieved from /home/airflow/.local/lib/python3.12/site-packages/airflow/example_dags/example_setup_teardown.py
[2026-07-16T11:14:40.040+0000] {logging_mixin.py:188} INFO - [2026-07-16T11:14:40.040+0000] {dag.py:3096} INFO - Sync 1 DAGs
[2026-07-16T11:14:40.059+0000] {logging_mixin.py:188} INFO - [2026-07-16T11:14:40.059+0000] {dag.py:3954} INFO - Setting next_dagrun for example_setup_teardown to 2026-07-15 00:00:00+00:00, run_after=2026-07-16 00:00:00+00:00
[2026-07-16T11:14:40.080+0000] {processor.py:183} INFO - Processing /home/airflow/.local/lib/python3.12/site-packages/airflow/example_dags/example_setup_teardown.py took 0.072 seconds
[2026-07-16T11:15:10.595+0000] {processor.py:161} INFO - Started process (PID=1454) to work on /home/airflow/.local/lib/python3.12/site-packages/airflow/example_dags/example_setup_teardown.py
[2026-07-16T11:15:10.597+0000] {processor.py:830} INFO - Processing file /home/airflow/.local/lib/python3.12/site-packages/airflow/example_dags/example_setup_teardown.py for tasks to queue
[2026-07-16T11:15:10.600+0000] {logging_mixin.py:188} INFO - [2026-07-16T11:15:10.600+0000] {dagbag.py:540} INFO - Filling up the DagBag from /home/airflow/.local/lib/python3.12/site-packages/airflow/example_dags/example_setup_teardown.py
[2026-07-16T11:15:10.609+0000] {processor.py:840} INFO - DAG(s) 'example_setup_teardown' retrieved from /home/airflow/.local/lib/python3.12/site-packages/airflow/example_dags/example_setup_teardown.py
[2026-07-16T11:15:10.659+0000] {logging_mixin.py:188} INFO - [2026-07-16T11:15:10.659+0000] {dag.py:3096} INFO - Sync 1 DAGs
[2026-07-16T11:15:10.699+0000] {logging_mixin.py:188} INFO - [2026-07-16T11:15:10.699+0000] {dag.py:3954} INFO - Setting next_dagrun for example_setup_teardown to 2026-07-15 00:00:00+00:00, run_after=2026-07-16 00:00:00+00:00
[2026-07-16T11:15:10.741+0000] {processor.py:183} INFO - Processing /home/airflow/.local/lib/python3.12/site-packages/airflow/example_dags/example_setup_teardown.py took 0.152 seconds
[2026-07-16T11:15:40.961+0000] {processor.py:161} INFO - Started process (PID=1513) to work on /home/airflow/.local/lib/python3.12/site-packages/airflow/example_dags/example_setup_teardown.py
[2026-07-16T11:15:40.963+0000] {processor.py:830} INFO - Processing file /home/airflow/.local/lib/python3.12/site-packages/airflow/example_dags/example_setup_teardown.py for tasks to queue
[2026-07-16T11:15:40.966+0000] {logging_mixin.py:188} INFO - [2026-07-16T11:15:40.965+0000] {dagbag.py:540} INFO - Filling up the DagBag from /home/airflow/.local/lib/python3.12/site-packages/airflow/example_dags/example_setup_teardown.py
[2026-07-16T11:15:40.975+0000] {processor.py:840} INFO - DAG(s) 'example_setup_teardown' retrieved from /home/airflow/.local/lib/python3.12/site-packages/airflow/example_dags/example_setup_teardown.py
[2026-07-16T11:15:40.995+0000] {logging_mixin.py:188} INFO - [2026-07-16T11:15:40.995+0000] {dag.py:3096} INFO - Sync 1 DAGs
[2026-07-16T11:15:41.025+0000] {logging_mixin.py:188} INFO - [2026-07-16T11:15:41.025+0000] {dag.py:3954} INFO - Setting next_dagrun for example_setup_teardown to 2026-07-15 00:00:00+00:00, run_after=2026-07-16 00:00:00+00:00
[2026-07-16T11:15:41.052+0000] {processor.py:183} INFO - Processing /home/airflow/.local/lib/python3.12/site-packages/airflow/example_dags/example_setup_teardown.py took 0.097 seconds
[2026-07-16T11:16:11.704+0000] {processor.py:161} INFO - Started process (PID=1572) to work on /home/airflow/.local/lib/python3.12/site-packages/airflow/example_dags/example_setup_teardown.py
[2026-07-16T11:16:11.706+0000] {processor.py:830} INFO - Processing file /home/airflow/.local/lib/python3.12/site-packages/airflow/example_dags/example_setup_teardown.py for tasks to queue
[2026-07-16T11:16:11.710+0000] {logging_mixin.py:188} INFO - [2026-07-16T11:16:11.709+0000] {dagbag.py:540} INFO - Filling up the DagBag from /home/airflow/.local/lib/python3.12/site-packages/airflow/example_dags/example_setup_teardown.py
[2026-07-16T11:16:11.727+0000] {processor.py:840} INFO - DAG(s) 'example_setup_teardown' retrieved from /home/airflow/.local/lib/python3.12/site-packages/airflow/example_dags/example_setup_teardown.py
[2026-07-16T11:16:11.777+0000] {logging_mixin.py:188} INFO - [2026-07-16T11:16:11.777+0000] {dag.py:3096} INFO - Sync 1 DAGs
[2026-07-16T11:16:11.827+0000] {logging_mixin.py:188} INFO - [2026-07-16T11:16:11.826+0000] {dag.py:3954} INFO - Setting next_dagrun for example_setup_teardown to 2026-07-15 00:00:00+00:00, run_after=2026-07-16 00:00:00+00:00
[2026-07-16T11:16:11.868+0000] {processor.py:183} INFO - Processing /home/airflow/.local/lib/python3.12/site-packages/airflow/example_dags/example_setup_teardown.py took 0.175 seconds
[2026-07-16T11:16:42.445+0000] {processor.py:161} INFO - Started process (PID=1631) to work on /home/airflow/.local/lib/python3.12/site-packages/airflow/example_dags/example_setup_teardown.py
[2026-07-16T11:16:42.447+0000] {processor.py:830} INFO - Processing file /home/airflow/.local/lib/python3.12/site-packages/airflow/example_dags/example_setup_teardown.py for tasks to queue
[2026-07-16T11:16:42.450+0000] {logging_mixin.py:188} INFO - [2026-07-16T11:16:42.449+0000] {dagbag.py:540} INFO - Filling up the DagBag from /home/airflow/.local/lib/python3.12/site-packages/airflow/example_dags/example_setup_teardown.py
[2026-07-16T11:16:42.456+0000] {processor.py:840} INFO - DAG(s) 'example_setup_teardown' retrieved from /home/airflow/.local/lib/python3.12/site-packages/airflow/example_dags/example_setup_teardown.py
[2026-07-16T11:16:42.474+0000] {logging_mixin.py:188} INFO - [2026-07-16T11:16:42.474+0000] {dag.py:3096} INFO - Sync 1 DAGs
[2026-07-16T11:16:42.493+0000] {logging_mixin.py:188} INFO - [2026-07-16T11:16:42.493+0000] {dag.py:3954} INFO - Setting next_dagrun for example_setup_teardown to 2026-07-15 00:00:00+00:00, run_after=2026-07-16 00:00:00+00:00
[2026-07-16T11:16:42.509+0000] {processor.py:183} INFO - Processing /home/airflow/.local/lib/python3.12/site-packages/airflow/example_dags/example_setup_teardown.py took 0.069 seconds
[2026-07-16T11:17:13.303+0000] {processor.py:161} INFO - Started process (PID=1690) to work on /home/airflow/.local/lib/python3.12/site-packages/airflow/example_dags/example_setup_teardown.py
[2026-07-16T11:17:13.305+0000] {processor.py:830} INFO - Processing file /home/airflow/.local/lib/python3.12/site-packages/airflow/example_dags/example_setup_teardown.py for tasks to queue
[2026-07-16T11:17:13.308+0000] {logging_mixin.py:188} INFO - [2026-07-16T11:17:13.307+0000] {dagbag.py:540} INFO - Filling up the DagBag from /home/airflow/.local/lib/python3.12/site-packages/airflow/example_dags/example_setup_teardown.py
[2026-07-16T11:17:13.314+0000] {processor.py:840} INFO - DAG(s) 'example_setup_teardown' retrieved from /home/airflow/.local/lib/python3.12/site-packages/airflow/example_dags/example_setup_teardown.py
[2026-07-16T11:17:13.331+0000] {logging_mixin.py:188} INFO - [2026-07-16T11:17:13.331+0000] {dag.py:3096} INFO - Sync 1 DAGs
[2026-07-16T11:17:13.350+0000] {logging_mixin.py:188} INFO - [2026-07-16T11:17:13.349+0000] {dag.py:3954} INFO - Setting next_dagrun for example_setup_teardown to 2026-07-15 00:00:00+00:00, run_after=2026-07-16 00:00:00+00:00
[2026-07-16T11:17:13.369+0000] {processor.py:183} INFO - Processing /home/airflow/.local/lib/python3.12/site-packages/airflow/example_dags/example_setup_teardown.py took 0.070 seconds
[2026-07-16T11:17:43.734+0000] {processor.py:161} INFO - Started process (PID=1749) to work on /home/airflow/.local/lib/python3.12/site-packages/airflow/example_dags/example_setup_teardown.py
[2026-07-16T11:17:43.735+0000] {processor.py:830} INFO - Processing file /home/airflow/.local/lib/python3.12/site-packages/airflow/example_dags/example_setup_teardown.py for tasks to queue
[2026-07-16T11:17:43.738+0000] {logging_mixin.py:188} INFO - [2026-07-16T11:17:43.738+0000] {dagbag.py:540} INFO - Filling up the DagBag from /home/airflow/.local/lib/python3.12/site-packages/airflow/example_dags/example_setup_teardown.py
[2026-07-16T11:17:43.744+0000] {processor.py:840} INFO - DAG(s) 'example_setup_teardown' retrieved from /home/airflow/.local/lib/python3.12/site-packages/airflow/example_dags/example_setup_teardown.py
[2026-07-16T11:17:43.762+0000] {logging_mixin.py:188} INFO - [2026-07-16T11:17:43.762+0000] {dag.py:3096} INFO - Sync 1 DAGs
[2026-07-16T11:17:43.781+0000] {logging_mixin.py:188} INFO - [2026-07-16T11:17:43.781+0000] {dag.py:3954} INFO - Setting next_dagrun for example_setup_teardown to 2026-07-15 00:00:00+00:00, run_after=2026-07-16 00:00:00+00:00
[2026-07-16T11:17:43.801+0000] {processor.py:183} INFO - Processing /home/airflow/.local/lib/python3.12/site-packages/airflow/example_dags/example_setup_teardown.py took 0.072 seconds
[2026-07-16T11:18:14.728+0000] {processor.py:161} INFO - Started process (PID=1808) to work on /home/airflow/.local/lib/python3.12/site-packages/airflow/example_dags/example_setup_teardown.py
[2026-07-16T11:18:14.730+0000] {processor.py:830} INFO - Processing file /home/airflow/.local/lib/python3.12/site-packages/airflow/example_dags/example_setup_teardown.py for tasks to queue
[2026-07-16T11:18:14.733+0000] {logging_mixin.py:188} INFO - [2026-07-16T11:18:14.733+0000] {dagbag.py:540} INFO - Filling up the DagBag from /home/airflow/.local/lib/python3.12/site-packages/airflow/example_dags/example_setup_teardown.py
[2026-07-16T11:18:14.741+0000] {processor.py:840} INFO - DAG(s) 'example_setup_teardown' retrieved from /home/airflow/.local/lib/python3.12/site-packages/airflow/example_dags/example_setup_teardown.py
[2026-07-16T11:18:14.773+0000] {logging_mixin.py:188} INFO - [2026-07-16T11:18:14.773+0000] {dag.py:3096} INFO - Sync 1 DAGs
[2026-07-16T11:18:14.806+0000] {logging_mixin.py:188} INFO - [2026-07-16T11:18:14.806+0000] {dag.py:3954} INFO - Setting next_dagrun for example_setup_teardown to 2026-07-15 00:00:00+00:00, run_after=2026-07-16 00:00:00+00:00
[2026-07-16T11:18:14.835+0000] {processor.py:183} INFO - Processing /home/airflow/.local/lib/python3.12/site-packages/airflow/example_dags/example_setup_teardown.py took 0.114 seconds
