[2026-07-16T11:03:29.180+0000] {processor.py:161} INFO - Started process (PID=93) to work on /home/airflow/.local/lib/python3.12/site-packages/airflow/example_dags/example_local_kubernetes_executor.py
[2026-07-16T11:03:29.182+0000] {processor.py:830} INFO - Processing file /home/airflow/.local/lib/python3.12/site-packages/airflow/example_dags/example_local_kubernetes_executor.py for tasks to queue
[2026-07-16T11:03:29.185+0000] {logging_mixin.py:188} INFO - [2026-07-16T11:03:29.185+0000] {dagbag.py:540} INFO - Filling up the DagBag from /home/airflow/.local/lib/python3.12/site-packages/airflow/example_dags/example_local_kubernetes_executor.py
[2026-07-16T11:03:29.194+0000] {processor.py:840} INFO - DAG(s) 'example_local_kubernetes_executor' retrieved from /home/airflow/.local/lib/python3.12/site-packages/airflow/example_dags/example_local_kubernetes_executor.py
[2026-07-16T11:03:29.213+0000] {logging_mixin.py:188} INFO - [2026-07-16T11:03:29.213+0000] {dag.py:3096} INFO - Sync 1 DAGs
[2026-07-16T11:03:29.238+0000] {logging_mixin.py:188} INFO - [2026-07-16T11:03:29.238+0000] {dag.py:3954} INFO - Setting next_dagrun for example_local_kubernetes_executor to None, run_after=None
[2026-07-16T11:03:29.271+0000] {processor.py:183} INFO - Processing /home/airflow/.local/lib/python3.12/site-packages/airflow/example_dags/example_local_kubernetes_executor.py took 0.097 seconds
[2026-07-16T11:03:59.639+0000] {processor.py:161} INFO - Started process (PID=152) to work on /home/airflow/.local/lib/python3.12/site-packages/airflow/example_dags/example_local_kubernetes_executor.py
[2026-07-16T11:03:59.641+0000] {processor.py:830} INFO - Processing file /home/airflow/.local/lib/python3.12/site-packages/airflow/example_dags/example_local_kubernetes_executor.py for tasks to queue
[2026-07-16T11:03:59.644+0000] {logging_mixin.py:188} INFO - [2026-07-16T11:03:59.643+0000] {dagbag.py:540} INFO - Filling up the DagBag from /home/airflow/.local/lib/python3.12/site-packages/airflow/example_dags/example_local_kubernetes_executor.py
[2026-07-16T11:03:59.653+0000] {processor.py:840} INFO - DAG(s) 'example_local_kubernetes_executor' retrieved from /home/airflow/.local/lib/python3.12/site-packages/airflow/example_dags/example_local_kubernetes_executor.py
[2026-07-16T11:03:59.769+0000] {logging_mixin.py:188} INFO - [2026-07-16T11:03:59.769+0000] {dag.py:3096} INFO - Sync 1 DAGs
[2026-07-16T11:03:59.782+0000] {logging_mixin.py:188} INFO - [2026-07-16T11:03:59.781+0000] {dag.py:3954} INFO - Setting next_dagrun for example_local_kubernetes_executor to None, run_after=None
[2026-07-16T11:03:59.803+0000] {processor.py:183} INFO - Processing /home/airflow/.local/lib/python3.12/site-packages/airflow/example_dags/example_local_kubernetes_executor.py took 0.171 seconds
[2026-07-16T11:04:29.985+0000] {processor.py:161} INFO - Started process (PID=212) to work on /home/airflow/.local/lib/python3.12/site-packages/airflow/example_dags/example_local_kubernetes_executor.py
[2026-07-16T11:04:29.986+0000] {processor.py:830} INFO - Processing file /home/airflow/.local/lib/python3.12/site-packages/airflow/example_dags/example_local_kubernetes_executor.py for tasks to queue
[2026-07-16T11:04:29.988+0000] {logging_mixin.py:188} INFO - [2026-07-16T11:04:29.988+0000] {dagbag.py:540} INFO - Filling up the DagBag from /home/airflow/.local/lib/python3.12/site-packages/airflow/example_dags/example_local_kubernetes_executor.py
[2026-07-16T11:04:29.994+0000] {processor.py:840} INFO - DAG(s) 'example_local_kubernetes_executor' retrieved from /home/airflow/.local/lib/python3.12/site-packages/airflow/example_dags/example_local_kubernetes_executor.py
[2026-07-16T11:04:30.025+0000] {logging_mixin.py:188} INFO - [2026-07-16T11:04:30.025+0000] {dag.py:3096} INFO - Sync 1 DAGs
[2026-07-16T11:04:30.038+0000] {logging_mixin.py:188} INFO - [2026-07-16T11:04:30.037+0000] {dag.py:3954} INFO - Setting next_dagrun for example_local_kubernetes_executor to None, run_after=None
[2026-07-16T11:04:30.056+0000] {processor.py:183} INFO - Processing /home/airflow/.local/lib/python3.12/site-packages/airflow/example_dags/example_local_kubernetes_executor.py took 0.076 seconds
[2026-07-16T11:05:01.019+0000] {processor.py:161} INFO - Started process (PID=271) to work on /home/airflow/.local/lib/python3.12/site-packages/airflow/example_dags/example_local_kubernetes_executor.py
[2026-07-16T11:05:01.020+0000] {processor.py:830} INFO - Processing file /home/airflow/.local/lib/python3.12/site-packages/airflow/example_dags/example_local_kubernetes_executor.py for tasks to queue
[2026-07-16T11:05:01.023+0000] {logging_mixin.py:188} INFO - [2026-07-16T11:05:01.023+0000] {dagbag.py:540} INFO - Filling up the DagBag from /home/airflow/.local/lib/python3.12/site-packages/airflow/example_dags/example_local_kubernetes_executor.py
[2026-07-16T11:05:01.031+0000] {processor.py:840} INFO - DAG(s) 'example_local_kubernetes_executor' retrieved from /home/airflow/.local/lib/python3.12/site-packages/airflow/example_dags/example_local_kubernetes_executor.py
[2026-07-16T11:05:01.081+0000] {logging_mixin.py:188} INFO - [2026-07-16T11:05:01.080+0000] {dag.py:3096} INFO - Sync 1 DAGs
[2026-07-16T11:05:01.098+0000] {logging_mixin.py:188} INFO - [2026-07-16T11:05:01.098+0000] {dag.py:3954} INFO - Setting next_dagrun for example_local_kubernetes_executor to None, run_after=None
[2026-07-16T11:05:01.127+0000] {processor.py:183} INFO - Processing /home/airflow/.local/lib/python3.12/site-packages/airflow/example_dags/example_local_kubernetes_executor.py took 0.113 seconds
[2026-07-16T11:05:31.481+0000] {processor.py:161} INFO - Started process (PID=330) to work on /home/airflow/.local/lib/python3.12/site-packages/airflow/example_dags/example_local_kubernetes_executor.py
[2026-07-16T11:05:31.483+0000] {processor.py:830} INFO - Processing file /home/airflow/.local/lib/python3.12/site-packages/airflow/example_dags/example_local_kubernetes_executor.py for tasks to queue
[2026-07-16T11:05:31.485+0000] {logging_mixin.py:188} INFO - [2026-07-16T11:05:31.485+0000] {dagbag.py:540} INFO - Filling up the DagBag from /home/airflow/.local/lib/python3.12/site-packages/airflow/example_dags/example_local_kubernetes_executor.py
[2026-07-16T11:05:31.494+0000] {processor.py:840} INFO - DAG(s) 'example_local_kubernetes_executor' retrieved from /home/airflow/.local/lib/python3.12/site-packages/airflow/example_dags/example_local_kubernetes_executor.py
[2026-07-16T11:05:31.537+0000] {logging_mixin.py:188} INFO - [2026-07-16T11:05:31.537+0000] {dag.py:3096} INFO - Sync 1 DAGs
[2026-07-16T11:05:31.554+0000] {logging_mixin.py:188} INFO - [2026-07-16T11:05:31.554+0000] {dag.py:3954} INFO - Setting next_dagrun for example_local_kubernetes_executor to None, run_after=None
[2026-07-16T11:05:31.575+0000] {processor.py:183} INFO - Processing /home/airflow/.local/lib/python3.12/site-packages/airflow/example_dags/example_local_kubernetes_executor.py took 0.099 seconds
[2026-07-16T11:06:01.661+0000] {processor.py:161} INFO - Started process (PID=389) to work on /home/airflow/.local/lib/python3.12/site-packages/airflow/example_dags/example_local_kubernetes_executor.py
[2026-07-16T11:06:01.663+0000] {processor.py:830} INFO - Processing file /home/airflow/.local/lib/python3.12/site-packages/airflow/example_dags/example_local_kubernetes_executor.py for tasks to queue
[2026-07-16T11:06:01.667+0000] {logging_mixin.py:188} INFO - [2026-07-16T11:06:01.666+0000] {dagbag.py:540} INFO - Filling up the DagBag from /home/airflow/.local/lib/python3.12/site-packages/airflow/example_dags/example_local_kubernetes_executor.py
[2026-07-16T11:06:01.684+0000] {processor.py:840} INFO - DAG(s) 'example_local_kubernetes_executor' retrieved from /home/airflow/.local/lib/python3.12/site-packages/airflow/example_dags/example_local_kubernetes_executor.py
[2026-07-16T11:06:01.742+0000] {logging_mixin.py:188} INFO - [2026-07-16T11:06:01.741+0000] {dag.py:3096} INFO - Sync 1 DAGs
[2026-07-16T11:06:01.761+0000] {logging_mixin.py:188} INFO - [2026-07-16T11:06:01.760+0000] {dag.py:3954} INFO - Setting next_dagrun for example_local_kubernetes_executor to None, run_after=None
[2026-07-16T11:06:01.794+0000] {processor.py:183} INFO - Processing /home/airflow/.local/lib/python3.12/site-packages/airflow/example_dags/example_local_kubernetes_executor.py took 0.144 seconds
[2026-07-16T11:06:31.927+0000] {processor.py:161} INFO - Started process (PID=448) to work on /home/airflow/.local/lib/python3.12/site-packages/airflow/example_dags/example_local_kubernetes_executor.py
[2026-07-16T11:06:31.928+0000] {processor.py:830} INFO - Processing file /home/airflow/.local/lib/python3.12/site-packages/airflow/example_dags/example_local_kubernetes_executor.py for tasks to queue
[2026-07-16T11:06:31.931+0000] {logging_mixin.py:188} INFO - [2026-07-16T11:06:31.931+0000] {dagbag.py:540} INFO - Filling up the DagBag from /home/airflow/.local/lib/python3.12/site-packages/airflow/example_dags/example_local_kubernetes_executor.py
[2026-07-16T11:06:31.939+0000] {processor.py:840} INFO - DAG(s) 'example_local_kubernetes_executor' retrieved from /home/airflow/.local/lib/python3.12/site-packages/airflow/example_dags/example_local_kubernetes_executor.py
[2026-07-16T11:06:31.969+0000] {logging_mixin.py:188} INFO - [2026-07-16T11:06:31.968+0000] {dag.py:3096} INFO - Sync 1 DAGs
[2026-07-16T11:06:31.981+0000] {logging_mixin.py:188} INFO - [2026-07-16T11:06:31.981+0000] {dag.py:3954} INFO - Setting next_dagrun for example_local_kubernetes_executor to None, run_after=None
[2026-07-16T11:06:32.001+0000] {processor.py:183} INFO - Processing /home/airflow/.local/lib/python3.12/site-packages/airflow/example_dags/example_local_kubernetes_executor.py took 0.080 seconds
[2026-07-16T11:07:02.219+0000] {processor.py:161} INFO - Started process (PID=507) to work on /home/airflow/.local/lib/python3.12/site-packages/airflow/example_dags/example_local_kubernetes_executor.py
[2026-07-16T11:07:02.221+0000] {processor.py:830} INFO - Processing file /home/airflow/.local/lib/python3.12/site-packages/airflow/example_dags/example_local_kubernetes_executor.py for tasks to queue
[2026-07-16T11:07:02.223+0000] {logging_mixin.py:188} INFO - [2026-07-16T11:07:02.223+0000] {dagbag.py:540} INFO - Filling up the DagBag from /home/airflow/.local/lib/python3.12/site-packages/airflow/example_dags/example_local_kubernetes_executor.py
[2026-07-16T11:07:02.230+0000] {processor.py:840} INFO - DAG(s) 'example_local_kubernetes_executor' retrieved from /home/airflow/.local/lib/python3.12/site-packages/airflow/example_dags/example_local_kubernetes_executor.py
[2026-07-16T11:07:02.261+0000] {logging_mixin.py:188} INFO - [2026-07-16T11:07:02.260+0000] {dag.py:3096} INFO - Sync 1 DAGs
[2026-07-16T11:07:02.272+0000] {logging_mixin.py:188} INFO - [2026-07-16T11:07:02.272+0000] {dag.py:3954} INFO - Setting next_dagrun for example_local_kubernetes_executor to None, run_after=None
[2026-07-16T11:07:02.288+0000] {processor.py:183} INFO - Processing /home/airflow/.local/lib/python3.12/site-packages/airflow/example_dags/example_local_kubernetes_executor.py took 0.074 seconds
[2026-07-16T11:07:32.638+0000] {processor.py:161} INFO - Started process (PID=566) to work on /home/airflow/.local/lib/python3.12/site-packages/airflow/example_dags/example_local_kubernetes_executor.py
[2026-07-16T11:07:32.640+0000] {processor.py:830} INFO - Processing file /home/airflow/.local/lib/python3.12/site-packages/airflow/example_dags/example_local_kubernetes_executor.py for tasks to queue
[2026-07-16T11:07:32.642+0000] {logging_mixin.py:188} INFO - [2026-07-16T11:07:32.642+0000] {dagbag.py:540} INFO - Filling up the DagBag from /home/airflow/.local/lib/python3.12/site-packages/airflow/example_dags/example_local_kubernetes_executor.py
[2026-07-16T11:07:32.649+0000] {processor.py:840} INFO - DAG(s) 'example_local_kubernetes_executor' retrieved from /home/airflow/.local/lib/python3.12/site-packages/airflow/example_dags/example_local_kubernetes_executor.py
[2026-07-16T11:07:32.679+0000] {logging_mixin.py:188} INFO - [2026-07-16T11:07:32.679+0000] {dag.py:3096} INFO - Sync 1 DAGs
[2026-07-16T11:07:32.694+0000] {logging_mixin.py:188} INFO - [2026-07-16T11:07:32.693+0000] {dag.py:3954} INFO - Setting next_dagrun for example_local_kubernetes_executor to None, run_after=None
[2026-07-16T11:07:32.712+0000] {processor.py:183} INFO - Processing /home/airflow/.local/lib/python3.12/site-packages/airflow/example_dags/example_local_kubernetes_executor.py took 0.078 seconds
[2026-07-16T11:08:03.116+0000] {processor.py:161} INFO - Started process (PID=625) to work on /home/airflow/.local/lib/python3.12/site-packages/airflow/example_dags/example_local_kubernetes_executor.py
[2026-07-16T11:08:03.117+0000] {processor.py:830} INFO - Processing file /home/airflow/.local/lib/python3.12/site-packages/airflow/example_dags/example_local_kubernetes_executor.py for tasks to queue
[2026-07-16T11:08:03.120+0000] {logging_mixin.py:188} INFO - [2026-07-16T11:08:03.119+0000] {dagbag.py:540} INFO - Filling up the DagBag from /home/airflow/.local/lib/python3.12/site-packages/airflow/example_dags/example_local_kubernetes_executor.py
[2026-07-16T11:08:03.126+0000] {processor.py:840} INFO - DAG(s) 'example_local_kubernetes_executor' retrieved from /home/airflow/.local/lib/python3.12/site-packages/airflow/example_dags/example_local_kubernetes_executor.py
[2026-07-16T11:08:03.156+0000] {logging_mixin.py:188} INFO - [2026-07-16T11:08:03.155+0000] {dag.py:3096} INFO - Sync 1 DAGs
[2026-07-16T11:08:03.168+0000] {logging_mixin.py:188} INFO - [2026-07-16T11:08:03.168+0000] {dag.py:3954} INFO - Setting next_dagrun for example_local_kubernetes_executor to None, run_after=None
[2026-07-16T11:08:03.187+0000] {processor.py:183} INFO - Processing /home/airflow/.local/lib/python3.12/site-packages/airflow/example_dags/example_local_kubernetes_executor.py took 0.076 seconds
[2026-07-16T11:08:33.392+0000] {processor.py:161} INFO - Started process (PID=684) to work on /home/airflow/.local/lib/python3.12/site-packages/airflow/example_dags/example_local_kubernetes_executor.py
[2026-07-16T11:08:33.394+0000] {processor.py:830} INFO - Processing file /home/airflow/.local/lib/python3.12/site-packages/airflow/example_dags/example_local_kubernetes_executor.py for tasks to queue
[2026-07-16T11:08:33.396+0000] {logging_mixin.py:188} INFO - [2026-07-16T11:08:33.396+0000] {dagbag.py:540} INFO - Filling up the DagBag from /home/airflow/.local/lib/python3.12/site-packages/airflow/example_dags/example_local_kubernetes_executor.py
[2026-07-16T11:08:33.402+0000] {processor.py:840} INFO - DAG(s) 'example_local_kubernetes_executor' retrieved from /home/airflow/.local/lib/python3.12/site-packages/airflow/example_dags/example_local_kubernetes_executor.py
[2026-07-16T11:08:33.431+0000] {logging_mixin.py:188} INFO - [2026-07-16T11:08:33.431+0000] {dag.py:3096} INFO - Sync 1 DAGs
[2026-07-16T11:08:33.448+0000] {logging_mixin.py:188} INFO - [2026-07-16T11:08:33.447+0000] {dag.py:3954} INFO - Setting next_dagrun for example_local_kubernetes_executor to None, run_after=None
[2026-07-16T11:08:33.478+0000] {processor.py:183} INFO - Processing /home/airflow/.local/lib/python3.12/site-packages/airflow/example_dags/example_local_kubernetes_executor.py took 0.090 seconds
[2026-07-16T11:09:04.589+0000] {processor.py:161} INFO - Started process (PID=743) to work on /home/airflow/.local/lib/python3.12/site-packages/airflow/example_dags/example_local_kubernetes_executor.py
[2026-07-16T11:09:04.591+0000] {processor.py:830} INFO - Processing file /home/airflow/.local/lib/python3.12/site-packages/airflow/example_dags/example_local_kubernetes_executor.py for tasks to queue
[2026-07-16T11:09:04.593+0000] {logging_mixin.py:188} INFO - [2026-07-16T11:09:04.593+0000] {dagbag.py:540} INFO - Filling up the DagBag from /home/airflow/.local/lib/python3.12/site-packages/airflow/example_dags/example_local_kubernetes_executor.py
[2026-07-16T11:09:04.599+0000] {processor.py:840} INFO - DAG(s) 'example_local_kubernetes_executor' retrieved from /home/airflow/.local/lib/python3.12/site-packages/airflow/example_dags/example_local_kubernetes_executor.py
[2026-07-16T11:09:04.627+0000] {logging_mixin.py:188} INFO - [2026-07-16T11:09:04.626+0000] {dag.py:3096} INFO - Sync 1 DAGs
[2026-07-16T11:09:04.638+0000] {logging_mixin.py:188} INFO - [2026-07-16T11:09:04.638+0000] {dag.py:3954} INFO - Setting next_dagrun for example_local_kubernetes_executor to None, run_after=None
[2026-07-16T11:09:04.657+0000] {processor.py:183} INFO - Processing /home/airflow/.local/lib/python3.12/site-packages/airflow/example_dags/example_local_kubernetes_executor.py took 0.073 seconds
[2026-07-16T11:09:35.095+0000] {processor.py:161} INFO - Started process (PID=802) to work on /home/airflow/.local/lib/python3.12/site-packages/airflow/example_dags/example_local_kubernetes_executor.py
[2026-07-16T11:09:35.097+0000] {processor.py:830} INFO - Processing file /home/airflow/.local/lib/python3.12/site-packages/airflow/example_dags/example_local_kubernetes_executor.py for tasks to queue
[2026-07-16T11:09:35.099+0000] {logging_mixin.py:188} INFO - [2026-07-16T11:09:35.098+0000] {dagbag.py:540} INFO - Filling up the DagBag from /home/airflow/.local/lib/python3.12/site-packages/airflow/example_dags/example_local_kubernetes_executor.py
[2026-07-16T11:09:35.106+0000] {processor.py:840} INFO - DAG(s) 'example_local_kubernetes_executor' retrieved from /home/airflow/.local/lib/python3.12/site-packages/airflow/example_dags/example_local_kubernetes_executor.py
[2026-07-16T11:09:35.137+0000] {logging_mixin.py:188} INFO - [2026-07-16T11:09:35.136+0000] {dag.py:3096} INFO - Sync 1 DAGs
[2026-07-16T11:09:35.149+0000] {logging_mixin.py:188} INFO - [2026-07-16T11:09:35.149+0000] {dag.py:3954} INFO - Setting next_dagrun for example_local_kubernetes_executor to None, run_after=None
[2026-07-16T11:09:35.168+0000] {processor.py:183} INFO - Processing /home/airflow/.local/lib/python3.12/site-packages/airflow/example_dags/example_local_kubernetes_executor.py took 0.078 seconds
[2026-07-16T11:10:05.449+0000] {processor.py:161} INFO - Started process (PID=861) to work on /home/airflow/.local/lib/python3.12/site-packages/airflow/example_dags/example_local_kubernetes_executor.py
[2026-07-16T11:10:05.451+0000] {processor.py:830} INFO - Processing file /home/airflow/.local/lib/python3.12/site-packages/airflow/example_dags/example_local_kubernetes_executor.py for tasks to queue
[2026-07-16T11:10:05.454+0000] {logging_mixin.py:188} INFO - [2026-07-16T11:10:05.454+0000] {dagbag.py:540} INFO - Filling up the DagBag from /home/airflow/.local/lib/python3.12/site-packages/airflow/example_dags/example_local_kubernetes_executor.py
[2026-07-16T11:10:05.461+0000] {processor.py:840} INFO - DAG(s) 'example_local_kubernetes_executor' retrieved from /home/airflow/.local/lib/python3.12/site-packages/airflow/example_dags/example_local_kubernetes_executor.py
[2026-07-16T11:10:05.492+0000] {logging_mixin.py:188} INFO - [2026-07-16T11:10:05.492+0000] {dag.py:3096} INFO - Sync 1 DAGs
[2026-07-16T11:10:05.504+0000] {logging_mixin.py:188} INFO - [2026-07-16T11:10:05.504+0000] {dag.py:3954} INFO - Setting next_dagrun for example_local_kubernetes_executor to None, run_after=None
[2026-07-16T11:10:05.523+0000] {processor.py:183} INFO - Processing /home/airflow/.local/lib/python3.12/site-packages/airflow/example_dags/example_local_kubernetes_executor.py took 0.078 seconds
[2026-07-16T11:10:35.685+0000] {processor.py:161} INFO - Started process (PID=920) to work on /home/airflow/.local/lib/python3.12/site-packages/airflow/example_dags/example_local_kubernetes_executor.py
[2026-07-16T11:10:35.686+0000] {processor.py:830} INFO - Processing file /home/airflow/.local/lib/python3.12/site-packages/airflow/example_dags/example_local_kubernetes_executor.py for tasks to queue
[2026-07-16T11:10:35.689+0000] {logging_mixin.py:188} INFO - [2026-07-16T11:10:35.689+0000] {dagbag.py:540} INFO - Filling up the DagBag from /home/airflow/.local/lib/python3.12/site-packages/airflow/example_dags/example_local_kubernetes_executor.py
[2026-07-16T11:10:35.697+0000] {processor.py:840} INFO - DAG(s) 'example_local_kubernetes_executor' retrieved from /home/airflow/.local/lib/python3.12/site-packages/airflow/example_dags/example_local_kubernetes_executor.py
[2026-07-16T11:10:35.730+0000] {logging_mixin.py:188} INFO - [2026-07-16T11:10:35.730+0000] {dag.py:3096} INFO - Sync 1 DAGs
[2026-07-16T11:10:35.745+0000] {logging_mixin.py:188} INFO - [2026-07-16T11:10:35.745+0000] {dag.py:3954} INFO - Setting next_dagrun for example_local_kubernetes_executor to None, run_after=None
[2026-07-16T11:10:35.765+0000] {processor.py:183} INFO - Processing /home/airflow/.local/lib/python3.12/site-packages/airflow/example_dags/example_local_kubernetes_executor.py took 0.087 seconds
[2026-07-16T11:11:06.532+0000] {processor.py:161} INFO - Started process (PID=979) to work on /home/airflow/.local/lib/python3.12/site-packages/airflow/example_dags/example_local_kubernetes_executor.py
[2026-07-16T11:11:06.533+0000] {processor.py:830} INFO - Processing file /home/airflow/.local/lib/python3.12/site-packages/airflow/example_dags/example_local_kubernetes_executor.py for tasks to queue
[2026-07-16T11:11:06.535+0000] {logging_mixin.py:188} INFO - [2026-07-16T11:11:06.535+0000] {dagbag.py:540} INFO - Filling up the DagBag from /home/airflow/.local/lib/python3.12/site-packages/airflow/example_dags/example_local_kubernetes_executor.py
[2026-07-16T11:11:06.542+0000] {processor.py:840} INFO - DAG(s) 'example_local_kubernetes_executor' retrieved from /home/airflow/.local/lib/python3.12/site-packages/airflow/example_dags/example_local_kubernetes_executor.py
[2026-07-16T11:11:06.571+0000] {logging_mixin.py:188} INFO - [2026-07-16T11:11:06.571+0000] {dag.py:3096} INFO - Sync 1 DAGs
[2026-07-16T11:11:06.581+0000] {logging_mixin.py:188} INFO - [2026-07-16T11:11:06.581+0000] {dag.py:3954} INFO - Setting next_dagrun for example_local_kubernetes_executor to None, run_after=None
[2026-07-16T11:11:06.599+0000] {processor.py:183} INFO - Processing /home/airflow/.local/lib/python3.12/site-packages/airflow/example_dags/example_local_kubernetes_executor.py took 0.073 seconds
[2026-07-16T11:11:36.733+0000] {processor.py:161} INFO - Started process (PID=1038) to work on /home/airflow/.local/lib/python3.12/site-packages/airflow/example_dags/example_local_kubernetes_executor.py
[2026-07-16T11:11:36.735+0000] {processor.py:830} INFO - Processing file /home/airflow/.local/lib/python3.12/site-packages/airflow/example_dags/example_local_kubernetes_executor.py for tasks to queue
[2026-07-16T11:11:36.737+0000] {logging_mixin.py:188} INFO - [2026-07-16T11:11:36.737+0000] {dagbag.py:540} INFO - Filling up the DagBag from /home/airflow/.local/lib/python3.12/site-packages/airflow/example_dags/example_local_kubernetes_executor.py
[2026-07-16T11:11:36.744+0000] {processor.py:840} INFO - DAG(s) 'example_local_kubernetes_executor' retrieved from /home/airflow/.local/lib/python3.12/site-packages/airflow/example_dags/example_local_kubernetes_executor.py
[2026-07-16T11:11:36.776+0000] {logging_mixin.py:188} INFO - [2026-07-16T11:11:36.776+0000] {dag.py:3096} INFO - Sync 1 DAGs
[2026-07-16T11:11:36.791+0000] {logging_mixin.py:188} INFO - [2026-07-16T11:11:36.791+0000] {dag.py:3954} INFO - Setting next_dagrun for example_local_kubernetes_executor to None, run_after=None
[2026-07-16T11:11:36.809+0000] {processor.py:183} INFO - Processing /home/airflow/.local/lib/python3.12/site-packages/airflow/example_dags/example_local_kubernetes_executor.py took 0.082 seconds
[2026-07-16T11:12:07.642+0000] {processor.py:161} INFO - Started process (PID=1097) to work on /home/airflow/.local/lib/python3.12/site-packages/airflow/example_dags/example_local_kubernetes_executor.py
[2026-07-16T11:12:07.644+0000] {processor.py:830} INFO - Processing file /home/airflow/.local/lib/python3.12/site-packages/airflow/example_dags/example_local_kubernetes_executor.py for tasks to queue
[2026-07-16T11:12:07.646+0000] {logging_mixin.py:188} INFO - [2026-07-16T11:12:07.646+0000] {dagbag.py:540} INFO - Filling up the DagBag from /home/airflow/.local/lib/python3.12/site-packages/airflow/example_dags/example_local_kubernetes_executor.py
[2026-07-16T11:12:07.661+0000] {processor.py:840} INFO - DAG(s) 'example_local_kubernetes_executor' retrieved from /home/airflow/.local/lib/python3.12/site-packages/airflow/example_dags/example_local_kubernetes_executor.py
[2026-07-16T11:12:07.707+0000] {logging_mixin.py:188} INFO - [2026-07-16T11:12:07.706+0000] {dag.py:3096} INFO - Sync 1 DAGs
[2026-07-16T11:12:07.720+0000] {logging_mixin.py:188} INFO - [2026-07-16T11:12:07.719+0000] {dag.py:3954} INFO - Setting next_dagrun for example_local_kubernetes_executor to None, run_after=None
[2026-07-16T11:12:07.737+0000] {processor.py:183} INFO - Processing /home/airflow/.local/lib/python3.12/site-packages/airflow/example_dags/example_local_kubernetes_executor.py took 0.103 seconds
[2026-07-16T11:12:38.001+0000] {processor.py:161} INFO - Started process (PID=1156) to work on /home/airflow/.local/lib/python3.12/site-packages/airflow/example_dags/example_local_kubernetes_executor.py
[2026-07-16T11:12:38.003+0000] {processor.py:830} INFO - Processing file /home/airflow/.local/lib/python3.12/site-packages/airflow/example_dags/example_local_kubernetes_executor.py for tasks to queue
[2026-07-16T11:12:38.005+0000] {logging_mixin.py:188} INFO - [2026-07-16T11:12:38.005+0000] {dagbag.py:540} INFO - Filling up the DagBag from /home/airflow/.local/lib/python3.12/site-packages/airflow/example_dags/example_local_kubernetes_executor.py
[2026-07-16T11:12:38.012+0000] {processor.py:840} INFO - DAG(s) 'example_local_kubernetes_executor' retrieved from /home/airflow/.local/lib/python3.12/site-packages/airflow/example_dags/example_local_kubernetes_executor.py
[2026-07-16T11:12:38.046+0000] {logging_mixin.py:188} INFO - [2026-07-16T11:12:38.046+0000] {dag.py:3096} INFO - Sync 1 DAGs
[2026-07-16T11:12:38.060+0000] {logging_mixin.py:188} INFO - [2026-07-16T11:12:38.059+0000] {dag.py:3954} INFO - Setting next_dagrun for example_local_kubernetes_executor to None, run_after=None
[2026-07-16T11:12:38.079+0000] {processor.py:183} INFO - Processing /home/airflow/.local/lib/python3.12/site-packages/airflow/example_dags/example_local_kubernetes_executor.py took 0.083 seconds
[2026-07-16T11:13:08.270+0000] {processor.py:161} INFO - Started process (PID=1215) to work on /home/airflow/.local/lib/python3.12/site-packages/airflow/example_dags/example_local_kubernetes_executor.py
[2026-07-16T11:13:08.271+0000] {processor.py:830} INFO - Processing file /home/airflow/.local/lib/python3.12/site-packages/airflow/example_dags/example_local_kubernetes_executor.py for tasks to queue
[2026-07-16T11:13:08.274+0000] {logging_mixin.py:188} INFO - [2026-07-16T11:13:08.273+0000] {dagbag.py:540} INFO - Filling up the DagBag from /home/airflow/.local/lib/python3.12/site-packages/airflow/example_dags/example_local_kubernetes_executor.py
[2026-07-16T11:13:08.281+0000] {processor.py:840} INFO - DAG(s) 'example_local_kubernetes_executor' retrieved from /home/airflow/.local/lib/python3.12/site-packages/airflow/example_dags/example_local_kubernetes_executor.py
[2026-07-16T11:13:08.311+0000] {logging_mixin.py:188} INFO - [2026-07-16T11:13:08.311+0000] {dag.py:3096} INFO - Sync 1 DAGs
[2026-07-16T11:13:08.322+0000] {logging_mixin.py:188} INFO - [2026-07-16T11:13:08.322+0000] {dag.py:3954} INFO - Setting next_dagrun for example_local_kubernetes_executor to None, run_after=None
[2026-07-16T11:13:08.340+0000] {processor.py:183} INFO - Processing /home/airflow/.local/lib/python3.12/site-packages/airflow/example_dags/example_local_kubernetes_executor.py took 0.076 seconds
[2026-07-16T11:13:39.301+0000] {processor.py:161} INFO - Started process (PID=1274) to work on /home/airflow/.local/lib/python3.12/site-packages/airflow/example_dags/example_local_kubernetes_executor.py
[2026-07-16T11:13:39.302+0000] {processor.py:830} INFO - Processing file /home/airflow/.local/lib/python3.12/site-packages/airflow/example_dags/example_local_kubernetes_executor.py for tasks to queue
[2026-07-16T11:13:39.305+0000] {logging_mixin.py:188} INFO - [2026-07-16T11:13:39.305+0000] {dagbag.py:540} INFO - Filling up the DagBag from /home/airflow/.local/lib/python3.12/site-packages/airflow/example_dags/example_local_kubernetes_executor.py
[2026-07-16T11:13:39.313+0000] {processor.py:840} INFO - DAG(s) 'example_local_kubernetes_executor' retrieved from /home/airflow/.local/lib/python3.12/site-packages/airflow/example_dags/example_local_kubernetes_executor.py
[2026-07-16T11:13:39.342+0000] {logging_mixin.py:188} INFO - [2026-07-16T11:13:39.342+0000] {dag.py:3096} INFO - Sync 1 DAGs
[2026-07-16T11:13:39.354+0000] {logging_mixin.py:188} INFO - [2026-07-16T11:13:39.354+0000] {dag.py:3954} INFO - Setting next_dagrun for example_local_kubernetes_executor to None, run_after=None
[2026-07-16T11:13:39.372+0000] {processor.py:183} INFO - Processing /home/airflow/.local/lib/python3.12/site-packages/airflow/example_dags/example_local_kubernetes_executor.py took 0.077 seconds
[2026-07-16T11:14:09.560+0000] {processor.py:161} INFO - Started process (PID=1333) to work on /home/airflow/.local/lib/python3.12/site-packages/airflow/example_dags/example_local_kubernetes_executor.py
[2026-07-16T11:14:09.562+0000] {processor.py:830} INFO - Processing file /home/airflow/.local/lib/python3.12/site-packages/airflow/example_dags/example_local_kubernetes_executor.py for tasks to queue
[2026-07-16T11:14:09.564+0000] {logging_mixin.py:188} INFO - [2026-07-16T11:14:09.564+0000] {dagbag.py:540} INFO - Filling up the DagBag from /home/airflow/.local/lib/python3.12/site-packages/airflow/example_dags/example_local_kubernetes_executor.py
[2026-07-16T11:14:09.571+0000] {processor.py:840} INFO - DAG(s) 'example_local_kubernetes_executor' retrieved from /home/airflow/.local/lib/python3.12/site-packages/airflow/example_dags/example_local_kubernetes_executor.py
[2026-07-16T11:14:09.598+0000] {logging_mixin.py:188} INFO - [2026-07-16T11:14:09.598+0000] {dag.py:3096} INFO - Sync 1 DAGs
[2026-07-16T11:14:09.610+0000] {logging_mixin.py:188} INFO - [2026-07-16T11:14:09.610+0000] {dag.py:3954} INFO - Setting next_dagrun for example_local_kubernetes_executor to None, run_after=None
[2026-07-16T11:14:09.630+0000] {processor.py:183} INFO - Processing /home/airflow/.local/lib/python3.12/site-packages/airflow/example_dags/example_local_kubernetes_executor.py took 0.075 seconds
[2026-07-16T11:14:39.714+0000] {processor.py:161} INFO - Started process (PID=1392) to work on /home/airflow/.local/lib/python3.12/site-packages/airflow/example_dags/example_local_kubernetes_executor.py
[2026-07-16T11:14:39.715+0000] {processor.py:830} INFO - Processing file /home/airflow/.local/lib/python3.12/site-packages/airflow/example_dags/example_local_kubernetes_executor.py for tasks to queue
[2026-07-16T11:14:39.718+0000] {logging_mixin.py:188} INFO - [2026-07-16T11:14:39.717+0000] {dagbag.py:540} INFO - Filling up the DagBag from /home/airflow/.local/lib/python3.12/site-packages/airflow/example_dags/example_local_kubernetes_executor.py
[2026-07-16T11:14:39.725+0000] {processor.py:840} INFO - DAG(s) 'example_local_kubernetes_executor' retrieved from /home/airflow/.local/lib/python3.12/site-packages/airflow/example_dags/example_local_kubernetes_executor.py
[2026-07-16T11:14:39.752+0000] {logging_mixin.py:188} INFO - [2026-07-16T11:14:39.752+0000] {dag.py:3096} INFO - Sync 1 DAGs
[2026-07-16T11:14:39.763+0000] {logging_mixin.py:188} INFO - [2026-07-16T11:14:39.763+0000] {dag.py:3954} INFO - Setting next_dagrun for example_local_kubernetes_executor to None, run_after=None
[2026-07-16T11:14:39.782+0000] {processor.py:183} INFO - Processing /home/airflow/.local/lib/python3.12/site-packages/airflow/example_dags/example_local_kubernetes_executor.py took 0.073 seconds
[2026-07-16T11:15:10.276+0000] {processor.py:161} INFO - Started process (PID=1451) to work on /home/airflow/.local/lib/python3.12/site-packages/airflow/example_dags/example_local_kubernetes_executor.py
[2026-07-16T11:15:10.278+0000] {processor.py:830} INFO - Processing file /home/airflow/.local/lib/python3.12/site-packages/airflow/example_dags/example_local_kubernetes_executor.py for tasks to queue
[2026-07-16T11:15:10.281+0000] {logging_mixin.py:188} INFO - [2026-07-16T11:15:10.280+0000] {dagbag.py:540} INFO - Filling up the DagBag from /home/airflow/.local/lib/python3.12/site-packages/airflow/example_dags/example_local_kubernetes_executor.py
[2026-07-16T11:15:10.291+0000] {processor.py:840} INFO - DAG(s) 'example_local_kubernetes_executor' retrieved from /home/airflow/.local/lib/python3.12/site-packages/airflow/example_dags/example_local_kubernetes_executor.py
[2026-07-16T11:15:10.333+0000] {logging_mixin.py:188} INFO - [2026-07-16T11:15:10.333+0000] {dag.py:3096} INFO - Sync 1 DAGs
[2026-07-16T11:15:10.351+0000] {logging_mixin.py:188} INFO - [2026-07-16T11:15:10.351+0000] {dag.py:3954} INFO - Setting next_dagrun for example_local_kubernetes_executor to None, run_after=None
[2026-07-16T11:15:10.380+0000] {processor.py:183} INFO - Processing /home/airflow/.local/lib/python3.12/site-packages/airflow/example_dags/example_local_kubernetes_executor.py took 0.110 seconds
[2026-07-16T11:15:40.680+0000] {processor.py:161} INFO - Started process (PID=1510) to work on /home/airflow/.local/lib/python3.12/site-packages/airflow/example_dags/example_local_kubernetes_executor.py
[2026-07-16T11:15:40.682+0000] {processor.py:830} INFO - Processing file /home/airflow/.local/lib/python3.12/site-packages/airflow/example_dags/example_local_kubernetes_executor.py for tasks to queue
[2026-07-16T11:15:40.685+0000] {logging_mixin.py:188} INFO - [2026-07-16T11:15:40.685+0000] {dagbag.py:540} INFO - Filling up the DagBag from /home/airflow/.local/lib/python3.12/site-packages/airflow/example_dags/example_local_kubernetes_executor.py
[2026-07-16T11:15:40.696+0000] {processor.py:840} INFO - DAG(s) 'example_local_kubernetes_executor' retrieved from /home/airflow/.local/lib/python3.12/site-packages/airflow/example_dags/example_local_kubernetes_executor.py
[2026-07-16T11:15:40.736+0000] {logging_mixin.py:188} INFO - [2026-07-16T11:15:40.735+0000] {dag.py:3096} INFO - Sync 1 DAGs
[2026-07-16T11:15:40.748+0000] {logging_mixin.py:188} INFO - [2026-07-16T11:15:40.748+0000] {dag.py:3954} INFO - Setting next_dagrun for example_local_kubernetes_executor to None, run_after=None
[2026-07-16T11:15:40.775+0000] {processor.py:183} INFO - Processing /home/airflow/.local/lib/python3.12/site-packages/airflow/example_dags/example_local_kubernetes_executor.py took 0.102 seconds
[2026-07-16T11:16:11.379+0000] {processor.py:161} INFO - Started process (PID=1569) to work on /home/airflow/.local/lib/python3.12/site-packages/airflow/example_dags/example_local_kubernetes_executor.py
[2026-07-16T11:16:11.380+0000] {processor.py:830} INFO - Processing file /home/airflow/.local/lib/python3.12/site-packages/airflow/example_dags/example_local_kubernetes_executor.py for tasks to queue
[2026-07-16T11:16:11.383+0000] {logging_mixin.py:188} INFO - [2026-07-16T11:16:11.382+0000] {dagbag.py:540} INFO - Filling up the DagBag from /home/airflow/.local/lib/python3.12/site-packages/airflow/example_dags/example_local_kubernetes_executor.py
[2026-07-16T11:16:11.392+0000] {processor.py:840} INFO - DAG(s) 'example_local_kubernetes_executor' retrieved from /home/airflow/.local/lib/python3.12/site-packages/airflow/example_dags/example_local_kubernetes_executor.py
[2026-07-16T11:16:11.438+0000] {logging_mixin.py:188} INFO - [2026-07-16T11:16:11.437+0000] {dag.py:3096} INFO - Sync 1 DAGs
[2026-07-16T11:16:11.455+0000] {logging_mixin.py:188} INFO - [2026-07-16T11:16:11.455+0000] {dag.py:3954} INFO - Setting next_dagrun for example_local_kubernetes_executor to None, run_after=None
[2026-07-16T11:16:11.481+0000] {processor.py:183} INFO - Processing /home/airflow/.local/lib/python3.12/site-packages/airflow/example_dags/example_local_kubernetes_executor.py took 0.110 seconds
[2026-07-16T11:16:42.245+0000] {processor.py:161} INFO - Started process (PID=1628) to work on /home/airflow/.local/lib/python3.12/site-packages/airflow/example_dags/example_local_kubernetes_executor.py
[2026-07-16T11:16:42.247+0000] {processor.py:830} INFO - Processing file /home/airflow/.local/lib/python3.12/site-packages/airflow/example_dags/example_local_kubernetes_executor.py for tasks to queue
[2026-07-16T11:16:42.249+0000] {logging_mixin.py:188} INFO - [2026-07-16T11:16:42.249+0000] {dagbag.py:540} INFO - Filling up the DagBag from /home/airflow/.local/lib/python3.12/site-packages/airflow/example_dags/example_local_kubernetes_executor.py
[2026-07-16T11:16:42.257+0000] {processor.py:840} INFO - DAG(s) 'example_local_kubernetes_executor' retrieved from /home/airflow/.local/lib/python3.12/site-packages/airflow/example_dags/example_local_kubernetes_executor.py
[2026-07-16T11:16:42.288+0000] {logging_mixin.py:188} INFO - [2026-07-16T11:16:42.287+0000] {dag.py:3096} INFO - Sync 1 DAGs
[2026-07-16T11:16:42.301+0000] {logging_mixin.py:188} INFO - [2026-07-16T11:16:42.301+0000] {dag.py:3954} INFO - Setting next_dagrun for example_local_kubernetes_executor to None, run_after=None
[2026-07-16T11:16:42.321+0000] {processor.py:183} INFO - Processing /home/airflow/.local/lib/python3.12/site-packages/airflow/example_dags/example_local_kubernetes_executor.py took 0.081 seconds
[2026-07-16T11:17:13.192+0000] {processor.py:161} INFO - Started process (PID=1687) to work on /home/airflow/.local/lib/python3.12/site-packages/airflow/example_dags/example_local_kubernetes_executor.py
[2026-07-16T11:17:13.194+0000] {processor.py:830} INFO - Processing file /home/airflow/.local/lib/python3.12/site-packages/airflow/example_dags/example_local_kubernetes_executor.py for tasks to queue
[2026-07-16T11:17:13.196+0000] {logging_mixin.py:188} INFO - [2026-07-16T11:17:13.196+0000] {dagbag.py:540} INFO - Filling up the DagBag from /home/airflow/.local/lib/python3.12/site-packages/airflow/example_dags/example_local_kubernetes_executor.py
[2026-07-16T11:17:13.204+0000] {processor.py:840} INFO - DAG(s) 'example_local_kubernetes_executor' retrieved from /home/airflow/.local/lib/python3.12/site-packages/airflow/example_dags/example_local_kubernetes_executor.py
[2026-07-16T11:17:13.238+0000] {logging_mixin.py:188} INFO - [2026-07-16T11:17:13.238+0000] {dag.py:3096} INFO - Sync 1 DAGs
[2026-07-16T11:17:13.250+0000] {logging_mixin.py:188} INFO - [2026-07-16T11:17:13.250+0000] {dag.py:3954} INFO - Setting next_dagrun for example_local_kubernetes_executor to None, run_after=None
[2026-07-16T11:17:13.269+0000] {processor.py:183} INFO - Processing /home/airflow/.local/lib/python3.12/site-packages/airflow/example_dags/example_local_kubernetes_executor.py took 0.082 seconds
[2026-07-16T11:17:43.516+0000] {processor.py:161} INFO - Started process (PID=1746) to work on /home/airflow/.local/lib/python3.12/site-packages/airflow/example_dags/example_local_kubernetes_executor.py
[2026-07-16T11:17:43.518+0000] {processor.py:830} INFO - Processing file /home/airflow/.local/lib/python3.12/site-packages/airflow/example_dags/example_local_kubernetes_executor.py for tasks to queue
[2026-07-16T11:17:43.521+0000] {logging_mixin.py:188} INFO - [2026-07-16T11:17:43.520+0000] {dagbag.py:540} INFO - Filling up the DagBag from /home/airflow/.local/lib/python3.12/site-packages/airflow/example_dags/example_local_kubernetes_executor.py
[2026-07-16T11:17:43.530+0000] {processor.py:840} INFO - DAG(s) 'example_local_kubernetes_executor' retrieved from /home/airflow/.local/lib/python3.12/site-packages/airflow/example_dags/example_local_kubernetes_executor.py
[2026-07-16T11:17:43.563+0000] {logging_mixin.py:188} INFO - [2026-07-16T11:17:43.563+0000] {dag.py:3096} INFO - Sync 1 DAGs
[2026-07-16T11:17:43.577+0000] {logging_mixin.py:188} INFO - [2026-07-16T11:17:43.576+0000] {dag.py:3954} INFO - Setting next_dagrun for example_local_kubernetes_executor to None, run_after=None
[2026-07-16T11:17:43.598+0000] {processor.py:183} INFO - Processing /home/airflow/.local/lib/python3.12/site-packages/airflow/example_dags/example_local_kubernetes_executor.py took 0.087 seconds
[2026-07-16T11:18:14.527+0000] {processor.py:161} INFO - Started process (PID=1805) to work on /home/airflow/.local/lib/python3.12/site-packages/airflow/example_dags/example_local_kubernetes_executor.py
[2026-07-16T11:18:14.529+0000] {processor.py:830} INFO - Processing file /home/airflow/.local/lib/python3.12/site-packages/airflow/example_dags/example_local_kubernetes_executor.py for tasks to queue
[2026-07-16T11:18:14.533+0000] {logging_mixin.py:188} INFO - [2026-07-16T11:18:14.532+0000] {dagbag.py:540} INFO - Filling up the DagBag from /home/airflow/.local/lib/python3.12/site-packages/airflow/example_dags/example_local_kubernetes_executor.py
[2026-07-16T11:18:14.547+0000] {processor.py:840} INFO - DAG(s) 'example_local_kubernetes_executor' retrieved from /home/airflow/.local/lib/python3.12/site-packages/airflow/example_dags/example_local_kubernetes_executor.py
[2026-07-16T11:18:14.598+0000] {logging_mixin.py:188} INFO - [2026-07-16T11:18:14.597+0000] {dag.py:3096} INFO - Sync 1 DAGs
[2026-07-16T11:18:14.622+0000] {logging_mixin.py:188} INFO - [2026-07-16T11:18:14.621+0000] {dag.py:3954} INFO - Setting next_dagrun for example_local_kubernetes_executor to None, run_after=None
[2026-07-16T11:18:14.644+0000] {processor.py:183} INFO - Processing /home/airflow/.local/lib/python3.12/site-packages/airflow/example_dags/example_local_kubernetes_executor.py took 0.129 seconds
