[2026-07-16T11:03:26.798+0000] {processor.py:161} INFO - Started process (PID=72) to work on /home/airflow/.local/lib/python3.12/site-packages/airflow/example_dags/example_branch_day_of_week_operator.py
[2026-07-16T11:03:26.804+0000] {processor.py:830} INFO - Processing file /home/airflow/.local/lib/python3.12/site-packages/airflow/example_dags/example_branch_day_of_week_operator.py for tasks to queue
[2026-07-16T11:03:26.809+0000] {logging_mixin.py:188} INFO - [2026-07-16T11:03:26.808+0000] {dagbag.py:540} INFO - Filling up the DagBag from /home/airflow/.local/lib/python3.12/site-packages/airflow/example_dags/example_branch_day_of_week_operator.py
[2026-07-16T11:03:26.847+0000] {processor.py:840} INFO - DAG(s) 'example_weekday_branch_operator' retrieved from /home/airflow/.local/lib/python3.12/site-packages/airflow/example_dags/example_branch_day_of_week_operator.py
[2026-07-16T11:03:26.872+0000] {logging_mixin.py:188} INFO - [2026-07-16T11:03:26.872+0000] {dag.py:3096} INFO - Sync 1 DAGs
[2026-07-16T11:03:26.930+0000] {logging_mixin.py:188} INFO - [2026-07-16T11:03:26.930+0000] {dag.py:3954} INFO - Setting next_dagrun for example_weekday_branch_operator to 2026-07-15 00:00:00+00:00, run_after=2026-07-16 00:00:00+00:00
[2026-07-16T11:03:26.963+0000] {processor.py:183} INFO - Processing /home/airflow/.local/lib/python3.12/site-packages/airflow/example_dags/example_branch_day_of_week_operator.py took 0.224 seconds
[2026-07-16T11:03:57.029+0000] {processor.py:161} INFO - Started process (PID=131) to work on /home/airflow/.local/lib/python3.12/site-packages/airflow/example_dags/example_branch_day_of_week_operator.py
[2026-07-16T11:03:57.030+0000] {processor.py:830} INFO - Processing file /home/airflow/.local/lib/python3.12/site-packages/airflow/example_dags/example_branch_day_of_week_operator.py for tasks to queue
[2026-07-16T11:03:57.033+0000] {logging_mixin.py:188} INFO - [2026-07-16T11:03:57.032+0000] {dagbag.py:540} INFO - Filling up the DagBag from /home/airflow/.local/lib/python3.12/site-packages/airflow/example_dags/example_branch_day_of_week_operator.py
[2026-07-16T11:03:57.040+0000] {processor.py:840} INFO - DAG(s) 'example_weekday_branch_operator' retrieved from /home/airflow/.local/lib/python3.12/site-packages/airflow/example_dags/example_branch_day_of_week_operator.py
[2026-07-16T11:03:57.155+0000] {logging_mixin.py:188} INFO - [2026-07-16T11:03:57.155+0000] {dag.py:3096} INFO - Sync 1 DAGs
[2026-07-16T11:03:57.174+0000] {logging_mixin.py:188} INFO - [2026-07-16T11:03:57.174+0000] {dag.py:3954} INFO - Setting next_dagrun for example_weekday_branch_operator to 2026-07-15 00:00:00+00:00, run_after=2026-07-16 00:00:00+00:00
[2026-07-16T11:03:57.198+0000] {processor.py:183} INFO - Processing /home/airflow/.local/lib/python3.12/site-packages/airflow/example_dags/example_branch_day_of_week_operator.py took 0.175 seconds
[2026-07-16T11:04:27.875+0000] {processor.py:161} INFO - Started process (PID=191) to work on /home/airflow/.local/lib/python3.12/site-packages/airflow/example_dags/example_branch_day_of_week_operator.py
[2026-07-16T11:04:27.877+0000] {processor.py:830} INFO - Processing file /home/airflow/.local/lib/python3.12/site-packages/airflow/example_dags/example_branch_day_of_week_operator.py for tasks to queue
[2026-07-16T11:04:27.879+0000] {logging_mixin.py:188} INFO - [2026-07-16T11:04:27.879+0000] {dagbag.py:540} INFO - Filling up the DagBag from /home/airflow/.local/lib/python3.12/site-packages/airflow/example_dags/example_branch_day_of_week_operator.py
[2026-07-16T11:04:27.886+0000] {processor.py:840} INFO - DAG(s) 'example_weekday_branch_operator' retrieved from /home/airflow/.local/lib/python3.12/site-packages/airflow/example_dags/example_branch_day_of_week_operator.py
[2026-07-16T11:04:27.905+0000] {logging_mixin.py:188} INFO - [2026-07-16T11:04:27.905+0000] {dag.py:3096} INFO - Sync 1 DAGs
[2026-07-16T11:04:27.924+0000] {logging_mixin.py:188} INFO - [2026-07-16T11:04:27.923+0000] {dag.py:3954} INFO - Setting next_dagrun for example_weekday_branch_operator to 2026-07-15 00:00:00+00:00, run_after=2026-07-16 00:00:00+00:00
[2026-07-16T11:04:27.941+0000] {processor.py:183} INFO - Processing /home/airflow/.local/lib/python3.12/site-packages/airflow/example_dags/example_branch_day_of_week_operator.py took 0.071 seconds
[2026-07-16T11:04:58.839+0000] {processor.py:161} INFO - Started process (PID=250) to work on /home/airflow/.local/lib/python3.12/site-packages/airflow/example_dags/example_branch_day_of_week_operator.py
[2026-07-16T11:04:58.841+0000] {processor.py:830} INFO - Processing file /home/airflow/.local/lib/python3.12/site-packages/airflow/example_dags/example_branch_day_of_week_operator.py for tasks to queue
[2026-07-16T11:04:58.845+0000] {logging_mixin.py:188} INFO - [2026-07-16T11:04:58.845+0000] {dagbag.py:540} INFO - Filling up the DagBag from /home/airflow/.local/lib/python3.12/site-packages/airflow/example_dags/example_branch_day_of_week_operator.py
[2026-07-16T11:04:58.855+0000] {processor.py:840} INFO - DAG(s) 'example_weekday_branch_operator' retrieved from /home/airflow/.local/lib/python3.12/site-packages/airflow/example_dags/example_branch_day_of_week_operator.py
[2026-07-16T11:04:58.879+0000] {logging_mixin.py:188} INFO - [2026-07-16T11:04:58.879+0000] {dag.py:3096} INFO - Sync 1 DAGs
[2026-07-16T11:04:58.904+0000] {logging_mixin.py:188} INFO - [2026-07-16T11:04:58.904+0000] {dag.py:3954} INFO - Setting next_dagrun for example_weekday_branch_operator to 2026-07-15 00:00:00+00:00, run_after=2026-07-16 00:00:00+00:00
[2026-07-16T11:04:58.926+0000] {processor.py:183} INFO - Processing /home/airflow/.local/lib/python3.12/site-packages/airflow/example_dags/example_branch_day_of_week_operator.py took 0.097 seconds
[2026-07-16T11:05:29.265+0000] {processor.py:161} INFO - Started process (PID=309) to work on /home/airflow/.local/lib/python3.12/site-packages/airflow/example_dags/example_branch_day_of_week_operator.py
[2026-07-16T11:05:29.267+0000] {processor.py:830} INFO - Processing file /home/airflow/.local/lib/python3.12/site-packages/airflow/example_dags/example_branch_day_of_week_operator.py for tasks to queue
[2026-07-16T11:05:29.269+0000] {logging_mixin.py:188} INFO - [2026-07-16T11:05:29.269+0000] {dagbag.py:540} INFO - Filling up the DagBag from /home/airflow/.local/lib/python3.12/site-packages/airflow/example_dags/example_branch_day_of_week_operator.py
[2026-07-16T11:05:29.285+0000] {processor.py:840} INFO - DAG(s) 'example_weekday_branch_operator' retrieved from /home/airflow/.local/lib/python3.12/site-packages/airflow/example_dags/example_branch_day_of_week_operator.py
[2026-07-16T11:05:29.319+0000] {logging_mixin.py:188} INFO - [2026-07-16T11:05:29.319+0000] {dag.py:3096} INFO - Sync 1 DAGs
[2026-07-16T11:05:29.342+0000] {logging_mixin.py:188} INFO - [2026-07-16T11:05:29.341+0000] {dag.py:3954} INFO - Setting next_dagrun for example_weekday_branch_operator to 2026-07-15 00:00:00+00:00, run_after=2026-07-16 00:00:00+00:00
[2026-07-16T11:05:29.363+0000] {processor.py:183} INFO - Processing /home/airflow/.local/lib/python3.12/site-packages/airflow/example_dags/example_branch_day_of_week_operator.py took 0.104 seconds
[2026-07-16T11:06:00.370+0000] {processor.py:161} INFO - Started process (PID=368) to work on /home/airflow/.local/lib/python3.12/site-packages/airflow/example_dags/example_branch_day_of_week_operator.py
[2026-07-16T11:06:00.372+0000] {processor.py:830} INFO - Processing file /home/airflow/.local/lib/python3.12/site-packages/airflow/example_dags/example_branch_day_of_week_operator.py for tasks to queue
[2026-07-16T11:06:00.374+0000] {logging_mixin.py:188} INFO - [2026-07-16T11:06:00.374+0000] {dagbag.py:540} INFO - Filling up the DagBag from /home/airflow/.local/lib/python3.12/site-packages/airflow/example_dags/example_branch_day_of_week_operator.py
[2026-07-16T11:06:00.381+0000] {processor.py:840} INFO - DAG(s) 'example_weekday_branch_operator' retrieved from /home/airflow/.local/lib/python3.12/site-packages/airflow/example_dags/example_branch_day_of_week_operator.py
[2026-07-16T11:06:00.402+0000] {logging_mixin.py:188} INFO - [2026-07-16T11:06:00.402+0000] {dag.py:3096} INFO - Sync 1 DAGs
[2026-07-16T11:06:00.422+0000] {logging_mixin.py:188} INFO - [2026-07-16T11:06:00.422+0000] {dag.py:3954} INFO - Setting next_dagrun for example_weekday_branch_operator to 2026-07-15 00:00:00+00:00, run_after=2026-07-16 00:00:00+00:00
[2026-07-16T11:06:00.440+0000] {processor.py:183} INFO - Processing /home/airflow/.local/lib/python3.12/site-packages/airflow/example_dags/example_branch_day_of_week_operator.py took 0.075 seconds
[2026-07-16T11:06:30.588+0000] {processor.py:161} INFO - Started process (PID=426) to work on /home/airflow/.local/lib/python3.12/site-packages/airflow/example_dags/example_branch_day_of_week_operator.py
[2026-07-16T11:06:30.589+0000] {processor.py:830} INFO - Processing file /home/airflow/.local/lib/python3.12/site-packages/airflow/example_dags/example_branch_day_of_week_operator.py for tasks to queue
[2026-07-16T11:06:30.591+0000] {logging_mixin.py:188} INFO - [2026-07-16T11:06:30.591+0000] {dagbag.py:540} INFO - Filling up the DagBag from /home/airflow/.local/lib/python3.12/site-packages/airflow/example_dags/example_branch_day_of_week_operator.py
[2026-07-16T11:06:30.598+0000] {processor.py:840} INFO - DAG(s) 'example_weekday_branch_operator' retrieved from /home/airflow/.local/lib/python3.12/site-packages/airflow/example_dags/example_branch_day_of_week_operator.py
[2026-07-16T11:06:30.616+0000] {logging_mixin.py:188} INFO - [2026-07-16T11:06:30.616+0000] {dag.py:3096} INFO - Sync 1 DAGs
[2026-07-16T11:06:30.637+0000] {logging_mixin.py:188} INFO - [2026-07-16T11:06:30.636+0000] {dag.py:3954} INFO - Setting next_dagrun for example_weekday_branch_operator to 2026-07-15 00:00:00+00:00, run_after=2026-07-16 00:00:00+00:00
[2026-07-16T11:06:30.655+0000] {processor.py:183} INFO - Processing /home/airflow/.local/lib/python3.12/site-packages/airflow/example_dags/example_branch_day_of_week_operator.py took 0.072 seconds
[2026-07-16T11:07:00.746+0000] {processor.py:161} INFO - Started process (PID=485) to work on /home/airflow/.local/lib/python3.12/site-packages/airflow/example_dags/example_branch_day_of_week_operator.py
[2026-07-16T11:07:00.748+0000] {processor.py:830} INFO - Processing file /home/airflow/.local/lib/python3.12/site-packages/airflow/example_dags/example_branch_day_of_week_operator.py for tasks to queue
[2026-07-16T11:07:00.750+0000] {logging_mixin.py:188} INFO - [2026-07-16T11:07:00.750+0000] {dagbag.py:540} INFO - Filling up the DagBag from /home/airflow/.local/lib/python3.12/site-packages/airflow/example_dags/example_branch_day_of_week_operator.py
[2026-07-16T11:07:00.757+0000] {processor.py:840} INFO - DAG(s) 'example_weekday_branch_operator' retrieved from /home/airflow/.local/lib/python3.12/site-packages/airflow/example_dags/example_branch_day_of_week_operator.py
[2026-07-16T11:07:00.774+0000] {logging_mixin.py:188} INFO - [2026-07-16T11:07:00.774+0000] {dag.py:3096} INFO - Sync 1 DAGs
[2026-07-16T11:07:00.793+0000] {logging_mixin.py:188} INFO - [2026-07-16T11:07:00.792+0000] {dag.py:3954} INFO - Setting next_dagrun for example_weekday_branch_operator to 2026-07-15 00:00:00+00:00, run_after=2026-07-16 00:00:00+00:00
[2026-07-16T11:07:00.811+0000] {processor.py:183} INFO - Processing /home/airflow/.local/lib/python3.12/site-packages/airflow/example_dags/example_branch_day_of_week_operator.py took 0.070 seconds
[2026-07-16T11:07:31.176+0000] {processor.py:161} INFO - Started process (PID=544) to work on /home/airflow/.local/lib/python3.12/site-packages/airflow/example_dags/example_branch_day_of_week_operator.py
[2026-07-16T11:07:31.177+0000] {processor.py:830} INFO - Processing file /home/airflow/.local/lib/python3.12/site-packages/airflow/example_dags/example_branch_day_of_week_operator.py for tasks to queue
[2026-07-16T11:07:31.180+0000] {logging_mixin.py:188} INFO - [2026-07-16T11:07:31.180+0000] {dagbag.py:540} INFO - Filling up the DagBag from /home/airflow/.local/lib/python3.12/site-packages/airflow/example_dags/example_branch_day_of_week_operator.py
[2026-07-16T11:07:31.187+0000] {processor.py:840} INFO - DAG(s) 'example_weekday_branch_operator' retrieved from /home/airflow/.local/lib/python3.12/site-packages/airflow/example_dags/example_branch_day_of_week_operator.py
[2026-07-16T11:07:31.207+0000] {logging_mixin.py:188} INFO - [2026-07-16T11:07:31.206+0000] {dag.py:3096} INFO - Sync 1 DAGs
[2026-07-16T11:07:31.226+0000] {logging_mixin.py:188} INFO - [2026-07-16T11:07:31.226+0000] {dag.py:3954} INFO - Setting next_dagrun for example_weekday_branch_operator to 2026-07-15 00:00:00+00:00, run_after=2026-07-16 00:00:00+00:00
[2026-07-16T11:07:31.244+0000] {processor.py:183} INFO - Processing /home/airflow/.local/lib/python3.12/site-packages/airflow/example_dags/example_branch_day_of_week_operator.py took 0.074 seconds
[2026-07-16T11:08:01.690+0000] {processor.py:161} INFO - Started process (PID=603) to work on /home/airflow/.local/lib/python3.12/site-packages/airflow/example_dags/example_branch_day_of_week_operator.py
[2026-07-16T11:08:01.692+0000] {processor.py:830} INFO - Processing file /home/airflow/.local/lib/python3.12/site-packages/airflow/example_dags/example_branch_day_of_week_operator.py for tasks to queue
[2026-07-16T11:08:01.695+0000] {logging_mixin.py:188} INFO - [2026-07-16T11:08:01.694+0000] {dagbag.py:540} INFO - Filling up the DagBag from /home/airflow/.local/lib/python3.12/site-packages/airflow/example_dags/example_branch_day_of_week_operator.py
[2026-07-16T11:08:01.703+0000] {processor.py:840} INFO - DAG(s) 'example_weekday_branch_operator' retrieved from /home/airflow/.local/lib/python3.12/site-packages/airflow/example_dags/example_branch_day_of_week_operator.py
[2026-07-16T11:08:01.720+0000] {logging_mixin.py:188} INFO - [2026-07-16T11:08:01.720+0000] {dag.py:3096} INFO - Sync 1 DAGs
[2026-07-16T11:08:01.739+0000] {logging_mixin.py:188} INFO - [2026-07-16T11:08:01.739+0000] {dag.py:3954} INFO - Setting next_dagrun for example_weekday_branch_operator to 2026-07-15 00:00:00+00:00, run_after=2026-07-16 00:00:00+00:00
[2026-07-16T11:08:01.756+0000] {processor.py:183} INFO - Processing /home/airflow/.local/lib/python3.12/site-packages/airflow/example_dags/example_branch_day_of_week_operator.py took 0.071 seconds
[2026-07-16T11:08:31.978+0000] {processor.py:161} INFO - Started process (PID=662) to work on /home/airflow/.local/lib/python3.12/site-packages/airflow/example_dags/example_branch_day_of_week_operator.py
[2026-07-16T11:08:31.980+0000] {processor.py:830} INFO - Processing file /home/airflow/.local/lib/python3.12/site-packages/airflow/example_dags/example_branch_day_of_week_operator.py for tasks to queue
[2026-07-16T11:08:31.982+0000] {logging_mixin.py:188} INFO - [2026-07-16T11:08:31.982+0000] {dagbag.py:540} INFO - Filling up the DagBag from /home/airflow/.local/lib/python3.12/site-packages/airflow/example_dags/example_branch_day_of_week_operator.py
[2026-07-16T11:08:31.989+0000] {processor.py:840} INFO - DAG(s) 'example_weekday_branch_operator' retrieved from /home/airflow/.local/lib/python3.12/site-packages/airflow/example_dags/example_branch_day_of_week_operator.py
[2026-07-16T11:08:32.006+0000] {logging_mixin.py:188} INFO - [2026-07-16T11:08:32.006+0000] {dag.py:3096} INFO - Sync 1 DAGs
[2026-07-16T11:08:32.024+0000] {logging_mixin.py:188} INFO - [2026-07-16T11:08:32.024+0000] {dag.py:3954} INFO - Setting next_dagrun for example_weekday_branch_operator to 2026-07-15 00:00:00+00:00, run_after=2026-07-16 00:00:00+00:00
[2026-07-16T11:08:32.040+0000] {processor.py:183} INFO - Processing /home/airflow/.local/lib/python3.12/site-packages/airflow/example_dags/example_branch_day_of_week_operator.py took 0.067 seconds
[2026-07-16T11:09:02.203+0000] {processor.py:161} INFO - Started process (PID=721) to work on /home/airflow/.local/lib/python3.12/site-packages/airflow/example_dags/example_branch_day_of_week_operator.py
[2026-07-16T11:09:02.204+0000] {processor.py:830} INFO - Processing file /home/airflow/.local/lib/python3.12/site-packages/airflow/example_dags/example_branch_day_of_week_operator.py for tasks to queue
[2026-07-16T11:09:02.207+0000] {logging_mixin.py:188} INFO - [2026-07-16T11:09:02.206+0000] {dagbag.py:540} INFO - Filling up the DagBag from /home/airflow/.local/lib/python3.12/site-packages/airflow/example_dags/example_branch_day_of_week_operator.py
[2026-07-16T11:09:02.215+0000] {processor.py:840} INFO - DAG(s) 'example_weekday_branch_operator' retrieved from /home/airflow/.local/lib/python3.12/site-packages/airflow/example_dags/example_branch_day_of_week_operator.py
[2026-07-16T11:09:02.233+0000] {logging_mixin.py:188} INFO - [2026-07-16T11:09:02.233+0000] {dag.py:3096} INFO - Sync 1 DAGs
[2026-07-16T11:09:02.251+0000] {logging_mixin.py:188} INFO - [2026-07-16T11:09:02.251+0000] {dag.py:3954} INFO - Setting next_dagrun for example_weekday_branch_operator to 2026-07-15 00:00:00+00:00, run_after=2026-07-16 00:00:00+00:00
[2026-07-16T11:09:02.268+0000] {processor.py:183} INFO - Processing /home/airflow/.local/lib/python3.12/site-packages/airflow/example_dags/example_branch_day_of_week_operator.py took 0.070 seconds
[2026-07-16T11:09:32.786+0000] {processor.py:161} INFO - Started process (PID=780) to work on /home/airflow/.local/lib/python3.12/site-packages/airflow/example_dags/example_branch_day_of_week_operator.py
[2026-07-16T11:09:32.788+0000] {processor.py:830} INFO - Processing file /home/airflow/.local/lib/python3.12/site-packages/airflow/example_dags/example_branch_day_of_week_operator.py for tasks to queue
[2026-07-16T11:09:32.790+0000] {logging_mixin.py:188} INFO - [2026-07-16T11:09:32.790+0000] {dagbag.py:540} INFO - Filling up the DagBag from /home/airflow/.local/lib/python3.12/site-packages/airflow/example_dags/example_branch_day_of_week_operator.py
[2026-07-16T11:09:32.798+0000] {processor.py:840} INFO - DAG(s) 'example_weekday_branch_operator' retrieved from /home/airflow/.local/lib/python3.12/site-packages/airflow/example_dags/example_branch_day_of_week_operator.py
[2026-07-16T11:09:32.817+0000] {logging_mixin.py:188} INFO - [2026-07-16T11:09:32.817+0000] {dag.py:3096} INFO - Sync 1 DAGs
[2026-07-16T11:09:32.836+0000] {logging_mixin.py:188} INFO - [2026-07-16T11:09:32.836+0000] {dag.py:3954} INFO - Setting next_dagrun for example_weekday_branch_operator to 2026-07-15 00:00:00+00:00, run_after=2026-07-16 00:00:00+00:00
[2026-07-16T11:09:32.855+0000] {processor.py:183} INFO - Processing /home/airflow/.local/lib/python3.12/site-packages/airflow/example_dags/example_branch_day_of_week_operator.py took 0.076 seconds
[2026-07-16T11:10:02.966+0000] {processor.py:161} INFO - Started process (PID=839) to work on /home/airflow/.local/lib/python3.12/site-packages/airflow/example_dags/example_branch_day_of_week_operator.py
[2026-07-16T11:10:02.967+0000] {processor.py:830} INFO - Processing file /home/airflow/.local/lib/python3.12/site-packages/airflow/example_dags/example_branch_day_of_week_operator.py for tasks to queue
[2026-07-16T11:10:02.970+0000] {logging_mixin.py:188} INFO - [2026-07-16T11:10:02.969+0000] {dagbag.py:540} INFO - Filling up the DagBag from /home/airflow/.local/lib/python3.12/site-packages/airflow/example_dags/example_branch_day_of_week_operator.py
[2026-07-16T11:10:02.976+0000] {processor.py:840} INFO - DAG(s) 'example_weekday_branch_operator' retrieved from /home/airflow/.local/lib/python3.12/site-packages/airflow/example_dags/example_branch_day_of_week_operator.py
[2026-07-16T11:10:02.996+0000] {logging_mixin.py:188} INFO - [2026-07-16T11:10:02.996+0000] {dag.py:3096} INFO - Sync 1 DAGs
[2026-07-16T11:10:03.015+0000] {logging_mixin.py:188} INFO - [2026-07-16T11:10:03.015+0000] {dag.py:3954} INFO - Setting next_dagrun for example_weekday_branch_operator to 2026-07-15 00:00:00+00:00, run_after=2026-07-16 00:00:00+00:00
[2026-07-16T11:10:03.034+0000] {processor.py:183} INFO - Processing /home/airflow/.local/lib/python3.12/site-packages/airflow/example_dags/example_branch_day_of_week_operator.py took 0.073 seconds
[2026-07-16T11:10:33.246+0000] {processor.py:161} INFO - Started process (PID=898) to work on /home/airflow/.local/lib/python3.12/site-packages/airflow/example_dags/example_branch_day_of_week_operator.py
[2026-07-16T11:10:33.247+0000] {processor.py:830} INFO - Processing file /home/airflow/.local/lib/python3.12/site-packages/airflow/example_dags/example_branch_day_of_week_operator.py for tasks to queue
[2026-07-16T11:10:33.250+0000] {logging_mixin.py:188} INFO - [2026-07-16T11:10:33.250+0000] {dagbag.py:540} INFO - Filling up the DagBag from /home/airflow/.local/lib/python3.12/site-packages/airflow/example_dags/example_branch_day_of_week_operator.py
[2026-07-16T11:10:33.257+0000] {processor.py:840} INFO - DAG(s) 'example_weekday_branch_operator' retrieved from /home/airflow/.local/lib/python3.12/site-packages/airflow/example_dags/example_branch_day_of_week_operator.py
[2026-07-16T11:10:33.277+0000] {logging_mixin.py:188} INFO - [2026-07-16T11:10:33.277+0000] {dag.py:3096} INFO - Sync 1 DAGs
[2026-07-16T11:10:33.297+0000] {logging_mixin.py:188} INFO - [2026-07-16T11:10:33.297+0000] {dag.py:3954} INFO - Setting next_dagrun for example_weekday_branch_operator to 2026-07-15 00:00:00+00:00, run_after=2026-07-16 00:00:00+00:00
[2026-07-16T11:10:33.316+0000] {processor.py:183} INFO - Processing /home/airflow/.local/lib/python3.12/site-packages/airflow/example_dags/example_branch_day_of_week_operator.py took 0.075 seconds
[2026-07-16T11:11:03.894+0000] {processor.py:161} INFO - Started process (PID=957) to work on /home/airflow/.local/lib/python3.12/site-packages/airflow/example_dags/example_branch_day_of_week_operator.py
[2026-07-16T11:11:03.896+0000] {processor.py:830} INFO - Processing file /home/airflow/.local/lib/python3.12/site-packages/airflow/example_dags/example_branch_day_of_week_operator.py for tasks to queue
[2026-07-16T11:11:03.899+0000] {logging_mixin.py:188} INFO - [2026-07-16T11:11:03.898+0000] {dagbag.py:540} INFO - Filling up the DagBag from /home/airflow/.local/lib/python3.12/site-packages/airflow/example_dags/example_branch_day_of_week_operator.py
[2026-07-16T11:11:03.907+0000] {processor.py:840} INFO - DAG(s) 'example_weekday_branch_operator' retrieved from /home/airflow/.local/lib/python3.12/site-packages/airflow/example_dags/example_branch_day_of_week_operator.py
[2026-07-16T11:11:03.925+0000] {logging_mixin.py:188} INFO - [2026-07-16T11:11:03.925+0000] {dag.py:3096} INFO - Sync 1 DAGs
[2026-07-16T11:11:03.945+0000] {logging_mixin.py:188} INFO - [2026-07-16T11:11:03.945+0000] {dag.py:3954} INFO - Setting next_dagrun for example_weekday_branch_operator to 2026-07-15 00:00:00+00:00, run_after=2026-07-16 00:00:00+00:00
[2026-07-16T11:11:03.963+0000] {processor.py:183} INFO - Processing /home/airflow/.local/lib/python3.12/site-packages/airflow/example_dags/example_branch_day_of_week_operator.py took 0.075 seconds
[2026-07-16T11:11:34.245+0000] {processor.py:161} INFO - Started process (PID=1016) to work on /home/airflow/.local/lib/python3.12/site-packages/airflow/example_dags/example_branch_day_of_week_operator.py
[2026-07-16T11:11:34.247+0000] {processor.py:830} INFO - Processing file /home/airflow/.local/lib/python3.12/site-packages/airflow/example_dags/example_branch_day_of_week_operator.py for tasks to queue
[2026-07-16T11:11:34.249+0000] {logging_mixin.py:188} INFO - [2026-07-16T11:11:34.249+0000] {dagbag.py:540} INFO - Filling up the DagBag from /home/airflow/.local/lib/python3.12/site-packages/airflow/example_dags/example_branch_day_of_week_operator.py
[2026-07-16T11:11:34.255+0000] {processor.py:840} INFO - DAG(s) 'example_weekday_branch_operator' retrieved from /home/airflow/.local/lib/python3.12/site-packages/airflow/example_dags/example_branch_day_of_week_operator.py
[2026-07-16T11:11:34.273+0000] {logging_mixin.py:188} INFO - [2026-07-16T11:11:34.272+0000] {dag.py:3096} INFO - Sync 1 DAGs
[2026-07-16T11:11:34.292+0000] {logging_mixin.py:188} INFO - [2026-07-16T11:11:34.292+0000] {dag.py:3954} INFO - Setting next_dagrun for example_weekday_branch_operator to 2026-07-15 00:00:00+00:00, run_after=2026-07-16 00:00:00+00:00
[2026-07-16T11:11:34.310+0000] {processor.py:183} INFO - Processing /home/airflow/.local/lib/python3.12/site-packages/airflow/example_dags/example_branch_day_of_week_operator.py took 0.071 seconds
[2026-07-16T11:12:04.772+0000] {processor.py:161} INFO - Started process (PID=1075) to work on /home/airflow/.local/lib/python3.12/site-packages/airflow/example_dags/example_branch_day_of_week_operator.py
[2026-07-16T11:12:04.774+0000] {processor.py:830} INFO - Processing file /home/airflow/.local/lib/python3.12/site-packages/airflow/example_dags/example_branch_day_of_week_operator.py for tasks to queue
[2026-07-16T11:12:04.776+0000] {logging_mixin.py:188} INFO - [2026-07-16T11:12:04.776+0000] {dagbag.py:540} INFO - Filling up the DagBag from /home/airflow/.local/lib/python3.12/site-packages/airflow/example_dags/example_branch_day_of_week_operator.py
[2026-07-16T11:12:04.783+0000] {processor.py:840} INFO - DAG(s) 'example_weekday_branch_operator' retrieved from /home/airflow/.local/lib/python3.12/site-packages/airflow/example_dags/example_branch_day_of_week_operator.py
[2026-07-16T11:12:04.802+0000] {logging_mixin.py:188} INFO - [2026-07-16T11:12:04.802+0000] {dag.py:3096} INFO - Sync 1 DAGs
[2026-07-16T11:12:04.824+0000] {logging_mixin.py:188} INFO - [2026-07-16T11:12:04.823+0000] {dag.py:3954} INFO - Setting next_dagrun for example_weekday_branch_operator to 2026-07-15 00:00:00+00:00, run_after=2026-07-16 00:00:00+00:00
[2026-07-16T11:12:04.906+0000] {processor.py:183} INFO - Processing /home/airflow/.local/lib/python3.12/site-packages/airflow/example_dags/example_branch_day_of_week_operator.py took 0.139 seconds
[2026-07-16T11:12:35.560+0000] {processor.py:161} INFO - Started process (PID=1134) to work on /home/airflow/.local/lib/python3.12/site-packages/airflow/example_dags/example_branch_day_of_week_operator.py
[2026-07-16T11:12:35.563+0000] {processor.py:830} INFO - Processing file /home/airflow/.local/lib/python3.12/site-packages/airflow/example_dags/example_branch_day_of_week_operator.py for tasks to queue
[2026-07-16T11:12:35.567+0000] {logging_mixin.py:188} INFO - [2026-07-16T11:12:35.566+0000] {dagbag.py:540} INFO - Filling up the DagBag from /home/airflow/.local/lib/python3.12/site-packages/airflow/example_dags/example_branch_day_of_week_operator.py
[2026-07-16T11:12:35.575+0000] {processor.py:840} INFO - DAG(s) 'example_weekday_branch_operator' retrieved from /home/airflow/.local/lib/python3.12/site-packages/airflow/example_dags/example_branch_day_of_week_operator.py
[2026-07-16T11:12:35.761+0000] {logging_mixin.py:188} INFO - [2026-07-16T11:12:35.761+0000] {dag.py:3096} INFO - Sync 1 DAGs
[2026-07-16T11:12:35.790+0000] {logging_mixin.py:188} INFO - [2026-07-16T11:12:35.790+0000] {dag.py:3954} INFO - Setting next_dagrun for example_weekday_branch_operator to 2026-07-15 00:00:00+00:00, run_after=2026-07-16 00:00:00+00:00
[2026-07-16T11:12:35.814+0000] {processor.py:183} INFO - Processing /home/airflow/.local/lib/python3.12/site-packages/airflow/example_dags/example_branch_day_of_week_operator.py took 0.261 seconds
[2026-07-16T11:13:06.748+0000] {processor.py:161} INFO - Started process (PID=1193) to work on /home/airflow/.local/lib/python3.12/site-packages/airflow/example_dags/example_branch_day_of_week_operator.py
[2026-07-16T11:13:06.749+0000] {processor.py:830} INFO - Processing file /home/airflow/.local/lib/python3.12/site-packages/airflow/example_dags/example_branch_day_of_week_operator.py for tasks to queue
[2026-07-16T11:13:06.751+0000] {logging_mixin.py:188} INFO - [2026-07-16T11:13:06.751+0000] {dagbag.py:540} INFO - Filling up the DagBag from /home/airflow/.local/lib/python3.12/site-packages/airflow/example_dags/example_branch_day_of_week_operator.py
[2026-07-16T11:13:06.758+0000] {processor.py:840} INFO - DAG(s) 'example_weekday_branch_operator' retrieved from /home/airflow/.local/lib/python3.12/site-packages/airflow/example_dags/example_branch_day_of_week_operator.py
[2026-07-16T11:13:06.779+0000] {logging_mixin.py:188} INFO - [2026-07-16T11:13:06.778+0000] {dag.py:3096} INFO - Sync 1 DAGs
[2026-07-16T11:13:06.798+0000] {logging_mixin.py:188} INFO - [2026-07-16T11:13:06.798+0000] {dag.py:3954} INFO - Setting next_dagrun for example_weekday_branch_operator to 2026-07-15 00:00:00+00:00, run_after=2026-07-16 00:00:00+00:00
[2026-07-16T11:13:06.819+0000] {processor.py:183} INFO - Processing /home/airflow/.local/lib/python3.12/site-packages/airflow/example_dags/example_branch_day_of_week_operator.py took 0.075 seconds
[2026-07-16T11:13:37.047+0000] {processor.py:161} INFO - Started process (PID=1252) to work on /home/airflow/.local/lib/python3.12/site-packages/airflow/example_dags/example_branch_day_of_week_operator.py
[2026-07-16T11:13:37.048+0000] {processor.py:830} INFO - Processing file /home/airflow/.local/lib/python3.12/site-packages/airflow/example_dags/example_branch_day_of_week_operator.py for tasks to queue
[2026-07-16T11:13:37.050+0000] {logging_mixin.py:188} INFO - [2026-07-16T11:13:37.050+0000] {dagbag.py:540} INFO - Filling up the DagBag from /home/airflow/.local/lib/python3.12/site-packages/airflow/example_dags/example_branch_day_of_week_operator.py
[2026-07-16T11:13:37.057+0000] {processor.py:840} INFO - DAG(s) 'example_weekday_branch_operator' retrieved from /home/airflow/.local/lib/python3.12/site-packages/airflow/example_dags/example_branch_day_of_week_operator.py
[2026-07-16T11:13:37.080+0000] {logging_mixin.py:188} INFO - [2026-07-16T11:13:37.079+0000] {dag.py:3096} INFO - Sync 1 DAGs
[2026-07-16T11:13:37.098+0000] {logging_mixin.py:188} INFO - [2026-07-16T11:13:37.098+0000] {dag.py:3954} INFO - Setting next_dagrun for example_weekday_branch_operator to 2026-07-15 00:00:00+00:00, run_after=2026-07-16 00:00:00+00:00
[2026-07-16T11:13:37.119+0000] {processor.py:183} INFO - Processing /home/airflow/.local/lib/python3.12/site-packages/airflow/example_dags/example_branch_day_of_week_operator.py took 0.077 seconds
[2026-07-16T11:14:07.252+0000] {processor.py:161} INFO - Started process (PID=1311) to work on /home/airflow/.local/lib/python3.12/site-packages/airflow/example_dags/example_branch_day_of_week_operator.py
[2026-07-16T11:14:07.253+0000] {processor.py:830} INFO - Processing file /home/airflow/.local/lib/python3.12/site-packages/airflow/example_dags/example_branch_day_of_week_operator.py for tasks to queue
[2026-07-16T11:14:07.256+0000] {logging_mixin.py:188} INFO - [2026-07-16T11:14:07.255+0000] {dagbag.py:540} INFO - Filling up the DagBag from /home/airflow/.local/lib/python3.12/site-packages/airflow/example_dags/example_branch_day_of_week_operator.py
[2026-07-16T11:14:07.263+0000] {processor.py:840} INFO - DAG(s) 'example_weekday_branch_operator' retrieved from /home/airflow/.local/lib/python3.12/site-packages/airflow/example_dags/example_branch_day_of_week_operator.py
[2026-07-16T11:14:07.282+0000] {logging_mixin.py:188} INFO - [2026-07-16T11:14:07.282+0000] {dag.py:3096} INFO - Sync 1 DAGs
[2026-07-16T11:14:07.302+0000] {logging_mixin.py:188} INFO - [2026-07-16T11:14:07.302+0000] {dag.py:3954} INFO - Setting next_dagrun for example_weekday_branch_operator to 2026-07-15 00:00:00+00:00, run_after=2026-07-16 00:00:00+00:00
[2026-07-16T11:14:07.322+0000] {processor.py:183} INFO - Processing /home/airflow/.local/lib/python3.12/site-packages/airflow/example_dags/example_branch_day_of_week_operator.py took 0.074 seconds
[2026-07-16T11:14:37.449+0000] {processor.py:161} INFO - Started process (PID=1370) to work on /home/airflow/.local/lib/python3.12/site-packages/airflow/example_dags/example_branch_day_of_week_operator.py
[2026-07-16T11:14:37.450+0000] {processor.py:830} INFO - Processing file /home/airflow/.local/lib/python3.12/site-packages/airflow/example_dags/example_branch_day_of_week_operator.py for tasks to queue
[2026-07-16T11:14:37.453+0000] {logging_mixin.py:188} INFO - [2026-07-16T11:14:37.453+0000] {dagbag.py:540} INFO - Filling up the DagBag from /home/airflow/.local/lib/python3.12/site-packages/airflow/example_dags/example_branch_day_of_week_operator.py
[2026-07-16T11:14:37.459+0000] {processor.py:840} INFO - DAG(s) 'example_weekday_branch_operator' retrieved from /home/airflow/.local/lib/python3.12/site-packages/airflow/example_dags/example_branch_day_of_week_operator.py
[2026-07-16T11:14:37.482+0000] {logging_mixin.py:188} INFO - [2026-07-16T11:14:37.481+0000] {dag.py:3096} INFO - Sync 1 DAGs
[2026-07-16T11:14:37.502+0000] {logging_mixin.py:188} INFO - [2026-07-16T11:14:37.502+0000] {dag.py:3954} INFO - Setting next_dagrun for example_weekday_branch_operator to 2026-07-15 00:00:00+00:00, run_after=2026-07-16 00:00:00+00:00
[2026-07-16T11:14:37.532+0000] {processor.py:183} INFO - Processing /home/airflow/.local/lib/python3.12/site-packages/airflow/example_dags/example_branch_day_of_week_operator.py took 0.088 seconds
[2026-07-16T11:15:07.634+0000] {processor.py:161} INFO - Started process (PID=1429) to work on /home/airflow/.local/lib/python3.12/site-packages/airflow/example_dags/example_branch_day_of_week_operator.py
[2026-07-16T11:15:07.637+0000] {processor.py:830} INFO - Processing file /home/airflow/.local/lib/python3.12/site-packages/airflow/example_dags/example_branch_day_of_week_operator.py for tasks to queue
[2026-07-16T11:15:07.642+0000] {logging_mixin.py:188} INFO - [2026-07-16T11:15:07.642+0000] {dagbag.py:540} INFO - Filling up the DagBag from /home/airflow/.local/lib/python3.12/site-packages/airflow/example_dags/example_branch_day_of_week_operator.py
[2026-07-16T11:15:07.663+0000] {processor.py:840} INFO - DAG(s) 'example_weekday_branch_operator' retrieved from /home/airflow/.local/lib/python3.12/site-packages/airflow/example_dags/example_branch_day_of_week_operator.py
[2026-07-16T11:15:07.693+0000] {logging_mixin.py:188} INFO - [2026-07-16T11:15:07.693+0000] {dag.py:3096} INFO - Sync 1 DAGs
[2026-07-16T11:15:07.734+0000] {logging_mixin.py:188} INFO - [2026-07-16T11:15:07.734+0000] {dag.py:3954} INFO - Setting next_dagrun for example_weekday_branch_operator to 2026-07-15 00:00:00+00:00, run_after=2026-07-16 00:00:00+00:00
[2026-07-16T11:15:07.761+0000] {processor.py:183} INFO - Processing /home/airflow/.local/lib/python3.12/site-packages/airflow/example_dags/example_branch_day_of_week_operator.py took 0.141 seconds
[2026-07-16T11:15:37.961+0000] {processor.py:161} INFO - Started process (PID=1488) to work on /home/airflow/.local/lib/python3.12/site-packages/airflow/example_dags/example_branch_day_of_week_operator.py
[2026-07-16T11:15:37.964+0000] {processor.py:830} INFO - Processing file /home/airflow/.local/lib/python3.12/site-packages/airflow/example_dags/example_branch_day_of_week_operator.py for tasks to queue
[2026-07-16T11:15:37.969+0000] {logging_mixin.py:188} INFO - [2026-07-16T11:15:37.968+0000] {dagbag.py:540} INFO - Filling up the DagBag from /home/airflow/.local/lib/python3.12/site-packages/airflow/example_dags/example_branch_day_of_week_operator.py
[2026-07-16T11:15:37.983+0000] {processor.py:840} INFO - DAG(s) 'example_weekday_branch_operator' retrieved from /home/airflow/.local/lib/python3.12/site-packages/airflow/example_dags/example_branch_day_of_week_operator.py
[2026-07-16T11:15:38.013+0000] {logging_mixin.py:188} INFO - [2026-07-16T11:15:38.013+0000] {dag.py:3096} INFO - Sync 1 DAGs
[2026-07-16T11:15:38.046+0000] {logging_mixin.py:188} INFO - [2026-07-16T11:15:38.046+0000] {dag.py:3954} INFO - Setting next_dagrun for example_weekday_branch_operator to 2026-07-15 00:00:00+00:00, run_after=2026-07-16 00:00:00+00:00
[2026-07-16T11:15:38.069+0000] {processor.py:183} INFO - Processing /home/airflow/.local/lib/python3.12/site-packages/airflow/example_dags/example_branch_day_of_week_operator.py took 0.118 seconds
[2026-07-16T11:16:09.081+0000] {processor.py:161} INFO - Started process (PID=1547) to work on /home/airflow/.local/lib/python3.12/site-packages/airflow/example_dags/example_branch_day_of_week_operator.py
[2026-07-16T11:16:09.082+0000] {processor.py:830} INFO - Processing file /home/airflow/.local/lib/python3.12/site-packages/airflow/example_dags/example_branch_day_of_week_operator.py for tasks to queue
[2026-07-16T11:16:09.084+0000] {logging_mixin.py:188} INFO - [2026-07-16T11:16:09.084+0000] {dagbag.py:540} INFO - Filling up the DagBag from /home/airflow/.local/lib/python3.12/site-packages/airflow/example_dags/example_branch_day_of_week_operator.py
[2026-07-16T11:16:09.091+0000] {processor.py:840} INFO - DAG(s) 'example_weekday_branch_operator' retrieved from /home/airflow/.local/lib/python3.12/site-packages/airflow/example_dags/example_branch_day_of_week_operator.py
[2026-07-16T11:16:09.110+0000] {logging_mixin.py:188} INFO - [2026-07-16T11:16:09.110+0000] {dag.py:3096} INFO - Sync 1 DAGs
[2026-07-16T11:16:09.130+0000] {logging_mixin.py:188} INFO - [2026-07-16T11:16:09.130+0000] {dag.py:3954} INFO - Setting next_dagrun for example_weekday_branch_operator to 2026-07-15 00:00:00+00:00, run_after=2026-07-16 00:00:00+00:00
[2026-07-16T11:16:09.149+0000] {processor.py:183} INFO - Processing /home/airflow/.local/lib/python3.12/site-packages/airflow/example_dags/example_branch_day_of_week_operator.py took 0.073 seconds
[2026-07-16T11:16:39.199+0000] {processor.py:161} INFO - Started process (PID=1606) to work on /home/airflow/.local/lib/python3.12/site-packages/airflow/example_dags/example_branch_day_of_week_operator.py
[2026-07-16T11:16:39.200+0000] {processor.py:830} INFO - Processing file /home/airflow/.local/lib/python3.12/site-packages/airflow/example_dags/example_branch_day_of_week_operator.py for tasks to queue
[2026-07-16T11:16:39.202+0000] {logging_mixin.py:188} INFO - [2026-07-16T11:16:39.202+0000] {dagbag.py:540} INFO - Filling up the DagBag from /home/airflow/.local/lib/python3.12/site-packages/airflow/example_dags/example_branch_day_of_week_operator.py
[2026-07-16T11:16:39.209+0000] {processor.py:840} INFO - DAG(s) 'example_weekday_branch_operator' retrieved from /home/airflow/.local/lib/python3.12/site-packages/airflow/example_dags/example_branch_day_of_week_operator.py
[2026-07-16T11:16:39.228+0000] {logging_mixin.py:188} INFO - [2026-07-16T11:16:39.228+0000] {dag.py:3096} INFO - Sync 1 DAGs
[2026-07-16T11:16:39.249+0000] {logging_mixin.py:188} INFO - [2026-07-16T11:16:39.249+0000] {dag.py:3954} INFO - Setting next_dagrun for example_weekday_branch_operator to 2026-07-15 00:00:00+00:00, run_after=2026-07-16 00:00:00+00:00
[2026-07-16T11:16:39.269+0000] {processor.py:183} INFO - Processing /home/airflow/.local/lib/python3.12/site-packages/airflow/example_dags/example_branch_day_of_week_operator.py took 0.075 seconds
[2026-07-16T11:17:09.739+0000] {processor.py:161} INFO - Started process (PID=1665) to work on /home/airflow/.local/lib/python3.12/site-packages/airflow/example_dags/example_branch_day_of_week_operator.py
[2026-07-16T11:17:09.740+0000] {processor.py:830} INFO - Processing file /home/airflow/.local/lib/python3.12/site-packages/airflow/example_dags/example_branch_day_of_week_operator.py for tasks to queue
[2026-07-16T11:17:09.743+0000] {logging_mixin.py:188} INFO - [2026-07-16T11:17:09.742+0000] {dagbag.py:540} INFO - Filling up the DagBag from /home/airflow/.local/lib/python3.12/site-packages/airflow/example_dags/example_branch_day_of_week_operator.py
[2026-07-16T11:17:09.750+0000] {processor.py:840} INFO - DAG(s) 'example_weekday_branch_operator' retrieved from /home/airflow/.local/lib/python3.12/site-packages/airflow/example_dags/example_branch_day_of_week_operator.py
[2026-07-16T11:17:09.774+0000] {logging_mixin.py:188} INFO - [2026-07-16T11:17:09.774+0000] {dag.py:3096} INFO - Sync 1 DAGs
[2026-07-16T11:17:09.797+0000] {logging_mixin.py:188} INFO - [2026-07-16T11:17:09.796+0000] {dag.py:3954} INFO - Setting next_dagrun for example_weekday_branch_operator to 2026-07-15 00:00:00+00:00, run_after=2026-07-16 00:00:00+00:00
[2026-07-16T11:17:09.820+0000] {processor.py:183} INFO - Processing /home/airflow/.local/lib/python3.12/site-packages/airflow/example_dags/example_branch_day_of_week_operator.py took 0.088 seconds
[2026-07-16T11:17:39.960+0000] {processor.py:161} INFO - Started process (PID=1724) to work on /home/airflow/.local/lib/python3.12/site-packages/airflow/example_dags/example_branch_day_of_week_operator.py
[2026-07-16T11:17:39.962+0000] {processor.py:830} INFO - Processing file /home/airflow/.local/lib/python3.12/site-packages/airflow/example_dags/example_branch_day_of_week_operator.py for tasks to queue
[2026-07-16T11:17:39.964+0000] {logging_mixin.py:188} INFO - [2026-07-16T11:17:39.964+0000] {dagbag.py:540} INFO - Filling up the DagBag from /home/airflow/.local/lib/python3.12/site-packages/airflow/example_dags/example_branch_day_of_week_operator.py
[2026-07-16T11:17:39.972+0000] {processor.py:840} INFO - DAG(s) 'example_weekday_branch_operator' retrieved from /home/airflow/.local/lib/python3.12/site-packages/airflow/example_dags/example_branch_day_of_week_operator.py
[2026-07-16T11:17:39.992+0000] {logging_mixin.py:188} INFO - [2026-07-16T11:17:39.991+0000] {dag.py:3096} INFO - Sync 1 DAGs
[2026-07-16T11:17:40.014+0000] {logging_mixin.py:188} INFO - [2026-07-16T11:17:40.013+0000] {dag.py:3954} INFO - Setting next_dagrun for example_weekday_branch_operator to 2026-07-15 00:00:00+00:00, run_after=2026-07-16 00:00:00+00:00
[2026-07-16T11:17:40.038+0000] {processor.py:183} INFO - Processing /home/airflow/.local/lib/python3.12/site-packages/airflow/example_dags/example_branch_day_of_week_operator.py took 0.085 seconds
[2026-07-16T11:18:10.439+0000] {processor.py:161} INFO - Started process (PID=1783) to work on /home/airflow/.local/lib/python3.12/site-packages/airflow/example_dags/example_branch_day_of_week_operator.py
[2026-07-16T11:18:10.452+0000] {processor.py:830} INFO - Processing file /home/airflow/.local/lib/python3.12/site-packages/airflow/example_dags/example_branch_day_of_week_operator.py for tasks to queue
[2026-07-16T11:18:10.460+0000] {logging_mixin.py:188} INFO - [2026-07-16T11:18:10.459+0000] {dagbag.py:540} INFO - Filling up the DagBag from /home/airflow/.local/lib/python3.12/site-packages/airflow/example_dags/example_branch_day_of_week_operator.py
[2026-07-16T11:18:10.484+0000] {processor.py:840} INFO - DAG(s) 'example_weekday_branch_operator' retrieved from /home/airflow/.local/lib/python3.12/site-packages/airflow/example_dags/example_branch_day_of_week_operator.py
[2026-07-16T11:18:10.554+0000] {logging_mixin.py:188} INFO - [2026-07-16T11:18:10.554+0000] {dag.py:3096} INFO - Sync 1 DAGs
[2026-07-16T11:18:10.624+0000] {logging_mixin.py:188} INFO - [2026-07-16T11:18:10.622+0000] {dag.py:3954} INFO - Setting next_dagrun for example_weekday_branch_operator to 2026-07-15 00:00:00+00:00, run_after=2026-07-16 00:00:00+00:00
[2026-07-16T11:18:10.677+0000] {processor.py:183} INFO - Processing /home/airflow/.local/lib/python3.12/site-packages/airflow/example_dags/example_branch_day_of_week_operator.py took 0.248 seconds
