[2026-07-16T11:03:29.687+0000] {processor.py:161} INFO - Started process (PID=99) to work on /home/airflow/.local/lib/python3.12/site-packages/airflow/example_dags/example_short_circuit_operator.py
[2026-07-16T11:03:29.689+0000] {processor.py:830} INFO - Processing file /home/airflow/.local/lib/python3.12/site-packages/airflow/example_dags/example_short_circuit_operator.py for tasks to queue
[2026-07-16T11:03:29.692+0000] {logging_mixin.py:188} INFO - [2026-07-16T11:03:29.691+0000] {dagbag.py:540} INFO - Filling up the DagBag from /home/airflow/.local/lib/python3.12/site-packages/airflow/example_dags/example_short_circuit_operator.py
[2026-07-16T11:03:29.704+0000] {processor.py:840} INFO - DAG(s) 'example_short_circuit_operator' retrieved from /home/airflow/.local/lib/python3.12/site-packages/airflow/example_dags/example_short_circuit_operator.py
[2026-07-16T11:03:29.726+0000] {logging_mixin.py:188} INFO - [2026-07-16T11:03:29.726+0000] {dag.py:3096} INFO - Sync 1 DAGs
[2026-07-16T11:03:29.790+0000] {logging_mixin.py:188} INFO - [2026-07-16T11:03:29.790+0000] {dag.py:3954} INFO - Setting next_dagrun for example_short_circuit_operator to 2026-07-15 00:00:00+00:00, run_after=2026-07-16 00:00:00+00:00
[2026-07-16T11:03:29.830+0000] {processor.py:183} INFO - Processing /home/airflow/.local/lib/python3.12/site-packages/airflow/example_dags/example_short_circuit_operator.py took 0.151 seconds
[2026-07-16T11:04:00.407+0000] {processor.py:161} INFO - Started process (PID=158) to work on /home/airflow/.local/lib/python3.12/site-packages/airflow/example_dags/example_short_circuit_operator.py
[2026-07-16T11:04:00.409+0000] {processor.py:830} INFO - Processing file /home/airflow/.local/lib/python3.12/site-packages/airflow/example_dags/example_short_circuit_operator.py for tasks to queue
[2026-07-16T11:04:00.411+0000] {logging_mixin.py:188} INFO - [2026-07-16T11:04:00.411+0000] {dagbag.py:540} INFO - Filling up the DagBag from /home/airflow/.local/lib/python3.12/site-packages/airflow/example_dags/example_short_circuit_operator.py
[2026-07-16T11:04:00.418+0000] {processor.py:840} INFO - DAG(s) 'example_short_circuit_operator' retrieved from /home/airflow/.local/lib/python3.12/site-packages/airflow/example_dags/example_short_circuit_operator.py
[2026-07-16T11:04:00.492+0000] {logging_mixin.py:188} INFO - [2026-07-16T11:04:00.491+0000] {dag.py:3096} INFO - Sync 1 DAGs
[2026-07-16T11:04:00.507+0000] {logging_mixin.py:188} INFO - [2026-07-16T11:04:00.507+0000] {dag.py:3954} INFO - Setting next_dagrun for example_short_circuit_operator to 2026-07-15 00:00:00+00:00, run_after=2026-07-16 00:00:00+00:00
[2026-07-16T11:04:00.526+0000] {processor.py:183} INFO - Processing /home/airflow/.local/lib/python3.12/site-packages/airflow/example_dags/example_short_circuit_operator.py took 0.123 seconds
[2026-07-16T11:04:31.376+0000] {processor.py:161} INFO - Started process (PID=218) to work on /home/airflow/.local/lib/python3.12/site-packages/airflow/example_dags/example_short_circuit_operator.py
[2026-07-16T11:04:31.378+0000] {processor.py:830} INFO - Processing file /home/airflow/.local/lib/python3.12/site-packages/airflow/example_dags/example_short_circuit_operator.py for tasks to queue
[2026-07-16T11:04:31.380+0000] {logging_mixin.py:188} INFO - [2026-07-16T11:04:31.380+0000] {dagbag.py:540} INFO - Filling up the DagBag from /home/airflow/.local/lib/python3.12/site-packages/airflow/example_dags/example_short_circuit_operator.py
[2026-07-16T11:04:31.387+0000] {processor.py:840} INFO - DAG(s) 'example_short_circuit_operator' retrieved from /home/airflow/.local/lib/python3.12/site-packages/airflow/example_dags/example_short_circuit_operator.py
[2026-07-16T11:04:31.407+0000] {logging_mixin.py:188} INFO - [2026-07-16T11:04:31.407+0000] {dag.py:3096} INFO - Sync 1 DAGs
[2026-07-16T11:04:31.427+0000] {logging_mixin.py:188} INFO - [2026-07-16T11:04:31.427+0000] {dag.py:3954} INFO - Setting next_dagrun for example_short_circuit_operator to 2026-07-15 00:00:00+00:00, run_after=2026-07-16 00:00:00+00:00
[2026-07-16T11:04:31.447+0000] {processor.py:183} INFO - Processing /home/airflow/.local/lib/python3.12/site-packages/airflow/example_dags/example_short_circuit_operator.py took 0.076 seconds
[2026-07-16T11:05:01.516+0000] {processor.py:161} INFO - Started process (PID=277) to work on /home/airflow/.local/lib/python3.12/site-packages/airflow/example_dags/example_short_circuit_operator.py
[2026-07-16T11:05:01.518+0000] {processor.py:830} INFO - Processing file /home/airflow/.local/lib/python3.12/site-packages/airflow/example_dags/example_short_circuit_operator.py for tasks to queue
[2026-07-16T11:05:01.520+0000] {logging_mixin.py:188} INFO - [2026-07-16T11:05:01.520+0000] {dagbag.py:540} INFO - Filling up the DagBag from /home/airflow/.local/lib/python3.12/site-packages/airflow/example_dags/example_short_circuit_operator.py
[2026-07-16T11:05:01.527+0000] {processor.py:840} INFO - DAG(s) 'example_short_circuit_operator' retrieved from /home/airflow/.local/lib/python3.12/site-packages/airflow/example_dags/example_short_circuit_operator.py
[2026-07-16T11:05:01.547+0000] {logging_mixin.py:188} INFO - [2026-07-16T11:05:01.547+0000] {dag.py:3096} INFO - Sync 1 DAGs
[2026-07-16T11:05:01.571+0000] {logging_mixin.py:188} INFO - [2026-07-16T11:05:01.570+0000] {dag.py:3954} INFO - Setting next_dagrun for example_short_circuit_operator to 2026-07-15 00:00:00+00:00, run_after=2026-07-16 00:00:00+00:00
[2026-07-16T11:05:01.591+0000] {processor.py:183} INFO - Processing /home/airflow/.local/lib/python3.12/site-packages/airflow/example_dags/example_short_circuit_operator.py took 0.079 seconds
[2026-07-16T11:05:31.793+0000] {processor.py:161} INFO - Started process (PID=336) to work on /home/airflow/.local/lib/python3.12/site-packages/airflow/example_dags/example_short_circuit_operator.py
[2026-07-16T11:05:31.795+0000] {processor.py:830} INFO - Processing file /home/airflow/.local/lib/python3.12/site-packages/airflow/example_dags/example_short_circuit_operator.py for tasks to queue
[2026-07-16T11:05:31.797+0000] {logging_mixin.py:188} INFO - [2026-07-16T11:05:31.797+0000] {dagbag.py:540} INFO - Filling up the DagBag from /home/airflow/.local/lib/python3.12/site-packages/airflow/example_dags/example_short_circuit_operator.py
[2026-07-16T11:05:31.805+0000] {processor.py:840} INFO - DAG(s) 'example_short_circuit_operator' retrieved from /home/airflow/.local/lib/python3.12/site-packages/airflow/example_dags/example_short_circuit_operator.py
[2026-07-16T11:05:31.827+0000] {logging_mixin.py:188} INFO - [2026-07-16T11:05:31.827+0000] {dag.py:3096} INFO - Sync 1 DAGs
[2026-07-16T11:05:31.848+0000] {logging_mixin.py:188} INFO - [2026-07-16T11:05:31.848+0000] {dag.py:3954} INFO - Setting next_dagrun for example_short_circuit_operator to 2026-07-15 00:00:00+00:00, run_after=2026-07-16 00:00:00+00:00
[2026-07-16T11:05:31.868+0000] {processor.py:183} INFO - Processing /home/airflow/.local/lib/python3.12/site-packages/airflow/example_dags/example_short_circuit_operator.py took 0.079 seconds
[2026-07-16T11:06:02.251+0000] {processor.py:161} INFO - Started process (PID=395) to work on /home/airflow/.local/lib/python3.12/site-packages/airflow/example_dags/example_short_circuit_operator.py
[2026-07-16T11:06:02.252+0000] {processor.py:830} INFO - Processing file /home/airflow/.local/lib/python3.12/site-packages/airflow/example_dags/example_short_circuit_operator.py for tasks to queue
[2026-07-16T11:06:02.255+0000] {logging_mixin.py:188} INFO - [2026-07-16T11:06:02.255+0000] {dagbag.py:540} INFO - Filling up the DagBag from /home/airflow/.local/lib/python3.12/site-packages/airflow/example_dags/example_short_circuit_operator.py
[2026-07-16T11:06:02.264+0000] {processor.py:840} INFO - DAG(s) 'example_short_circuit_operator' retrieved from /home/airflow/.local/lib/python3.12/site-packages/airflow/example_dags/example_short_circuit_operator.py
[2026-07-16T11:06:02.289+0000] {logging_mixin.py:188} INFO - [2026-07-16T11:06:02.289+0000] {dag.py:3096} INFO - Sync 1 DAGs
[2026-07-16T11:06:02.314+0000] {logging_mixin.py:188} INFO - [2026-07-16T11:06:02.314+0000] {dag.py:3954} INFO - Setting next_dagrun for example_short_circuit_operator to 2026-07-15 00:00:00+00:00, run_after=2026-07-16 00:00:00+00:00
[2026-07-16T11:06:02.335+0000] {processor.py:183} INFO - Processing /home/airflow/.local/lib/python3.12/site-packages/airflow/example_dags/example_short_circuit_operator.py took 0.089 seconds
[2026-07-16T11:06:33.149+0000] {processor.py:161} INFO - Started process (PID=454) to work on /home/airflow/.local/lib/python3.12/site-packages/airflow/example_dags/example_short_circuit_operator.py
[2026-07-16T11:06:33.151+0000] {processor.py:830} INFO - Processing file /home/airflow/.local/lib/python3.12/site-packages/airflow/example_dags/example_short_circuit_operator.py for tasks to queue
[2026-07-16T11:06:33.153+0000] {logging_mixin.py:188} INFO - [2026-07-16T11:06:33.152+0000] {dagbag.py:540} INFO - Filling up the DagBag from /home/airflow/.local/lib/python3.12/site-packages/airflow/example_dags/example_short_circuit_operator.py
[2026-07-16T11:06:33.159+0000] {processor.py:840} INFO - DAG(s) 'example_short_circuit_operator' retrieved from /home/airflow/.local/lib/python3.12/site-packages/airflow/example_dags/example_short_circuit_operator.py
[2026-07-16T11:06:33.181+0000] {logging_mixin.py:188} INFO - [2026-07-16T11:06:33.181+0000] {dag.py:3096} INFO - Sync 1 DAGs
[2026-07-16T11:06:33.202+0000] {logging_mixin.py:188} INFO - [2026-07-16T11:06:33.202+0000] {dag.py:3954} INFO - Setting next_dagrun for example_short_circuit_operator to 2026-07-15 00:00:00+00:00, run_after=2026-07-16 00:00:00+00:00
[2026-07-16T11:06:33.222+0000] {processor.py:183} INFO - Processing /home/airflow/.local/lib/python3.12/site-packages/airflow/example_dags/example_short_circuit_operator.py took 0.077 seconds
[2026-07-16T11:07:03.482+0000] {processor.py:161} INFO - Started process (PID=513) to work on /home/airflow/.local/lib/python3.12/site-packages/airflow/example_dags/example_short_circuit_operator.py
[2026-07-16T11:07:03.484+0000] {processor.py:830} INFO - Processing file /home/airflow/.local/lib/python3.12/site-packages/airflow/example_dags/example_short_circuit_operator.py for tasks to queue
[2026-07-16T11:07:03.487+0000] {logging_mixin.py:188} INFO - [2026-07-16T11:07:03.487+0000] {dagbag.py:540} INFO - Filling up the DagBag from /home/airflow/.local/lib/python3.12/site-packages/airflow/example_dags/example_short_circuit_operator.py
[2026-07-16T11:07:03.494+0000] {processor.py:840} INFO - DAG(s) 'example_short_circuit_operator' retrieved from /home/airflow/.local/lib/python3.12/site-packages/airflow/example_dags/example_short_circuit_operator.py
[2026-07-16T11:07:03.516+0000] {logging_mixin.py:188} INFO - [2026-07-16T11:07:03.516+0000] {dag.py:3096} INFO - Sync 1 DAGs
[2026-07-16T11:07:03.564+0000] {logging_mixin.py:188} INFO - [2026-07-16T11:07:03.564+0000] {dag.py:3954} INFO - Setting next_dagrun for example_short_circuit_operator to 2026-07-15 00:00:00+00:00, run_after=2026-07-16 00:00:00+00:00
[2026-07-16T11:07:03.602+0000] {processor.py:183} INFO - Processing /home/airflow/.local/lib/python3.12/site-packages/airflow/example_dags/example_short_circuit_operator.py took 0.124 seconds
[2026-07-16T11:07:33.918+0000] {processor.py:161} INFO - Started process (PID=572) to work on /home/airflow/.local/lib/python3.12/site-packages/airflow/example_dags/example_short_circuit_operator.py
[2026-07-16T11:07:33.919+0000] {processor.py:830} INFO - Processing file /home/airflow/.local/lib/python3.12/site-packages/airflow/example_dags/example_short_circuit_operator.py for tasks to queue
[2026-07-16T11:07:33.921+0000] {logging_mixin.py:188} INFO - [2026-07-16T11:07:33.921+0000] {dagbag.py:540} INFO - Filling up the DagBag from /home/airflow/.local/lib/python3.12/site-packages/airflow/example_dags/example_short_circuit_operator.py
[2026-07-16T11:07:33.927+0000] {processor.py:840} INFO - DAG(s) 'example_short_circuit_operator' retrieved from /home/airflow/.local/lib/python3.12/site-packages/airflow/example_dags/example_short_circuit_operator.py
[2026-07-16T11:07:33.948+0000] {logging_mixin.py:188} INFO - [2026-07-16T11:07:33.948+0000] {dag.py:3096} INFO - Sync 1 DAGs
[2026-07-16T11:07:33.967+0000] {logging_mixin.py:188} INFO - [2026-07-16T11:07:33.967+0000] {dag.py:3954} INFO - Setting next_dagrun for example_short_circuit_operator to 2026-07-15 00:00:00+00:00, run_after=2026-07-16 00:00:00+00:00
[2026-07-16T11:07:33.986+0000] {processor.py:183} INFO - Processing /home/airflow/.local/lib/python3.12/site-packages/airflow/example_dags/example_short_circuit_operator.py took 0.073 seconds
[2026-07-16T11:08:04.414+0000] {processor.py:161} INFO - Started process (PID=631) to work on /home/airflow/.local/lib/python3.12/site-packages/airflow/example_dags/example_short_circuit_operator.py
[2026-07-16T11:08:04.416+0000] {processor.py:830} INFO - Processing file /home/airflow/.local/lib/python3.12/site-packages/airflow/example_dags/example_short_circuit_operator.py for tasks to queue
[2026-07-16T11:08:04.418+0000] {logging_mixin.py:188} INFO - [2026-07-16T11:08:04.417+0000] {dagbag.py:540} INFO - Filling up the DagBag from /home/airflow/.local/lib/python3.12/site-packages/airflow/example_dags/example_short_circuit_operator.py
[2026-07-16T11:08:04.424+0000] {processor.py:840} INFO - DAG(s) 'example_short_circuit_operator' retrieved from /home/airflow/.local/lib/python3.12/site-packages/airflow/example_dags/example_short_circuit_operator.py
[2026-07-16T11:08:04.444+0000] {logging_mixin.py:188} INFO - [2026-07-16T11:08:04.444+0000] {dag.py:3096} INFO - Sync 1 DAGs
[2026-07-16T11:08:04.462+0000] {logging_mixin.py:188} INFO - [2026-07-16T11:08:04.462+0000] {dag.py:3954} INFO - Setting next_dagrun for example_short_circuit_operator to 2026-07-15 00:00:00+00:00, run_after=2026-07-16 00:00:00+00:00
[2026-07-16T11:08:04.479+0000] {processor.py:183} INFO - Processing /home/airflow/.local/lib/python3.12/site-packages/airflow/example_dags/example_short_circuit_operator.py took 0.070 seconds
[2026-07-16T11:08:34.639+0000] {processor.py:161} INFO - Started process (PID=690) to work on /home/airflow/.local/lib/python3.12/site-packages/airflow/example_dags/example_short_circuit_operator.py
[2026-07-16T11:08:34.640+0000] {processor.py:830} INFO - Processing file /home/airflow/.local/lib/python3.12/site-packages/airflow/example_dags/example_short_circuit_operator.py for tasks to queue
[2026-07-16T11:08:34.644+0000] {logging_mixin.py:188} INFO - [2026-07-16T11:08:34.643+0000] {dagbag.py:540} INFO - Filling up the DagBag from /home/airflow/.local/lib/python3.12/site-packages/airflow/example_dags/example_short_circuit_operator.py
[2026-07-16T11:08:34.650+0000] {processor.py:840} INFO - DAG(s) 'example_short_circuit_operator' retrieved from /home/airflow/.local/lib/python3.12/site-packages/airflow/example_dags/example_short_circuit_operator.py
[2026-07-16T11:08:34.669+0000] {logging_mixin.py:188} INFO - [2026-07-16T11:08:34.669+0000] {dag.py:3096} INFO - Sync 1 DAGs
[2026-07-16T11:08:34.686+0000] {logging_mixin.py:188} INFO - [2026-07-16T11:08:34.686+0000] {dag.py:3954} INFO - Setting next_dagrun for example_short_circuit_operator to 2026-07-15 00:00:00+00:00, run_after=2026-07-16 00:00:00+00:00
[2026-07-16T11:08:34.706+0000] {processor.py:183} INFO - Processing /home/airflow/.local/lib/python3.12/site-packages/airflow/example_dags/example_short_circuit_operator.py took 0.072 seconds
[2026-07-16T11:09:05.012+0000] {processor.py:161} INFO - Started process (PID=749) to work on /home/airflow/.local/lib/python3.12/site-packages/airflow/example_dags/example_short_circuit_operator.py
[2026-07-16T11:09:05.013+0000] {processor.py:830} INFO - Processing file /home/airflow/.local/lib/python3.12/site-packages/airflow/example_dags/example_short_circuit_operator.py for tasks to queue
[2026-07-16T11:09:05.015+0000] {logging_mixin.py:188} INFO - [2026-07-16T11:09:05.015+0000] {dagbag.py:540} INFO - Filling up the DagBag from /home/airflow/.local/lib/python3.12/site-packages/airflow/example_dags/example_short_circuit_operator.py
[2026-07-16T11:09:05.021+0000] {processor.py:840} INFO - DAG(s) 'example_short_circuit_operator' retrieved from /home/airflow/.local/lib/python3.12/site-packages/airflow/example_dags/example_short_circuit_operator.py
[2026-07-16T11:09:05.042+0000] {logging_mixin.py:188} INFO - [2026-07-16T11:09:05.041+0000] {dag.py:3096} INFO - Sync 1 DAGs
[2026-07-16T11:09:05.062+0000] {logging_mixin.py:188} INFO - [2026-07-16T11:09:05.062+0000] {dag.py:3954} INFO - Setting next_dagrun for example_short_circuit_operator to 2026-07-15 00:00:00+00:00, run_after=2026-07-16 00:00:00+00:00
[2026-07-16T11:09:05.082+0000] {processor.py:183} INFO - Processing /home/airflow/.local/lib/python3.12/site-packages/airflow/example_dags/example_short_circuit_operator.py took 0.076 seconds
[2026-07-16T11:09:35.402+0000] {processor.py:161} INFO - Started process (PID=808) to work on /home/airflow/.local/lib/python3.12/site-packages/airflow/example_dags/example_short_circuit_operator.py
[2026-07-16T11:09:35.404+0000] {processor.py:830} INFO - Processing file /home/airflow/.local/lib/python3.12/site-packages/airflow/example_dags/example_short_circuit_operator.py for tasks to queue
[2026-07-16T11:09:35.407+0000] {logging_mixin.py:188} INFO - [2026-07-16T11:09:35.406+0000] {dagbag.py:540} INFO - Filling up the DagBag from /home/airflow/.local/lib/python3.12/site-packages/airflow/example_dags/example_short_circuit_operator.py
[2026-07-16T11:09:35.413+0000] {processor.py:840} INFO - DAG(s) 'example_short_circuit_operator' retrieved from /home/airflow/.local/lib/python3.12/site-packages/airflow/example_dags/example_short_circuit_operator.py
[2026-07-16T11:09:35.434+0000] {logging_mixin.py:188} INFO - [2026-07-16T11:09:35.433+0000] {dag.py:3096} INFO - Sync 1 DAGs
[2026-07-16T11:09:35.453+0000] {logging_mixin.py:188} INFO - [2026-07-16T11:09:35.452+0000] {dag.py:3954} INFO - Setting next_dagrun for example_short_circuit_operator to 2026-07-15 00:00:00+00:00, run_after=2026-07-16 00:00:00+00:00
[2026-07-16T11:09:35.470+0000] {processor.py:183} INFO - Processing /home/airflow/.local/lib/python3.12/site-packages/airflow/example_dags/example_short_circuit_operator.py took 0.072 seconds
[2026-07-16T11:10:05.845+0000] {processor.py:161} INFO - Started process (PID=867) to work on /home/airflow/.local/lib/python3.12/site-packages/airflow/example_dags/example_short_circuit_operator.py
[2026-07-16T11:10:05.846+0000] {processor.py:830} INFO - Processing file /home/airflow/.local/lib/python3.12/site-packages/airflow/example_dags/example_short_circuit_operator.py for tasks to queue
[2026-07-16T11:10:05.849+0000] {logging_mixin.py:188} INFO - [2026-07-16T11:10:05.849+0000] {dagbag.py:540} INFO - Filling up the DagBag from /home/airflow/.local/lib/python3.12/site-packages/airflow/example_dags/example_short_circuit_operator.py
[2026-07-16T11:10:05.855+0000] {processor.py:840} INFO - DAG(s) 'example_short_circuit_operator' retrieved from /home/airflow/.local/lib/python3.12/site-packages/airflow/example_dags/example_short_circuit_operator.py
[2026-07-16T11:10:05.875+0000] {logging_mixin.py:188} INFO - [2026-07-16T11:10:05.874+0000] {dag.py:3096} INFO - Sync 1 DAGs
[2026-07-16T11:10:05.893+0000] {logging_mixin.py:188} INFO - [2026-07-16T11:10:05.893+0000] {dag.py:3954} INFO - Setting next_dagrun for example_short_circuit_operator to 2026-07-15 00:00:00+00:00, run_after=2026-07-16 00:00:00+00:00
[2026-07-16T11:10:05.910+0000] {processor.py:183} INFO - Processing /home/airflow/.local/lib/python3.12/site-packages/airflow/example_dags/example_short_circuit_operator.py took 0.070 seconds
[2026-07-16T11:10:36.220+0000] {processor.py:161} INFO - Started process (PID=926) to work on /home/airflow/.local/lib/python3.12/site-packages/airflow/example_dags/example_short_circuit_operator.py
[2026-07-16T11:10:36.222+0000] {processor.py:830} INFO - Processing file /home/airflow/.local/lib/python3.12/site-packages/airflow/example_dags/example_short_circuit_operator.py for tasks to queue
[2026-07-16T11:10:36.224+0000] {logging_mixin.py:188} INFO - [2026-07-16T11:10:36.224+0000] {dagbag.py:540} INFO - Filling up the DagBag from /home/airflow/.local/lib/python3.12/site-packages/airflow/example_dags/example_short_circuit_operator.py
[2026-07-16T11:10:36.230+0000] {processor.py:840} INFO - DAG(s) 'example_short_circuit_operator' retrieved from /home/airflow/.local/lib/python3.12/site-packages/airflow/example_dags/example_short_circuit_operator.py
[2026-07-16T11:10:36.249+0000] {logging_mixin.py:188} INFO - [2026-07-16T11:10:36.248+0000] {dag.py:3096} INFO - Sync 1 DAGs
[2026-07-16T11:10:36.266+0000] {logging_mixin.py:188} INFO - [2026-07-16T11:10:36.266+0000] {dag.py:3954} INFO - Setting next_dagrun for example_short_circuit_operator to 2026-07-15 00:00:00+00:00, run_after=2026-07-16 00:00:00+00:00
[2026-07-16T11:10:36.470+0000] {processor.py:183} INFO - Processing /home/airflow/.local/lib/python3.12/site-packages/airflow/example_dags/example_short_circuit_operator.py took 0.254 seconds
[2026-07-16T11:11:06.958+0000] {processor.py:161} INFO - Started process (PID=985) to work on /home/airflow/.local/lib/python3.12/site-packages/airflow/example_dags/example_short_circuit_operator.py
[2026-07-16T11:11:06.959+0000] {processor.py:830} INFO - Processing file /home/airflow/.local/lib/python3.12/site-packages/airflow/example_dags/example_short_circuit_operator.py for tasks to queue
[2026-07-16T11:11:06.962+0000] {logging_mixin.py:188} INFO - [2026-07-16T11:11:06.962+0000] {dagbag.py:540} INFO - Filling up the DagBag from /home/airflow/.local/lib/python3.12/site-packages/airflow/example_dags/example_short_circuit_operator.py
[2026-07-16T11:11:06.970+0000] {processor.py:840} INFO - DAG(s) 'example_short_circuit_operator' retrieved from /home/airflow/.local/lib/python3.12/site-packages/airflow/example_dags/example_short_circuit_operator.py
[2026-07-16T11:11:06.989+0000] {logging_mixin.py:188} INFO - [2026-07-16T11:11:06.989+0000] {dag.py:3096} INFO - Sync 1 DAGs
[2026-07-16T11:11:07.010+0000] {logging_mixin.py:188} INFO - [2026-07-16T11:11:07.010+0000] {dag.py:3954} INFO - Setting next_dagrun for example_short_circuit_operator to 2026-07-15 00:00:00+00:00, run_after=2026-07-16 00:00:00+00:00
[2026-07-16T11:11:07.030+0000] {processor.py:183} INFO - Processing /home/airflow/.local/lib/python3.12/site-packages/airflow/example_dags/example_short_circuit_operator.py took 0.079 seconds
[2026-07-16T11:11:38.035+0000] {processor.py:161} INFO - Started process (PID=1044) to work on /home/airflow/.local/lib/python3.12/site-packages/airflow/example_dags/example_short_circuit_operator.py
[2026-07-16T11:11:38.037+0000] {processor.py:830} INFO - Processing file /home/airflow/.local/lib/python3.12/site-packages/airflow/example_dags/example_short_circuit_operator.py for tasks to queue
[2026-07-16T11:11:38.039+0000] {logging_mixin.py:188} INFO - [2026-07-16T11:11:38.039+0000] {dagbag.py:540} INFO - Filling up the DagBag from /home/airflow/.local/lib/python3.12/site-packages/airflow/example_dags/example_short_circuit_operator.py
[2026-07-16T11:11:38.047+0000] {processor.py:840} INFO - DAG(s) 'example_short_circuit_operator' retrieved from /home/airflow/.local/lib/python3.12/site-packages/airflow/example_dags/example_short_circuit_operator.py
[2026-07-16T11:11:38.067+0000] {logging_mixin.py:188} INFO - [2026-07-16T11:11:38.067+0000] {dag.py:3096} INFO - Sync 1 DAGs
[2026-07-16T11:11:38.085+0000] {logging_mixin.py:188} INFO - [2026-07-16T11:11:38.085+0000] {dag.py:3954} INFO - Setting next_dagrun for example_short_circuit_operator to 2026-07-15 00:00:00+00:00, run_after=2026-07-16 00:00:00+00:00
[2026-07-16T11:11:38.104+0000] {processor.py:183} INFO - Processing /home/airflow/.local/lib/python3.12/site-packages/airflow/example_dags/example_short_circuit_operator.py took 0.075 seconds
[2026-07-16T11:12:09.024+0000] {processor.py:161} INFO - Started process (PID=1103) to work on /home/airflow/.local/lib/python3.12/site-packages/airflow/example_dags/example_short_circuit_operator.py
[2026-07-16T11:12:09.028+0000] {processor.py:830} INFO - Processing file /home/airflow/.local/lib/python3.12/site-packages/airflow/example_dags/example_short_circuit_operator.py for tasks to queue
[2026-07-16T11:12:09.035+0000] {logging_mixin.py:188} INFO - [2026-07-16T11:12:09.034+0000] {dagbag.py:540} INFO - Filling up the DagBag from /home/airflow/.local/lib/python3.12/site-packages/airflow/example_dags/example_short_circuit_operator.py
[2026-07-16T11:12:09.045+0000] {processor.py:840} INFO - DAG(s) 'example_short_circuit_operator' retrieved from /home/airflow/.local/lib/python3.12/site-packages/airflow/example_dags/example_short_circuit_operator.py
[2026-07-16T11:12:09.064+0000] {logging_mixin.py:188} INFO - [2026-07-16T11:12:09.064+0000] {dag.py:3096} INFO - Sync 1 DAGs
[2026-07-16T11:12:09.081+0000] {logging_mixin.py:188} INFO - [2026-07-16T11:12:09.081+0000] {dag.py:3954} INFO - Setting next_dagrun for example_short_circuit_operator to 2026-07-15 00:00:00+00:00, run_after=2026-07-16 00:00:00+00:00
[2026-07-16T11:12:09.107+0000] {processor.py:183} INFO - Processing /home/airflow/.local/lib/python3.12/site-packages/airflow/example_dags/example_short_circuit_operator.py took 0.100 seconds
[2026-07-16T11:12:39.399+0000] {processor.py:161} INFO - Started process (PID=1162) to work on /home/airflow/.local/lib/python3.12/site-packages/airflow/example_dags/example_short_circuit_operator.py
[2026-07-16T11:12:39.401+0000] {processor.py:830} INFO - Processing file /home/airflow/.local/lib/python3.12/site-packages/airflow/example_dags/example_short_circuit_operator.py for tasks to queue
[2026-07-16T11:12:39.405+0000] {logging_mixin.py:188} INFO - [2026-07-16T11:12:39.404+0000] {dagbag.py:540} INFO - Filling up the DagBag from /home/airflow/.local/lib/python3.12/site-packages/airflow/example_dags/example_short_circuit_operator.py
[2026-07-16T11:12:39.413+0000] {processor.py:840} INFO - DAG(s) 'example_short_circuit_operator' retrieved from /home/airflow/.local/lib/python3.12/site-packages/airflow/example_dags/example_short_circuit_operator.py
[2026-07-16T11:12:39.433+0000] {logging_mixin.py:188} INFO - [2026-07-16T11:12:39.433+0000] {dag.py:3096} INFO - Sync 1 DAGs
[2026-07-16T11:12:39.454+0000] {logging_mixin.py:188} INFO - [2026-07-16T11:12:39.454+0000] {dag.py:3954} INFO - Setting next_dagrun for example_short_circuit_operator to 2026-07-15 00:00:00+00:00, run_after=2026-07-16 00:00:00+00:00
[2026-07-16T11:12:39.480+0000] {processor.py:183} INFO - Processing /home/airflow/.local/lib/python3.12/site-packages/airflow/example_dags/example_short_circuit_operator.py took 0.093 seconds
[2026-07-16T11:13:09.597+0000] {processor.py:161} INFO - Started process (PID=1221) to work on /home/airflow/.local/lib/python3.12/site-packages/airflow/example_dags/example_short_circuit_operator.py
[2026-07-16T11:13:09.598+0000] {processor.py:830} INFO - Processing file /home/airflow/.local/lib/python3.12/site-packages/airflow/example_dags/example_short_circuit_operator.py for tasks to queue
[2026-07-16T11:13:09.601+0000] {logging_mixin.py:188} INFO - [2026-07-16T11:13:09.601+0000] {dagbag.py:540} INFO - Filling up the DagBag from /home/airflow/.local/lib/python3.12/site-packages/airflow/example_dags/example_short_circuit_operator.py
[2026-07-16T11:13:09.607+0000] {processor.py:840} INFO - DAG(s) 'example_short_circuit_operator' retrieved from /home/airflow/.local/lib/python3.12/site-packages/airflow/example_dags/example_short_circuit_operator.py
[2026-07-16T11:13:09.625+0000] {logging_mixin.py:188} INFO - [2026-07-16T11:13:09.625+0000] {dag.py:3096} INFO - Sync 1 DAGs
[2026-07-16T11:13:09.643+0000] {logging_mixin.py:188} INFO - [2026-07-16T11:13:09.643+0000] {dag.py:3954} INFO - Setting next_dagrun for example_short_circuit_operator to 2026-07-15 00:00:00+00:00, run_after=2026-07-16 00:00:00+00:00
[2026-07-16T11:13:09.660+0000] {processor.py:183} INFO - Processing /home/airflow/.local/lib/python3.12/site-packages/airflow/example_dags/example_short_circuit_operator.py took 0.069 seconds
[2026-07-16T11:13:39.825+0000] {processor.py:161} INFO - Started process (PID=1280) to work on /home/airflow/.local/lib/python3.12/site-packages/airflow/example_dags/example_short_circuit_operator.py
[2026-07-16T11:13:39.827+0000] {processor.py:830} INFO - Processing file /home/airflow/.local/lib/python3.12/site-packages/airflow/example_dags/example_short_circuit_operator.py for tasks to queue
[2026-07-16T11:13:39.831+0000] {logging_mixin.py:188} INFO - [2026-07-16T11:13:39.830+0000] {dagbag.py:540} INFO - Filling up the DagBag from /home/airflow/.local/lib/python3.12/site-packages/airflow/example_dags/example_short_circuit_operator.py
[2026-07-16T11:13:39.841+0000] {processor.py:840} INFO - DAG(s) 'example_short_circuit_operator' retrieved from /home/airflow/.local/lib/python3.12/site-packages/airflow/example_dags/example_short_circuit_operator.py
[2026-07-16T11:13:39.864+0000] {logging_mixin.py:188} INFO - [2026-07-16T11:13:39.864+0000] {dag.py:3096} INFO - Sync 1 DAGs
[2026-07-16T11:13:39.888+0000] {logging_mixin.py:188} INFO - [2026-07-16T11:13:39.888+0000] {dag.py:3954} INFO - Setting next_dagrun for example_short_circuit_operator to 2026-07-15 00:00:00+00:00, run_after=2026-07-16 00:00:00+00:00
[2026-07-16T11:13:39.916+0000] {processor.py:183} INFO - Processing /home/airflow/.local/lib/python3.12/site-packages/airflow/example_dags/example_short_circuit_operator.py took 0.101 seconds
[2026-07-16T11:14:10.065+0000] {processor.py:161} INFO - Started process (PID=1339) to work on /home/airflow/.local/lib/python3.12/site-packages/airflow/example_dags/example_short_circuit_operator.py
[2026-07-16T11:14:10.066+0000] {processor.py:830} INFO - Processing file /home/airflow/.local/lib/python3.12/site-packages/airflow/example_dags/example_short_circuit_operator.py for tasks to queue
[2026-07-16T11:14:10.068+0000] {logging_mixin.py:188} INFO - [2026-07-16T11:14:10.068+0000] {dagbag.py:540} INFO - Filling up the DagBag from /home/airflow/.local/lib/python3.12/site-packages/airflow/example_dags/example_short_circuit_operator.py
[2026-07-16T11:14:10.074+0000] {processor.py:840} INFO - DAG(s) 'example_short_circuit_operator' retrieved from /home/airflow/.local/lib/python3.12/site-packages/airflow/example_dags/example_short_circuit_operator.py
[2026-07-16T11:14:10.093+0000] {logging_mixin.py:188} INFO - [2026-07-16T11:14:10.093+0000] {dag.py:3096} INFO - Sync 1 DAGs
[2026-07-16T11:14:10.112+0000] {logging_mixin.py:188} INFO - [2026-07-16T11:14:10.112+0000] {dag.py:3954} INFO - Setting next_dagrun for example_short_circuit_operator to 2026-07-15 00:00:00+00:00, run_after=2026-07-16 00:00:00+00:00
[2026-07-16T11:14:10.129+0000] {processor.py:183} INFO - Processing /home/airflow/.local/lib/python3.12/site-packages/airflow/example_dags/example_short_circuit_operator.py took 0.070 seconds
[2026-07-16T11:14:40.227+0000] {processor.py:161} INFO - Started process (PID=1398) to work on /home/airflow/.local/lib/python3.12/site-packages/airflow/example_dags/example_short_circuit_operator.py
[2026-07-16T11:14:40.228+0000] {processor.py:830} INFO - Processing file /home/airflow/.local/lib/python3.12/site-packages/airflow/example_dags/example_short_circuit_operator.py for tasks to queue
[2026-07-16T11:14:40.230+0000] {logging_mixin.py:188} INFO - [2026-07-16T11:14:40.230+0000] {dagbag.py:540} INFO - Filling up the DagBag from /home/airflow/.local/lib/python3.12/site-packages/airflow/example_dags/example_short_circuit_operator.py
[2026-07-16T11:14:40.237+0000] {processor.py:840} INFO - DAG(s) 'example_short_circuit_operator' retrieved from /home/airflow/.local/lib/python3.12/site-packages/airflow/example_dags/example_short_circuit_operator.py
[2026-07-16T11:14:40.256+0000] {logging_mixin.py:188} INFO - [2026-07-16T11:14:40.255+0000] {dag.py:3096} INFO - Sync 1 DAGs
[2026-07-16T11:14:40.274+0000] {logging_mixin.py:188} INFO - [2026-07-16T11:14:40.274+0000] {dag.py:3954} INFO - Setting next_dagrun for example_short_circuit_operator to 2026-07-15 00:00:00+00:00, run_after=2026-07-16 00:00:00+00:00
[2026-07-16T11:14:40.292+0000] {processor.py:183} INFO - Processing /home/airflow/.local/lib/python3.12/site-packages/airflow/example_dags/example_short_circuit_operator.py took 0.070 seconds
[2026-07-16T11:15:10.898+0000] {processor.py:161} INFO - Started process (PID=1457) to work on /home/airflow/.local/lib/python3.12/site-packages/airflow/example_dags/example_short_circuit_operator.py
[2026-07-16T11:15:10.900+0000] {processor.py:830} INFO - Processing file /home/airflow/.local/lib/python3.12/site-packages/airflow/example_dags/example_short_circuit_operator.py for tasks to queue
[2026-07-16T11:15:10.904+0000] {logging_mixin.py:188} INFO - [2026-07-16T11:15:10.903+0000] {dagbag.py:540} INFO - Filling up the DagBag from /home/airflow/.local/lib/python3.12/site-packages/airflow/example_dags/example_short_circuit_operator.py
[2026-07-16T11:15:10.915+0000] {processor.py:840} INFO - DAG(s) 'example_short_circuit_operator' retrieved from /home/airflow/.local/lib/python3.12/site-packages/airflow/example_dags/example_short_circuit_operator.py
[2026-07-16T11:15:10.948+0000] {logging_mixin.py:188} INFO - [2026-07-16T11:15:10.947+0000] {dag.py:3096} INFO - Sync 1 DAGs
[2026-07-16T11:15:10.975+0000] {logging_mixin.py:188} INFO - [2026-07-16T11:15:10.975+0000] {dag.py:3954} INFO - Setting next_dagrun for example_short_circuit_operator to 2026-07-15 00:00:00+00:00, run_after=2026-07-16 00:00:00+00:00
[2026-07-16T11:15:11.008+0000] {processor.py:183} INFO - Processing /home/airflow/.local/lib/python3.12/site-packages/airflow/example_dags/example_short_circuit_operator.py took 0.123 seconds
[2026-07-16T11:15:41.188+0000] {processor.py:161} INFO - Started process (PID=1516) to work on /home/airflow/.local/lib/python3.12/site-packages/airflow/example_dags/example_short_circuit_operator.py
[2026-07-16T11:15:41.190+0000] {processor.py:830} INFO - Processing file /home/airflow/.local/lib/python3.12/site-packages/airflow/example_dags/example_short_circuit_operator.py for tasks to queue
[2026-07-16T11:15:41.194+0000] {logging_mixin.py:188} INFO - [2026-07-16T11:15:41.194+0000] {dagbag.py:540} INFO - Filling up the DagBag from /home/airflow/.local/lib/python3.12/site-packages/airflow/example_dags/example_short_circuit_operator.py
[2026-07-16T11:15:41.203+0000] {processor.py:840} INFO - DAG(s) 'example_short_circuit_operator' retrieved from /home/airflow/.local/lib/python3.12/site-packages/airflow/example_dags/example_short_circuit_operator.py
[2026-07-16T11:15:41.229+0000] {logging_mixin.py:188} INFO - [2026-07-16T11:15:41.228+0000] {dag.py:3096} INFO - Sync 1 DAGs
[2026-07-16T11:15:41.253+0000] {logging_mixin.py:188} INFO - [2026-07-16T11:15:41.253+0000] {dag.py:3954} INFO - Setting next_dagrun for example_short_circuit_operator to 2026-07-15 00:00:00+00:00, run_after=2026-07-16 00:00:00+00:00
[2026-07-16T11:15:41.275+0000] {processor.py:183} INFO - Processing /home/airflow/.local/lib/python3.12/site-packages/airflow/example_dags/example_short_circuit_operator.py took 0.096 seconds
[2026-07-16T11:16:12.012+0000] {processor.py:161} INFO - Started process (PID=1575) to work on /home/airflow/.local/lib/python3.12/site-packages/airflow/example_dags/example_short_circuit_operator.py
[2026-07-16T11:16:12.014+0000] {processor.py:830} INFO - Processing file /home/airflow/.local/lib/python3.12/site-packages/airflow/example_dags/example_short_circuit_operator.py for tasks to queue
[2026-07-16T11:16:12.016+0000] {logging_mixin.py:188} INFO - [2026-07-16T11:16:12.016+0000] {dagbag.py:540} INFO - Filling up the DagBag from /home/airflow/.local/lib/python3.12/site-packages/airflow/example_dags/example_short_circuit_operator.py
[2026-07-16T11:16:12.024+0000] {processor.py:840} INFO - DAG(s) 'example_short_circuit_operator' retrieved from /home/airflow/.local/lib/python3.12/site-packages/airflow/example_dags/example_short_circuit_operator.py
[2026-07-16T11:16:12.049+0000] {logging_mixin.py:188} INFO - [2026-07-16T11:16:12.048+0000] {dag.py:3096} INFO - Sync 1 DAGs
[2026-07-16T11:16:12.078+0000] {logging_mixin.py:188} INFO - [2026-07-16T11:16:12.078+0000] {dag.py:3954} INFO - Setting next_dagrun for example_short_circuit_operator to 2026-07-15 00:00:00+00:00, run_after=2026-07-16 00:00:00+00:00
[2026-07-16T11:16:12.101+0000] {processor.py:183} INFO - Processing /home/airflow/.local/lib/python3.12/site-packages/airflow/example_dags/example_short_circuit_operator.py took 0.095 seconds
[2026-07-16T11:16:42.583+0000] {processor.py:161} INFO - Started process (PID=1634) to work on /home/airflow/.local/lib/python3.12/site-packages/airflow/example_dags/example_short_circuit_operator.py
[2026-07-16T11:16:42.586+0000] {processor.py:830} INFO - Processing file /home/airflow/.local/lib/python3.12/site-packages/airflow/example_dags/example_short_circuit_operator.py for tasks to queue
[2026-07-16T11:16:42.589+0000] {logging_mixin.py:188} INFO - [2026-07-16T11:16:42.588+0000] {dagbag.py:540} INFO - Filling up the DagBag from /home/airflow/.local/lib/python3.12/site-packages/airflow/example_dags/example_short_circuit_operator.py
[2026-07-16T11:16:42.597+0000] {processor.py:840} INFO - DAG(s) 'example_short_circuit_operator' retrieved from /home/airflow/.local/lib/python3.12/site-packages/airflow/example_dags/example_short_circuit_operator.py
[2026-07-16T11:16:42.620+0000] {logging_mixin.py:188} INFO - [2026-07-16T11:16:42.620+0000] {dag.py:3096} INFO - Sync 1 DAGs
[2026-07-16T11:16:42.638+0000] {logging_mixin.py:188} INFO - [2026-07-16T11:16:42.638+0000] {dag.py:3954} INFO - Setting next_dagrun for example_short_circuit_operator to 2026-07-15 00:00:00+00:00, run_after=2026-07-16 00:00:00+00:00
[2026-07-16T11:16:42.659+0000] {processor.py:183} INFO - Processing /home/airflow/.local/lib/python3.12/site-packages/airflow/example_dags/example_short_circuit_operator.py took 0.081 seconds
[2026-07-16T11:17:13.490+0000] {processor.py:161} INFO - Started process (PID=1693) to work on /home/airflow/.local/lib/python3.12/site-packages/airflow/example_dags/example_short_circuit_operator.py
[2026-07-16T11:17:13.492+0000] {processor.py:830} INFO - Processing file /home/airflow/.local/lib/python3.12/site-packages/airflow/example_dags/example_short_circuit_operator.py for tasks to queue
[2026-07-16T11:17:13.494+0000] {logging_mixin.py:188} INFO - [2026-07-16T11:17:13.494+0000] {dagbag.py:540} INFO - Filling up the DagBag from /home/airflow/.local/lib/python3.12/site-packages/airflow/example_dags/example_short_circuit_operator.py
[2026-07-16T11:17:13.502+0000] {processor.py:840} INFO - DAG(s) 'example_short_circuit_operator' retrieved from /home/airflow/.local/lib/python3.12/site-packages/airflow/example_dags/example_short_circuit_operator.py
[2026-07-16T11:17:13.521+0000] {logging_mixin.py:188} INFO - [2026-07-16T11:17:13.520+0000] {dag.py:3096} INFO - Sync 1 DAGs
[2026-07-16T11:17:13.540+0000] {logging_mixin.py:188} INFO - [2026-07-16T11:17:13.539+0000] {dag.py:3954} INFO - Setting next_dagrun for example_short_circuit_operator to 2026-07-15 00:00:00+00:00, run_after=2026-07-16 00:00:00+00:00
[2026-07-16T11:17:13.556+0000] {processor.py:183} INFO - Processing /home/airflow/.local/lib/python3.12/site-packages/airflow/example_dags/example_short_circuit_operator.py took 0.070 seconds
[2026-07-16T11:17:43.840+0000] {processor.py:161} INFO - Started process (PID=1752) to work on /home/airflow/.local/lib/python3.12/site-packages/airflow/example_dags/example_short_circuit_operator.py
[2026-07-16T11:17:43.841+0000] {processor.py:830} INFO - Processing file /home/airflow/.local/lib/python3.12/site-packages/airflow/example_dags/example_short_circuit_operator.py for tasks to queue
[2026-07-16T11:17:43.843+0000] {logging_mixin.py:188} INFO - [2026-07-16T11:17:43.843+0000] {dagbag.py:540} INFO - Filling up the DagBag from /home/airflow/.local/lib/python3.12/site-packages/airflow/example_dags/example_short_circuit_operator.py
[2026-07-16T11:17:43.849+0000] {processor.py:840} INFO - DAG(s) 'example_short_circuit_operator' retrieved from /home/airflow/.local/lib/python3.12/site-packages/airflow/example_dags/example_short_circuit_operator.py
[2026-07-16T11:17:43.868+0000] {logging_mixin.py:188} INFO - [2026-07-16T11:17:43.868+0000] {dag.py:3096} INFO - Sync 1 DAGs
[2026-07-16T11:17:43.895+0000] {logging_mixin.py:188} INFO - [2026-07-16T11:17:43.894+0000] {dag.py:3954} INFO - Setting next_dagrun for example_short_circuit_operator to 2026-07-15 00:00:00+00:00, run_after=2026-07-16 00:00:00+00:00
[2026-07-16T11:17:43.915+0000] {processor.py:183} INFO - Processing /home/airflow/.local/lib/python3.12/site-packages/airflow/example_dags/example_short_circuit_operator.py took 0.081 seconds
[2026-07-16T11:18:15.012+0000] {processor.py:161} INFO - Started process (PID=1811) to work on /home/airflow/.local/lib/python3.12/site-packages/airflow/example_dags/example_short_circuit_operator.py
[2026-07-16T11:18:15.015+0000] {processor.py:830} INFO - Processing file /home/airflow/.local/lib/python3.12/site-packages/airflow/example_dags/example_short_circuit_operator.py for tasks to queue
[2026-07-16T11:18:15.019+0000] {logging_mixin.py:188} INFO - [2026-07-16T11:18:15.019+0000] {dagbag.py:540} INFO - Filling up the DagBag from /home/airflow/.local/lib/python3.12/site-packages/airflow/example_dags/example_short_circuit_operator.py
[2026-07-16T11:18:15.029+0000] {processor.py:840} INFO - DAG(s) 'example_short_circuit_operator' retrieved from /home/airflow/.local/lib/python3.12/site-packages/airflow/example_dags/example_short_circuit_operator.py
[2026-07-16T11:18:15.061+0000] {logging_mixin.py:188} INFO - [2026-07-16T11:18:15.061+0000] {dag.py:3096} INFO - Sync 1 DAGs
[2026-07-16T11:18:15.100+0000] {logging_mixin.py:188} INFO - [2026-07-16T11:18:15.100+0000] {dag.py:3954} INFO - Setting next_dagrun for example_short_circuit_operator to 2026-07-15 00:00:00+00:00, run_after=2026-07-16 00:00:00+00:00
[2026-07-16T11:18:15.138+0000] {processor.py:183} INFO - Processing /home/airflow/.local/lib/python3.12/site-packages/airflow/example_dags/example_short_circuit_operator.py took 0.132 seconds
