[2026-07-16T11:03:28.995+0000] {processor.py:161} INFO - Started process (PID=92) to work on /home/airflow/.local/lib/python3.12/site-packages/airflow/example_dags/tutorial_dag.py
[2026-07-16T11:03:28.999+0000] {processor.py:830} INFO - Processing file /home/airflow/.local/lib/python3.12/site-packages/airflow/example_dags/tutorial_dag.py for tasks to queue
[2026-07-16T11:03:29.004+0000] {logging_mixin.py:188} INFO - [2026-07-16T11:03:29.004+0000] {dagbag.py:540} INFO - Filling up the DagBag from /home/airflow/.local/lib/python3.12/site-packages/airflow/example_dags/tutorial_dag.py
[2026-07-16T11:03:29.024+0000] {processor.py:840} INFO - DAG(s) 'tutorial_dag' retrieved from /home/airflow/.local/lib/python3.12/site-packages/airflow/example_dags/tutorial_dag.py
[2026-07-16T11:03:29.066+0000] {logging_mixin.py:188} INFO - [2026-07-16T11:03:29.065+0000] {dag.py:3096} INFO - Sync 1 DAGs
[2026-07-16T11:03:29.101+0000] {logging_mixin.py:188} INFO - [2026-07-16T11:03:29.101+0000] {dag.py:3954} INFO - Setting next_dagrun for tutorial_dag to None, run_after=None
[2026-07-16T11:03:29.139+0000] {processor.py:183} INFO - Processing /home/airflow/.local/lib/python3.12/site-packages/airflow/example_dags/tutorial_dag.py took 0.160 seconds
[2026-07-16T11:03:59.448+0000] {processor.py:161} INFO - Started process (PID=151) to work on /home/airflow/.local/lib/python3.12/site-packages/airflow/example_dags/tutorial_dag.py
[2026-07-16T11:03:59.450+0000] {processor.py:830} INFO - Processing file /home/airflow/.local/lib/python3.12/site-packages/airflow/example_dags/tutorial_dag.py for tasks to queue
[2026-07-16T11:03:59.452+0000] {logging_mixin.py:188} INFO - [2026-07-16T11:03:59.452+0000] {dagbag.py:540} INFO - Filling up the DagBag from /home/airflow/.local/lib/python3.12/site-packages/airflow/example_dags/tutorial_dag.py
[2026-07-16T11:03:59.458+0000] {processor.py:840} INFO - DAG(s) 'tutorial_dag' retrieved from /home/airflow/.local/lib/python3.12/site-packages/airflow/example_dags/tutorial_dag.py
[2026-07-16T11:03:59.554+0000] {logging_mixin.py:188} INFO - [2026-07-16T11:03:59.554+0000] {dag.py:3096} INFO - Sync 1 DAGs
[2026-07-16T11:03:59.566+0000] {logging_mixin.py:188} INFO - [2026-07-16T11:03:59.565+0000] {dag.py:3954} INFO - Setting next_dagrun for tutorial_dag to None, run_after=None
[2026-07-16T11:03:59.589+0000] {processor.py:183} INFO - Processing /home/airflow/.local/lib/python3.12/site-packages/airflow/example_dags/tutorial_dag.py took 0.146 seconds
[2026-07-16T11:04:29.900+0000] {processor.py:161} INFO - Started process (PID=211) to work on /home/airflow/.local/lib/python3.12/site-packages/airflow/example_dags/tutorial_dag.py
[2026-07-16T11:04:29.902+0000] {processor.py:830} INFO - Processing file /home/airflow/.local/lib/python3.12/site-packages/airflow/example_dags/tutorial_dag.py for tasks to queue
[2026-07-16T11:04:29.905+0000] {logging_mixin.py:188} INFO - [2026-07-16T11:04:29.905+0000] {dagbag.py:540} INFO - Filling up the DagBag from /home/airflow/.local/lib/python3.12/site-packages/airflow/example_dags/tutorial_dag.py
[2026-07-16T11:04:29.910+0000] {processor.py:840} INFO - DAG(s) 'tutorial_dag' retrieved from /home/airflow/.local/lib/python3.12/site-packages/airflow/example_dags/tutorial_dag.py
[2026-07-16T11:04:29.927+0000] {logging_mixin.py:188} INFO - [2026-07-16T11:04:29.927+0000] {dag.py:3096} INFO - Sync 1 DAGs
[2026-07-16T11:04:29.937+0000] {logging_mixin.py:188} INFO - [2026-07-16T11:04:29.937+0000] {dag.py:3954} INFO - Setting next_dagrun for tutorial_dag to None, run_after=None
[2026-07-16T11:04:29.954+0000] {processor.py:183} INFO - Processing /home/airflow/.local/lib/python3.12/site-packages/airflow/example_dags/tutorial_dag.py took 0.058 seconds
[2026-07-16T11:04:59.982+0000] {processor.py:161} INFO - Started process (PID=270) to work on /home/airflow/.local/lib/python3.12/site-packages/airflow/example_dags/tutorial_dag.py
[2026-07-16T11:04:59.984+0000] {processor.py:830} INFO - Processing file /home/airflow/.local/lib/python3.12/site-packages/airflow/example_dags/tutorial_dag.py for tasks to queue
[2026-07-16T11:04:59.987+0000] {logging_mixin.py:188} INFO - [2026-07-16T11:04:59.986+0000] {dagbag.py:540} INFO - Filling up the DagBag from /home/airflow/.local/lib/python3.12/site-packages/airflow/example_dags/tutorial_dag.py
[2026-07-16T11:04:59.992+0000] {processor.py:840} INFO - DAG(s) 'tutorial_dag' retrieved from /home/airflow/.local/lib/python3.12/site-packages/airflow/example_dags/tutorial_dag.py
[2026-07-16T11:05:00.009+0000] {logging_mixin.py:188} INFO - [2026-07-16T11:05:00.009+0000] {dag.py:3096} INFO - Sync 1 DAGs
[2026-07-16T11:05:00.022+0000] {logging_mixin.py:188} INFO - [2026-07-16T11:05:00.022+0000] {dag.py:3954} INFO - Setting next_dagrun for tutorial_dag to None, run_after=None
[2026-07-16T11:05:00.039+0000] {processor.py:183} INFO - Processing /home/airflow/.local/lib/python3.12/site-packages/airflow/example_dags/tutorial_dag.py took 0.062 seconds
[2026-07-16T11:05:30.420+0000] {processor.py:161} INFO - Started process (PID=329) to work on /home/airflow/.local/lib/python3.12/site-packages/airflow/example_dags/tutorial_dag.py
[2026-07-16T11:05:30.422+0000] {processor.py:830} INFO - Processing file /home/airflow/.local/lib/python3.12/site-packages/airflow/example_dags/tutorial_dag.py for tasks to queue
[2026-07-16T11:05:30.425+0000] {logging_mixin.py:188} INFO - [2026-07-16T11:05:30.424+0000] {dagbag.py:540} INFO - Filling up the DagBag from /home/airflow/.local/lib/python3.12/site-packages/airflow/example_dags/tutorial_dag.py
[2026-07-16T11:05:30.431+0000] {processor.py:840} INFO - DAG(s) 'tutorial_dag' retrieved from /home/airflow/.local/lib/python3.12/site-packages/airflow/example_dags/tutorial_dag.py
[2026-07-16T11:05:30.451+0000] {logging_mixin.py:188} INFO - [2026-07-16T11:05:30.450+0000] {dag.py:3096} INFO - Sync 1 DAGs
[2026-07-16T11:05:30.465+0000] {logging_mixin.py:188} INFO - [2026-07-16T11:05:30.464+0000] {dag.py:3954} INFO - Setting next_dagrun for tutorial_dag to None, run_after=None
[2026-07-16T11:05:30.483+0000] {processor.py:183} INFO - Processing /home/airflow/.local/lib/python3.12/site-packages/airflow/example_dags/tutorial_dag.py took 0.068 seconds
[2026-07-16T11:06:01.524+0000] {processor.py:161} INFO - Started process (PID=388) to work on /home/airflow/.local/lib/python3.12/site-packages/airflow/example_dags/tutorial_dag.py
[2026-07-16T11:06:01.526+0000] {processor.py:830} INFO - Processing file /home/airflow/.local/lib/python3.12/site-packages/airflow/example_dags/tutorial_dag.py for tasks to queue
[2026-07-16T11:06:01.528+0000] {logging_mixin.py:188} INFO - [2026-07-16T11:06:01.528+0000] {dagbag.py:540} INFO - Filling up the DagBag from /home/airflow/.local/lib/python3.12/site-packages/airflow/example_dags/tutorial_dag.py
[2026-07-16T11:06:01.533+0000] {processor.py:840} INFO - DAG(s) 'tutorial_dag' retrieved from /home/airflow/.local/lib/python3.12/site-packages/airflow/example_dags/tutorial_dag.py
[2026-07-16T11:06:01.551+0000] {logging_mixin.py:188} INFO - [2026-07-16T11:06:01.551+0000] {dag.py:3096} INFO - Sync 1 DAGs
[2026-07-16T11:06:01.562+0000] {logging_mixin.py:188} INFO - [2026-07-16T11:06:01.561+0000] {dag.py:3954} INFO - Setting next_dagrun for tutorial_dag to None, run_after=None
[2026-07-16T11:06:01.586+0000] {processor.py:183} INFO - Processing /home/airflow/.local/lib/python3.12/site-packages/airflow/example_dags/tutorial_dag.py took 0.067 seconds
[2026-07-16T11:06:31.855+0000] {processor.py:161} INFO - Started process (PID=447) to work on /home/airflow/.local/lib/python3.12/site-packages/airflow/example_dags/tutorial_dag.py
[2026-07-16T11:06:31.856+0000] {processor.py:830} INFO - Processing file /home/airflow/.local/lib/python3.12/site-packages/airflow/example_dags/tutorial_dag.py for tasks to queue
[2026-07-16T11:06:31.858+0000] {logging_mixin.py:188} INFO - [2026-07-16T11:06:31.858+0000] {dagbag.py:540} INFO - Filling up the DagBag from /home/airflow/.local/lib/python3.12/site-packages/airflow/example_dags/tutorial_dag.py
[2026-07-16T11:06:31.865+0000] {processor.py:840} INFO - DAG(s) 'tutorial_dag' retrieved from /home/airflow/.local/lib/python3.12/site-packages/airflow/example_dags/tutorial_dag.py
[2026-07-16T11:06:31.882+0000] {logging_mixin.py:188} INFO - [2026-07-16T11:06:31.882+0000] {dag.py:3096} INFO - Sync 1 DAGs
[2026-07-16T11:06:31.894+0000] {logging_mixin.py:188} INFO - [2026-07-16T11:06:31.893+0000] {dag.py:3954} INFO - Setting next_dagrun for tutorial_dag to None, run_after=None
[2026-07-16T11:06:31.916+0000] {processor.py:183} INFO - Processing /home/airflow/.local/lib/python3.12/site-packages/airflow/example_dags/tutorial_dag.py took 0.066 seconds
[2026-07-16T11:07:02.182+0000] {processor.py:161} INFO - Started process (PID=506) to work on /home/airflow/.local/lib/python3.12/site-packages/airflow/example_dags/tutorial_dag.py
[2026-07-16T11:07:02.184+0000] {processor.py:830} INFO - Processing file /home/airflow/.local/lib/python3.12/site-packages/airflow/example_dags/tutorial_dag.py for tasks to queue
[2026-07-16T11:07:02.186+0000] {logging_mixin.py:188} INFO - [2026-07-16T11:07:02.186+0000] {dagbag.py:540} INFO - Filling up the DagBag from /home/airflow/.local/lib/python3.12/site-packages/airflow/example_dags/tutorial_dag.py
[2026-07-16T11:07:02.191+0000] {processor.py:840} INFO - DAG(s) 'tutorial_dag' retrieved from /home/airflow/.local/lib/python3.12/site-packages/airflow/example_dags/tutorial_dag.py
[2026-07-16T11:07:02.212+0000] {logging_mixin.py:188} INFO - [2026-07-16T11:07:02.211+0000] {dag.py:3096} INFO - Sync 1 DAGs
[2026-07-16T11:07:02.224+0000] {logging_mixin.py:188} INFO - [2026-07-16T11:07:02.223+0000] {dag.py:3954} INFO - Setting next_dagrun for tutorial_dag to None, run_after=None
[2026-07-16T11:07:02.242+0000] {processor.py:183} INFO - Processing /home/airflow/.local/lib/python3.12/site-packages/airflow/example_dags/tutorial_dag.py took 0.064 seconds
[2026-07-16T11:07:32.627+0000] {processor.py:161} INFO - Started process (PID=565) to work on /home/airflow/.local/lib/python3.12/site-packages/airflow/example_dags/tutorial_dag.py
[2026-07-16T11:07:32.628+0000] {processor.py:830} INFO - Processing file /home/airflow/.local/lib/python3.12/site-packages/airflow/example_dags/tutorial_dag.py for tasks to queue
[2026-07-16T11:07:32.630+0000] {logging_mixin.py:188} INFO - [2026-07-16T11:07:32.630+0000] {dagbag.py:540} INFO - Filling up the DagBag from /home/airflow/.local/lib/python3.12/site-packages/airflow/example_dags/tutorial_dag.py
[2026-07-16T11:07:32.635+0000] {processor.py:840} INFO - DAG(s) 'tutorial_dag' retrieved from /home/airflow/.local/lib/python3.12/site-packages/airflow/example_dags/tutorial_dag.py
[2026-07-16T11:07:32.651+0000] {logging_mixin.py:188} INFO - [2026-07-16T11:07:32.651+0000] {dag.py:3096} INFO - Sync 1 DAGs
[2026-07-16T11:07:32.663+0000] {logging_mixin.py:188} INFO - [2026-07-16T11:07:32.662+0000] {dag.py:3954} INFO - Setting next_dagrun for tutorial_dag to None, run_after=None
[2026-07-16T11:07:32.681+0000] {processor.py:183} INFO - Processing /home/airflow/.local/lib/python3.12/site-packages/airflow/example_dags/tutorial_dag.py took 0.059 seconds
[2026-07-16T11:08:03.028+0000] {processor.py:161} INFO - Started process (PID=624) to work on /home/airflow/.local/lib/python3.12/site-packages/airflow/example_dags/tutorial_dag.py
[2026-07-16T11:08:03.029+0000] {processor.py:830} INFO - Processing file /home/airflow/.local/lib/python3.12/site-packages/airflow/example_dags/tutorial_dag.py for tasks to queue
[2026-07-16T11:08:03.031+0000] {logging_mixin.py:188} INFO - [2026-07-16T11:08:03.031+0000] {dagbag.py:540} INFO - Filling up the DagBag from /home/airflow/.local/lib/python3.12/site-packages/airflow/example_dags/tutorial_dag.py
[2026-07-16T11:08:03.036+0000] {processor.py:840} INFO - DAG(s) 'tutorial_dag' retrieved from /home/airflow/.local/lib/python3.12/site-packages/airflow/example_dags/tutorial_dag.py
[2026-07-16T11:08:03.053+0000] {logging_mixin.py:188} INFO - [2026-07-16T11:08:03.052+0000] {dag.py:3096} INFO - Sync 1 DAGs
[2026-07-16T11:08:03.063+0000] {logging_mixin.py:188} INFO - [2026-07-16T11:08:03.063+0000] {dag.py:3954} INFO - Setting next_dagrun for tutorial_dag to None, run_after=None
[2026-07-16T11:08:03.082+0000] {processor.py:183} INFO - Processing /home/airflow/.local/lib/python3.12/site-packages/airflow/example_dags/tutorial_dag.py took 0.059 seconds
[2026-07-16T11:08:33.306+0000] {processor.py:161} INFO - Started process (PID=683) to work on /home/airflow/.local/lib/python3.12/site-packages/airflow/example_dags/tutorial_dag.py
[2026-07-16T11:08:33.307+0000] {processor.py:830} INFO - Processing file /home/airflow/.local/lib/python3.12/site-packages/airflow/example_dags/tutorial_dag.py for tasks to queue
[2026-07-16T11:08:33.309+0000] {logging_mixin.py:188} INFO - [2026-07-16T11:08:33.309+0000] {dagbag.py:540} INFO - Filling up the DagBag from /home/airflow/.local/lib/python3.12/site-packages/airflow/example_dags/tutorial_dag.py
[2026-07-16T11:08:33.314+0000] {processor.py:840} INFO - DAG(s) 'tutorial_dag' retrieved from /home/airflow/.local/lib/python3.12/site-packages/airflow/example_dags/tutorial_dag.py
[2026-07-16T11:08:33.330+0000] {logging_mixin.py:188} INFO - [2026-07-16T11:08:33.330+0000] {dag.py:3096} INFO - Sync 1 DAGs
[2026-07-16T11:08:33.342+0000] {logging_mixin.py:188} INFO - [2026-07-16T11:08:33.342+0000] {dag.py:3954} INFO - Setting next_dagrun for tutorial_dag to None, run_after=None
[2026-07-16T11:08:33.360+0000] {processor.py:183} INFO - Processing /home/airflow/.local/lib/python3.12/site-packages/airflow/example_dags/tutorial_dag.py took 0.059 seconds
[2026-07-16T11:09:04.510+0000] {processor.py:161} INFO - Started process (PID=742) to work on /home/airflow/.local/lib/python3.12/site-packages/airflow/example_dags/tutorial_dag.py
[2026-07-16T11:09:04.512+0000] {processor.py:830} INFO - Processing file /home/airflow/.local/lib/python3.12/site-packages/airflow/example_dags/tutorial_dag.py for tasks to queue
[2026-07-16T11:09:04.514+0000] {logging_mixin.py:188} INFO - [2026-07-16T11:09:04.514+0000] {dagbag.py:540} INFO - Filling up the DagBag from /home/airflow/.local/lib/python3.12/site-packages/airflow/example_dags/tutorial_dag.py
[2026-07-16T11:09:04.519+0000] {processor.py:840} INFO - DAG(s) 'tutorial_dag' retrieved from /home/airflow/.local/lib/python3.12/site-packages/airflow/example_dags/tutorial_dag.py
[2026-07-16T11:09:04.536+0000] {logging_mixin.py:188} INFO - [2026-07-16T11:09:04.536+0000] {dag.py:3096} INFO - Sync 1 DAGs
[2026-07-16T11:09:04.547+0000] {logging_mixin.py:188} INFO - [2026-07-16T11:09:04.547+0000] {dag.py:3954} INFO - Setting next_dagrun for tutorial_dag to None, run_after=None
[2026-07-16T11:09:04.564+0000] {processor.py:183} INFO - Processing /home/airflow/.local/lib/python3.12/site-packages/airflow/example_dags/tutorial_dag.py took 0.059 seconds
[2026-07-16T11:09:35.048+0000] {processor.py:161} INFO - Started process (PID=801) to work on /home/airflow/.local/lib/python3.12/site-packages/airflow/example_dags/tutorial_dag.py
[2026-07-16T11:09:35.049+0000] {processor.py:830} INFO - Processing file /home/airflow/.local/lib/python3.12/site-packages/airflow/example_dags/tutorial_dag.py for tasks to queue
[2026-07-16T11:09:35.051+0000] {logging_mixin.py:188} INFO - [2026-07-16T11:09:35.051+0000] {dagbag.py:540} INFO - Filling up the DagBag from /home/airflow/.local/lib/python3.12/site-packages/airflow/example_dags/tutorial_dag.py
[2026-07-16T11:09:35.056+0000] {processor.py:840} INFO - DAG(s) 'tutorial_dag' retrieved from /home/airflow/.local/lib/python3.12/site-packages/airflow/example_dags/tutorial_dag.py
[2026-07-16T11:09:35.074+0000] {logging_mixin.py:188} INFO - [2026-07-16T11:09:35.074+0000] {dag.py:3096} INFO - Sync 1 DAGs
[2026-07-16T11:09:35.086+0000] {logging_mixin.py:188} INFO - [2026-07-16T11:09:35.086+0000] {dag.py:3954} INFO - Setting next_dagrun for tutorial_dag to None, run_after=None
[2026-07-16T11:09:35.103+0000] {processor.py:183} INFO - Processing /home/airflow/.local/lib/python3.12/site-packages/airflow/example_dags/tutorial_dag.py took 0.060 seconds
[2026-07-16T11:10:05.354+0000] {processor.py:161} INFO - Started process (PID=860) to work on /home/airflow/.local/lib/python3.12/site-packages/airflow/example_dags/tutorial_dag.py
[2026-07-16T11:10:05.356+0000] {processor.py:830} INFO - Processing file /home/airflow/.local/lib/python3.12/site-packages/airflow/example_dags/tutorial_dag.py for tasks to queue
[2026-07-16T11:10:05.358+0000] {logging_mixin.py:188} INFO - [2026-07-16T11:10:05.358+0000] {dagbag.py:540} INFO - Filling up the DagBag from /home/airflow/.local/lib/python3.12/site-packages/airflow/example_dags/tutorial_dag.py
[2026-07-16T11:10:05.363+0000] {processor.py:840} INFO - DAG(s) 'tutorial_dag' retrieved from /home/airflow/.local/lib/python3.12/site-packages/airflow/example_dags/tutorial_dag.py
[2026-07-16T11:10:05.383+0000] {logging_mixin.py:188} INFO - [2026-07-16T11:10:05.382+0000] {dag.py:3096} INFO - Sync 1 DAGs
[2026-07-16T11:10:05.396+0000] {logging_mixin.py:188} INFO - [2026-07-16T11:10:05.396+0000] {dag.py:3954} INFO - Setting next_dagrun for tutorial_dag to None, run_after=None
[2026-07-16T11:10:05.414+0000] {processor.py:183} INFO - Processing /home/airflow/.local/lib/python3.12/site-packages/airflow/example_dags/tutorial_dag.py took 0.065 seconds
[2026-07-16T11:10:35.609+0000] {processor.py:161} INFO - Started process (PID=919) to work on /home/airflow/.local/lib/python3.12/site-packages/airflow/example_dags/tutorial_dag.py
[2026-07-16T11:10:35.610+0000] {processor.py:830} INFO - Processing file /home/airflow/.local/lib/python3.12/site-packages/airflow/example_dags/tutorial_dag.py for tasks to queue
[2026-07-16T11:10:35.613+0000] {logging_mixin.py:188} INFO - [2026-07-16T11:10:35.613+0000] {dagbag.py:540} INFO - Filling up the DagBag from /home/airflow/.local/lib/python3.12/site-packages/airflow/example_dags/tutorial_dag.py
[2026-07-16T11:10:35.618+0000] {processor.py:840} INFO - DAG(s) 'tutorial_dag' retrieved from /home/airflow/.local/lib/python3.12/site-packages/airflow/example_dags/tutorial_dag.py
[2026-07-16T11:10:35.635+0000] {logging_mixin.py:188} INFO - [2026-07-16T11:10:35.634+0000] {dag.py:3096} INFO - Sync 1 DAGs
[2026-07-16T11:10:35.645+0000] {logging_mixin.py:188} INFO - [2026-07-16T11:10:35.645+0000] {dag.py:3954} INFO - Setting next_dagrun for tutorial_dag to None, run_after=None
[2026-07-16T11:10:35.667+0000] {processor.py:183} INFO - Processing /home/airflow/.local/lib/python3.12/site-packages/airflow/example_dags/tutorial_dag.py took 0.063 seconds
[2026-07-16T11:11:06.438+0000] {processor.py:161} INFO - Started process (PID=978) to work on /home/airflow/.local/lib/python3.12/site-packages/airflow/example_dags/tutorial_dag.py
[2026-07-16T11:11:06.439+0000] {processor.py:830} INFO - Processing file /home/airflow/.local/lib/python3.12/site-packages/airflow/example_dags/tutorial_dag.py for tasks to queue
[2026-07-16T11:11:06.442+0000] {logging_mixin.py:188} INFO - [2026-07-16T11:11:06.442+0000] {dagbag.py:540} INFO - Filling up the DagBag from /home/airflow/.local/lib/python3.12/site-packages/airflow/example_dags/tutorial_dag.py
[2026-07-16T11:11:06.448+0000] {processor.py:840} INFO - DAG(s) 'tutorial_dag' retrieved from /home/airflow/.local/lib/python3.12/site-packages/airflow/example_dags/tutorial_dag.py
[2026-07-16T11:11:06.467+0000] {logging_mixin.py:188} INFO - [2026-07-16T11:11:06.466+0000] {dag.py:3096} INFO - Sync 1 DAGs
[2026-07-16T11:11:06.479+0000] {logging_mixin.py:188} INFO - [2026-07-16T11:11:06.478+0000] {dag.py:3954} INFO - Setting next_dagrun for tutorial_dag to None, run_after=None
[2026-07-16T11:11:06.499+0000] {processor.py:183} INFO - Processing /home/airflow/.local/lib/python3.12/site-packages/airflow/example_dags/tutorial_dag.py took 0.067 seconds
[2026-07-16T11:11:36.661+0000] {processor.py:161} INFO - Started process (PID=1037) to work on /home/airflow/.local/lib/python3.12/site-packages/airflow/example_dags/tutorial_dag.py
[2026-07-16T11:11:36.663+0000] {processor.py:830} INFO - Processing file /home/airflow/.local/lib/python3.12/site-packages/airflow/example_dags/tutorial_dag.py for tasks to queue
[2026-07-16T11:11:36.665+0000] {logging_mixin.py:188} INFO - [2026-07-16T11:11:36.665+0000] {dagbag.py:540} INFO - Filling up the DagBag from /home/airflow/.local/lib/python3.12/site-packages/airflow/example_dags/tutorial_dag.py
[2026-07-16T11:11:36.670+0000] {processor.py:840} INFO - DAG(s) 'tutorial_dag' retrieved from /home/airflow/.local/lib/python3.12/site-packages/airflow/example_dags/tutorial_dag.py
[2026-07-16T11:11:36.687+0000] {logging_mixin.py:188} INFO - [2026-07-16T11:11:36.687+0000] {dag.py:3096} INFO - Sync 1 DAGs
[2026-07-16T11:11:36.699+0000] {logging_mixin.py:188} INFO - [2026-07-16T11:11:36.698+0000] {dag.py:3954} INFO - Setting next_dagrun for tutorial_dag to None, run_after=None
[2026-07-16T11:11:36.718+0000] {processor.py:183} INFO - Processing /home/airflow/.local/lib/python3.12/site-packages/airflow/example_dags/tutorial_dag.py took 0.061 seconds
[2026-07-16T11:12:07.585+0000] {processor.py:161} INFO - Started process (PID=1096) to work on /home/airflow/.local/lib/python3.12/site-packages/airflow/example_dags/tutorial_dag.py
[2026-07-16T11:12:07.588+0000] {processor.py:830} INFO - Processing file /home/airflow/.local/lib/python3.12/site-packages/airflow/example_dags/tutorial_dag.py for tasks to queue
[2026-07-16T11:12:07.592+0000] {logging_mixin.py:188} INFO - [2026-07-16T11:12:07.591+0000] {dagbag.py:540} INFO - Filling up the DagBag from /home/airflow/.local/lib/python3.12/site-packages/airflow/example_dags/tutorial_dag.py
[2026-07-16T11:12:07.601+0000] {processor.py:840} INFO - DAG(s) 'tutorial_dag' retrieved from /home/airflow/.local/lib/python3.12/site-packages/airflow/example_dags/tutorial_dag.py
[2026-07-16T11:12:07.624+0000] {logging_mixin.py:188} INFO - [2026-07-16T11:12:07.623+0000] {dag.py:3096} INFO - Sync 1 DAGs
[2026-07-16T11:12:07.638+0000] {logging_mixin.py:188} INFO - [2026-07-16T11:12:07.638+0000] {dag.py:3954} INFO - Setting next_dagrun for tutorial_dag to None, run_after=None
[2026-07-16T11:12:07.669+0000] {processor.py:183} INFO - Processing /home/airflow/.local/lib/python3.12/site-packages/airflow/example_dags/tutorial_dag.py took 0.100 seconds
[2026-07-16T11:12:37.875+0000] {processor.py:161} INFO - Started process (PID=1155) to work on /home/airflow/.local/lib/python3.12/site-packages/airflow/example_dags/tutorial_dag.py
[2026-07-16T11:12:37.877+0000] {processor.py:830} INFO - Processing file /home/airflow/.local/lib/python3.12/site-packages/airflow/example_dags/tutorial_dag.py for tasks to queue
[2026-07-16T11:12:37.880+0000] {logging_mixin.py:188} INFO - [2026-07-16T11:12:37.879+0000] {dagbag.py:540} INFO - Filling up the DagBag from /home/airflow/.local/lib/python3.12/site-packages/airflow/example_dags/tutorial_dag.py
[2026-07-16T11:12:37.885+0000] {processor.py:840} INFO - DAG(s) 'tutorial_dag' retrieved from /home/airflow/.local/lib/python3.12/site-packages/airflow/example_dags/tutorial_dag.py
[2026-07-16T11:12:37.903+0000] {logging_mixin.py:188} INFO - [2026-07-16T11:12:37.903+0000] {dag.py:3096} INFO - Sync 1 DAGs
[2026-07-16T11:12:37.914+0000] {logging_mixin.py:188} INFO - [2026-07-16T11:12:37.914+0000] {dag.py:3954} INFO - Setting next_dagrun for tutorial_dag to None, run_after=None
[2026-07-16T11:12:37.948+0000] {processor.py:183} INFO - Processing /home/airflow/.local/lib/python3.12/site-packages/airflow/example_dags/tutorial_dag.py took 0.078 seconds
[2026-07-16T11:13:08.161+0000] {processor.py:161} INFO - Started process (PID=1214) to work on /home/airflow/.local/lib/python3.12/site-packages/airflow/example_dags/tutorial_dag.py
[2026-07-16T11:13:08.162+0000] {processor.py:830} INFO - Processing file /home/airflow/.local/lib/python3.12/site-packages/airflow/example_dags/tutorial_dag.py for tasks to queue
[2026-07-16T11:13:08.165+0000] {logging_mixin.py:188} INFO - [2026-07-16T11:13:08.165+0000] {dagbag.py:540} INFO - Filling up the DagBag from /home/airflow/.local/lib/python3.12/site-packages/airflow/example_dags/tutorial_dag.py
[2026-07-16T11:13:08.171+0000] {processor.py:840} INFO - DAG(s) 'tutorial_dag' retrieved from /home/airflow/.local/lib/python3.12/site-packages/airflow/example_dags/tutorial_dag.py
[2026-07-16T11:13:08.193+0000] {logging_mixin.py:188} INFO - [2026-07-16T11:13:08.192+0000] {dag.py:3096} INFO - Sync 1 DAGs
[2026-07-16T11:13:08.208+0000] {logging_mixin.py:188} INFO - [2026-07-16T11:13:08.208+0000] {dag.py:3954} INFO - Setting next_dagrun for tutorial_dag to None, run_after=None
[2026-07-16T11:13:08.230+0000] {processor.py:183} INFO - Processing /home/airflow/.local/lib/python3.12/site-packages/airflow/example_dags/tutorial_dag.py took 0.074 seconds
[2026-07-16T11:13:39.208+0000] {processor.py:161} INFO - Started process (PID=1273) to work on /home/airflow/.local/lib/python3.12/site-packages/airflow/example_dags/tutorial_dag.py
[2026-07-16T11:13:39.210+0000] {processor.py:830} INFO - Processing file /home/airflow/.local/lib/python3.12/site-packages/airflow/example_dags/tutorial_dag.py for tasks to queue
[2026-07-16T11:13:39.213+0000] {logging_mixin.py:188} INFO - [2026-07-16T11:13:39.212+0000] {dagbag.py:540} INFO - Filling up the DagBag from /home/airflow/.local/lib/python3.12/site-packages/airflow/example_dags/tutorial_dag.py
[2026-07-16T11:13:39.220+0000] {processor.py:840} INFO - DAG(s) 'tutorial_dag' retrieved from /home/airflow/.local/lib/python3.12/site-packages/airflow/example_dags/tutorial_dag.py
[2026-07-16T11:13:39.240+0000] {logging_mixin.py:188} INFO - [2026-07-16T11:13:39.240+0000] {dag.py:3096} INFO - Sync 1 DAGs
[2026-07-16T11:13:39.253+0000] {logging_mixin.py:188} INFO - [2026-07-16T11:13:39.253+0000] {dag.py:3954} INFO - Setting next_dagrun for tutorial_dag to None, run_after=None
[2026-07-16T11:13:39.273+0000] {processor.py:183} INFO - Processing /home/airflow/.local/lib/python3.12/site-packages/airflow/example_dags/tutorial_dag.py took 0.070 seconds
[2026-07-16T11:14:09.478+0000] {processor.py:161} INFO - Started process (PID=1332) to work on /home/airflow/.local/lib/python3.12/site-packages/airflow/example_dags/tutorial_dag.py
[2026-07-16T11:14:09.479+0000] {processor.py:830} INFO - Processing file /home/airflow/.local/lib/python3.12/site-packages/airflow/example_dags/tutorial_dag.py for tasks to queue
[2026-07-16T11:14:09.481+0000] {logging_mixin.py:188} INFO - [2026-07-16T11:14:09.481+0000] {dagbag.py:540} INFO - Filling up the DagBag from /home/airflow/.local/lib/python3.12/site-packages/airflow/example_dags/tutorial_dag.py
[2026-07-16T11:14:09.486+0000] {processor.py:840} INFO - DAG(s) 'tutorial_dag' retrieved from /home/airflow/.local/lib/python3.12/site-packages/airflow/example_dags/tutorial_dag.py
[2026-07-16T11:14:09.503+0000] {logging_mixin.py:188} INFO - [2026-07-16T11:14:09.503+0000] {dag.py:3096} INFO - Sync 1 DAGs
[2026-07-16T11:14:09.515+0000] {logging_mixin.py:188} INFO - [2026-07-16T11:14:09.515+0000] {dag.py:3954} INFO - Setting next_dagrun for tutorial_dag to None, run_after=None
[2026-07-16T11:14:09.535+0000] {processor.py:183} INFO - Processing /home/airflow/.local/lib/python3.12/site-packages/airflow/example_dags/tutorial_dag.py took 0.062 seconds
[2026-07-16T11:14:39.629+0000] {processor.py:161} INFO - Started process (PID=1390) to work on /home/airflow/.local/lib/python3.12/site-packages/airflow/example_dags/tutorial_dag.py
[2026-07-16T11:14:39.630+0000] {processor.py:830} INFO - Processing file /home/airflow/.local/lib/python3.12/site-packages/airflow/example_dags/tutorial_dag.py for tasks to queue
[2026-07-16T11:14:39.633+0000] {logging_mixin.py:188} INFO - [2026-07-16T11:14:39.632+0000] {dagbag.py:540} INFO - Filling up the DagBag from /home/airflow/.local/lib/python3.12/site-packages/airflow/example_dags/tutorial_dag.py
[2026-07-16T11:14:39.638+0000] {processor.py:840} INFO - DAG(s) 'tutorial_dag' retrieved from /home/airflow/.local/lib/python3.12/site-packages/airflow/example_dags/tutorial_dag.py
[2026-07-16T11:14:39.655+0000] {logging_mixin.py:188} INFO - [2026-07-16T11:14:39.655+0000] {dag.py:3096} INFO - Sync 1 DAGs
[2026-07-16T11:14:39.665+0000] {logging_mixin.py:188} INFO - [2026-07-16T11:14:39.665+0000] {dag.py:3954} INFO - Setting next_dagrun for tutorial_dag to None, run_after=None
[2026-07-16T11:14:39.686+0000] {processor.py:183} INFO - Processing /home/airflow/.local/lib/python3.12/site-packages/airflow/example_dags/tutorial_dag.py took 0.062 seconds
[2026-07-16T11:15:10.146+0000] {processor.py:161} INFO - Started process (PID=1450) to work on /home/airflow/.local/lib/python3.12/site-packages/airflow/example_dags/tutorial_dag.py
[2026-07-16T11:15:10.147+0000] {processor.py:830} INFO - Processing file /home/airflow/.local/lib/python3.12/site-packages/airflow/example_dags/tutorial_dag.py for tasks to queue
[2026-07-16T11:15:10.150+0000] {logging_mixin.py:188} INFO - [2026-07-16T11:15:10.149+0000] {dagbag.py:540} INFO - Filling up the DagBag from /home/airflow/.local/lib/python3.12/site-packages/airflow/example_dags/tutorial_dag.py
[2026-07-16T11:15:10.158+0000] {processor.py:840} INFO - DAG(s) 'tutorial_dag' retrieved from /home/airflow/.local/lib/python3.12/site-packages/airflow/example_dags/tutorial_dag.py
[2026-07-16T11:15:10.192+0000] {logging_mixin.py:188} INFO - [2026-07-16T11:15:10.191+0000] {dag.py:3096} INFO - Sync 1 DAGs
[2026-07-16T11:15:10.208+0000] {logging_mixin.py:188} INFO - [2026-07-16T11:15:10.207+0000] {dag.py:3954} INFO - Setting next_dagrun for tutorial_dag to None, run_after=None
[2026-07-16T11:15:10.240+0000] {processor.py:183} INFO - Processing /home/airflow/.local/lib/python3.12/site-packages/airflow/example_dags/tutorial_dag.py took 0.099 seconds
[2026-07-16T11:15:40.550+0000] {processor.py:161} INFO - Started process (PID=1509) to work on /home/airflow/.local/lib/python3.12/site-packages/airflow/example_dags/tutorial_dag.py
[2026-07-16T11:15:40.552+0000] {processor.py:830} INFO - Processing file /home/airflow/.local/lib/python3.12/site-packages/airflow/example_dags/tutorial_dag.py for tasks to queue
[2026-07-16T11:15:40.555+0000] {logging_mixin.py:188} INFO - [2026-07-16T11:15:40.555+0000] {dagbag.py:540} INFO - Filling up the DagBag from /home/airflow/.local/lib/python3.12/site-packages/airflow/example_dags/tutorial_dag.py
[2026-07-16T11:15:40.562+0000] {processor.py:840} INFO - DAG(s) 'tutorial_dag' retrieved from /home/airflow/.local/lib/python3.12/site-packages/airflow/example_dags/tutorial_dag.py
[2026-07-16T11:15:40.589+0000] {logging_mixin.py:188} INFO - [2026-07-16T11:15:40.589+0000] {dag.py:3096} INFO - Sync 1 DAGs
[2026-07-16T11:15:40.611+0000] {logging_mixin.py:188} INFO - [2026-07-16T11:15:40.610+0000] {dag.py:3954} INFO - Setting next_dagrun for tutorial_dag to None, run_after=None
[2026-07-16T11:15:40.643+0000] {processor.py:183} INFO - Processing /home/airflow/.local/lib/python3.12/site-packages/airflow/example_dags/tutorial_dag.py took 0.098 seconds
[2026-07-16T11:16:11.254+0000] {processor.py:161} INFO - Started process (PID=1568) to work on /home/airflow/.local/lib/python3.12/site-packages/airflow/example_dags/tutorial_dag.py
[2026-07-16T11:16:11.256+0000] {processor.py:830} INFO - Processing file /home/airflow/.local/lib/python3.12/site-packages/airflow/example_dags/tutorial_dag.py for tasks to queue
[2026-07-16T11:16:11.259+0000] {logging_mixin.py:188} INFO - [2026-07-16T11:16:11.259+0000] {dagbag.py:540} INFO - Filling up the DagBag from /home/airflow/.local/lib/python3.12/site-packages/airflow/example_dags/tutorial_dag.py
[2026-07-16T11:16:11.266+0000] {processor.py:840} INFO - DAG(s) 'tutorial_dag' retrieved from /home/airflow/.local/lib/python3.12/site-packages/airflow/example_dags/tutorial_dag.py
[2026-07-16T11:16:11.288+0000] {logging_mixin.py:188} INFO - [2026-07-16T11:16:11.287+0000] {dag.py:3096} INFO - Sync 1 DAGs
[2026-07-16T11:16:11.300+0000] {logging_mixin.py:188} INFO - [2026-07-16T11:16:11.300+0000] {dag.py:3954} INFO - Setting next_dagrun for tutorial_dag to None, run_after=None
[2026-07-16T11:16:11.321+0000] {processor.py:183} INFO - Processing /home/airflow/.local/lib/python3.12/site-packages/airflow/example_dags/tutorial_dag.py took 0.074 seconds
[2026-07-16T11:16:42.156+0000] {processor.py:161} INFO - Started process (PID=1627) to work on /home/airflow/.local/lib/python3.12/site-packages/airflow/example_dags/tutorial_dag.py
[2026-07-16T11:16:42.158+0000] {processor.py:830} INFO - Processing file /home/airflow/.local/lib/python3.12/site-packages/airflow/example_dags/tutorial_dag.py for tasks to queue
[2026-07-16T11:16:42.161+0000] {logging_mixin.py:188} INFO - [2026-07-16T11:16:42.161+0000] {dagbag.py:540} INFO - Filling up the DagBag from /home/airflow/.local/lib/python3.12/site-packages/airflow/example_dags/tutorial_dag.py
[2026-07-16T11:16:42.166+0000] {processor.py:840} INFO - DAG(s) 'tutorial_dag' retrieved from /home/airflow/.local/lib/python3.12/site-packages/airflow/example_dags/tutorial_dag.py
[2026-07-16T11:16:42.183+0000] {logging_mixin.py:188} INFO - [2026-07-16T11:16:42.182+0000] {dag.py:3096} INFO - Sync 1 DAGs
[2026-07-16T11:16:42.194+0000] {logging_mixin.py:188} INFO - [2026-07-16T11:16:42.194+0000] {dag.py:3954} INFO - Setting next_dagrun for tutorial_dag to None, run_after=None
[2026-07-16T11:16:42.212+0000] {processor.py:183} INFO - Processing /home/airflow/.local/lib/python3.12/site-packages/airflow/example_dags/tutorial_dag.py took 0.060 seconds
[2026-07-16T11:17:12.979+0000] {processor.py:161} INFO - Started process (PID=1686) to work on /home/airflow/.local/lib/python3.12/site-packages/airflow/example_dags/tutorial_dag.py
[2026-07-16T11:17:12.980+0000] {processor.py:830} INFO - Processing file /home/airflow/.local/lib/python3.12/site-packages/airflow/example_dags/tutorial_dag.py for tasks to queue
[2026-07-16T11:17:12.982+0000] {logging_mixin.py:188} INFO - [2026-07-16T11:17:12.982+0000] {dagbag.py:540} INFO - Filling up the DagBag from /home/airflow/.local/lib/python3.12/site-packages/airflow/example_dags/tutorial_dag.py
[2026-07-16T11:17:12.987+0000] {processor.py:840} INFO - DAG(s) 'tutorial_dag' retrieved from /home/airflow/.local/lib/python3.12/site-packages/airflow/example_dags/tutorial_dag.py
[2026-07-16T11:17:13.004+0000] {logging_mixin.py:188} INFO - [2026-07-16T11:17:13.004+0000] {dag.py:3096} INFO - Sync 1 DAGs
[2026-07-16T11:17:13.015+0000] {logging_mixin.py:188} INFO - [2026-07-16T11:17:13.015+0000] {dag.py:3954} INFO - Setting next_dagrun for tutorial_dag to None, run_after=None
[2026-07-16T11:17:13.032+0000] {processor.py:183} INFO - Processing /home/airflow/.local/lib/python3.12/site-packages/airflow/example_dags/tutorial_dag.py took 0.058 seconds
[2026-07-16T11:17:43.152+0000] {processor.py:161} INFO - Started process (PID=1744) to work on /home/airflow/.local/lib/python3.12/site-packages/airflow/example_dags/tutorial_dag.py
[2026-07-16T11:17:43.154+0000] {processor.py:830} INFO - Processing file /home/airflow/.local/lib/python3.12/site-packages/airflow/example_dags/tutorial_dag.py for tasks to queue
[2026-07-16T11:17:43.157+0000] {logging_mixin.py:188} INFO - [2026-07-16T11:17:43.157+0000] {dagbag.py:540} INFO - Filling up the DagBag from /home/airflow/.local/lib/python3.12/site-packages/airflow/example_dags/tutorial_dag.py
[2026-07-16T11:17:43.163+0000] {processor.py:840} INFO - DAG(s) 'tutorial_dag' retrieved from /home/airflow/.local/lib/python3.12/site-packages/airflow/example_dags/tutorial_dag.py
[2026-07-16T11:17:43.182+0000] {logging_mixin.py:188} INFO - [2026-07-16T11:17:43.182+0000] {dag.py:3096} INFO - Sync 1 DAGs
[2026-07-16T11:17:43.194+0000] {logging_mixin.py:188} INFO - [2026-07-16T11:17:43.194+0000] {dag.py:3954} INFO - Setting next_dagrun for tutorial_dag to None, run_after=None
[2026-07-16T11:17:43.218+0000] {processor.py:183} INFO - Processing /home/airflow/.local/lib/python3.12/site-packages/airflow/example_dags/tutorial_dag.py took 0.071 seconds
[2026-07-16T11:18:14.378+0000] {processor.py:161} INFO - Started process (PID=1804) to work on /home/airflow/.local/lib/python3.12/site-packages/airflow/example_dags/tutorial_dag.py
[2026-07-16T11:18:14.381+0000] {processor.py:830} INFO - Processing file /home/airflow/.local/lib/python3.12/site-packages/airflow/example_dags/tutorial_dag.py for tasks to queue
[2026-07-16T11:18:14.386+0000] {logging_mixin.py:188} INFO - [2026-07-16T11:18:14.385+0000] {dagbag.py:540} INFO - Filling up the DagBag from /home/airflow/.local/lib/python3.12/site-packages/airflow/example_dags/tutorial_dag.py
[2026-07-16T11:18:14.398+0000] {processor.py:840} INFO - DAG(s) 'tutorial_dag' retrieved from /home/airflow/.local/lib/python3.12/site-packages/airflow/example_dags/tutorial_dag.py
[2026-07-16T11:18:14.443+0000] {logging_mixin.py:188} INFO - [2026-07-16T11:18:14.443+0000] {dag.py:3096} INFO - Sync 1 DAGs
[2026-07-16T11:18:14.471+0000] {logging_mixin.py:188} INFO - [2026-07-16T11:18:14.470+0000] {dag.py:3954} INFO - Setting next_dagrun for tutorial_dag to None, run_after=None
[2026-07-16T11:18:14.509+0000] {processor.py:183} INFO - Processing /home/airflow/.local/lib/python3.12/site-packages/airflow/example_dags/tutorial_dag.py took 0.149 seconds
