[2026-07-16T11:03:28.529+0000] {processor.py:161} INFO - Started process (PID=87) to work on /home/airflow/.local/lib/python3.12/site-packages/airflow/example_dags/tutorial.py
[2026-07-16T11:03:28.532+0000] {processor.py:830} INFO - Processing file /home/airflow/.local/lib/python3.12/site-packages/airflow/example_dags/tutorial.py for tasks to queue
[2026-07-16T11:03:28.536+0000] {logging_mixin.py:188} INFO - [2026-07-16T11:03:28.535+0000] {dagbag.py:540} INFO - Filling up the DagBag from /home/airflow/.local/lib/python3.12/site-packages/airflow/example_dags/tutorial.py
[2026-07-16T11:03:28.558+0000] {processor.py:840} INFO - DAG(s) 'tutorial' retrieved from /home/airflow/.local/lib/python3.12/site-packages/airflow/example_dags/tutorial.py
[2026-07-16T11:03:28.598+0000] {logging_mixin.py:188} INFO - [2026-07-16T11:03:28.597+0000] {dag.py:3096} INFO - Sync 1 DAGs
[2026-07-16T11:03:28.655+0000] {logging_mixin.py:188} INFO - [2026-07-16T11:03:28.655+0000] {dag.py:3954} INFO - Setting next_dagrun for tutorial to 2026-07-15 00:00:00+00:00, run_after=2026-07-16 00:00:00+00:00
[2026-07-16T11:03:28.699+0000] {processor.py:183} INFO - Processing /home/airflow/.local/lib/python3.12/site-packages/airflow/example_dags/tutorial.py took 0.180 seconds
[2026-07-16T11:03:58.810+0000] {processor.py:161} INFO - Started process (PID=146) to work on /home/airflow/.local/lib/python3.12/site-packages/airflow/example_dags/tutorial.py
[2026-07-16T11:03:58.812+0000] {processor.py:830} INFO - Processing file /home/airflow/.local/lib/python3.12/site-packages/airflow/example_dags/tutorial.py for tasks to queue
[2026-07-16T11:03:58.815+0000] {logging_mixin.py:188} INFO - [2026-07-16T11:03:58.814+0000] {dagbag.py:540} INFO - Filling up the DagBag from /home/airflow/.local/lib/python3.12/site-packages/airflow/example_dags/tutorial.py
[2026-07-16T11:03:58.822+0000] {processor.py:840} INFO - DAG(s) 'tutorial' retrieved from /home/airflow/.local/lib/python3.12/site-packages/airflow/example_dags/tutorial.py
[2026-07-16T11:03:58.921+0000] {logging_mixin.py:188} INFO - [2026-07-16T11:03:58.920+0000] {dag.py:3096} INFO - Sync 1 DAGs
[2026-07-16T11:03:58.945+0000] {logging_mixin.py:188} INFO - [2026-07-16T11:03:58.945+0000] {dag.py:3954} INFO - Setting next_dagrun for tutorial to 2026-07-15 00:00:00+00:00, run_after=2026-07-16 00:00:00+00:00
[2026-07-16T11:03:58.975+0000] {processor.py:183} INFO - Processing /home/airflow/.local/lib/python3.12/site-packages/airflow/example_dags/tutorial.py took 0.170 seconds
[2026-07-16T11:04:29.578+0000] {processor.py:161} INFO - Started process (PID=206) to work on /home/airflow/.local/lib/python3.12/site-packages/airflow/example_dags/tutorial.py
[2026-07-16T11:04:29.580+0000] {processor.py:830} INFO - Processing file /home/airflow/.local/lib/python3.12/site-packages/airflow/example_dags/tutorial.py for tasks to queue
[2026-07-16T11:04:29.582+0000] {logging_mixin.py:188} INFO - [2026-07-16T11:04:29.582+0000] {dagbag.py:540} INFO - Filling up the DagBag from /home/airflow/.local/lib/python3.12/site-packages/airflow/example_dags/tutorial.py
[2026-07-16T11:04:29.588+0000] {processor.py:840} INFO - DAG(s) 'tutorial' retrieved from /home/airflow/.local/lib/python3.12/site-packages/airflow/example_dags/tutorial.py
[2026-07-16T11:04:29.605+0000] {logging_mixin.py:188} INFO - [2026-07-16T11:04:29.605+0000] {dag.py:3096} INFO - Sync 1 DAGs
[2026-07-16T11:04:29.625+0000] {logging_mixin.py:188} INFO - [2026-07-16T11:04:29.625+0000] {dag.py:3954} INFO - Setting next_dagrun for tutorial to 2026-07-15 00:00:00+00:00, run_after=2026-07-16 00:00:00+00:00
[2026-07-16T11:04:29.649+0000] {processor.py:183} INFO - Processing /home/airflow/.local/lib/python3.12/site-packages/airflow/example_dags/tutorial.py took 0.076 seconds
[2026-07-16T11:04:59.705+0000] {processor.py:161} INFO - Started process (PID=265) to work on /home/airflow/.local/lib/python3.12/site-packages/airflow/example_dags/tutorial.py
[2026-07-16T11:04:59.706+0000] {processor.py:830} INFO - Processing file /home/airflow/.local/lib/python3.12/site-packages/airflow/example_dags/tutorial.py for tasks to queue
[2026-07-16T11:04:59.709+0000] {logging_mixin.py:188} INFO - [2026-07-16T11:04:59.709+0000] {dagbag.py:540} INFO - Filling up the DagBag from /home/airflow/.local/lib/python3.12/site-packages/airflow/example_dags/tutorial.py
[2026-07-16T11:04:59.716+0000] {processor.py:840} INFO - DAG(s) 'tutorial' retrieved from /home/airflow/.local/lib/python3.12/site-packages/airflow/example_dags/tutorial.py
[2026-07-16T11:04:59.734+0000] {logging_mixin.py:188} INFO - [2026-07-16T11:04:59.734+0000] {dag.py:3096} INFO - Sync 1 DAGs
[2026-07-16T11:04:59.757+0000] {logging_mixin.py:188} INFO - [2026-07-16T11:04:59.756+0000] {dag.py:3954} INFO - Setting next_dagrun for tutorial to 2026-07-15 00:00:00+00:00, run_after=2026-07-16 00:00:00+00:00
[2026-07-16T11:04:59.776+0000] {processor.py:183} INFO - Processing /home/airflow/.local/lib/python3.12/site-packages/airflow/example_dags/tutorial.py took 0.077 seconds
[2026-07-16T11:05:30.125+0000] {processor.py:161} INFO - Started process (PID=324) to work on /home/airflow/.local/lib/python3.12/site-packages/airflow/example_dags/tutorial.py
[2026-07-16T11:05:30.126+0000] {processor.py:830} INFO - Processing file /home/airflow/.local/lib/python3.12/site-packages/airflow/example_dags/tutorial.py for tasks to queue
[2026-07-16T11:05:30.129+0000] {logging_mixin.py:188} INFO - [2026-07-16T11:05:30.128+0000] {dagbag.py:540} INFO - Filling up the DagBag from /home/airflow/.local/lib/python3.12/site-packages/airflow/example_dags/tutorial.py
[2026-07-16T11:05:30.135+0000] {processor.py:840} INFO - DAG(s) 'tutorial' retrieved from /home/airflow/.local/lib/python3.12/site-packages/airflow/example_dags/tutorial.py
[2026-07-16T11:05:30.154+0000] {logging_mixin.py:188} INFO - [2026-07-16T11:05:30.154+0000] {dag.py:3096} INFO - Sync 1 DAGs
[2026-07-16T11:05:30.177+0000] {logging_mixin.py:188} INFO - [2026-07-16T11:05:30.177+0000] {dag.py:3954} INFO - Setting next_dagrun for tutorial to 2026-07-15 00:00:00+00:00, run_after=2026-07-16 00:00:00+00:00
[2026-07-16T11:05:30.196+0000] {processor.py:183} INFO - Processing /home/airflow/.local/lib/python3.12/site-packages/airflow/example_dags/tutorial.py took 0.076 seconds
[2026-07-16T11:06:01.169+0000] {processor.py:161} INFO - Started process (PID=383) to work on /home/airflow/.local/lib/python3.12/site-packages/airflow/example_dags/tutorial.py
[2026-07-16T11:06:01.171+0000] {processor.py:830} INFO - Processing file /home/airflow/.local/lib/python3.12/site-packages/airflow/example_dags/tutorial.py for tasks to queue
[2026-07-16T11:06:01.174+0000] {logging_mixin.py:188} INFO - [2026-07-16T11:06:01.174+0000] {dagbag.py:540} INFO - Filling up the DagBag from /home/airflow/.local/lib/python3.12/site-packages/airflow/example_dags/tutorial.py
[2026-07-16T11:06:01.189+0000] {processor.py:840} INFO - DAG(s) 'tutorial' retrieved from /home/airflow/.local/lib/python3.12/site-packages/airflow/example_dags/tutorial.py
[2026-07-16T11:06:01.221+0000] {logging_mixin.py:188} INFO - [2026-07-16T11:06:01.220+0000] {dag.py:3096} INFO - Sync 1 DAGs
[2026-07-16T11:06:01.251+0000] {logging_mixin.py:188} INFO - [2026-07-16T11:06:01.250+0000] {dag.py:3954} INFO - Setting next_dagrun for tutorial to 2026-07-15 00:00:00+00:00, run_after=2026-07-16 00:00:00+00:00
[2026-07-16T11:06:01.283+0000] {processor.py:183} INFO - Processing /home/airflow/.local/lib/python3.12/site-packages/airflow/example_dags/tutorial.py took 0.120 seconds
[2026-07-16T11:06:31.603+0000] {processor.py:161} INFO - Started process (PID=442) to work on /home/airflow/.local/lib/python3.12/site-packages/airflow/example_dags/tutorial.py
[2026-07-16T11:06:31.604+0000] {processor.py:830} INFO - Processing file /home/airflow/.local/lib/python3.12/site-packages/airflow/example_dags/tutorial.py for tasks to queue
[2026-07-16T11:06:31.607+0000] {logging_mixin.py:188} INFO - [2026-07-16T11:06:31.607+0000] {dagbag.py:540} INFO - Filling up the DagBag from /home/airflow/.local/lib/python3.12/site-packages/airflow/example_dags/tutorial.py
[2026-07-16T11:06:31.614+0000] {processor.py:840} INFO - DAG(s) 'tutorial' retrieved from /home/airflow/.local/lib/python3.12/site-packages/airflow/example_dags/tutorial.py
[2026-07-16T11:06:31.637+0000] {logging_mixin.py:188} INFO - [2026-07-16T11:06:31.636+0000] {dag.py:3096} INFO - Sync 1 DAGs
[2026-07-16T11:06:31.660+0000] {logging_mixin.py:188} INFO - [2026-07-16T11:06:31.660+0000] {dag.py:3954} INFO - Setting next_dagrun for tutorial to 2026-07-15 00:00:00+00:00, run_after=2026-07-16 00:00:00+00:00
[2026-07-16T11:06:31.677+0000] {processor.py:183} INFO - Processing /home/airflow/.local/lib/python3.12/site-packages/airflow/example_dags/tutorial.py took 0.079 seconds
[2026-07-16T11:07:01.903+0000] {processor.py:161} INFO - Started process (PID=501) to work on /home/airflow/.local/lib/python3.12/site-packages/airflow/example_dags/tutorial.py
[2026-07-16T11:07:01.905+0000] {processor.py:830} INFO - Processing file /home/airflow/.local/lib/python3.12/site-packages/airflow/example_dags/tutorial.py for tasks to queue
[2026-07-16T11:07:01.908+0000] {logging_mixin.py:188} INFO - [2026-07-16T11:07:01.908+0000] {dagbag.py:540} INFO - Filling up the DagBag from /home/airflow/.local/lib/python3.12/site-packages/airflow/example_dags/tutorial.py
[2026-07-16T11:07:01.921+0000] {processor.py:840} INFO - DAG(s) 'tutorial' retrieved from /home/airflow/.local/lib/python3.12/site-packages/airflow/example_dags/tutorial.py
[2026-07-16T11:07:01.946+0000] {logging_mixin.py:188} INFO - [2026-07-16T11:07:01.945+0000] {dag.py:3096} INFO - Sync 1 DAGs
[2026-07-16T11:07:01.964+0000] {logging_mixin.py:188} INFO - [2026-07-16T11:07:01.964+0000] {dag.py:3954} INFO - Setting next_dagrun for tutorial to 2026-07-15 00:00:00+00:00, run_after=2026-07-16 00:00:00+00:00
[2026-07-16T11:07:01.982+0000] {processor.py:183} INFO - Processing /home/airflow/.local/lib/python3.12/site-packages/airflow/example_dags/tutorial.py took 0.085 seconds
[2026-07-16T11:07:32.328+0000] {processor.py:161} INFO - Started process (PID=560) to work on /home/airflow/.local/lib/python3.12/site-packages/airflow/example_dags/tutorial.py
[2026-07-16T11:07:32.329+0000] {processor.py:830} INFO - Processing file /home/airflow/.local/lib/python3.12/site-packages/airflow/example_dags/tutorial.py for tasks to queue
[2026-07-16T11:07:32.332+0000] {logging_mixin.py:188} INFO - [2026-07-16T11:07:32.331+0000] {dagbag.py:540} INFO - Filling up the DagBag from /home/airflow/.local/lib/python3.12/site-packages/airflow/example_dags/tutorial.py
[2026-07-16T11:07:32.337+0000] {processor.py:840} INFO - DAG(s) 'tutorial' retrieved from /home/airflow/.local/lib/python3.12/site-packages/airflow/example_dags/tutorial.py
[2026-07-16T11:07:32.354+0000] {logging_mixin.py:188} INFO - [2026-07-16T11:07:32.354+0000] {dag.py:3096} INFO - Sync 1 DAGs
[2026-07-16T11:07:32.371+0000] {logging_mixin.py:188} INFO - [2026-07-16T11:07:32.371+0000] {dag.py:3954} INFO - Setting next_dagrun for tutorial to 2026-07-15 00:00:00+00:00, run_after=2026-07-16 00:00:00+00:00
[2026-07-16T11:07:32.391+0000] {processor.py:183} INFO - Processing /home/airflow/.local/lib/python3.12/site-packages/airflow/example_dags/tutorial.py took 0.068 seconds
[2026-07-16T11:08:02.731+0000] {processor.py:161} INFO - Started process (PID=619) to work on /home/airflow/.local/lib/python3.12/site-packages/airflow/example_dags/tutorial.py
[2026-07-16T11:08:02.733+0000] {processor.py:830} INFO - Processing file /home/airflow/.local/lib/python3.12/site-packages/airflow/example_dags/tutorial.py for tasks to queue
[2026-07-16T11:08:02.735+0000] {logging_mixin.py:188} INFO - [2026-07-16T11:08:02.734+0000] {dagbag.py:540} INFO - Filling up the DagBag from /home/airflow/.local/lib/python3.12/site-packages/airflow/example_dags/tutorial.py
[2026-07-16T11:08:02.740+0000] {processor.py:840} INFO - DAG(s) 'tutorial' retrieved from /home/airflow/.local/lib/python3.12/site-packages/airflow/example_dags/tutorial.py
[2026-07-16T11:08:02.758+0000] {logging_mixin.py:188} INFO - [2026-07-16T11:08:02.757+0000] {dag.py:3096} INFO - Sync 1 DAGs
[2026-07-16T11:08:02.777+0000] {logging_mixin.py:188} INFO - [2026-07-16T11:08:02.776+0000] {dag.py:3954} INFO - Setting next_dagrun for tutorial to 2026-07-15 00:00:00+00:00, run_after=2026-07-16 00:00:00+00:00
[2026-07-16T11:08:02.796+0000] {processor.py:183} INFO - Processing /home/airflow/.local/lib/python3.12/site-packages/airflow/example_dags/tutorial.py took 0.070 seconds
[2026-07-16T11:08:33.091+0000] {processor.py:161} INFO - Started process (PID=678) to work on /home/airflow/.local/lib/python3.12/site-packages/airflow/example_dags/tutorial.py
[2026-07-16T11:08:33.092+0000] {processor.py:830} INFO - Processing file /home/airflow/.local/lib/python3.12/site-packages/airflow/example_dags/tutorial.py for tasks to queue
[2026-07-16T11:08:33.096+0000] {logging_mixin.py:188} INFO - [2026-07-16T11:08:33.095+0000] {dagbag.py:540} INFO - Filling up the DagBag from /home/airflow/.local/lib/python3.12/site-packages/airflow/example_dags/tutorial.py
[2026-07-16T11:08:33.103+0000] {processor.py:840} INFO - DAG(s) 'tutorial' retrieved from /home/airflow/.local/lib/python3.12/site-packages/airflow/example_dags/tutorial.py
[2026-07-16T11:08:33.119+0000] {logging_mixin.py:188} INFO - [2026-07-16T11:08:33.119+0000] {dag.py:3096} INFO - Sync 1 DAGs
[2026-07-16T11:08:33.137+0000] {logging_mixin.py:188} INFO - [2026-07-16T11:08:33.137+0000] {dag.py:3954} INFO - Setting next_dagrun for tutorial to 2026-07-15 00:00:00+00:00, run_after=2026-07-16 00:00:00+00:00
[2026-07-16T11:08:33.155+0000] {processor.py:183} INFO - Processing /home/airflow/.local/lib/python3.12/site-packages/airflow/example_dags/tutorial.py took 0.069 seconds
[2026-07-16T11:09:04.251+0000] {processor.py:161} INFO - Started process (PID=737) to work on /home/airflow/.local/lib/python3.12/site-packages/airflow/example_dags/tutorial.py
[2026-07-16T11:09:04.252+0000] {processor.py:830} INFO - Processing file /home/airflow/.local/lib/python3.12/site-packages/airflow/example_dags/tutorial.py for tasks to queue
[2026-07-16T11:09:04.255+0000] {logging_mixin.py:188} INFO - [2026-07-16T11:09:04.254+0000] {dagbag.py:540} INFO - Filling up the DagBag from /home/airflow/.local/lib/python3.12/site-packages/airflow/example_dags/tutorial.py
[2026-07-16T11:09:04.260+0000] {processor.py:840} INFO - DAG(s) 'tutorial' retrieved from /home/airflow/.local/lib/python3.12/site-packages/airflow/example_dags/tutorial.py
[2026-07-16T11:09:04.277+0000] {logging_mixin.py:188} INFO - [2026-07-16T11:09:04.277+0000] {dag.py:3096} INFO - Sync 1 DAGs
[2026-07-16T11:09:04.295+0000] {logging_mixin.py:188} INFO - [2026-07-16T11:09:04.295+0000] {dag.py:3954} INFO - Setting next_dagrun for tutorial to 2026-07-15 00:00:00+00:00, run_after=2026-07-16 00:00:00+00:00
[2026-07-16T11:09:04.351+0000] {processor.py:183} INFO - Processing /home/airflow/.local/lib/python3.12/site-packages/airflow/example_dags/tutorial.py took 0.105 seconds
[2026-07-16T11:09:34.797+0000] {processor.py:161} INFO - Started process (PID=796) to work on /home/airflow/.local/lib/python3.12/site-packages/airflow/example_dags/tutorial.py
[2026-07-16T11:09:34.798+0000] {processor.py:830} INFO - Processing file /home/airflow/.local/lib/python3.12/site-packages/airflow/example_dags/tutorial.py for tasks to queue
[2026-07-16T11:09:34.801+0000] {logging_mixin.py:188} INFO - [2026-07-16T11:09:34.801+0000] {dagbag.py:540} INFO - Filling up the DagBag from /home/airflow/.local/lib/python3.12/site-packages/airflow/example_dags/tutorial.py
[2026-07-16T11:09:34.807+0000] {processor.py:840} INFO - DAG(s) 'tutorial' retrieved from /home/airflow/.local/lib/python3.12/site-packages/airflow/example_dags/tutorial.py
[2026-07-16T11:09:34.824+0000] {logging_mixin.py:188} INFO - [2026-07-16T11:09:34.824+0000] {dag.py:3096} INFO - Sync 1 DAGs
[2026-07-16T11:09:34.846+0000] {logging_mixin.py:188} INFO - [2026-07-16T11:09:34.846+0000] {dag.py:3954} INFO - Setting next_dagrun for tutorial to 2026-07-15 00:00:00+00:00, run_after=2026-07-16 00:00:00+00:00
[2026-07-16T11:09:34.864+0000] {processor.py:183} INFO - Processing /home/airflow/.local/lib/python3.12/site-packages/airflow/example_dags/tutorial.py took 0.072 seconds
[2026-07-16T11:10:05.121+0000] {processor.py:161} INFO - Started process (PID=855) to work on /home/airflow/.local/lib/python3.12/site-packages/airflow/example_dags/tutorial.py
[2026-07-16T11:10:05.124+0000] {processor.py:830} INFO - Processing file /home/airflow/.local/lib/python3.12/site-packages/airflow/example_dags/tutorial.py for tasks to queue
[2026-07-16T11:10:05.128+0000] {logging_mixin.py:188} INFO - [2026-07-16T11:10:05.127+0000] {dagbag.py:540} INFO - Filling up the DagBag from /home/airflow/.local/lib/python3.12/site-packages/airflow/example_dags/tutorial.py
[2026-07-16T11:10:05.133+0000] {processor.py:840} INFO - DAG(s) 'tutorial' retrieved from /home/airflow/.local/lib/python3.12/site-packages/airflow/example_dags/tutorial.py
[2026-07-16T11:10:05.153+0000] {logging_mixin.py:188} INFO - [2026-07-16T11:10:05.153+0000] {dag.py:3096} INFO - Sync 1 DAGs
[2026-07-16T11:10:05.173+0000] {logging_mixin.py:188} INFO - [2026-07-16T11:10:05.172+0000] {dag.py:3954} INFO - Setting next_dagrun for tutorial to 2026-07-15 00:00:00+00:00, run_after=2026-07-16 00:00:00+00:00
[2026-07-16T11:10:05.192+0000] {processor.py:183} INFO - Processing /home/airflow/.local/lib/python3.12/site-packages/airflow/example_dags/tutorial.py took 0.077 seconds
[2026-07-16T11:10:35.321+0000] {processor.py:161} INFO - Started process (PID=914) to work on /home/airflow/.local/lib/python3.12/site-packages/airflow/example_dags/tutorial.py
[2026-07-16T11:10:35.322+0000] {processor.py:830} INFO - Processing file /home/airflow/.local/lib/python3.12/site-packages/airflow/example_dags/tutorial.py for tasks to queue
[2026-07-16T11:10:35.325+0000] {logging_mixin.py:188} INFO - [2026-07-16T11:10:35.324+0000] {dagbag.py:540} INFO - Filling up the DagBag from /home/airflow/.local/lib/python3.12/site-packages/airflow/example_dags/tutorial.py
[2026-07-16T11:10:35.331+0000] {processor.py:840} INFO - DAG(s) 'tutorial' retrieved from /home/airflow/.local/lib/python3.12/site-packages/airflow/example_dags/tutorial.py
[2026-07-16T11:10:35.349+0000] {logging_mixin.py:188} INFO - [2026-07-16T11:10:35.349+0000] {dag.py:3096} INFO - Sync 1 DAGs
[2026-07-16T11:10:35.370+0000] {logging_mixin.py:188} INFO - [2026-07-16T11:10:35.369+0000] {dag.py:3954} INFO - Setting next_dagrun for tutorial to 2026-07-15 00:00:00+00:00, run_after=2026-07-16 00:00:00+00:00
[2026-07-16T11:10:35.389+0000] {processor.py:183} INFO - Processing /home/airflow/.local/lib/python3.12/site-packages/airflow/example_dags/tutorial.py took 0.073 seconds
[2026-07-16T11:11:06.125+0000] {processor.py:161} INFO - Started process (PID=973) to work on /home/airflow/.local/lib/python3.12/site-packages/airflow/example_dags/tutorial.py
[2026-07-16T11:11:06.126+0000] {processor.py:830} INFO - Processing file /home/airflow/.local/lib/python3.12/site-packages/airflow/example_dags/tutorial.py for tasks to queue
[2026-07-16T11:11:06.128+0000] {logging_mixin.py:188} INFO - [2026-07-16T11:11:06.128+0000] {dagbag.py:540} INFO - Filling up the DagBag from /home/airflow/.local/lib/python3.12/site-packages/airflow/example_dags/tutorial.py
[2026-07-16T11:11:06.134+0000] {processor.py:840} INFO - DAG(s) 'tutorial' retrieved from /home/airflow/.local/lib/python3.12/site-packages/airflow/example_dags/tutorial.py
[2026-07-16T11:11:06.154+0000] {logging_mixin.py:188} INFO - [2026-07-16T11:11:06.154+0000] {dag.py:3096} INFO - Sync 1 DAGs
[2026-07-16T11:11:06.176+0000] {logging_mixin.py:188} INFO - [2026-07-16T11:11:06.176+0000] {dag.py:3954} INFO - Setting next_dagrun for tutorial to 2026-07-15 00:00:00+00:00, run_after=2026-07-16 00:00:00+00:00
[2026-07-16T11:11:06.196+0000] {processor.py:183} INFO - Processing /home/airflow/.local/lib/python3.12/site-packages/airflow/example_dags/tutorial.py took 0.076 seconds
[2026-07-16T11:11:36.444+0000] {processor.py:161} INFO - Started process (PID=1032) to work on /home/airflow/.local/lib/python3.12/site-packages/airflow/example_dags/tutorial.py
[2026-07-16T11:11:36.446+0000] {processor.py:830} INFO - Processing file /home/airflow/.local/lib/python3.12/site-packages/airflow/example_dags/tutorial.py for tasks to queue
[2026-07-16T11:11:36.448+0000] {logging_mixin.py:188} INFO - [2026-07-16T11:11:36.448+0000] {dagbag.py:540} INFO - Filling up the DagBag from /home/airflow/.local/lib/python3.12/site-packages/airflow/example_dags/tutorial.py
[2026-07-16T11:11:36.455+0000] {processor.py:840} INFO - DAG(s) 'tutorial' retrieved from /home/airflow/.local/lib/python3.12/site-packages/airflow/example_dags/tutorial.py
[2026-07-16T11:11:36.475+0000] {logging_mixin.py:188} INFO - [2026-07-16T11:11:36.475+0000] {dag.py:3096} INFO - Sync 1 DAGs
[2026-07-16T11:11:36.497+0000] {logging_mixin.py:188} INFO - [2026-07-16T11:11:36.497+0000] {dag.py:3954} INFO - Setting next_dagrun for tutorial to 2026-07-15 00:00:00+00:00, run_after=2026-07-16 00:00:00+00:00
[2026-07-16T11:11:36.517+0000] {processor.py:183} INFO - Processing /home/airflow/.local/lib/python3.12/site-packages/airflow/example_dags/tutorial.py took 0.078 seconds
[2026-07-16T11:12:07.055+0000] {processor.py:161} INFO - Started process (PID=1091) to work on /home/airflow/.local/lib/python3.12/site-packages/airflow/example_dags/tutorial.py
[2026-07-16T11:12:07.057+0000] {processor.py:830} INFO - Processing file /home/airflow/.local/lib/python3.12/site-packages/airflow/example_dags/tutorial.py for tasks to queue
[2026-07-16T11:12:07.059+0000] {logging_mixin.py:188} INFO - [2026-07-16T11:12:07.059+0000] {dagbag.py:540} INFO - Filling up the DagBag from /home/airflow/.local/lib/python3.12/site-packages/airflow/example_dags/tutorial.py
[2026-07-16T11:12:07.064+0000] {processor.py:840} INFO - DAG(s) 'tutorial' retrieved from /home/airflow/.local/lib/python3.12/site-packages/airflow/example_dags/tutorial.py
[2026-07-16T11:12:07.084+0000] {logging_mixin.py:188} INFO - [2026-07-16T11:12:07.084+0000] {dag.py:3096} INFO - Sync 1 DAGs
[2026-07-16T11:12:07.129+0000] {logging_mixin.py:188} INFO - [2026-07-16T11:12:07.129+0000] {dag.py:3954} INFO - Setting next_dagrun for tutorial to 2026-07-15 00:00:00+00:00, run_after=2026-07-16 00:00:00+00:00
[2026-07-16T11:12:07.149+0000] {processor.py:183} INFO - Processing /home/airflow/.local/lib/python3.12/site-packages/airflow/example_dags/tutorial.py took 0.099 seconds
[2026-07-16T11:12:37.334+0000] {processor.py:161} INFO - Started process (PID=1149) to work on /home/airflow/.local/lib/python3.12/site-packages/airflow/example_dags/tutorial.py
[2026-07-16T11:12:37.336+0000] {processor.py:830} INFO - Processing file /home/airflow/.local/lib/python3.12/site-packages/airflow/example_dags/tutorial.py for tasks to queue
[2026-07-16T11:12:37.339+0000] {logging_mixin.py:188} INFO - [2026-07-16T11:12:37.338+0000] {dagbag.py:540} INFO - Filling up the DagBag from /home/airflow/.local/lib/python3.12/site-packages/airflow/example_dags/tutorial.py
[2026-07-16T11:12:37.345+0000] {processor.py:840} INFO - DAG(s) 'tutorial' retrieved from /home/airflow/.local/lib/python3.12/site-packages/airflow/example_dags/tutorial.py
[2026-07-16T11:12:37.365+0000] {logging_mixin.py:188} INFO - [2026-07-16T11:12:37.365+0000] {dag.py:3096} INFO - Sync 1 DAGs
[2026-07-16T11:12:37.391+0000] {logging_mixin.py:188} INFO - [2026-07-16T11:12:37.390+0000] {dag.py:3954} INFO - Setting next_dagrun for tutorial to 2026-07-15 00:00:00+00:00, run_after=2026-07-16 00:00:00+00:00
[2026-07-16T11:12:37.415+0000] {processor.py:183} INFO - Processing /home/airflow/.local/lib/python3.12/site-packages/airflow/example_dags/tutorial.py took 0.092 seconds
[2026-07-16T11:13:07.734+0000] {processor.py:161} INFO - Started process (PID=1208) to work on /home/airflow/.local/lib/python3.12/site-packages/airflow/example_dags/tutorial.py
[2026-07-16T11:13:07.736+0000] {processor.py:830} INFO - Processing file /home/airflow/.local/lib/python3.12/site-packages/airflow/example_dags/tutorial.py for tasks to queue
[2026-07-16T11:13:07.740+0000] {logging_mixin.py:188} INFO - [2026-07-16T11:13:07.739+0000] {dagbag.py:540} INFO - Filling up the DagBag from /home/airflow/.local/lib/python3.12/site-packages/airflow/example_dags/tutorial.py
[2026-07-16T11:13:07.749+0000] {processor.py:840} INFO - DAG(s) 'tutorial' retrieved from /home/airflow/.local/lib/python3.12/site-packages/airflow/example_dags/tutorial.py
[2026-07-16T11:13:07.770+0000] {logging_mixin.py:188} INFO - [2026-07-16T11:13:07.770+0000] {dag.py:3096} INFO - Sync 1 DAGs
[2026-07-16T11:13:07.790+0000] {logging_mixin.py:188} INFO - [2026-07-16T11:13:07.790+0000] {dag.py:3954} INFO - Setting next_dagrun for tutorial to 2026-07-15 00:00:00+00:00, run_after=2026-07-16 00:00:00+00:00
[2026-07-16T11:13:07.814+0000] {processor.py:183} INFO - Processing /home/airflow/.local/lib/python3.12/site-packages/airflow/example_dags/tutorial.py took 0.090 seconds
[2026-07-16T11:13:37.872+0000] {processor.py:161} INFO - Started process (PID=1267) to work on /home/airflow/.local/lib/python3.12/site-packages/airflow/example_dags/tutorial.py
[2026-07-16T11:13:37.874+0000] {processor.py:830} INFO - Processing file /home/airflow/.local/lib/python3.12/site-packages/airflow/example_dags/tutorial.py for tasks to queue
[2026-07-16T11:13:37.876+0000] {logging_mixin.py:188} INFO - [2026-07-16T11:13:37.876+0000] {dagbag.py:540} INFO - Filling up the DagBag from /home/airflow/.local/lib/python3.12/site-packages/airflow/example_dags/tutorial.py
[2026-07-16T11:13:37.882+0000] {processor.py:840} INFO - DAG(s) 'tutorial' retrieved from /home/airflow/.local/lib/python3.12/site-packages/airflow/example_dags/tutorial.py
[2026-07-16T11:13:37.898+0000] {logging_mixin.py:188} INFO - [2026-07-16T11:13:37.898+0000] {dag.py:3096} INFO - Sync 1 DAGs
[2026-07-16T11:13:37.920+0000] {logging_mixin.py:188} INFO - [2026-07-16T11:13:37.920+0000] {dag.py:3954} INFO - Setting next_dagrun for tutorial to 2026-07-15 00:00:00+00:00, run_after=2026-07-16 00:00:00+00:00
[2026-07-16T11:13:37.941+0000] {processor.py:183} INFO - Processing /home/airflow/.local/lib/python3.12/site-packages/airflow/example_dags/tutorial.py took 0.074 seconds
[2026-07-16T11:14:08.152+0000] {processor.py:161} INFO - Started process (PID=1326) to work on /home/airflow/.local/lib/python3.12/site-packages/airflow/example_dags/tutorial.py
[2026-07-16T11:14:08.153+0000] {processor.py:830} INFO - Processing file /home/airflow/.local/lib/python3.12/site-packages/airflow/example_dags/tutorial.py for tasks to queue
[2026-07-16T11:14:08.155+0000] {logging_mixin.py:188} INFO - [2026-07-16T11:14:08.154+0000] {dagbag.py:540} INFO - Filling up the DagBag from /home/airflow/.local/lib/python3.12/site-packages/airflow/example_dags/tutorial.py
[2026-07-16T11:14:08.160+0000] {processor.py:840} INFO - DAG(s) 'tutorial' retrieved from /home/airflow/.local/lib/python3.12/site-packages/airflow/example_dags/tutorial.py
[2026-07-16T11:14:08.177+0000] {logging_mixin.py:188} INFO - [2026-07-16T11:14:08.177+0000] {dag.py:3096} INFO - Sync 1 DAGs
[2026-07-16T11:14:08.196+0000] {logging_mixin.py:188} INFO - [2026-07-16T11:14:08.196+0000] {dag.py:3954} INFO - Setting next_dagrun for tutorial to 2026-07-15 00:00:00+00:00, run_after=2026-07-16 00:00:00+00:00
[2026-07-16T11:14:08.219+0000] {processor.py:183} INFO - Processing /home/airflow/.local/lib/python3.12/site-packages/airflow/example_dags/tutorial.py took 0.073 seconds
[2026-07-16T11:14:38.251+0000] {processor.py:161} INFO - Started process (PID=1384) to work on /home/airflow/.local/lib/python3.12/site-packages/airflow/example_dags/tutorial.py
[2026-07-16T11:14:38.253+0000] {processor.py:830} INFO - Processing file /home/airflow/.local/lib/python3.12/site-packages/airflow/example_dags/tutorial.py for tasks to queue
[2026-07-16T11:14:38.256+0000] {logging_mixin.py:188} INFO - [2026-07-16T11:14:38.255+0000] {dagbag.py:540} INFO - Filling up the DagBag from /home/airflow/.local/lib/python3.12/site-packages/airflow/example_dags/tutorial.py
[2026-07-16T11:14:38.262+0000] {processor.py:840} INFO - DAG(s) 'tutorial' retrieved from /home/airflow/.local/lib/python3.12/site-packages/airflow/example_dags/tutorial.py
[2026-07-16T11:14:38.281+0000] {logging_mixin.py:188} INFO - [2026-07-16T11:14:38.281+0000] {dag.py:3096} INFO - Sync 1 DAGs
[2026-07-16T11:14:38.304+0000] {logging_mixin.py:188} INFO - [2026-07-16T11:14:38.304+0000] {dag.py:3954} INFO - Setting next_dagrun for tutorial to 2026-07-15 00:00:00+00:00, run_after=2026-07-16 00:00:00+00:00
[2026-07-16T11:14:38.321+0000] {processor.py:183} INFO - Processing /home/airflow/.local/lib/python3.12/site-packages/airflow/example_dags/tutorial.py took 0.075 seconds
[2026-07-16T11:15:08.676+0000] {processor.py:161} INFO - Started process (PID=1443) to work on /home/airflow/.local/lib/python3.12/site-packages/airflow/example_dags/tutorial.py
[2026-07-16T11:15:08.677+0000] {processor.py:830} INFO - Processing file /home/airflow/.local/lib/python3.12/site-packages/airflow/example_dags/tutorial.py for tasks to queue
[2026-07-16T11:15:08.680+0000] {logging_mixin.py:188} INFO - [2026-07-16T11:15:08.679+0000] {dagbag.py:540} INFO - Filling up the DagBag from /home/airflow/.local/lib/python3.12/site-packages/airflow/example_dags/tutorial.py
[2026-07-16T11:15:08.689+0000] {processor.py:840} INFO - DAG(s) 'tutorial' retrieved from /home/airflow/.local/lib/python3.12/site-packages/airflow/example_dags/tutorial.py
[2026-07-16T11:15:08.722+0000] {logging_mixin.py:188} INFO - [2026-07-16T11:15:08.721+0000] {dag.py:3096} INFO - Sync 1 DAGs
[2026-07-16T11:15:08.746+0000] {logging_mixin.py:188} INFO - [2026-07-16T11:15:08.745+0000] {dag.py:3954} INFO - Setting next_dagrun for tutorial to 2026-07-15 00:00:00+00:00, run_after=2026-07-16 00:00:00+00:00
[2026-07-16T11:15:08.772+0000] {processor.py:183} INFO - Processing /home/airflow/.local/lib/python3.12/site-packages/airflow/example_dags/tutorial.py took 0.103 seconds
[2026-07-16T11:15:39.088+0000] {processor.py:161} INFO - Started process (PID=1502) to work on /home/airflow/.local/lib/python3.12/site-packages/airflow/example_dags/tutorial.py
[2026-07-16T11:15:39.091+0000] {processor.py:830} INFO - Processing file /home/airflow/.local/lib/python3.12/site-packages/airflow/example_dags/tutorial.py for tasks to queue
[2026-07-16T11:15:39.096+0000] {logging_mixin.py:188} INFO - [2026-07-16T11:15:39.095+0000] {dagbag.py:540} INFO - Filling up the DagBag from /home/airflow/.local/lib/python3.12/site-packages/airflow/example_dags/tutorial.py
[2026-07-16T11:15:39.105+0000] {processor.py:840} INFO - DAG(s) 'tutorial' retrieved from /home/airflow/.local/lib/python3.12/site-packages/airflow/example_dags/tutorial.py
[2026-07-16T11:15:39.126+0000] {logging_mixin.py:188} INFO - [2026-07-16T11:15:39.126+0000] {dag.py:3096} INFO - Sync 1 DAGs
[2026-07-16T11:15:39.158+0000] {logging_mixin.py:188} INFO - [2026-07-16T11:15:39.158+0000] {dag.py:3954} INFO - Setting next_dagrun for tutorial to 2026-07-15 00:00:00+00:00, run_after=2026-07-16 00:00:00+00:00
[2026-07-16T11:15:39.190+0000] {processor.py:183} INFO - Processing /home/airflow/.local/lib/python3.12/site-packages/airflow/example_dags/tutorial.py took 0.108 seconds
[2026-07-16T11:16:09.927+0000] {processor.py:161} INFO - Started process (PID=1562) to work on /home/airflow/.local/lib/python3.12/site-packages/airflow/example_dags/tutorial.py
[2026-07-16T11:16:09.928+0000] {processor.py:830} INFO - Processing file /home/airflow/.local/lib/python3.12/site-packages/airflow/example_dags/tutorial.py for tasks to queue
[2026-07-16T11:16:09.932+0000] {logging_mixin.py:188} INFO - [2026-07-16T11:16:09.931+0000] {dagbag.py:540} INFO - Filling up the DagBag from /home/airflow/.local/lib/python3.12/site-packages/airflow/example_dags/tutorial.py
[2026-07-16T11:16:09.938+0000] {processor.py:840} INFO - DAG(s) 'tutorial' retrieved from /home/airflow/.local/lib/python3.12/site-packages/airflow/example_dags/tutorial.py
[2026-07-16T11:16:09.955+0000] {logging_mixin.py:188} INFO - [2026-07-16T11:16:09.955+0000] {dag.py:3096} INFO - Sync 1 DAGs
[2026-07-16T11:16:09.974+0000] {logging_mixin.py:188} INFO - [2026-07-16T11:16:09.973+0000] {dag.py:3954} INFO - Setting next_dagrun for tutorial to 2026-07-15 00:00:00+00:00, run_after=2026-07-16 00:00:00+00:00
[2026-07-16T11:16:09.991+0000] {processor.py:183} INFO - Processing /home/airflow/.local/lib/python3.12/site-packages/airflow/example_dags/tutorial.py took 0.069 seconds
[2026-07-16T11:16:40.905+0000] {processor.py:161} INFO - Started process (PID=1621) to work on /home/airflow/.local/lib/python3.12/site-packages/airflow/example_dags/tutorial.py
[2026-07-16T11:16:40.907+0000] {processor.py:830} INFO - Processing file /home/airflow/.local/lib/python3.12/site-packages/airflow/example_dags/tutorial.py for tasks to queue
[2026-07-16T11:16:40.909+0000] {logging_mixin.py:188} INFO - [2026-07-16T11:16:40.909+0000] {dagbag.py:540} INFO - Filling up the DagBag from /home/airflow/.local/lib/python3.12/site-packages/airflow/example_dags/tutorial.py
[2026-07-16T11:16:40.915+0000] {processor.py:840} INFO - DAG(s) 'tutorial' retrieved from /home/airflow/.local/lib/python3.12/site-packages/airflow/example_dags/tutorial.py
[2026-07-16T11:16:40.933+0000] {logging_mixin.py:188} INFO - [2026-07-16T11:16:40.933+0000] {dag.py:3096} INFO - Sync 1 DAGs
[2026-07-16T11:16:40.952+0000] {logging_mixin.py:188} INFO - [2026-07-16T11:16:40.952+0000] {dag.py:3954} INFO - Setting next_dagrun for tutorial to 2026-07-15 00:00:00+00:00, run_after=2026-07-16 00:00:00+00:00
[2026-07-16T11:16:40.970+0000] {processor.py:183} INFO - Processing /home/airflow/.local/lib/python3.12/site-packages/airflow/example_dags/tutorial.py took 0.070 seconds
[2026-07-16T11:17:11.664+0000] {processor.py:161} INFO - Started process (PID=1680) to work on /home/airflow/.local/lib/python3.12/site-packages/airflow/example_dags/tutorial.py
[2026-07-16T11:17:11.665+0000] {processor.py:830} INFO - Processing file /home/airflow/.local/lib/python3.12/site-packages/airflow/example_dags/tutorial.py for tasks to queue
[2026-07-16T11:17:11.668+0000] {logging_mixin.py:188} INFO - [2026-07-16T11:17:11.667+0000] {dagbag.py:540} INFO - Filling up the DagBag from /home/airflow/.local/lib/python3.12/site-packages/airflow/example_dags/tutorial.py
[2026-07-16T11:17:11.673+0000] {processor.py:840} INFO - DAG(s) 'tutorial' retrieved from /home/airflow/.local/lib/python3.12/site-packages/airflow/example_dags/tutorial.py
[2026-07-16T11:17:11.692+0000] {logging_mixin.py:188} INFO - [2026-07-16T11:17:11.692+0000] {dag.py:3096} INFO - Sync 1 DAGs
[2026-07-16T11:17:11.732+0000] {logging_mixin.py:188} INFO - [2026-07-16T11:17:11.731+0000] {dag.py:3954} INFO - Setting next_dagrun for tutorial to 2026-07-15 00:00:00+00:00, run_after=2026-07-16 00:00:00+00:00
[2026-07-16T11:17:11.766+0000] {processor.py:183} INFO - Processing /home/airflow/.local/lib/python3.12/site-packages/airflow/example_dags/tutorial.py took 0.106 seconds
[2026-07-16T11:17:41.870+0000] {processor.py:161} INFO - Started process (PID=1739) to work on /home/airflow/.local/lib/python3.12/site-packages/airflow/example_dags/tutorial.py
[2026-07-16T11:17:41.873+0000] {processor.py:830} INFO - Processing file /home/airflow/.local/lib/python3.12/site-packages/airflow/example_dags/tutorial.py for tasks to queue
[2026-07-16T11:17:41.877+0000] {logging_mixin.py:188} INFO - [2026-07-16T11:17:41.876+0000] {dagbag.py:540} INFO - Filling up the DagBag from /home/airflow/.local/lib/python3.12/site-packages/airflow/example_dags/tutorial.py
[2026-07-16T11:17:41.884+0000] {processor.py:840} INFO - DAG(s) 'tutorial' retrieved from /home/airflow/.local/lib/python3.12/site-packages/airflow/example_dags/tutorial.py
[2026-07-16T11:17:41.908+0000] {logging_mixin.py:188} INFO - [2026-07-16T11:17:41.907+0000] {dag.py:3096} INFO - Sync 1 DAGs
[2026-07-16T11:17:41.929+0000] {logging_mixin.py:188} INFO - [2026-07-16T11:17:41.929+0000] {dag.py:3954} INFO - Setting next_dagrun for tutorial to 2026-07-15 00:00:00+00:00, run_after=2026-07-16 00:00:00+00:00
[2026-07-16T11:17:41.949+0000] {processor.py:183} INFO - Processing /home/airflow/.local/lib/python3.12/site-packages/airflow/example_dags/tutorial.py took 0.088 seconds
[2026-07-16T11:18:13.560+0000] {processor.py:161} INFO - Started process (PID=1798) to work on /home/airflow/.local/lib/python3.12/site-packages/airflow/example_dags/tutorial.py
[2026-07-16T11:18:13.564+0000] {processor.py:830} INFO - Processing file /home/airflow/.local/lib/python3.12/site-packages/airflow/example_dags/tutorial.py for tasks to queue
[2026-07-16T11:18:13.569+0000] {logging_mixin.py:188} INFO - [2026-07-16T11:18:13.569+0000] {dagbag.py:540} INFO - Filling up the DagBag from /home/airflow/.local/lib/python3.12/site-packages/airflow/example_dags/tutorial.py
[2026-07-16T11:18:13.601+0000] {processor.py:840} INFO - DAG(s) 'tutorial' retrieved from /home/airflow/.local/lib/python3.12/site-packages/airflow/example_dags/tutorial.py
[2026-07-16T11:18:13.654+0000] {logging_mixin.py:188} INFO - [2026-07-16T11:18:13.653+0000] {dag.py:3096} INFO - Sync 1 DAGs
[2026-07-16T11:18:13.695+0000] {logging_mixin.py:188} INFO - [2026-07-16T11:18:13.695+0000] {dag.py:3954} INFO - Setting next_dagrun for tutorial to 2026-07-15 00:00:00+00:00, run_after=2026-07-16 00:00:00+00:00
[2026-07-16T11:18:13.731+0000] {processor.py:183} INFO - Processing /home/airflow/.local/lib/python3.12/site-packages/airflow/example_dags/tutorial.py took 0.192 seconds
