[2026-07-18T05:02:33.659+0000] {local_task_job_runner.py:120} INFO - ::group::Pre task execution logs
[2026-07-18T05:02:33.678+0000] {taskinstance.py:2073} INFO - Dependencies all met for dep_context=non-requeueable deps ti=<TaskInstance: heavy_equipment_etl_pipeline.teardown_spark_cluster manual__2026-07-18T04:56:29.101295+00:00 [queued]>
[2026-07-18T05:02:33.685+0000] {taskinstance.py:2073} INFO - Dependencies all met for dep_context=requeueable deps ti=<TaskInstance: heavy_equipment_etl_pipeline.teardown_spark_cluster manual__2026-07-18T04:56:29.101295+00:00 [queued]>
[2026-07-18T05:02:33.687+0000] {taskinstance.py:2303} INFO - Starting attempt 1 of 2
[2026-07-18T05:02:33.700+0000] {taskinstance.py:2327} INFO - Executing <Task(BashOperator): teardown_spark_cluster> on 2026-07-18 04:56:29.101295+00:00
[2026-07-18T05:02:33.708+0000] {warnings.py:110} WARNING - /home/***/.local/lib/python3.12/site-packages/***/task/task_runner/standard_task_runner.py:61: DeprecationWarning: This process (pid=1155) is multi-threaded, use of fork() may lead to deadlocks in the child.
  pid = os.fork()

[2026-07-18T05:02:33.710+0000] {standard_task_runner.py:63} INFO - Started process 1157 to run task
[2026-07-18T05:02:33.709+0000] {standard_task_runner.py:90} INFO - Running: ['***', 'tasks', 'run', 'heavy_equipment_etl_pipeline', 'teardown_spark_cluster', 'manual__2026-07-18T04:56:29.101295+00:00', '--job-id', '16', '--raw', '--subdir', 'DAGS_FOLDER/***_dag.py', '--cfg-path', '/tmp/tmpxzuoq6ln']
[2026-07-18T05:02:33.712+0000] {standard_task_runner.py:91} INFO - Job 16: Subtask teardown_spark_cluster
[2026-07-18T05:02:33.770+0000] {task_command.py:426} INFO - Running <TaskInstance: heavy_equipment_etl_pipeline.teardown_spark_cluster manual__2026-07-18T04:56:29.101295+00:00 [running]> on host 02756af3b5fc
[2026-07-18T05:02:33.856+0000] {taskinstance.py:2644} INFO - Exporting env vars: AIRFLOW_CTX_DAG_OWNER='data_engineer' AIRFLOW_CTX_DAG_ID='heavy_equipment_etl_pipeline' AIRFLOW_CTX_TASK_ID='teardown_spark_cluster' AIRFLOW_CTX_EXECUTION_DATE='2026-07-18T04:56:29.101295+00:00' AIRFLOW_CTX_TRY_NUMBER='1' AIRFLOW_CTX_DAG_RUN_ID='manual__2026-07-18T04:56:29.101295+00:00'
[2026-07-18T05:02:33.860+0000] {taskinstance.py:430} INFO - ::endgroup::
[2026-07-18T05:02:33.862+0000] {subprocess.py:63} INFO - Tmp dir root location: /tmp
[2026-07-18T05:02:33.865+0000] {subprocess.py:75} INFO - Running command: ['/usr/bin/bash', '-c', 'echo "Proses selesai/gagal. Menghancurkan cluster PySpark untuk menghentikan biaya..." && sleep 5']
[2026-07-18T05:02:33.883+0000] {subprocess.py:86} INFO - Output:
[2026-07-18T05:02:33.885+0000] {subprocess.py:93} INFO - Proses selesai/gagal. Menghancurkan cluster PySpark untuk menghentikan biaya...
[2026-07-18T05:02:38.886+0000] {subprocess.py:97} INFO - Command exited with return code 0
[2026-07-18T05:02:38.888+0000] {taskinstance.py:441} INFO - ::group::Post task execution logs
[2026-07-18T05:02:38.911+0000] {taskinstance.py:1205} INFO - Marking task as SUCCESS. dag_id=heavy_equipment_etl_pipeline, task_id=teardown_spark_cluster, execution_date=20260718T045629, start_date=20260718T050233, end_date=20260718T050238
[2026-07-18T05:02:38.956+0000] {local_task_job_runner.py:240} INFO - Task exited with return code 0
[2026-07-18T05:02:38.969+0000] {taskinstance.py:3482} INFO - 0 downstream tasks scheduled from follow-on schedule check
[2026-07-18T05:02:38.973+0000] {local_task_job_runner.py:222} INFO - ::endgroup::
