[2026-07-18T04:44:32.792+0000] {local_task_job_runner.py:120} INFO - ::group::Pre task execution logs
[2026-07-18T04:44:32.810+0000] {taskinstance.py:2073} INFO - Dependencies all met for dep_context=non-requeueable deps ti=<TaskInstance: heavy_equipment_etl_pipeline.run_bigquery_upsert scheduled__2026-07-17T00:00:00+00:00 [queued]>
[2026-07-18T04:44:32.817+0000] {taskinstance.py:2073} INFO - Dependencies all met for dep_context=requeueable deps ti=<TaskInstance: heavy_equipment_etl_pipeline.run_bigquery_upsert scheduled__2026-07-17T00:00:00+00:00 [queued]>
[2026-07-18T04:44:32.818+0000] {taskinstance.py:2303} INFO - Starting attempt 2 of 2
[2026-07-18T04:44:32.830+0000] {taskinstance.py:2327} INFO - Executing <Task(BashOperator): run_bigquery_upsert> on 2026-07-17 00:00:00+00:00
[2026-07-18T04:44:32.837+0000] {warnings.py:110} WARNING - /home/***/.local/lib/python3.12/site-packages/***/task/task_runner/standard_task_runner.py:61: DeprecationWarning: This process (pid=530) is multi-threaded, use of fork() may lead to deadlocks in the child.
  pid = os.fork()

[2026-07-18T04:44:32.839+0000] {standard_task_runner.py:63} INFO - Started process 532 to run task
[2026-07-18T04:44:32.838+0000] {standard_task_runner.py:90} INFO - Running: ['***', 'tasks', 'run', 'heavy_equipment_etl_pipeline', 'run_bigquery_upsert', 'scheduled__2026-07-17T00:00:00+00:00', '--job-id', '9', '--raw', '--subdir', 'DAGS_FOLDER/***_dag.py', '--cfg-path', '/tmp/tmpwmurgdfs']
[2026-07-18T04:44:32.840+0000] {standard_task_runner.py:91} INFO - Job 9: Subtask run_bigquery_upsert
[2026-07-18T04:44:32.908+0000] {task_command.py:426} INFO - Running <TaskInstance: heavy_equipment_etl_pipeline.run_bigquery_upsert scheduled__2026-07-17T00:00:00+00:00 [running]> on host 02756af3b5fc
[2026-07-18T04:44:32.971+0000] {taskinstance.py:2644} INFO - Exporting env vars: AIRFLOW_CTX_DAG_OWNER='data_engineer' AIRFLOW_CTX_DAG_ID='heavy_equipment_etl_pipeline' AIRFLOW_CTX_TASK_ID='run_bigquery_upsert' AIRFLOW_CTX_EXECUTION_DATE='2026-07-17T00:00:00+00:00' AIRFLOW_CTX_TRY_NUMBER='2' AIRFLOW_CTX_DAG_RUN_ID='scheduled__2026-07-17T00:00:00+00:00'
[2026-07-18T04:44:32.974+0000] {taskinstance.py:430} INFO - ::endgroup::
[2026-07-18T04:44:32.975+0000] {subprocess.py:63} INFO - Tmp dir root location: /tmp
[2026-07-18T04:44:32.977+0000] {subprocess.py:75} INFO - Running command: ['/usr/bin/bash', '-c', 'cd /opt/***/dags && python load_to_bigquery.py']
[2026-07-18T04:44:32.986+0000] {subprocess.py:86} INFO - Output:
[2026-07-18T04:44:34.093+0000] {subprocess.py:93} INFO - /home/***/.local/lib/python3.12/site-packages/google/cloud/bigquery/_pandas_helpers.py:537: UserWarning: Pyarrow could not determine the type of columns: time_window.
[2026-07-18T04:44:34.094+0000] {subprocess.py:93} INFO -   warnings.warn(
[2026-07-18T04:44:38.033+0000] {subprocess.py:93} INFO - Mengekstrak data terkompresi dari data_lake/curated/equipment_features...
[2026-07-18T04:44:38.034+0000] {subprocess.py:93} INFO - Memuat 216 baris data ke staging table sementara...
[2026-07-18T04:44:38.035+0000] {subprocess.py:93} INFO - Data berhasil dimuat ke staging table.
[2026-07-18T04:44:38.037+0000] {subprocess.py:93} INFO - Mengeksekusi proses MERGE (Upsert) ke tabel operasional utama...
[2026-07-18T04:44:38.038+0000] {subprocess.py:93} INFO - Traceback (most recent call last):
[2026-07-18T04:44:38.039+0000] {subprocess.py:93} INFO -   File "/opt/***/dags/load_to_bigquery.py", line 58, in <module>
[2026-07-18T04:44:38.039+0000] {subprocess.py:93} INFO -     load_and_upsert_bigquery()
[2026-07-18T04:44:38.040+0000] {subprocess.py:93} INFO -   File "/opt/***/dags/load_to_bigquery.py", line 51, in load_and_upsert_bigquery
[2026-07-18T04:44:38.040+0000] {subprocess.py:93} INFO -     query_job.result() # Menunggu proses kueri selesai
[2026-07-18T04:44:38.041+0000] {subprocess.py:93} INFO -     ^^^^^^^^^^^^^^^^^^
[2026-07-18T04:44:38.042+0000] {subprocess.py:93} INFO -   File "/home/***/.local/lib/python3.12/site-packages/google/cloud/bigquery/job/query.py", line 1590, in result
[2026-07-18T04:44:38.043+0000] {subprocess.py:93} INFO -     do_get_result()
[2026-07-18T04:44:38.043+0000] {subprocess.py:93} INFO -   File "/home/***/.local/lib/python3.12/site-packages/google/api_core/retry/retry_unary.py", line 293, in retry_wrapped_func
[2026-07-18T04:44:38.044+0000] {subprocess.py:93} INFO -     return retry_target(
[2026-07-18T04:44:38.045+0000] {subprocess.py:93} INFO -            ^^^^^^^^^^^^^
[2026-07-18T04:44:38.045+0000] {subprocess.py:93} INFO -   File "/home/***/.local/lib/python3.12/site-packages/google/api_core/retry/retry_unary.py", line 153, in retry_target
[2026-07-18T04:44:38.046+0000] {subprocess.py:93} INFO -     _retry_error_helper(
[2026-07-18T04:44:38.047+0000] {subprocess.py:93} INFO -   File "/home/***/.local/lib/python3.12/site-packages/google/api_core/retry/retry_base.py", line 212, in _retry_error_helper
[2026-07-18T04:44:38.048+0000] {subprocess.py:93} INFO -     raise final_exc from source_exc
[2026-07-18T04:44:38.049+0000] {subprocess.py:93} INFO -   File "/home/***/.local/lib/python3.12/site-packages/google/api_core/retry/retry_unary.py", line 144, in retry_target
[2026-07-18T04:44:38.051+0000] {subprocess.py:93} INFO -     result = target()
[2026-07-18T04:44:38.052+0000] {subprocess.py:93} INFO -              ^^^^^^^^
[2026-07-18T04:44:38.053+0000] {subprocess.py:93} INFO -   File "/home/***/.local/lib/python3.12/site-packages/google/cloud/bigquery/job/query.py", line 1579, in do_get_result
[2026-07-18T04:44:38.053+0000] {subprocess.py:93} INFO -     super(QueryJob, self).result(retry=retry, timeout=timeout)
[2026-07-18T04:44:38.054+0000] {subprocess.py:93} INFO -   File "/home/***/.local/lib/python3.12/site-packages/google/cloud/bigquery/job/base.py", line 971, in result
[2026-07-18T04:44:38.054+0000] {subprocess.py:93} INFO -     return super(_AsyncJob, self).result(timeout=timeout, **kwargs)
[2026-07-18T04:44:38.055+0000] {subprocess.py:93} INFO -            ^^^^^^^^^^^^^^^^^^^^^^^^^^^^^^^^^^^^^^^^^^^^^^^^^^^^^^^^
[2026-07-18T04:44:38.056+0000] {subprocess.py:93} INFO -   File "/home/***/.local/lib/python3.12/site-packages/google/api_core/future/polling.py", line 261, in result
[2026-07-18T04:44:38.056+0000] {subprocess.py:93} INFO -     raise self._exception
[2026-07-18T04:44:38.057+0000] {subprocess.py:93} INFO - google.api_core.exceptions.Forbidden: 403 Billing has not been enabled for this project. Enable billing at https://console.cloud.google.com/billing. DML queries are not allowed in the free tier. Set up a billing account to remove this restriction.; reason: billingNotEnabled, message: Billing has not been enabled for this project. Enable billing at https://console.cloud.google.com/billing. DML queries are not allowed in the free tier. Set up a billing account to remove this restriction.
[2026-07-18T04:44:38.058+0000] {subprocess.py:93} INFO - 
[2026-07-18T04:44:38.059+0000] {subprocess.py:93} INFO - Location: asia-southeast2
[2026-07-18T04:44:38.059+0000] {subprocess.py:93} INFO - Job ID: 079d0e4f-d7d9-472c-8167-8e312bc743c1
[2026-07-18T04:44:38.060+0000] {subprocess.py:93} INFO - 
[2026-07-18T04:44:38.145+0000] {subprocess.py:97} INFO - Command exited with return code 1
[2026-07-18T04:44:38.147+0000] {taskinstance.py:441} INFO - ::group::Post task execution logs
[2026-07-18T04:44:38.154+0000] {taskinstance.py:2890} ERROR - Task failed with exception
Traceback (most recent call last):
  File "/home/airflow/.local/lib/python3.12/site-packages/airflow/models/taskinstance.py", line 465, in _execute_task
    result = _execute_callable(context=context, **execute_callable_kwargs)
             ^^^^^^^^^^^^^^^^^^^^^^^^^^^^^^^^^^^^^^^^^^^^^^^^^^^^^^^^^^^^^
  File "/home/airflow/.local/lib/python3.12/site-packages/airflow/models/taskinstance.py", line 432, in _execute_callable
    return execute_callable(context=context, **execute_callable_kwargs)
           ^^^^^^^^^^^^^^^^^^^^^^^^^^^^^^^^^^^^^^^^^^^^^^^^^^^^^^^^^^^^
  File "/home/airflow/.local/lib/python3.12/site-packages/airflow/models/baseoperator.py", line 400, in wrapper
    return func(self, *args, **kwargs)
           ^^^^^^^^^^^^^^^^^^^^^^^^^^^
  File "/home/airflow/.local/lib/python3.12/site-packages/airflow/operators/bash.py", line 243, in execute
    raise AirflowException(
airflow.exceptions.AirflowException: Bash command failed. The command returned a non-zero exit code 1.
[2026-07-18T04:44:38.159+0000] {taskinstance.py:1205} INFO - Marking task as FAILED. dag_id=heavy_equipment_etl_pipeline, task_id=run_bigquery_upsert, execution_date=20260717T000000, start_date=20260718T044432, end_date=20260718T044438
[2026-07-18T04:44:38.172+0000] {standard_task_runner.py:110} ERROR - Failed to execute job 9 for task run_bigquery_upsert (Bash command failed. The command returned a non-zero exit code 1.; 532)
[2026-07-18T04:44:38.202+0000] {local_task_job_runner.py:240} INFO - Task exited with return code 1
[2026-07-18T04:44:38.216+0000] {taskinstance.py:3482} INFO - 1 downstream tasks scheduled from follow-on schedule check
[2026-07-18T04:44:38.221+0000] {local_task_job_runner.py:222} INFO - ::endgroup::
