[2026-07-19T05:21:41.772+0000] {local_task_job_runner.py:120} INFO - ::group::Pre task execution logs
[2026-07-19T05:21:41.792+0000] {taskinstance.py:2073} INFO - Dependencies all met for dep_context=non-requeueable deps ti=<TaskInstance: heavy_equipment_etl_pipeline.run_data_generator scheduled__2026-07-18T00:00:00+00:00 [queued]>
[2026-07-19T05:21:41.799+0000] {taskinstance.py:2073} INFO - Dependencies all met for dep_context=requeueable deps ti=<TaskInstance: heavy_equipment_etl_pipeline.run_data_generator scheduled__2026-07-18T00:00:00+00:00 [queued]>
[2026-07-19T05:21:41.801+0000] {taskinstance.py:2303} INFO - Starting attempt 1 of 2
[2026-07-19T05:21:41.812+0000] {taskinstance.py:2327} INFO - Executing <Task(BashOperator): run_data_generator> on 2026-07-18 00:00:00+00:00
[2026-07-19T05:21:41.818+0000] {warnings.py:110} WARNING - /home/***/.local/lib/python3.12/site-packages/***/task/task_runner/standard_task_runner.py:61: DeprecationWarning: This process (pid=67) is multi-threaded, use of fork() may lead to deadlocks in the child.
  pid = os.fork()

[2026-07-19T05:21:41.820+0000] {standard_task_runner.py:63} INFO - Started process 69 to run task
[2026-07-19T05:21:41.818+0000] {standard_task_runner.py:90} INFO - Running: ['***', 'tasks', 'run', 'heavy_equipment_etl_pipeline', 'run_data_generator', 'scheduled__2026-07-18T00:00:00+00:00', '--job-id', '20', '--raw', '--subdir', 'DAGS_FOLDER/***_dag.py', '--cfg-path', '/tmp/tmpus1_f93v']
[2026-07-19T05:21:41.822+0000] {standard_task_runner.py:91} INFO - Job 20: Subtask run_data_generator
[2026-07-19T05:21:41.883+0000] {task_command.py:426} INFO - Running <TaskInstance: heavy_equipment_etl_pipeline.run_data_generator scheduled__2026-07-18T00:00:00+00:00 [running]> on host 02756af3b5fc
[2026-07-19T05:21:41.958+0000] {taskinstance.py:2644} INFO - Exporting env vars: AIRFLOW_CTX_DAG_OWNER='data_engineer' AIRFLOW_CTX_DAG_ID='heavy_equipment_etl_pipeline' AIRFLOW_CTX_TASK_ID='run_data_generator' AIRFLOW_CTX_EXECUTION_DATE='2026-07-18T00:00:00+00:00' AIRFLOW_CTX_TRY_NUMBER='1' AIRFLOW_CTX_DAG_RUN_ID='scheduled__2026-07-18T00:00:00+00:00'
[2026-07-19T05:21:41.961+0000] {taskinstance.py:430} INFO - ::endgroup::
[2026-07-19T05:21:41.962+0000] {subprocess.py:63} INFO - Tmp dir root location: /tmp
[2026-07-19T05:21:41.964+0000] {subprocess.py:75} INFO - Running command: ['/usr/bin/bash', '-c', 'cd /opt/***/dags && python generator.py']
[2026-07-19T05:21:41.975+0000] {subprocess.py:86} INFO - Output:
[2026-07-19T05:21:46.926+0000] {subprocess.py:93} INFO - Memulai pabrikasi data SCADA...
[2026-07-19T05:21:46.928+0000] {subprocess.py:93} INFO - Data partisi tanggal 2026-06-19 berhasil dibuat.
[2026-07-19T05:21:46.929+0000] {subprocess.py:93} INFO - Data partisi tanggal 2026-06-20 berhasil dibuat.
[2026-07-19T05:21:46.931+0000] {subprocess.py:93} INFO - Data partisi tanggal 2026-06-21 berhasil dibuat.
[2026-07-19T05:21:46.932+0000] {subprocess.py:93} INFO - Simulasi selesai! Silakan periksa folder: data_lake/raw/sensor_data
[2026-07-19T05:21:46.933+0000] {subprocess.py:97} INFO - Command exited with return code 0
[2026-07-19T05:21:46.935+0000] {taskinstance.py:441} INFO - ::group::Post task execution logs
[2026-07-19T05:21:46.963+0000] {taskinstance.py:1205} INFO - Marking task as SUCCESS. dag_id=heavy_equipment_etl_pipeline, task_id=run_data_generator, execution_date=20260718T000000, start_date=20260719T052141, end_date=20260719T052146
[2026-07-19T05:21:47.018+0000] {local_task_job_runner.py:240} INFO - Task exited with return code 0
[2026-07-19T05:21:47.044+0000] {taskinstance.py:3482} INFO - 1 downstream tasks scheduled from follow-on schedule check
[2026-07-19T05:21:47.047+0000] {local_task_job_runner.py:222} INFO - ::endgroup::
