[2026-07-18T04:56:36.175+0000] {local_task_job_runner.py:120} INFO - ::group::Pre task execution logs
[2026-07-18T04:56:36.192+0000] {taskinstance.py:2073} INFO - Dependencies all met for dep_context=non-requeueable deps ti=<TaskInstance: heavy_equipment_etl_pipeline.provision_spark_cluster manual__2026-07-18T04:56:29.101295+00:00 [queued]>
[2026-07-18T04:56:36.200+0000] {taskinstance.py:2073} INFO - Dependencies all met for dep_context=requeueable deps ti=<TaskInstance: heavy_equipment_etl_pipeline.provision_spark_cluster manual__2026-07-18T04:56:29.101295+00:00 [queued]>
[2026-07-18T04:56:36.201+0000] {taskinstance.py:2303} INFO - Starting attempt 1 of 2
[2026-07-18T04:56:36.217+0000] {taskinstance.py:2327} INFO - Executing <Task(BashOperator): provision_spark_cluster> on 2026-07-18 04:56:29.101295+00:00
[2026-07-18T04:56:36.226+0000] {warnings.py:110} WARNING - /home/***/.local/lib/python3.12/site-packages/***/task/task_runner/standard_task_runner.py:61: DeprecationWarning: This process (pid=722) is multi-threaded, use of fork() may lead to deadlocks in the child.
  pid = os.fork()

[2026-07-18T04:56:36.228+0000] {standard_task_runner.py:63} INFO - Started process 724 to run task
[2026-07-18T04:56:36.227+0000] {standard_task_runner.py:90} INFO - Running: ['***', 'tasks', 'run', 'heavy_equipment_etl_pipeline', 'provision_spark_cluster', 'manual__2026-07-18T04:56:29.101295+00:00', '--job-id', '12', '--raw', '--subdir', 'DAGS_FOLDER/***_dag.py', '--cfg-path', '/tmp/tmplxjpidk1']
[2026-07-18T04:56:36.231+0000] {standard_task_runner.py:91} INFO - Job 12: Subtask provision_spark_cluster
[2026-07-18T04:56:36.290+0000] {task_command.py:426} INFO - Running <TaskInstance: heavy_equipment_etl_pipeline.provision_spark_cluster manual__2026-07-18T04:56:29.101295+00:00 [running]> on host 02756af3b5fc
[2026-07-18T04:56:36.371+0000] {taskinstance.py:2644} INFO - Exporting env vars: AIRFLOW_CTX_DAG_OWNER='data_engineer' AIRFLOW_CTX_DAG_ID='heavy_equipment_etl_pipeline' AIRFLOW_CTX_TASK_ID='provision_spark_cluster' AIRFLOW_CTX_EXECUTION_DATE='2026-07-18T04:56:29.101295+00:00' AIRFLOW_CTX_TRY_NUMBER='1' AIRFLOW_CTX_DAG_RUN_ID='manual__2026-07-18T04:56:29.101295+00:00'
[2026-07-18T04:56:36.374+0000] {taskinstance.py:430} INFO - ::endgroup::
[2026-07-18T04:56:36.375+0000] {subprocess.py:63} INFO - Tmp dir root location: /tmp
[2026-07-18T04:56:36.377+0000] {subprocess.py:75} INFO - Running command: ['/usr/bin/bash', '-c', 'echo "Memanggil API Cloud untuk meluncurkan cluster komputasi PySpark..." && sleep 10']
[2026-07-18T04:56:36.388+0000] {subprocess.py:86} INFO - Output:
[2026-07-18T04:56:36.390+0000] {subprocess.py:93} INFO - Memanggil API Cloud untuk meluncurkan cluster komputasi PySpark...
[2026-07-18T04:56:46.390+0000] {subprocess.py:97} INFO - Command exited with return code 0
[2026-07-18T04:56:46.392+0000] {taskinstance.py:441} INFO - ::group::Post task execution logs
[2026-07-18T04:56:46.411+0000] {taskinstance.py:1205} INFO - Marking task as SUCCESS. dag_id=heavy_equipment_etl_pipeline, task_id=provision_spark_cluster, execution_date=20260718T045629, start_date=20260718T045636, end_date=20260718T045646
[2026-07-18T04:56:46.449+0000] {local_task_job_runner.py:240} INFO - Task exited with return code 0
[2026-07-18T04:56:46.466+0000] {taskinstance.py:3482} INFO - 1 downstream tasks scheduled from follow-on schedule check
[2026-07-18T04:56:46.470+0000] {local_task_job_runner.py:222} INFO - ::endgroup::
