[2026-07-18T04:56:31.034+0000] {local_task_job_runner.py:120} INFO - ::group::Pre task execution logs
[2026-07-18T04:56:31.048+0000] {taskinstance.py:2073} INFO - Dependencies all met for dep_context=non-requeueable deps ti=<TaskInstance: heavy_equipment_etl_pipeline.run_data_generator manual__2026-07-18T04:56:29.101295+00:00 [queued]>
[2026-07-18T04:56:31.055+0000] {taskinstance.py:2073} INFO - Dependencies all met for dep_context=requeueable deps ti=<TaskInstance: heavy_equipment_etl_pipeline.run_data_generator manual__2026-07-18T04:56:29.101295+00:00 [queued]>
[2026-07-18T04:56:31.057+0000] {taskinstance.py:2303} INFO - Starting attempt 1 of 2
[2026-07-18T04:56:31.069+0000] {taskinstance.py:2327} INFO - Executing <Task(BashOperator): run_data_generator> on 2026-07-18 04:56:29.101295+00:00
[2026-07-18T04:56:31.075+0000] {warnings.py:110} WARNING - /home/***/.local/lib/python3.12/site-packages/***/task/task_runner/standard_task_runner.py:61: DeprecationWarning: This process (pid=718) is multi-threaded, use of fork() may lead to deadlocks in the child.
  pid = os.fork()

[2026-07-18T04:56:31.078+0000] {standard_task_runner.py:63} INFO - Started process 720 to run task
[2026-07-18T04:56:31.077+0000] {standard_task_runner.py:90} INFO - Running: ['***', 'tasks', 'run', 'heavy_equipment_etl_pipeline', 'run_data_generator', 'manual__2026-07-18T04:56:29.101295+00:00', '--job-id', '11', '--raw', '--subdir', 'DAGS_FOLDER/***_dag.py', '--cfg-path', '/tmp/tmpeff2voo2']
[2026-07-18T04:56:31.079+0000] {standard_task_runner.py:91} INFO - Job 11: Subtask run_data_generator
[2026-07-18T04:56:31.137+0000] {task_command.py:426} INFO - Running <TaskInstance: heavy_equipment_etl_pipeline.run_data_generator manual__2026-07-18T04:56:29.101295+00:00 [running]> on host 02756af3b5fc
[2026-07-18T04:56:31.208+0000] {taskinstance.py:2644} INFO - Exporting env vars: AIRFLOW_CTX_DAG_OWNER='data_engineer' AIRFLOW_CTX_DAG_ID='heavy_equipment_etl_pipeline' AIRFLOW_CTX_TASK_ID='run_data_generator' AIRFLOW_CTX_EXECUTION_DATE='2026-07-18T04:56:29.101295+00:00' AIRFLOW_CTX_TRY_NUMBER='1' AIRFLOW_CTX_DAG_RUN_ID='manual__2026-07-18T04:56:29.101295+00:00'
[2026-07-18T04:56:31.213+0000] {taskinstance.py:430} INFO - ::endgroup::
[2026-07-18T04:56:31.215+0000] {subprocess.py:63} INFO - Tmp dir root location: /tmp
[2026-07-18T04:56:31.216+0000] {subprocess.py:75} INFO - Running command: ['/usr/bin/bash', '-c', 'cd /opt/***/dags && python generator.py']
[2026-07-18T04:56:31.227+0000] {subprocess.py:86} INFO - Output:
[2026-07-18T04:56:34.266+0000] {subprocess.py:93} INFO - Memulai pabrikasi data SCADA...
[2026-07-18T04:56:34.267+0000] {subprocess.py:93} INFO - Data partisi tanggal 2026-06-19 berhasil dibuat.
[2026-07-18T04:56:34.269+0000] {subprocess.py:93} INFO - Data partisi tanggal 2026-06-20 berhasil dibuat.
[2026-07-18T04:56:34.269+0000] {subprocess.py:93} INFO - Data partisi tanggal 2026-06-21 berhasil dibuat.
[2026-07-18T04:56:34.270+0000] {subprocess.py:93} INFO - Simulasi selesai! Silakan periksa folder: data_lake/raw/sensor_data
[2026-07-18T04:56:34.272+0000] {subprocess.py:97} INFO - Command exited with return code 0
[2026-07-18T04:56:34.274+0000] {taskinstance.py:441} INFO - ::group::Post task execution logs
[2026-07-18T04:56:34.304+0000] {taskinstance.py:1205} INFO - Marking task as SUCCESS. dag_id=heavy_equipment_etl_pipeline, task_id=run_data_generator, execution_date=20260718T045629, start_date=20260718T045631, end_date=20260718T045634
[2026-07-18T04:56:34.343+0000] {local_task_job_runner.py:240} INFO - Task exited with return code 0
[2026-07-18T04:56:34.363+0000] {taskinstance.py:3482} INFO - 1 downstream tasks scheduled from follow-on schedule check
[2026-07-18T04:56:34.367+0000] {local_task_job_runner.py:222} INFO - ::endgroup::
