[2026-07-18T04:57:20.575+0000] {local_task_job_runner.py:120} INFO - ::group::Pre task execution logs
[2026-07-18T04:57:20.594+0000] {taskinstance.py:2073} INFO - Dependencies all met for dep_context=non-requeueable deps ti=<TaskInstance: heavy_equipment_etl_pipeline.run_bigquery_upsert manual__2026-07-18T04:56:29.101295+00:00 [queued]>
[2026-07-18T04:57:20.602+0000] {taskinstance.py:2073} INFO - Dependencies all met for dep_context=requeueable deps ti=<TaskInstance: heavy_equipment_etl_pipeline.run_bigquery_upsert manual__2026-07-18T04:56:29.101295+00:00 [queued]>
[2026-07-18T04:57:20.603+0000] {taskinstance.py:2303} INFO - Starting attempt 1 of 2
[2026-07-18T04:57:20.618+0000] {taskinstance.py:2327} INFO - Executing <Task(BashOperator): run_bigquery_upsert> on 2026-07-18 04:56:29.101295+00:00
[2026-07-18T04:57:20.624+0000] {warnings.py:110} WARNING - /home/***/.local/lib/python3.12/site-packages/***/task/task_runner/standard_task_runner.py:61: DeprecationWarning: This process (pid=1024) is multi-threaded, use of fork() may lead to deadlocks in the child.
  pid = os.fork()

[2026-07-18T04:57:20.627+0000] {standard_task_runner.py:63} INFO - Started process 1026 to run task
[2026-07-18T04:57:20.626+0000] {standard_task_runner.py:90} INFO - Running: ['***', 'tasks', 'run', 'heavy_equipment_etl_pipeline', 'run_bigquery_upsert', 'manual__2026-07-18T04:56:29.101295+00:00', '--job-id', '14', '--raw', '--subdir', 'DAGS_FOLDER/***_dag.py', '--cfg-path', '/tmp/tmppog7lh9_']
[2026-07-18T04:57:20.628+0000] {standard_task_runner.py:91} INFO - Job 14: Subtask run_bigquery_upsert
[2026-07-18T04:57:20.689+0000] {task_command.py:426} INFO - Running <TaskInstance: heavy_equipment_etl_pipeline.run_bigquery_upsert manual__2026-07-18T04:56:29.101295+00:00 [running]> on host 02756af3b5fc
[2026-07-18T04:57:20.768+0000] {taskinstance.py:2644} INFO - Exporting env vars: AIRFLOW_CTX_DAG_OWNER='data_engineer' AIRFLOW_CTX_DAG_ID='heavy_equipment_etl_pipeline' AIRFLOW_CTX_TASK_ID='run_bigquery_upsert' AIRFLOW_CTX_EXECUTION_DATE='2026-07-18T04:56:29.101295+00:00' AIRFLOW_CTX_TRY_NUMBER='1' AIRFLOW_CTX_DAG_RUN_ID='manual__2026-07-18T04:56:29.101295+00:00'
[2026-07-18T04:57:20.771+0000] {taskinstance.py:430} INFO - ::endgroup::
[2026-07-18T04:57:20.773+0000] {subprocess.py:63} INFO - Tmp dir root location: /tmp
[2026-07-18T04:57:20.775+0000] {subprocess.py:75} INFO - Running command: ['/usr/bin/bash', '-c', 'cd /opt/***/dags && python load_to_bigquery.py']
[2026-07-18T04:57:20.785+0000] {subprocess.py:86} INFO - Output:
[2026-07-18T04:57:21.901+0000] {subprocess.py:93} INFO - /home/***/.local/lib/python3.12/site-packages/google/cloud/bigquery/_pandas_helpers.py:537: UserWarning: Pyarrow could not determine the type of columns: time_window.
[2026-07-18T04:57:21.902+0000] {subprocess.py:93} INFO -   warnings.warn(
[2026-07-18T04:57:26.101+0000] {subprocess.py:93} INFO - Mengekstrak data terkompresi dari data_lake/curated/equipment_features...
[2026-07-18T04:57:26.102+0000] {subprocess.py:93} INFO - Memuat 216 baris data ke staging table sementara...
[2026-07-18T04:57:26.102+0000] {subprocess.py:93} INFO - Data berhasil dimuat ke staging table.
[2026-07-18T04:57:26.103+0000] {subprocess.py:93} INFO - Mengeksekusi proses MERGE (Upsert) ke tabel operasional utama...
[2026-07-18T04:57:26.103+0000] {subprocess.py:93} INFO - Traceback (most recent call last):
[2026-07-18T04:57:26.104+0000] {subprocess.py:93} INFO -   File "/opt/***/dags/load_to_bigquery.py", line 58, in <module>
[2026-07-18T04:57:26.105+0000] {subprocess.py:93} INFO -     load_and_upsert_bigquery()
[2026-07-18T04:57:26.106+0000] {subprocess.py:93} INFO -   File "/opt/***/dags/load_to_bigquery.py", line 51, in load_and_upsert_bigquery
[2026-07-18T04:57:26.107+0000] {subprocess.py:93} INFO -     query_job.result() # Menunggu proses kueri selesai
[2026-07-18T04:57:26.108+0000] {subprocess.py:93} INFO -     ^^^^^^^^^^^^^^^^^^
[2026-07-18T04:57:26.109+0000] {subprocess.py:93} INFO -   File "/home/***/.local/lib/python3.12/site-packages/google/cloud/bigquery/job/query.py", line 1590, in result
[2026-07-18T04:57:26.110+0000] {subprocess.py:93} INFO -     do_get_result()
[2026-07-18T04:57:26.110+0000] {subprocess.py:93} INFO -   File "/home/***/.local/lib/python3.12/site-packages/google/api_core/retry/retry_unary.py", line 293, in retry_wrapped_func
[2026-07-18T04:57:26.111+0000] {subprocess.py:93} INFO -     return retry_target(
[2026-07-18T04:57:26.111+0000] {subprocess.py:93} INFO -            ^^^^^^^^^^^^^
[2026-07-18T04:57:26.112+0000] {subprocess.py:93} INFO -   File "/home/***/.local/lib/python3.12/site-packages/google/api_core/retry/retry_unary.py", line 153, in retry_target
[2026-07-18T04:57:26.112+0000] {subprocess.py:93} INFO -     _retry_error_helper(
[2026-07-18T04:57:26.113+0000] {subprocess.py:93} INFO -   File "/home/***/.local/lib/python3.12/site-packages/google/api_core/retry/retry_base.py", line 212, in _retry_error_helper
[2026-07-18T04:57:26.114+0000] {subprocess.py:93} INFO -     raise final_exc from source_exc
[2026-07-18T04:57:26.114+0000] {subprocess.py:93} INFO -   File "/home/***/.local/lib/python3.12/site-packages/google/api_core/retry/retry_unary.py", line 144, in retry_target
[2026-07-18T04:57:26.115+0000] {subprocess.py:93} INFO -     result = target()
[2026-07-18T04:57:26.115+0000] {subprocess.py:93} INFO -              ^^^^^^^^
[2026-07-18T04:57:26.116+0000] {subprocess.py:93} INFO -   File "/home/***/.local/lib/python3.12/site-packages/google/cloud/bigquery/job/query.py", line 1579, in do_get_result
[2026-07-18T04:57:26.117+0000] {subprocess.py:93} INFO -     super(QueryJob, self).result(retry=retry, timeout=timeout)
[2026-07-18T04:57:26.118+0000] {subprocess.py:93} INFO -   File "/home/***/.local/lib/python3.12/site-packages/google/cloud/bigquery/job/base.py", line 971, in result
[2026-07-18T04:57:26.119+0000] {subprocess.py:93} INFO -     return super(_AsyncJob, self).result(timeout=timeout, **kwargs)
[2026-07-18T04:57:26.120+0000] {subprocess.py:93} INFO -            ^^^^^^^^^^^^^^^^^^^^^^^^^^^^^^^^^^^^^^^^^^^^^^^^^^^^^^^^
[2026-07-18T04:57:26.120+0000] {subprocess.py:93} INFO -   File "/home/***/.local/lib/python3.12/site-packages/google/api_core/future/polling.py", line 261, in result
[2026-07-18T04:57:26.121+0000] {subprocess.py:93} INFO -     raise self._exception
[2026-07-18T04:57:26.122+0000] {subprocess.py:93} INFO - google.api_core.exceptions.Forbidden: 403 Billing has not been enabled for this project. Enable billing at https://console.cloud.google.com/billing. DML queries are not allowed in the free tier. Set up a billing account to remove this restriction.; reason: billingNotEnabled, message: Billing has not been enabled for this project. Enable billing at https://console.cloud.google.com/billing. DML queries are not allowed in the free tier. Set up a billing account to remove this restriction.
[2026-07-18T04:57:26.122+0000] {subprocess.py:93} INFO - 
[2026-07-18T04:57:26.123+0000] {subprocess.py:93} INFO - Location: asia-southeast2
[2026-07-18T04:57:26.123+0000] {subprocess.py:93} INFO - Job ID: a6f8e46c-4fc6-4fdb-8253-ec557c0bbc25
[2026-07-18T04:57:26.124+0000] {subprocess.py:93} INFO - 
[2026-07-18T04:57:26.250+0000] {subprocess.py:97} INFO - Command exited with return code 1
[2026-07-18T04:57:26.252+0000] {taskinstance.py:441} INFO - ::group::Post task execution logs
[2026-07-18T04:57:26.260+0000] {taskinstance.py:2890} ERROR - Task failed with exception
Traceback (most recent call last):
  File "/home/airflow/.local/lib/python3.12/site-packages/airflow/models/taskinstance.py", line 465, in _execute_task
    result = _execute_callable(context=context, **execute_callable_kwargs)
             ^^^^^^^^^^^^^^^^^^^^^^^^^^^^^^^^^^^^^^^^^^^^^^^^^^^^^^^^^^^^^
  File "/home/airflow/.local/lib/python3.12/site-packages/airflow/models/taskinstance.py", line 432, in _execute_callable
    return execute_callable(context=context, **execute_callable_kwargs)
           ^^^^^^^^^^^^^^^^^^^^^^^^^^^^^^^^^^^^^^^^^^^^^^^^^^^^^^^^^^^^
  File "/home/airflow/.local/lib/python3.12/site-packages/airflow/models/baseoperator.py", line 400, in wrapper
    return func(self, *args, **kwargs)
           ^^^^^^^^^^^^^^^^^^^^^^^^^^^
  File "/home/airflow/.local/lib/python3.12/site-packages/airflow/operators/bash.py", line 243, in execute
    raise AirflowException(
airflow.exceptions.AirflowException: Bash command failed. The command returned a non-zero exit code 1.
[2026-07-18T04:57:26.265+0000] {taskinstance.py:1205} INFO - Marking task as UP_FOR_RETRY. dag_id=heavy_equipment_etl_pipeline, task_id=run_bigquery_upsert, execution_date=20260718T045629, start_date=20260718T045720, end_date=20260718T045726
[2026-07-18T04:57:26.281+0000] {standard_task_runner.py:110} ERROR - Failed to execute job 14 for task run_bigquery_upsert (Bash command failed. The command returned a non-zero exit code 1.; 1026)
[2026-07-18T04:57:26.308+0000] {local_task_job_runner.py:240} INFO - Task exited with return code 1
[2026-07-18T04:57:26.327+0000] {taskinstance.py:3482} INFO - 0 downstream tasks scheduled from follow-on schedule check
[2026-07-18T04:57:26.329+0000] {local_task_job_runner.py:222} INFO - ::endgroup::
